ERROR - 2022-08-18 06:42:52 --> Cannot add or update a child row: a foreign key constraint fails (`db_bmi_v01`.`tbl_po`, CONSTRAINT `tbl_po_ibfk_1` FOREIGN KEY (`no_po`) REFERENCES `tbl_inbound` (`no_po`))
CRITICAL - 2022-08-18 06:42:52 --> Cannot add or update a child row: a foreign key constraint fails (`db_bmi_v01`.`tbl_po`, CONSTRAINT `tbl_po_ibfk_1` FOREIGN KEY (`no_po`) REFERENCES `tbl_inbound` (`no_po`))
#0 C:\Users\DUTA DAYA 2\Desktop\Project_BMI\vendor\codeigniter4\framework\system\Database\MySQLi\Connection.php(292): mysqli->query('INSERT INTO `tb...', 0)
#1 C:\Users\DUTA DAYA 2\Desktop\Project_BMI\vendor\codeigniter4\framework\system\Database\BaseConnection.php(670): CodeIgniter\Database\MySQLi\Connection->execute('INSERT INTO `tb...')
#2 C:\Users\DUTA DAYA 2\Desktop\Project_BMI\vendor\codeigniter4\framework\system\Database\BaseConnection.php(598): CodeIgniter\Database\BaseConnection->simpleQuery('INSERT INTO `tb...')
#3 C:\Users\DUTA DAYA 2\Desktop\Project_BMI\vendor\codeigniter4\framework\system\Database\BaseBuilder.php(1771): CodeIgniter\Database\BaseConnection->query('INSERT INTO `tb...', Array, false)
#4 C:\Users\DUTA DAYA 2\Desktop\Project_BMI\app\Models\UploadPoModel.php(16): CodeIgniter\Database\BaseBuilder->insert(Array)
#5 C:\Users\DUTA DAYA 2\Desktop\Project_BMI\app\Controllers\UploadPo.php(84): App\Models\UploadPoModel->add(Array)
#6 C:\Users\DUTA DAYA 2\Desktop\Project_BMI\vendor\codeigniter4\framework\system\CodeIgniter.php(832): App\Controllers\UploadPo->Upload()
#7 C:\Users\DUTA DAYA 2\Desktop\Project_BMI\vendor\codeigniter4\framework\system\CodeIgniter.php(419): CodeIgniter\CodeIgniter->runController(Object(App\Controllers\UploadPo))
#8 C:\Users\DUTA DAYA 2\Desktop\Project_BMI\vendor\codeigniter4\framework\system\CodeIgniter.php(326): CodeIgniter\CodeIgniter->handleRequest(NULL, Object(Config\Cache), false)
#9 C:\Users\DUTA DAYA 2\Desktop\Project_BMI\public\index.php(37): CodeIgniter\CodeIgniter->run()
#10 C:\Users\DUTA DAYA 2\Desktop\Project_BMI\vendor\codeigniter4\framework\system\Commands\Server\rewrite.php(43): require_once('C:\\Users\\DUTA D...')
#11 {main}
ERROR - 2022-08-18 06:44:18 --> Cannot add or update a child row: a foreign key constraint fails (`db_bmi_v01`.`tbl_po`, CONSTRAINT `tbl_po_ibfk_1` FOREIGN KEY (`no_po`) REFERENCES `tbl_inbound` (`no_po`))
CRITICAL - 2022-08-18 06:44:18 --> Cannot add or update a child row: a foreign key constraint fails (`db_bmi_v01`.`tbl_po`, CONSTRAINT `tbl_po_ibfk_1` FOREIGN KEY (`no_po`) REFERENCES `tbl_inbound` (`no_po`))
#0 C:\Users\DUTA DAYA 2\Desktop\Project_BMI\vendor\codeigniter4\framework\system\Database\MySQLi\Connection.php(292): mysqli->query('INSERT INTO `tb...', 0)
#1 C:\Users\DUTA DAYA 2\Desktop\Project_BMI\vendor\codeigniter4\framework\system\Database\BaseConnection.php(670): CodeIgniter\Database\MySQLi\Connection->execute('INSERT INTO `tb...')
#2 C:\Users\DUTA DAYA 2\Desktop\Project_BMI\vendor\codeigniter4\framework\system\Database\BaseConnection.php(598): CodeIgniter\Database\BaseConnection->simpleQuery('INSERT INTO `tb...')
#3 C:\Users\DUTA DAYA 2\Desktop\Project_BMI\vendor\codeigniter4\framework\system\Database\BaseBuilder.php(1771): CodeIgniter\Database\BaseConnection->query('INSERT INTO `tb...', Array, false)
#4 C:\Users\DUTA DAYA 2\Desktop\Project_BMI\app\Models\UploadPoModel.php(16): CodeIgniter\Database\BaseBuilder->insert(Array)
#5 C:\Users\DUTA DAYA 2\Desktop\Project_BMI\app\Controllers\UploadPo.php(84): App\Models\UploadPoModel->add(Array)
#6 C:\Users\DUTA DAYA 2\Desktop\Project_BMI\vendor\codeigniter4\framework\system\CodeIgniter.php(832): App\Controllers\UploadPo->Upload()
#7 C:\Users\DUTA DAYA 2\Desktop\Project_BMI\vendor\codeigniter4\framework\system\CodeIgniter.php(419): CodeIgniter\CodeIgniter->runController(Object(App\Controllers\UploadPo))
#8 C:\Users\DUTA DAYA 2\Desktop\Project_BMI\vendor\codeigniter4\framework\system\CodeIgniter.php(326): CodeIgniter\CodeIgniter->handleRequest(NULL, Object(Config\Cache), false)
#9 C:\Users\DUTA DAYA 2\Desktop\Project_BMI\public\index.php(37): CodeIgniter\CodeIgniter->run()
#10 C:\Users\DUTA DAYA 2\Desktop\Project_BMI\vendor\codeigniter4\framework\system\Commands\Server\rewrite.php(43): require_once('C:\\Users\\DUTA D...')
#11 {main}
ERROR - 2022-08-18 06:44:51 --> Cannot add or update a child row: a foreign key constraint fails (`db_bmi_v01`.`tbl_po`, CONSTRAINT `tbl_po_ibfk_1` FOREIGN KEY (`no_po`) REFERENCES `tbl_inbound` (`no_po`) ON DELETE NO ACTION ON UPDATE NO ACTION)
CRITICAL - 2022-08-18 06:44:51 --> Cannot add or update a child row: a foreign key constraint fails (`db_bmi_v01`.`tbl_po`, CONSTRAINT `tbl_po_ibfk_1` FOREIGN KEY (`no_po`) REFERENCES `tbl_inbound` (`no_po`) ON DELETE NO ACTION ON UPDATE NO ACTION)
#0 C:\Users\DUTA DAYA 2\Desktop\Project_BMI\vendor\codeigniter4\framework\system\Database\MySQLi\Connection.php(292): mysqli->query('INSERT INTO `tb...', 0)
#1 C:\Users\DUTA DAYA 2\Desktop\Project_BMI\vendor\codeigniter4\framework\system\Database\BaseConnection.php(670): CodeIgniter\Database\MySQLi\Connection->execute('INSERT INTO `tb...')
#2 C:\Users\DUTA DAYA 2\Desktop\Project_BMI\vendor\codeigniter4\framework\system\Database\BaseConnection.php(598): CodeIgniter\Database\BaseConnection->simpleQuery('INSERT INTO `tb...')
#3 C:\Users\DUTA DAYA 2\Desktop\Project_BMI\vendor\codeigniter4\framework\system\Database\BaseBuilder.php(1771): CodeIgniter\Database\BaseConnection->query('INSERT INTO `tb...', Array, false)
#4 C:\Users\DUTA DAYA 2\Desktop\Project_BMI\app\Models\UploadPoModel.php(16): CodeIgniter\Database\BaseBuilder->insert(Array)
#5 C:\Users\DUTA DAYA 2\Desktop\Project_BMI\app\Controllers\UploadPo.php(84): App\Models\UploadPoModel->add(Array)
#6 C:\Users\DUTA DAYA 2\Desktop\Project_BMI\vendor\codeigniter4\framework\system\CodeIgniter.php(832): App\Controllers\UploadPo->Upload()
#7 C:\Users\DUTA DAYA 2\Desktop\Project_BMI\vendor\codeigniter4\framework\system\CodeIgniter.php(419): CodeIgniter\CodeIgniter->runController(Object(App\Controllers\UploadPo))
#8 C:\Users\DUTA DAYA 2\Desktop\Project_BMI\vendor\codeigniter4\framework\system\CodeIgniter.php(326): CodeIgniter\CodeIgniter->handleRequest(NULL, Object(Config\Cache), false)
#9 C:\Users\DUTA DAYA 2\Desktop\Project_BMI\public\index.php(37): CodeIgniter\CodeIgniter->run()
#10 C:\Users\DUTA DAYA 2\Desktop\Project_BMI\vendor\codeigniter4\framework\system\Commands\Server\rewrite.php(43): require_once('C:\\Users\\DUTA D...')
#11 {main}
ERROR - 2022-08-18 06:45:26 --> Cannot add or update a child row: a foreign key constraint fails (`db_bmi_v01`.`tbl_po`, CONSTRAINT `tbl_po_ibfk_1` FOREIGN KEY (`no_po`) REFERENCES `tbl_inbound` (`no_po`))
CRITICAL - 2022-08-18 06:45:26 --> Cannot add or update a child row: a foreign key constraint fails (`db_bmi_v01`.`tbl_po`, CONSTRAINT `tbl_po_ibfk_1` FOREIGN KEY (`no_po`) REFERENCES `tbl_inbound` (`no_po`))
#0 C:\Users\DUTA DAYA 2\Desktop\Project_BMI\vendor\codeigniter4\framework\system\Database\MySQLi\Connection.php(292): mysqli->query('INSERT INTO `tb...', 0)
#1 C:\Users\DUTA DAYA 2\Desktop\Project_BMI\vendor\codeigniter4\framework\system\Database\BaseConnection.php(670): CodeIgniter\Database\MySQLi\Connection->execute('INSERT INTO `tb...')
#2 C:\Users\DUTA DAYA 2\Desktop\Project_BMI\vendor\codeigniter4\framework\system\Database\BaseConnection.php(598): CodeIgniter\Database\BaseConnection->simpleQuery('INSERT INTO `tb...')
#3 C:\Users\DUTA DAYA 2\Desktop\Project_BMI\vendor\codeigniter4\framework\system\Database\BaseBuilder.php(1771): CodeIgniter\Database\BaseConnection->query('INSERT INTO `tb...', Array, false)
#4 C:\Users\DUTA DAYA 2\Desktop\Project_BMI\app\Models\UploadPoModel.php(16): CodeIgniter\Database\BaseBuilder->insert(Array)
#5 C:\Users\DUTA DAYA 2\Desktop\Project_BMI\app\Controllers\UploadPo.php(84): App\Models\UploadPoModel->add(Array)
#6 C:\Users\DUTA DAYA 2\Desktop\Project_BMI\vendor\codeigniter4\framework\system\CodeIgniter.php(832): App\Controllers\UploadPo->Upload()
#7 C:\Users\DUTA DAYA 2\Desktop\Project_BMI\vendor\codeigniter4\framework\system\CodeIgniter.php(419): CodeIgniter\CodeIgniter->runController(Object(App\Controllers\UploadPo))
#8 C:\Users\DUTA DAYA 2\Desktop\Project_BMI\vendor\codeigniter4\framework\system\CodeIgniter.php(326): CodeIgniter\CodeIgniter->handleRequest(NULL, Object(Config\Cache), false)
#9 C:\Users\DUTA DAYA 2\Desktop\Project_BMI\public\index.php(37): CodeIgniter\CodeIgniter->run()
#10 C:\Users\DUTA DAYA 2\Desktop\Project_BMI\vendor\codeigniter4\framework\system\Commands\Server\rewrite.php(43): require_once('C:\\Users\\DUTA D...')
#11 {main}
