CRITICAL - 2022-07-07 09:58:53 --> Undefined constant "App\Controllers\PDF_PAGE_ORIENTATION"
#0 C:\Users\DUTA DAYA 2\Desktop\Project_BMI\vendor\codeigniter4\framework\system\CodeIgniter.php(832): App\Controllers\Packing->invoice('R066943586')
#1 C:\Users\DUTA DAYA 2\Desktop\Project_BMI\vendor\codeigniter4\framework\system\CodeIgniter.php(419): CodeIgniter\CodeIgniter->runController(Object(App\Controllers\Packing))
#2 C:\Users\DUTA DAYA 2\Desktop\Project_BMI\vendor\codeigniter4\framework\system\CodeIgniter.php(326): CodeIgniter\CodeIgniter->handleRequest(NULL, Object(Config\Cache), false)
#3 C:\Users\DUTA DAYA 2\Desktop\Project_BMI\public\index.php(37): CodeIgniter\CodeIgniter->run()
#4 C:\Users\DUTA DAYA 2\Desktop\Project_BMI\vendor\codeigniter4\framework\system\Commands\Server\rewrite.php(43): require_once('C:\\Users\\DUTA D...')
#5 {main}
CRITICAL - 2022-07-07 09:59:20 --> Cannot use Tcpdf as Tcpdf because the name is already in use
#0 [internal function]: CodeIgniter\Debug\Exceptions->shutdownHandler()
#1 {main}
CRITICAL - 2022-07-07 09:59:57 --> Class "Tcpdf" not found
#0 C:\Users\DUTA DAYA 2\Desktop\Project_BMI\vendor\codeigniter4\framework\system\CodeIgniter.php(832): App\Controllers\Packing->invoice('R066943586')
#1 C:\Users\DUTA DAYA 2\Desktop\Project_BMI\vendor\codeigniter4\framework\system\CodeIgniter.php(419): CodeIgniter\CodeIgniter->runController(Object(App\Controllers\Packing))
#2 C:\Users\DUTA DAYA 2\Desktop\Project_BMI\vendor\codeigniter4\framework\system\CodeIgniter.php(326): CodeIgniter\CodeIgniter->handleRequest(NULL, Object(Config\Cache), false)
#3 C:\Users\DUTA DAYA 2\Desktop\Project_BMI\public\index.php(37): CodeIgniter\CodeIgniter->run()
#4 C:\Users\DUTA DAYA 2\Desktop\Project_BMI\vendor\codeigniter4\framework\system\Commands\Server\rewrite.php(43): require_once('C:\\Users\\DUTA D...')
#5 {main}
CRITICAL - 2022-07-07 10:01:42 --> Undefined constant "App\Controllers\PDF_PAGE_ORIENTATION"
#0 C:\Users\DUTA DAYA 2\Desktop\Project_BMI\vendor\codeigniter4\framework\system\CodeIgniter.php(832): App\Controllers\Packing->invoice('R066943586')
#1 C:\Users\DUTA DAYA 2\Desktop\Project_BMI\vendor\codeigniter4\framework\system\CodeIgniter.php(419): CodeIgniter\CodeIgniter->runController(Object(App\Controllers\Packing))
#2 C:\Users\DUTA DAYA 2\Desktop\Project_BMI\vendor\codeigniter4\framework\system\CodeIgniter.php(326): CodeIgniter\CodeIgniter->handleRequest(NULL, Object(Config\Cache), false)
#3 C:\Users\DUTA DAYA 2\Desktop\Project_BMI\public\index.php(37): CodeIgniter\CodeIgniter->run()
#4 C:\Users\DUTA DAYA 2\Desktop\Project_BMI\vendor\codeigniter4\framework\system\Commands\Server\rewrite.php(43): require_once('C:\\Users\\DUTA D...')
#5 {main}
CRITICAL - 2022-07-07 10:02:49 --> Undefined constant "App\Controllers\PDF_PAGE_ORIENTATION"
#0 C:\Users\DUTA DAYA 2\Desktop\Project_BMI\vendor\codeigniter4\framework\system\CodeIgniter.php(832): App\Controllers\Packing->invoice('R066943586')
#1 C:\Users\DUTA DAYA 2\Desktop\Project_BMI\vendor\codeigniter4\framework\system\CodeIgniter.php(419): CodeIgniter\CodeIgniter->runController(Object(App\Controllers\Packing))
#2 C:\Users\DUTA DAYA 2\Desktop\Project_BMI\vendor\codeigniter4\framework\system\CodeIgniter.php(326): CodeIgniter\CodeIgniter->handleRequest(NULL, Object(Config\Cache), false)
#3 C:\Users\DUTA DAYA 2\Desktop\Project_BMI\public\index.php(37): CodeIgniter\CodeIgniter->run()
#4 C:\Users\DUTA DAYA 2\Desktop\Project_BMI\vendor\codeigniter4\framework\system\Commands\Server\rewrite.php(43): require_once('C:\\Users\\DUTA D...')
#5 {main}
CRITICAL - 2022-07-07 10:05:03 --> Maximum execution time of 60 seconds exceeded
#0 [internal function]: CodeIgniter\Debug\Exceptions->shutdownHandler()
#1 {main}
CRITICAL - 2022-07-07 10:06:03 --> Maximum execution time of 60 seconds exceeded
#0 [internal function]: CodeIgniter\Debug\Exceptions->shutdownHandler()
#1 {main}
CRITICAL - 2022-07-07 10:07:03 --> Maximum execution time of 60 seconds exceeded
#0 [internal function]: CodeIgniter\Debug\Exceptions->shutdownHandler()
#1 {main}
CRITICAL - 2022-07-07 10:08:03 --> Maximum execution time of 60 seconds exceeded
#0 [internal function]: CodeIgniter\Debug\Exceptions->shutdownHandler()
#1 {main}
CRITICAL - 2022-07-07 10:09:54 --> Maximum execution time of 60 seconds exceeded
#0 [internal function]: CodeIgniter\Debug\Exceptions->shutdownHandler()
#1 {main}
CRITICAL - 2022-07-07 10:12:11 --> Maximum execution time of 60 seconds exceeded
#0 [internal function]: CodeIgniter\Debug\Exceptions->shutdownHandler()
#1 {main}
CRITICAL - 2022-07-07 10:13:20 --> Maximum execution time of 60 seconds exceeded
#0 [internal function]: CodeIgniter\Debug\Exceptions->shutdownHandler()
#1 {main}
CRITICAL - 2022-07-07 10:27:30 --> Maximum execution time of 60 seconds exceeded
#0 [internal function]: CodeIgniter\Debug\Exceptions->shutdownHandler()
#1 {main}
CRITICAL - 2022-07-07 10:30:27 --> Maximum execution time of 60 seconds exceeded
#0 [internal function]: CodeIgniter\Debug\Exceptions->shutdownHandler()
#1 {main}
CRITICAL - 2022-07-07 10:34:43 --> Maximum execution time of 60 seconds exceeded
#0 [internal function]: CodeIgniter\Debug\Exceptions->shutdownHandler()
#1 {main}
CRITICAL - 2022-07-07 10:36:47 --> Maximum execution time of 60 seconds exceeded
#0 [internal function]: CodeIgniter\Debug\Exceptions->shutdownHandler()
#1 {main}
CRITICAL - 2022-07-07 14:22:51 --> Maximum execution time of 60 seconds exceeded
#0 [internal function]: CodeIgniter\Debug\Exceptions->shutdownHandler()
#1 {main}
CRITICAL - 2022-07-07 14:30:28 --> Dompdf\Dompdf::setOptions(): Argument #1 ($options) must be of type Dompdf\Options, string given, called in C:\Users\DUTA DAYA 2\Desktop\Project_BMI\app\Controllers\Packing.php on line 376
#0 C:\Users\DUTA DAYA 2\Desktop\Project_BMI\app\Controllers\Packing.php(376): Dompdf\Dompdf->setOptions('isRemoteEnabled', true)
#1 C:\Users\DUTA DAYA 2\Desktop\Project_BMI\vendor\codeigniter4\framework\system\CodeIgniter.php(832): App\Controllers\Packing->invoice('R274472975')
#2 C:\Users\DUTA DAYA 2\Desktop\Project_BMI\vendor\codeigniter4\framework\system\CodeIgniter.php(419): CodeIgniter\CodeIgniter->runController(Object(App\Controllers\Packing))
#3 C:\Users\DUTA DAYA 2\Desktop\Project_BMI\vendor\codeigniter4\framework\system\CodeIgniter.php(326): CodeIgniter\CodeIgniter->handleRequest(NULL, Object(Config\Cache), false)
#4 C:\Users\DUTA DAYA 2\Desktop\Project_BMI\public\index.php(37): CodeIgniter\CodeIgniter->run()
#5 C:\Users\DUTA DAYA 2\Desktop\Project_BMI\vendor\codeigniter4\framework\system\Commands\Server\rewrite.php(43): require_once('C:\\Users\\DUTA D...')
#6 {main}
CRITICAL - 2022-07-07 14:31:50 --> Dompdf\Dompdf::setOptions(): Argument #1 ($options) must be of type Dompdf\Options, string given, called in C:\Users\DUTA DAYA 2\Desktop\Project_BMI\app\Controllers\Packing.php on line 377
#0 C:\Users\DUTA DAYA 2\Desktop\Project_BMI\app\Controllers\Packing.php(377): Dompdf\Dompdf->setOptions('isRemoteEnabled', true)
#1 C:\Users\DUTA DAYA 2\Desktop\Project_BMI\vendor\codeigniter4\framework\system\CodeIgniter.php(832): App\Controllers\Packing->invoice('R274472975')
#2 C:\Users\DUTA DAYA 2\Desktop\Project_BMI\vendor\codeigniter4\framework\system\CodeIgniter.php(419): CodeIgniter\CodeIgniter->runController(Object(App\Controllers\Packing))
#3 C:\Users\DUTA DAYA 2\Desktop\Project_BMI\vendor\codeigniter4\framework\system\CodeIgniter.php(326): CodeIgniter\CodeIgniter->handleRequest(NULL, Object(Config\Cache), false)
#4 C:\Users\DUTA DAYA 2\Desktop\Project_BMI\public\index.php(37): CodeIgniter\CodeIgniter->run()
#5 C:\Users\DUTA DAYA 2\Desktop\Project_BMI\vendor\codeigniter4\framework\system\Commands\Server\rewrite.php(43): require_once('C:\\Users\\DUTA D...')
#6 {main}
CRITICAL - 2022-07-07 14:32:55 --> Dompdf\Dompdf::setOptions(): Argument #1 ($options) must be of type Dompdf\Options, string given, called in C:\Users\DUTA DAYA 2\Desktop\Project_BMI\app\Controllers\Packing.php on line 377
#0 C:\Users\DUTA DAYA 2\Desktop\Project_BMI\app\Controllers\Packing.php(377): Dompdf\Dompdf->setOptions('isRemoteEnabled', true)
#1 C:\Users\DUTA DAYA 2\Desktop\Project_BMI\vendor\codeigniter4\framework\system\CodeIgniter.php(832): App\Controllers\Packing->invoice('R274472975')
#2 C:\Users\DUTA DAYA 2\Desktop\Project_BMI\vendor\codeigniter4\framework\system\CodeIgniter.php(419): CodeIgniter\CodeIgniter->runController(Object(App\Controllers\Packing))
#3 C:\Users\DUTA DAYA 2\Desktop\Project_BMI\vendor\codeigniter4\framework\system\CodeIgniter.php(326): CodeIgniter\CodeIgniter->handleRequest(NULL, Object(Config\Cache), false)
#4 C:\Users\DUTA DAYA 2\Desktop\Project_BMI\public\index.php(37): CodeIgniter\CodeIgniter->run()
#5 C:\Users\DUTA DAYA 2\Desktop\Project_BMI\vendor\codeigniter4\framework\system\Commands\Server\rewrite.php(43): require_once('C:\\Users\\DUTA D...')
#6 {main}
CRITICAL - 2022-07-07 14:33:25 --> Dompdf\Dompdf::setOptions(): Argument #1 ($options) must be of type Dompdf\Options, string given, called in C:\Users\DUTA DAYA 2\Desktop\Project_BMI\app\Controllers\Packing.php on line 376
#0 C:\Users\DUTA DAYA 2\Desktop\Project_BMI\app\Controllers\Packing.php(376): Dompdf\Dompdf->setOptions('isRemoteEnabled', true)
#1 C:\Users\DUTA DAYA 2\Desktop\Project_BMI\vendor\codeigniter4\framework\system\CodeIgniter.php(832): App\Controllers\Packing->invoice('R274472975')
#2 C:\Users\DUTA DAYA 2\Desktop\Project_BMI\vendor\codeigniter4\framework\system\CodeIgniter.php(419): CodeIgniter\CodeIgniter->runController(Object(App\Controllers\Packing))
#3 C:\Users\DUTA DAYA 2\Desktop\Project_BMI\vendor\codeigniter4\framework\system\CodeIgniter.php(326): CodeIgniter\CodeIgniter->handleRequest(NULL, Object(Config\Cache), false)
#4 C:\Users\DUTA DAYA 2\Desktop\Project_BMI\public\index.php(37): CodeIgniter\CodeIgniter->run()
#5 C:\Users\DUTA DAYA 2\Desktop\Project_BMI\vendor\codeigniter4\framework\system\Commands\Server\rewrite.php(43): require_once('C:\\Users\\DUTA D...')
#6 {main}
