CRITICAL - 2022-07-01 15:03:17 --> CodeIgniter\BaseModel::doProtectFields(): Argument #1 ($data) must be of type array, string given, called in C:\Users\DUTA DAYA 2\Desktop\Project_BMI\vendor\codeigniter4\framework\system\BaseModel.php on line 799
#0 C:\Users\DUTA DAYA 2\Desktop\Project_BMI\vendor\codeigniter4\framework\system\BaseModel.php(799): CodeIgniter\BaseModel->doProtectFields('R274472975')
#1 C:\Users\DUTA DAYA 2\Desktop\Project_BMI\app\Controllers\Packing.php(259): CodeIgniter\BaseModel->insertBatch(Array)
#2 C:\Users\DUTA DAYA 2\Desktop\Project_BMI\vendor\codeigniter4\framework\system\CodeIgniter.php(832): App\Controllers\Packing->simpanPackingData()
#3 C:\Users\DUTA DAYA 2\Desktop\Project_BMI\vendor\codeigniter4\framework\system\CodeIgniter.php(419): CodeIgniter\CodeIgniter->runController(Object(App\Controllers\Packing))
#4 C:\Users\DUTA DAYA 2\Desktop\Project_BMI\vendor\codeigniter4\framework\system\CodeIgniter.php(326): CodeIgniter\CodeIgniter->handleRequest(NULL, Object(Config\Cache), false)
#5 C:\Users\DUTA DAYA 2\Desktop\Project_BMI\public\index.php(37): CodeIgniter\CodeIgniter->run()
#6 C:\Users\DUTA DAYA 2\Desktop\Project_BMI\vendor\codeigniter4\framework\system\Commands\Server\rewrite.php(43): require_once('C:\\Users\\DUTA D...')
#7 {main}
CRITICAL - 2022-07-01 15:06:58 --> CodeIgniter\BaseModel::doProtectFields(): Argument #1 ($data) must be of type array, string given, called in C:\Users\DUTA DAYA 2\Desktop\Project_BMI\vendor\codeigniter4\framework\system\BaseModel.php on line 799
#0 C:\Users\DUTA DAYA 2\Desktop\Project_BMI\vendor\codeigniter4\framework\system\BaseModel.php(799): CodeIgniter\BaseModel->doProtectFields('R274472975')
#1 C:\Users\DUTA DAYA 2\Desktop\Project_BMI\app\Controllers\Packing.php(259): CodeIgniter\BaseModel->insertBatch(Array)
#2 C:\Users\DUTA DAYA 2\Desktop\Project_BMI\vendor\codeigniter4\framework\system\CodeIgniter.php(832): App\Controllers\Packing->simpanPackingData()
#3 C:\Users\DUTA DAYA 2\Desktop\Project_BMI\vendor\codeigniter4\framework\system\CodeIgniter.php(419): CodeIgniter\CodeIgniter->runController(Object(App\Controllers\Packing))
#4 C:\Users\DUTA DAYA 2\Desktop\Project_BMI\vendor\codeigniter4\framework\system\CodeIgniter.php(326): CodeIgniter\CodeIgniter->handleRequest(NULL, Object(Config\Cache), false)
#5 C:\Users\DUTA DAYA 2\Desktop\Project_BMI\public\index.php(37): CodeIgniter\CodeIgniter->run()
#6 C:\Users\DUTA DAYA 2\Desktop\Project_BMI\vendor\codeigniter4\framework\system\Commands\Server\rewrite.php(43): require_once('C:\\Users\\DUTA D...')
#7 {main}
CRITICAL - 2022-07-01 15:08:40 --> CodeIgniter\BaseModel::doProtectFields(): Argument #1 ($data) must be of type array, string given, called in C:\Users\DUTA DAYA 2\Desktop\Project_BMI\vendor\codeigniter4\framework\system\BaseModel.php on line 799
#0 C:\Users\DUTA DAYA 2\Desktop\Project_BMI\vendor\codeigniter4\framework\system\BaseModel.php(799): CodeIgniter\BaseModel->doProtectFields('Farah Annisa')
#1 C:\Users\DUTA DAYA 2\Desktop\Project_BMI\app\Controllers\Packing.php(259): CodeIgniter\BaseModel->insertBatch(Array)
#2 C:\Users\DUTA DAYA 2\Desktop\Project_BMI\vendor\codeigniter4\framework\system\CodeIgniter.php(832): App\Controllers\Packing->simpanPackingData()
#3 C:\Users\DUTA DAYA 2\Desktop\Project_BMI\vendor\codeigniter4\framework\system\CodeIgniter.php(419): CodeIgniter\CodeIgniter->runController(Object(App\Controllers\Packing))
#4 C:\Users\DUTA DAYA 2\Desktop\Project_BMI\vendor\codeigniter4\framework\system\CodeIgniter.php(326): CodeIgniter\CodeIgniter->handleRequest(NULL, Object(Config\Cache), false)
#5 C:\Users\DUTA DAYA 2\Desktop\Project_BMI\public\index.php(37): CodeIgniter\CodeIgniter->run()
#6 C:\Users\DUTA DAYA 2\Desktop\Project_BMI\vendor\codeigniter4\framework\system\Commands\Server\rewrite.php(43): require_once('C:\\Users\\DUTA D...')
#7 {main}
CRITICAL - 2022-07-01 15:09:13 --> CodeIgniter\BaseModel::doProtectFields(): Argument #1 ($data) must be of type array, string given, called in C:\Users\DUTA DAYA 2\Desktop\Project_BMI\vendor\codeigniter4\framework\system\BaseModel.php on line 799
#0 C:\Users\DUTA DAYA 2\Desktop\Project_BMI\vendor\codeigniter4\framework\system\BaseModel.php(799): CodeIgniter\BaseModel->doProtectFields('R274472975')
#1 C:\Users\DUTA DAYA 2\Desktop\Project_BMI\app\Controllers\Packing.php(259): CodeIgniter\BaseModel->insertBatch(Array)
#2 C:\Users\DUTA DAYA 2\Desktop\Project_BMI\vendor\codeigniter4\framework\system\CodeIgniter.php(832): App\Controllers\Packing->simpanPackingData()
#3 C:\Users\DUTA DAYA 2\Desktop\Project_BMI\vendor\codeigniter4\framework\system\CodeIgniter.php(419): CodeIgniter\CodeIgniter->runController(Object(App\Controllers\Packing))
#4 C:\Users\DUTA DAYA 2\Desktop\Project_BMI\vendor\codeigniter4\framework\system\CodeIgniter.php(326): CodeIgniter\CodeIgniter->handleRequest(NULL, Object(Config\Cache), false)
#5 C:\Users\DUTA DAYA 2\Desktop\Project_BMI\public\index.php(37): CodeIgniter\CodeIgniter->run()
#6 C:\Users\DUTA DAYA 2\Desktop\Project_BMI\vendor\codeigniter4\framework\system\Commands\Server\rewrite.php(43): require_once('C:\\Users\\DUTA D...')
#7 {main}
