CRITICAL - 2022-08-30 12:28:25 --> Undefined property: App\Controllers\ApiPicking::$model
#0 C:\Users\DUTA DAYA 2\Desktop\Project_BMI2\app\Controllers\ApiPicking.php(15): CodeIgniter\Debug\Exceptions->errorHandler(2, 'Undefined prope...', 'C:\\Users\\DUTA D...', 15)
#1 C:\Users\DUTA DAYA 2\Desktop\Project_BMI2\vendor\codeigniter4\framework\system\CodeIgniter.php(832): App\Controllers\ApiPicking->index()
#2 C:\Users\DUTA DAYA 2\Desktop\Project_BMI2\vendor\codeigniter4\framework\system\CodeIgniter.php(419): CodeIgniter\CodeIgniter->runController(Object(App\Controllers\ApiPicking))
#3 C:\Users\DUTA DAYA 2\Desktop\Project_BMI2\vendor\codeigniter4\framework\system\CodeIgniter.php(326): CodeIgniter\CodeIgniter->handleRequest(NULL, Object(Config\Cache), false)
#4 C:\Users\DUTA DAYA 2\Desktop\Project_BMI2\public\index.php(37): CodeIgniter\CodeIgniter->run()
#5 C:\Users\DUTA DAYA 2\Desktop\Project_BMI2\vendor\codeigniter4\framework\system\Commands\Server\rewrite.php(43): require_once('C:\\Users\\DUTA D...')
#6 {main}
CRITICAL - 2022-08-30 12:28:57 --> Undefined property: App\Controllers\ApiPicking::$model
#0 C:\Users\DUTA DAYA 2\Desktop\Project_BMI2\app\Controllers\ApiPicking.php(19): CodeIgniter\Debug\Exceptions->errorHandler(2, 'Undefined prope...', 'C:\\Users\\DUTA D...', 19)
#1 C:\Users\DUTA DAYA 2\Desktop\Project_BMI2\vendor\codeigniter4\framework\system\CodeIgniter.php(832): App\Controllers\ApiPicking->index()
#2 C:\Users\DUTA DAYA 2\Desktop\Project_BMI2\vendor\codeigniter4\framework\system\CodeIgniter.php(419): CodeIgniter\CodeIgniter->runController(Object(App\Controllers\ApiPicking))
#3 C:\Users\DUTA DAYA 2\Desktop\Project_BMI2\vendor\codeigniter4\framework\system\CodeIgniter.php(326): CodeIgniter\CodeIgniter->handleRequest(NULL, Object(Config\Cache), false)
#4 C:\Users\DUTA DAYA 2\Desktop\Project_BMI2\public\index.php(37): CodeIgniter\CodeIgniter->run()
#5 C:\Users\DUTA DAYA 2\Desktop\Project_BMI2\vendor\codeigniter4\framework\system\Commands\Server\rewrite.php(43): require_once('C:\\Users\\DUTA D...')
#6 {main}
CRITICAL - 2022-08-30 12:30:10 --> Undefined property: App\Controllers\ApiPicking::$modelKaryawan
#0 C:\Users\DUTA DAYA 2\Desktop\Project_BMI2\app\Controllers\ApiPicking.php(19): CodeIgniter\Debug\Exceptions->errorHandler(2, 'Undefined prope...', 'C:\\Users\\DUTA D...', 19)
#1 C:\Users\DUTA DAYA 2\Desktop\Project_BMI2\vendor\codeigniter4\framework\system\CodeIgniter.php(832): App\Controllers\ApiPicking->index()
#2 C:\Users\DUTA DAYA 2\Desktop\Project_BMI2\vendor\codeigniter4\framework\system\CodeIgniter.php(419): CodeIgniter\CodeIgniter->runController(Object(App\Controllers\ApiPicking))
#3 C:\Users\DUTA DAYA 2\Desktop\Project_BMI2\vendor\codeigniter4\framework\system\CodeIgniter.php(326): CodeIgniter\CodeIgniter->handleRequest(NULL, Object(Config\Cache), false)
#4 C:\Users\DUTA DAYA 2\Desktop\Project_BMI2\public\index.php(37): CodeIgniter\CodeIgniter->run()
#5 C:\Users\DUTA DAYA 2\Desktop\Project_BMI2\vendor\codeigniter4\framework\system\Commands\Server\rewrite.php(43): require_once('C:\\Users\\DUTA D...')
#6 {main}
CRITICAL - 2022-08-30 12:53:02 --> There is no data to insert.
#0 C:\Users\DUTA DAYA 2\Desktop\Project_BMI2\vendor\codeigniter4\framework\system\BaseModel.php(718): CodeIgniter\Database\Exceptions\DataException::forEmptyDataset('insert')
#1 C:\Users\DUTA DAYA 2\Desktop\Project_BMI2\vendor\codeigniter4\framework\system\Model.php(625): CodeIgniter\BaseModel->insert(Array, false)
#2 C:\Users\DUTA DAYA 2\Desktop\Project_BMI2\vendor\codeigniter4\framework\system\BaseModel.php(658): CodeIgniter\Model->insert(Array, false)
#3 C:\Users\DUTA DAYA 2\Desktop\Project_BMI2\app\Controllers\ApiPicking.php(41): CodeIgniter\BaseModel->save(Array)
#4 C:\Users\DUTA DAYA 2\Desktop\Project_BMI2\vendor\codeigniter4\framework\system\CodeIgniter.php(832): App\Controllers\ApiPicking->update('Agung', '3')
#5 C:\Users\DUTA DAYA 2\Desktop\Project_BMI2\vendor\codeigniter4\framework\system\CodeIgniter.php(419): CodeIgniter\CodeIgniter->runController(Object(App\Controllers\ApiPicking))
#6 C:\Users\DUTA DAYA 2\Desktop\Project_BMI2\vendor\codeigniter4\framework\system\CodeIgniter.php(326): CodeIgniter\CodeIgniter->handleRequest(NULL, Object(Config\Cache), false)
#7 C:\Users\DUTA DAYA 2\Desktop\Project_BMI2\public\index.php(37): CodeIgniter\CodeIgniter->run()
#8 C:\Users\DUTA DAYA 2\Desktop\Project_BMI2\vendor\codeigniter4\framework\system\Commands\Server\rewrite.php(43): require_once('C:\\Users\\DUTA D...')
#9 {main}
CRITICAL - 2022-08-30 12:53:19 --> There is no data to insert.
#0 C:\Users\DUTA DAYA 2\Desktop\Project_BMI2\vendor\codeigniter4\framework\system\BaseModel.php(718): CodeIgniter\Database\Exceptions\DataException::forEmptyDataset('insert')
#1 C:\Users\DUTA DAYA 2\Desktop\Project_BMI2\vendor\codeigniter4\framework\system\Model.php(625): CodeIgniter\BaseModel->insert(Array, true)
#2 C:\Users\DUTA DAYA 2\Desktop\Project_BMI2\app\Controllers\ApiPicking.php(41): CodeIgniter\Model->insert(Array)
#3 C:\Users\DUTA DAYA 2\Desktop\Project_BMI2\vendor\codeigniter4\framework\system\CodeIgniter.php(832): App\Controllers\ApiPicking->update('Agung', '3')
#4 C:\Users\DUTA DAYA 2\Desktop\Project_BMI2\vendor\codeigniter4\framework\system\CodeIgniter.php(419): CodeIgniter\CodeIgniter->runController(Object(App\Controllers\ApiPicking))
#5 C:\Users\DUTA DAYA 2\Desktop\Project_BMI2\vendor\codeigniter4\framework\system\CodeIgniter.php(326): CodeIgniter\CodeIgniter->handleRequest(NULL, Object(Config\Cache), false)
#6 C:\Users\DUTA DAYA 2\Desktop\Project_BMI2\public\index.php(37): CodeIgniter\CodeIgniter->run()
#7 C:\Users\DUTA DAYA 2\Desktop\Project_BMI2\vendor\codeigniter4\framework\system\Commands\Server\rewrite.php(43): require_once('C:\\Users\\DUTA D...')
#8 {main}
CRITICAL - 2022-08-30 12:53:31 --> There is no data to insert.
#0 C:\Users\DUTA DAYA 2\Desktop\Project_BMI2\vendor\codeigniter4\framework\system\BaseModel.php(718): CodeIgniter\Database\Exceptions\DataException::forEmptyDataset('insert')
#1 C:\Users\DUTA DAYA 2\Desktop\Project_BMI2\vendor\codeigniter4\framework\system\Model.php(625): CodeIgniter\BaseModel->insert(Array, false)
#2 C:\Users\DUTA DAYA 2\Desktop\Project_BMI2\vendor\codeigniter4\framework\system\BaseModel.php(658): CodeIgniter\Model->insert(Array, false)
#3 C:\Users\DUTA DAYA 2\Desktop\Project_BMI2\app\Controllers\ApiPicking.php(41): CodeIgniter\BaseModel->save(Array)
#4 C:\Users\DUTA DAYA 2\Desktop\Project_BMI2\vendor\codeigniter4\framework\system\CodeIgniter.php(832): App\Controllers\ApiPicking->update('Agung', '3')
#5 C:\Users\DUTA DAYA 2\Desktop\Project_BMI2\vendor\codeigniter4\framework\system\CodeIgniter.php(419): CodeIgniter\CodeIgniter->runController(Object(App\Controllers\ApiPicking))
#6 C:\Users\DUTA DAYA 2\Desktop\Project_BMI2\vendor\codeigniter4\framework\system\CodeIgniter.php(326): CodeIgniter\CodeIgniter->handleRequest(NULL, Object(Config\Cache), false)
#7 C:\Users\DUTA DAYA 2\Desktop\Project_BMI2\public\index.php(37): CodeIgniter\CodeIgniter->run()
#8 C:\Users\DUTA DAYA 2\Desktop\Project_BMI2\vendor\codeigniter4\framework\system\Commands\Server\rewrite.php(43): require_once('C:\\Users\\DUTA D...')
#9 {main}
CRITICAL - 2022-08-30 12:53:36 --> There is no data to insert.
#0 C:\Users\DUTA DAYA 2\Desktop\Project_BMI2\vendor\codeigniter4\framework\system\BaseModel.php(718): CodeIgniter\Database\Exceptions\DataException::forEmptyDataset('insert')
#1 C:\Users\DUTA DAYA 2\Desktop\Project_BMI2\vendor\codeigniter4\framework\system\Model.php(625): CodeIgniter\BaseModel->insert(Array, false)
#2 C:\Users\DUTA DAYA 2\Desktop\Project_BMI2\vendor\codeigniter4\framework\system\BaseModel.php(658): CodeIgniter\Model->insert(Array, false)
#3 C:\Users\DUTA DAYA 2\Desktop\Project_BMI2\app\Controllers\ApiPicking.php(41): CodeIgniter\BaseModel->save(Array)
#4 C:\Users\DUTA DAYA 2\Desktop\Project_BMI2\vendor\codeigniter4\framework\system\CodeIgniter.php(832): App\Controllers\ApiPicking->update('Agung')
#5 C:\Users\DUTA DAYA 2\Desktop\Project_BMI2\vendor\codeigniter4\framework\system\CodeIgniter.php(419): CodeIgniter\CodeIgniter->runController(Object(App\Controllers\ApiPicking))
#6 C:\Users\DUTA DAYA 2\Desktop\Project_BMI2\vendor\codeigniter4\framework\system\CodeIgniter.php(326): CodeIgniter\CodeIgniter->handleRequest(NULL, Object(Config\Cache), false)
#7 C:\Users\DUTA DAYA 2\Desktop\Project_BMI2\public\index.php(37): CodeIgniter\CodeIgniter->run()
#8 C:\Users\DUTA DAYA 2\Desktop\Project_BMI2\vendor\codeigniter4\framework\system\Commands\Server\rewrite.php(43): require_once('C:\\Users\\DUTA D...')
#9 {main}
CRITICAL - 2022-08-30 12:54:19 --> There is no data to insert.
#0 C:\Users\DUTA DAYA 2\Desktop\Project_BMI2\vendor\codeigniter4\framework\system\BaseModel.php(718): CodeIgniter\Database\Exceptions\DataException::forEmptyDataset('insert')
#1 C:\Users\DUTA DAYA 2\Desktop\Project_BMI2\vendor\codeigniter4\framework\system\Model.php(625): CodeIgniter\BaseModel->insert(Array, false)
#2 C:\Users\DUTA DAYA 2\Desktop\Project_BMI2\vendor\codeigniter4\framework\system\BaseModel.php(658): CodeIgniter\Model->insert(Array, false)
#3 C:\Users\DUTA DAYA 2\Desktop\Project_BMI2\app\Controllers\ApiPicking.php(41): CodeIgniter\BaseModel->save(Array)
#4 C:\Users\DUTA DAYA 2\Desktop\Project_BMI2\vendor\codeigniter4\framework\system\CodeIgniter.php(832): App\Controllers\ApiPicking->update('Agung')
#5 C:\Users\DUTA DAYA 2\Desktop\Project_BMI2\vendor\codeigniter4\framework\system\CodeIgniter.php(419): CodeIgniter\CodeIgniter->runController(Object(App\Controllers\ApiPicking))
#6 C:\Users\DUTA DAYA 2\Desktop\Project_BMI2\vendor\codeigniter4\framework\system\CodeIgniter.php(326): CodeIgniter\CodeIgniter->handleRequest(NULL, Object(Config\Cache), false)
#7 C:\Users\DUTA DAYA 2\Desktop\Project_BMI2\public\index.php(37): CodeIgniter\CodeIgniter->run()
#8 C:\Users\DUTA DAYA 2\Desktop\Project_BMI2\vendor\codeigniter4\framework\system\Commands\Server\rewrite.php(43): require_once('C:\\Users\\DUTA D...')
#9 {main}
CRITICAL - 2022-08-30 13:00:20 --> There is no data to insert.
#0 C:\Users\DUTA DAYA 2\Desktop\Project_BMI2\vendor\codeigniter4\framework\system\BaseModel.php(718): CodeIgniter\Database\Exceptions\DataException::forEmptyDataset('insert')
#1 C:\Users\DUTA DAYA 2\Desktop\Project_BMI2\vendor\codeigniter4\framework\system\Model.php(625): CodeIgniter\BaseModel->insert(Array, false)
#2 C:\Users\DUTA DAYA 2\Desktop\Project_BMI2\vendor\codeigniter4\framework\system\BaseModel.php(658): CodeIgniter\Model->insert(Array, false)
#3 C:\Users\DUTA DAYA 2\Desktop\Project_BMI2\app\Controllers\ApiPicking.php(41): CodeIgniter\BaseModel->save(Array)
#4 C:\Users\DUTA DAYA 2\Desktop\Project_BMI2\vendor\codeigniter4\framework\system\CodeIgniter.php(832): App\Controllers\ApiPicking->update('3')
#5 C:\Users\DUTA DAYA 2\Desktop\Project_BMI2\vendor\codeigniter4\framework\system\CodeIgniter.php(419): CodeIgniter\CodeIgniter->runController(Object(App\Controllers\ApiPicking))
#6 C:\Users\DUTA DAYA 2\Desktop\Project_BMI2\vendor\codeigniter4\framework\system\CodeIgniter.php(326): CodeIgniter\CodeIgniter->handleRequest(NULL, Object(Config\Cache), false)
#7 C:\Users\DUTA DAYA 2\Desktop\Project_BMI2\public\index.php(37): CodeIgniter\CodeIgniter->run()
#8 C:\Users\DUTA DAYA 2\Desktop\Project_BMI2\vendor\codeigniter4\framework\system\Commands\Server\rewrite.php(43): require_once('C:\\Users\\DUTA D...')
#9 {main}
CRITICAL - 2022-08-30 13:01:07 --> Undefined variable $assign
#0 C:\Users\DUTA DAYA 2\Desktop\Project_BMI2\app\Controllers\ApiPicking.php(36): CodeIgniter\Debug\Exceptions->errorHandler(2, 'Undefined varia...', 'C:\\Users\\DUTA D...', 36)
#1 C:\Users\DUTA DAYA 2\Desktop\Project_BMI2\vendor\codeigniter4\framework\system\CodeIgniter.php(832): App\Controllers\ApiPicking->update('3')
#2 C:\Users\DUTA DAYA 2\Desktop\Project_BMI2\vendor\codeigniter4\framework\system\CodeIgniter.php(419): CodeIgniter\CodeIgniter->runController(Object(App\Controllers\ApiPicking))
#3 C:\Users\DUTA DAYA 2\Desktop\Project_BMI2\vendor\codeigniter4\framework\system\CodeIgniter.php(326): CodeIgniter\CodeIgniter->handleRequest(NULL, Object(Config\Cache), false)
#4 C:\Users\DUTA DAYA 2\Desktop\Project_BMI2\public\index.php(37): CodeIgniter\CodeIgniter->run()
#5 C:\Users\DUTA DAYA 2\Desktop\Project_BMI2\vendor\codeigniter4\framework\system\Commands\Server\rewrite.php(43): require_once('C:\\Users\\DUTA D...')
#6 {main}
CRITICAL - 2022-08-30 13:01:23 --> There is no data to insert.
#0 C:\Users\DUTA DAYA 2\Desktop\Project_BMI2\vendor\codeigniter4\framework\system\BaseModel.php(718): CodeIgniter\Database\Exceptions\DataException::forEmptyDataset('insert')
#1 C:\Users\DUTA DAYA 2\Desktop\Project_BMI2\vendor\codeigniter4\framework\system\Model.php(625): CodeIgniter\BaseModel->insert(Array, false)
#2 C:\Users\DUTA DAYA 2\Desktop\Project_BMI2\vendor\codeigniter4\framework\system\BaseModel.php(658): CodeIgniter\Model->insert(Array, false)
#3 C:\Users\DUTA DAYA 2\Desktop\Project_BMI2\app\Controllers\ApiPicking.php(41): CodeIgniter\BaseModel->save(Array)
#4 C:\Users\DUTA DAYA 2\Desktop\Project_BMI2\vendor\codeigniter4\framework\system\CodeIgniter.php(832): App\Controllers\ApiPicking->update('3')
#5 C:\Users\DUTA DAYA 2\Desktop\Project_BMI2\vendor\codeigniter4\framework\system\CodeIgniter.php(419): CodeIgniter\CodeIgniter->runController(Object(App\Controllers\ApiPicking))
#6 C:\Users\DUTA DAYA 2\Desktop\Project_BMI2\vendor\codeigniter4\framework\system\CodeIgniter.php(326): CodeIgniter\CodeIgniter->handleRequest(NULL, Object(Config\Cache), false)
#7 C:\Users\DUTA DAYA 2\Desktop\Project_BMI2\public\index.php(37): CodeIgniter\CodeIgniter->run()
#8 C:\Users\DUTA DAYA 2\Desktop\Project_BMI2\vendor\codeigniter4\framework\system\Commands\Server\rewrite.php(43): require_once('C:\\Users\\DUTA D...')
#9 {main}
CRITICAL - 2022-08-30 13:02:21 --> There is no data to insert.
#0 C:\Users\DUTA DAYA 2\Desktop\Project_BMI2\vendor\codeigniter4\framework\system\BaseModel.php(718): CodeIgniter\Database\Exceptions\DataException::forEmptyDataset('insert')
#1 C:\Users\DUTA DAYA 2\Desktop\Project_BMI2\vendor\codeigniter4\framework\system\Model.php(625): CodeIgniter\BaseModel->insert(Array, false)
#2 C:\Users\DUTA DAYA 2\Desktop\Project_BMI2\vendor\codeigniter4\framework\system\BaseModel.php(658): CodeIgniter\Model->insert(Array, false)
#3 C:\Users\DUTA DAYA 2\Desktop\Project_BMI2\app\Controllers\ApiPicking.php(41): CodeIgniter\BaseModel->save(Array)
#4 C:\Users\DUTA DAYA 2\Desktop\Project_BMI2\vendor\codeigniter4\framework\system\CodeIgniter.php(832): App\Controllers\ApiPicking->update('3')
#5 C:\Users\DUTA DAYA 2\Desktop\Project_BMI2\vendor\codeigniter4\framework\system\CodeIgniter.php(419): CodeIgniter\CodeIgniter->runController(Object(App\Controllers\ApiPicking))
#6 C:\Users\DUTA DAYA 2\Desktop\Project_BMI2\vendor\codeigniter4\framework\system\CodeIgniter.php(326): CodeIgniter\CodeIgniter->handleRequest(NULL, Object(Config\Cache), false)
#7 C:\Users\DUTA DAYA 2\Desktop\Project_BMI2\public\index.php(37): CodeIgniter\CodeIgniter->run()
#8 C:\Users\DUTA DAYA 2\Desktop\Project_BMI2\vendor\codeigniter4\framework\system\Commands\Server\rewrite.php(43): require_once('C:\\Users\\DUTA D...')
#9 {main}
CRITICAL - 2022-08-30 13:12:11 --> There is no data to update.
#0 C:\Users\DUTA DAYA 2\Desktop\Project_BMI2\vendor\codeigniter4\framework\system\BaseModel.php(1574): CodeIgniter\Database\Exceptions\DataException::forEmptyDataset('update')
#1 C:\Users\DUTA DAYA 2\Desktop\Project_BMI2\vendor\codeigniter4\framework\system\BaseModel.php(832): CodeIgniter\BaseModel->transformDataToArray(NULL, 'update')
#2 C:\Users\DUTA DAYA 2\Desktop\Project_BMI2\vendor\codeigniter4\framework\system\Model.php(651): CodeIgniter\BaseModel->update(Array, NULL)
#3 C:\Users\DUTA DAYA 2\Desktop\Project_BMI2\app\Controllers\ApiPicking.php(42): CodeIgniter\Model->update(Array, NULL)
#4 C:\Users\DUTA DAYA 2\Desktop\Project_BMI2\vendor\codeigniter4\framework\system\CodeIgniter.php(832): App\Controllers\ApiPicking->update('Agung')
#5 C:\Users\DUTA DAYA 2\Desktop\Project_BMI2\vendor\codeigniter4\framework\system\CodeIgniter.php(419): CodeIgniter\CodeIgniter->runController(Object(App\Controllers\ApiPicking))
#6 C:\Users\DUTA DAYA 2\Desktop\Project_BMI2\vendor\codeigniter4\framework\system\CodeIgniter.php(326): CodeIgniter\CodeIgniter->handleRequest(NULL, Object(Config\Cache), false)
#7 C:\Users\DUTA DAYA 2\Desktop\Project_BMI2\public\index.php(37): CodeIgniter\CodeIgniter->run()
#8 C:\Users\DUTA DAYA 2\Desktop\Project_BMI2\vendor\codeigniter4\framework\system\Commands\Server\rewrite.php(43): require_once('C:\\Users\\DUTA D...')
#9 {main}
CRITICAL - 2022-08-30 13:21:02 --> There is no data to insert.
#0 C:\Users\DUTA DAYA 2\Desktop\Project_BMI2\vendor\codeigniter4\framework\system\BaseModel.php(718): CodeIgniter\Database\Exceptions\DataException::forEmptyDataset('insert')
#1 C:\Users\DUTA DAYA 2\Desktop\Project_BMI2\vendor\codeigniter4\framework\system\Model.php(625): CodeIgniter\BaseModel->insert(Array, false)
#2 C:\Users\DUTA DAYA 2\Desktop\Project_BMI2\vendor\codeigniter4\framework\system\BaseModel.php(658): CodeIgniter\Model->insert(Array, false)
#3 C:\Users\DUTA DAYA 2\Desktop\Project_BMI2\app\Controllers\ApiPicking.php(41): CodeIgniter\BaseModel->save(Array)
#4 C:\Users\DUTA DAYA 2\Desktop\Project_BMI2\vendor\codeigniter4\framework\system\CodeIgniter.php(832): App\Controllers\ApiPicking->update('3')
#5 C:\Users\DUTA DAYA 2\Desktop\Project_BMI2\vendor\codeigniter4\framework\system\CodeIgniter.php(419): CodeIgniter\CodeIgniter->runController(Object(App\Controllers\ApiPicking))
#6 C:\Users\DUTA DAYA 2\Desktop\Project_BMI2\vendor\codeigniter4\framework\system\CodeIgniter.php(326): CodeIgniter\CodeIgniter->handleRequest(NULL, Object(Config\Cache), false)
#7 C:\Users\DUTA DAYA 2\Desktop\Project_BMI2\public\index.php(37): CodeIgniter\CodeIgniter->run()
#8 C:\Users\DUTA DAYA 2\Desktop\Project_BMI2\vendor\codeigniter4\framework\system\Commands\Server\rewrite.php(43): require_once('C:\\Users\\DUTA D...')
#9 {main}
CRITICAL - 2022-08-30 13:21:21 --> There is no data to insert.
#0 C:\Users\DUTA DAYA 2\Desktop\Project_BMI2\vendor\codeigniter4\framework\system\BaseModel.php(718): CodeIgniter\Database\Exceptions\DataException::forEmptyDataset('insert')
#1 C:\Users\DUTA DAYA 2\Desktop\Project_BMI2\vendor\codeigniter4\framework\system\Model.php(625): CodeIgniter\BaseModel->insert(Array, false)
#2 C:\Users\DUTA DAYA 2\Desktop\Project_BMI2\vendor\codeigniter4\framework\system\BaseModel.php(658): CodeIgniter\Model->insert(Array, false)
#3 C:\Users\DUTA DAYA 2\Desktop\Project_BMI2\app\Controllers\ApiPicking.php(41): CodeIgniter\BaseModel->save(Array)
#4 C:\Users\DUTA DAYA 2\Desktop\Project_BMI2\vendor\codeigniter4\framework\system\CodeIgniter.php(832): App\Controllers\ApiPicking->update('3')
#5 C:\Users\DUTA DAYA 2\Desktop\Project_BMI2\vendor\codeigniter4\framework\system\CodeIgniter.php(419): CodeIgniter\CodeIgniter->runController(Object(App\Controllers\ApiPicking))
#6 C:\Users\DUTA DAYA 2\Desktop\Project_BMI2\vendor\codeigniter4\framework\system\CodeIgniter.php(326): CodeIgniter\CodeIgniter->handleRequest(NULL, Object(Config\Cache), false)
#7 C:\Users\DUTA DAYA 2\Desktop\Project_BMI2\public\index.php(37): CodeIgniter\CodeIgniter->run()
#8 C:\Users\DUTA DAYA 2\Desktop\Project_BMI2\vendor\codeigniter4\framework\system\Commands\Server\rewrite.php(43): require_once('C:\\Users\\DUTA D...')
#9 {main}
CRITICAL - 2022-08-30 13:21:28 --> There is no data to insert.
#0 C:\Users\DUTA DAYA 2\Desktop\Project_BMI2\vendor\codeigniter4\framework\system\BaseModel.php(718): CodeIgniter\Database\Exceptions\DataException::forEmptyDataset('insert')
#1 C:\Users\DUTA DAYA 2\Desktop\Project_BMI2\vendor\codeigniter4\framework\system\Model.php(625): CodeIgniter\BaseModel->insert(Array, false)
#2 C:\Users\DUTA DAYA 2\Desktop\Project_BMI2\vendor\codeigniter4\framework\system\BaseModel.php(658): CodeIgniter\Model->insert(Array, false)
#3 C:\Users\DUTA DAYA 2\Desktop\Project_BMI2\app\Controllers\ApiPicking.php(41): CodeIgniter\BaseModel->save(Array)
#4 C:\Users\DUTA DAYA 2\Desktop\Project_BMI2\vendor\codeigniter4\framework\system\CodeIgniter.php(832): App\Controllers\ApiPicking->update('3')
#5 C:\Users\DUTA DAYA 2\Desktop\Project_BMI2\vendor\codeigniter4\framework\system\CodeIgniter.php(419): CodeIgniter\CodeIgniter->runController(Object(App\Controllers\ApiPicking))
#6 C:\Users\DUTA DAYA 2\Desktop\Project_BMI2\vendor\codeigniter4\framework\system\CodeIgniter.php(326): CodeIgniter\CodeIgniter->handleRequest(NULL, Object(Config\Cache), false)
#7 C:\Users\DUTA DAYA 2\Desktop\Project_BMI2\public\index.php(37): CodeIgniter\CodeIgniter->run()
#8 C:\Users\DUTA DAYA 2\Desktop\Project_BMI2\vendor\codeigniter4\framework\system\Commands\Server\rewrite.php(43): require_once('C:\\Users\\DUTA D...')
#9 {main}
CRITICAL - 2022-08-30 13:26:40 --> There is no data to insert.
#0 C:\Users\DUTA DAYA 2\Desktop\Project_BMI2\vendor\codeigniter4\framework\system\BaseModel.php(718): CodeIgniter\Database\Exceptions\DataException::forEmptyDataset('insert')
#1 C:\Users\DUTA DAYA 2\Desktop\Project_BMI2\vendor\codeigniter4\framework\system\Model.php(625): CodeIgniter\BaseModel->insert(Array, true)
#2 C:\Users\DUTA DAYA 2\Desktop\Project_BMI2\app\Controllers\ApiPicking.php(41): CodeIgniter\Model->insert(Array)
#3 C:\Users\DUTA DAYA 2\Desktop\Project_BMI2\vendor\codeigniter4\framework\system\CodeIgniter.php(832): App\Controllers\ApiPicking->update('3')
#4 C:\Users\DUTA DAYA 2\Desktop\Project_BMI2\vendor\codeigniter4\framework\system\CodeIgniter.php(419): CodeIgniter\CodeIgniter->runController(Object(App\Controllers\ApiPicking))
#5 C:\Users\DUTA DAYA 2\Desktop\Project_BMI2\vendor\codeigniter4\framework\system\CodeIgniter.php(326): CodeIgniter\CodeIgniter->handleRequest(NULL, Object(Config\Cache), false)
#6 C:\Users\DUTA DAYA 2\Desktop\Project_BMI2\public\index.php(37): CodeIgniter\CodeIgniter->run()
#7 C:\Users\DUTA DAYA 2\Desktop\Project_BMI2\vendor\codeigniter4\framework\system\Commands\Server\rewrite.php(43): require_once('C:\\Users\\DUTA D...')
#8 {main}
ERROR - 2022-08-30 14:56:44 --> Unknown column 'no_po' in 'field list'
CRITICAL - 2022-08-30 14:56:44 --> Unknown column 'no_po' in 'field list'
#0 C:\Users\DUTA DAYA 2\Desktop\Project_BMI2\vendor\codeigniter4\framework\system\Database\MySQLi\Connection.php(292): mysqli->query('SELECT RIGHT(no...', 0)
#1 C:\Users\DUTA DAYA 2\Desktop\Project_BMI2\vendor\codeigniter4\framework\system\Database\BaseConnection.php(670): CodeIgniter\Database\MySQLi\Connection->execute('SELECT RIGHT(no...')
#2 C:\Users\DUTA DAYA 2\Desktop\Project_BMI2\vendor\codeigniter4\framework\system\Database\BaseConnection.php(598): CodeIgniter\Database\BaseConnection->simpleQuery('SELECT RIGHT(no...')
#3 C:\Users\DUTA DAYA 2\Desktop\Project_BMI2\vendor\codeigniter4\framework\system\Database\BaseBuilder.php(1455): CodeIgniter\Database\BaseConnection->query('SELECT RIGHT(no...', Array, false)
#4 C:\Users\DUTA DAYA 2\Desktop\Project_BMI2\app\Models\PoModel.php(24): CodeIgniter\Database\BaseBuilder->get()
#5 C:\Users\DUTA DAYA 2\Desktop\Project_BMI2\app\Controllers\UploadPo.php(23): App\Models\PoModel->buatPo()
#6 C:\Users\DUTA DAYA 2\Desktop\Project_BMI2\vendor\codeigniter4\framework\system\CodeIgniter.php(832): App\Controllers\UploadPo->index()
#7 C:\Users\DUTA DAYA 2\Desktop\Project_BMI2\vendor\codeigniter4\framework\system\CodeIgniter.php(419): CodeIgniter\CodeIgniter->runController(Object(App\Controllers\UploadPo))
#8 C:\Users\DUTA DAYA 2\Desktop\Project_BMI2\vendor\codeigniter4\framework\system\CodeIgniter.php(326): CodeIgniter\CodeIgniter->handleRequest(NULL, Object(Config\Cache), false)
#9 C:\Users\DUTA DAYA 2\Desktop\Project_BMI2\public\index.php(37): CodeIgniter\CodeIgniter->run()
#10 C:\Users\DUTA DAYA 2\Desktop\Project_BMI2\vendor\codeigniter4\framework\system\Commands\Server\rewrite.php(43): require_once('C:\\Users\\DUTA D...')
#11 {main}
ERROR - 2022-08-30 14:59:09 --> Unknown column 'no_po' in 'field list'
CRITICAL - 2022-08-30 14:59:09 --> Unknown column 'no_po' in 'field list'
#0 C:\Users\DUTA DAYA 2\Desktop\Project_BMI2\vendor\codeigniter4\framework\system\Database\MySQLi\Connection.php(292): mysqli->query('SELECT RIGHT(no...', 0)
#1 C:\Users\DUTA DAYA 2\Desktop\Project_BMI2\vendor\codeigniter4\framework\system\Database\BaseConnection.php(670): CodeIgniter\Database\MySQLi\Connection->execute('SELECT RIGHT(no...')
#2 C:\Users\DUTA DAYA 2\Desktop\Project_BMI2\vendor\codeigniter4\framework\system\Database\BaseConnection.php(598): CodeIgniter\Database\BaseConnection->simpleQuery('SELECT RIGHT(no...')
#3 C:\Users\DUTA DAYA 2\Desktop\Project_BMI2\vendor\codeigniter4\framework\system\Database\BaseBuilder.php(1455): CodeIgniter\Database\BaseConnection->query('SELECT RIGHT(no...', Array, false)
#4 C:\Users\DUTA DAYA 2\Desktop\Project_BMI2\app\Models\PoModel.php(24): CodeIgniter\Database\BaseBuilder->get()
#5 C:\Users\DUTA DAYA 2\Desktop\Project_BMI2\app\Controllers\UploadPo.php(23): App\Models\PoModel->buatPo()
#6 C:\Users\DUTA DAYA 2\Desktop\Project_BMI2\vendor\codeigniter4\framework\system\CodeIgniter.php(832): App\Controllers\UploadPo->index()
#7 C:\Users\DUTA DAYA 2\Desktop\Project_BMI2\vendor\codeigniter4\framework\system\CodeIgniter.php(419): CodeIgniter\CodeIgniter->runController(Object(App\Controllers\UploadPo))
#8 C:\Users\DUTA DAYA 2\Desktop\Project_BMI2\vendor\codeigniter4\framework\system\CodeIgniter.php(326): CodeIgniter\CodeIgniter->handleRequest(NULL, Object(Config\Cache), false)
#9 C:\Users\DUTA DAYA 2\Desktop\Project_BMI2\public\index.php(37): CodeIgniter\CodeIgniter->run()
#10 C:\Users\DUTA DAYA 2\Desktop\Project_BMI2\vendor\codeigniter4\framework\system\Commands\Server\rewrite.php(43): require_once('C:\\Users\\DUTA D...')
#11 {main}
ERROR - 2022-08-30 15:53:33 --> Unknown column 'item_id' in 'where clause'
CRITICAL - 2022-08-30 15:53:33 --> Unknown column 'item_id' in 'where clause'
#0 C:\Users\DUTA DAYA 2\Desktop\Project_BMI2\vendor\codeigniter4\framework\system\Database\MySQLi\Connection.php(292): mysqli->query('SELECT *\nFROM `...', 0)
#1 C:\Users\DUTA DAYA 2\Desktop\Project_BMI2\vendor\codeigniter4\framework\system\Database\BaseConnection.php(670): CodeIgniter\Database\MySQLi\Connection->execute('SELECT *\nFROM `...')
#2 C:\Users\DUTA DAYA 2\Desktop\Project_BMI2\vendor\codeigniter4\framework\system\Database\BaseConnection.php(598): CodeIgniter\Database\BaseConnection->simpleQuery('SELECT *\nFROM `...')
#3 C:\Users\DUTA DAYA 2\Desktop\Project_BMI2\vendor\codeigniter4\framework\system\Database\BaseBuilder.php(1588): CodeIgniter\Database\BaseConnection->query('SELECT *\nFROM `...', Array, false)
#4 C:\Users\DUTA DAYA 2\Desktop\Project_BMI2\app\Controllers\UploadPo.php(75): CodeIgniter\Database\BaseBuilder->getWhere(Array)
#5 C:\Users\DUTA DAYA 2\Desktop\Project_BMI2\vendor\codeigniter4\framework\system\CodeIgniter.php(832): App\Controllers\UploadPo->Upload()
#6 C:\Users\DUTA DAYA 2\Desktop\Project_BMI2\vendor\codeigniter4\framework\system\CodeIgniter.php(419): CodeIgniter\CodeIgniter->runController(Object(App\Controllers\UploadPo))
#7 C:\Users\DUTA DAYA 2\Desktop\Project_BMI2\vendor\codeigniter4\framework\system\CodeIgniter.php(326): CodeIgniter\CodeIgniter->handleRequest(NULL, Object(Config\Cache), false)
#8 C:\Users\DUTA DAYA 2\Desktop\Project_BMI2\public\index.php(37): CodeIgniter\CodeIgniter->run()
#9 C:\Users\DUTA DAYA 2\Desktop\Project_BMI2\vendor\codeigniter4\framework\system\Commands\Server\rewrite.php(43): require_once('C:\\Users\\DUTA D...')
#10 {main}
CRITICAL - 2022-08-30 20:58:43 --> Undefined array key 2
#0 C:\Users\DUTA DAYA 2\Desktop\Project_BMI2\app\Controllers\Invoice.php(70): CodeIgniter\Debug\Exceptions->errorHandler(2, 'Undefined array...', 'C:\\Users\\DUTA D...', 70)
#1 C:\Users\DUTA DAYA 2\Desktop\Project_BMI2\vendor\codeigniter4\framework\system\CodeIgniter.php(832): App\Controllers\Invoice->upload()
#2 C:\Users\DUTA DAYA 2\Desktop\Project_BMI2\vendor\codeigniter4\framework\system\CodeIgniter.php(419): CodeIgniter\CodeIgniter->runController(Object(App\Controllers\Invoice))
#3 C:\Users\DUTA DAYA 2\Desktop\Project_BMI2\vendor\codeigniter4\framework\system\CodeIgniter.php(326): CodeIgniter\CodeIgniter->handleRequest(NULL, Object(Config\Cache), false)
#4 C:\Users\DUTA DAYA 2\Desktop\Project_BMI2\public\index.php(37): CodeIgniter\CodeIgniter->run()
#5 C:\Users\DUTA DAYA 2\Desktop\Project_BMI2\vendor\codeigniter4\framework\system\Commands\Server\rewrite.php(43): require_once('C:\\Users\\DUTA D...')
#6 {main}
ERROR - 2022-08-30 21:28:27 --> Illegal parameter data types int and row for operation '='
CRITICAL - 2022-08-30 21:28:27 --> Illegal parameter data types int and row for operation '='
#0 C:\Users\DUTA DAYA 2\Desktop\Project_BMI2\vendor\codeigniter4\framework\system\Database\MySQLi\Connection.php(292): mysqli->query('SELECT *\nFROM `...', 0)
#1 C:\Users\DUTA DAYA 2\Desktop\Project_BMI2\vendor\codeigniter4\framework\system\Database\BaseConnection.php(670): CodeIgniter\Database\MySQLi\Connection->execute('SELECT *\nFROM `...')
#2 C:\Users\DUTA DAYA 2\Desktop\Project_BMI2\vendor\codeigniter4\framework\system\Database\BaseConnection.php(598): CodeIgniter\Database\BaseConnection->simpleQuery('SELECT *\nFROM `...')
#3 C:\Users\DUTA DAYA 2\Desktop\Project_BMI2\vendor\codeigniter4\framework\system\Database\BaseBuilder.php(1588): CodeIgniter\Database\BaseConnection->query('SELECT *\nFROM `...', Array, false)
#4 C:\Users\DUTA DAYA 2\Desktop\Project_BMI2\vendor\codeigniter4\framework\system\Model.php(728): CodeIgniter\Database\BaseBuilder->getWhere(Array)
#5 C:\Users\DUTA DAYA 2\Desktop\Project_BMI2\app\Controllers\Assign.php(69): CodeIgniter\Model->__call('getWhere', Array)
#6 C:\Users\DUTA DAYA 2\Desktop\Project_BMI2\vendor\codeigniter4\framework\system\CodeIgniter.php(832): App\Controllers\Assign->ProsesPick()
#7 C:\Users\DUTA DAYA 2\Desktop\Project_BMI2\vendor\codeigniter4\framework\system\CodeIgniter.php(419): CodeIgniter\CodeIgniter->runController(Object(App\Controllers\Assign))
#8 C:\Users\DUTA DAYA 2\Desktop\Project_BMI2\vendor\codeigniter4\framework\system\CodeIgniter.php(326): CodeIgniter\CodeIgniter->handleRequest(NULL, Object(Config\Cache), false)
#9 C:\Users\DUTA DAYA 2\Desktop\Project_BMI2\public\index.php(37): CodeIgniter\CodeIgniter->run()
#10 C:\Users\DUTA DAYA 2\Desktop\Project_BMI2\vendor\codeigniter4\framework\system\Commands\Server\rewrite.php(43): require_once('C:\\Users\\DUTA D...')
#11 {main}
ERROR - 2022-08-30 21:30:46 --> Illegal parameter data types int and row for operation '='
CRITICAL - 2022-08-30 21:30:46 --> Illegal parameter data types int and row for operation '='
#0 C:\Users\DUTA DAYA 2\Desktop\Project_BMI2\vendor\codeigniter4\framework\system\Database\MySQLi\Connection.php(292): mysqli->query('SELECT *\nFROM `...', 0)
#1 C:\Users\DUTA DAYA 2\Desktop\Project_BMI2\vendor\codeigniter4\framework\system\Database\BaseConnection.php(670): CodeIgniter\Database\MySQLi\Connection->execute('SELECT *\nFROM `...')
#2 C:\Users\DUTA DAYA 2\Desktop\Project_BMI2\vendor\codeigniter4\framework\system\Database\BaseConnection.php(598): CodeIgniter\Database\BaseConnection->simpleQuery('SELECT *\nFROM `...')
#3 C:\Users\DUTA DAYA 2\Desktop\Project_BMI2\vendor\codeigniter4\framework\system\Database\BaseBuilder.php(1588): CodeIgniter\Database\BaseConnection->query('SELECT *\nFROM `...', Array, false)
#4 C:\Users\DUTA DAYA 2\Desktop\Project_BMI2\vendor\codeigniter4\framework\system\Model.php(728): CodeIgniter\Database\BaseBuilder->getWhere(Array)
#5 C:\Users\DUTA DAYA 2\Desktop\Project_BMI2\app\Controllers\Assign.php(69): CodeIgniter\Model->__call('getWhere', Array)
#6 C:\Users\DUTA DAYA 2\Desktop\Project_BMI2\vendor\codeigniter4\framework\system\CodeIgniter.php(832): App\Controllers\Assign->ProsesPick()
#7 C:\Users\DUTA DAYA 2\Desktop\Project_BMI2\vendor\codeigniter4\framework\system\CodeIgniter.php(419): CodeIgniter\CodeIgniter->runController(Object(App\Controllers\Assign))
#8 C:\Users\DUTA DAYA 2\Desktop\Project_BMI2\vendor\codeigniter4\framework\system\CodeIgniter.php(326): CodeIgniter\CodeIgniter->handleRequest(NULL, Object(Config\Cache), false)
#9 C:\Users\DUTA DAYA 2\Desktop\Project_BMI2\public\index.php(37): CodeIgniter\CodeIgniter->run()
#10 C:\Users\DUTA DAYA 2\Desktop\Project_BMI2\vendor\codeigniter4\framework\system\Commands\Server\rewrite.php(43): require_once('C:\\Users\\DUTA D...')
#11 {main}
CRITICAL - 2022-08-30 21:31:32 --> Call to undefined method App\Models\InvoiceModel::getResult
#0 C:\Users\DUTA DAYA 2\Desktop\Project_BMI2\app\Controllers\Assign.php(69): CodeIgniter\Model->__call('getResult', Array)
#1 C:\Users\DUTA DAYA 2\Desktop\Project_BMI2\vendor\codeigniter4\framework\system\CodeIgniter.php(832): App\Controllers\Assign->ProsesPick()
#2 C:\Users\DUTA DAYA 2\Desktop\Project_BMI2\vendor\codeigniter4\framework\system\CodeIgniter.php(419): CodeIgniter\CodeIgniter->runController(Object(App\Controllers\Assign))
#3 C:\Users\DUTA DAYA 2\Desktop\Project_BMI2\vendor\codeigniter4\framework\system\CodeIgniter.php(326): CodeIgniter\CodeIgniter->handleRequest(NULL, Object(Config\Cache), false)
#4 C:\Users\DUTA DAYA 2\Desktop\Project_BMI2\public\index.php(37): CodeIgniter\CodeIgniter->run()
#5 C:\Users\DUTA DAYA 2\Desktop\Project_BMI2\vendor\codeigniter4\framework\system\Commands\Server\rewrite.php(43): require_once('C:\\Users\\DUTA D...')
#6 {main}
CRITICAL - 2022-08-30 21:32:01 --> Call to undefined method App\Models\InvoiceModel::getResult
#0 C:\Users\DUTA DAYA 2\Desktop\Project_BMI2\app\Controllers\Assign.php(69): CodeIgniter\Model->__call('getResult', Array)
#1 C:\Users\DUTA DAYA 2\Desktop\Project_BMI2\vendor\codeigniter4\framework\system\CodeIgniter.php(832): App\Controllers\Assign->ProsesPick()
#2 C:\Users\DUTA DAYA 2\Desktop\Project_BMI2\vendor\codeigniter4\framework\system\CodeIgniter.php(419): CodeIgniter\CodeIgniter->runController(Object(App\Controllers\Assign))
#3 C:\Users\DUTA DAYA 2\Desktop\Project_BMI2\vendor\codeigniter4\framework\system\CodeIgniter.php(326): CodeIgniter\CodeIgniter->handleRequest(NULL, Object(Config\Cache), false)
#4 C:\Users\DUTA DAYA 2\Desktop\Project_BMI2\public\index.php(37): CodeIgniter\CodeIgniter->run()
#5 C:\Users\DUTA DAYA 2\Desktop\Project_BMI2\vendor\codeigniter4\framework\system\Commands\Server\rewrite.php(43): require_once('C:\\Users\\DUTA D...')
#6 {main}
ERROR - 2022-08-30 21:32:18 --> Illegal parameter data types int and row for operation '='
CRITICAL - 2022-08-30 21:32:18 --> Illegal parameter data types int and row for operation '='
#0 C:\Users\DUTA DAYA 2\Desktop\Project_BMI2\vendor\codeigniter4\framework\system\Database\MySQLi\Connection.php(292): mysqli->query('SELECT *\nFROM `...', 0)
#1 C:\Users\DUTA DAYA 2\Desktop\Project_BMI2\vendor\codeigniter4\framework\system\Database\BaseConnection.php(670): CodeIgniter\Database\MySQLi\Connection->execute('SELECT *\nFROM `...')
#2 C:\Users\DUTA DAYA 2\Desktop\Project_BMI2\vendor\codeigniter4\framework\system\Database\BaseConnection.php(598): CodeIgniter\Database\BaseConnection->simpleQuery('SELECT *\nFROM `...')
#3 C:\Users\DUTA DAYA 2\Desktop\Project_BMI2\vendor\codeigniter4\framework\system\Database\BaseBuilder.php(1455): CodeIgniter\Database\BaseConnection->query('SELECT *\nFROM `...', Array, false)
#4 C:\Users\DUTA DAYA 2\Desktop\Project_BMI2\vendor\codeigniter4\framework\system\Model.php(728): CodeIgniter\Database\BaseBuilder->get()
#5 C:\Users\DUTA DAYA 2\Desktop\Project_BMI2\app\Controllers\Assign.php(69): CodeIgniter\Model->__call('get', Array)
#6 C:\Users\DUTA DAYA 2\Desktop\Project_BMI2\vendor\codeigniter4\framework\system\CodeIgniter.php(832): App\Controllers\Assign->ProsesPick()
#7 C:\Users\DUTA DAYA 2\Desktop\Project_BMI2\vendor\codeigniter4\framework\system\CodeIgniter.php(419): CodeIgniter\CodeIgniter->runController(Object(App\Controllers\Assign))
#8 C:\Users\DUTA DAYA 2\Desktop\Project_BMI2\vendor\codeigniter4\framework\system\CodeIgniter.php(326): CodeIgniter\CodeIgniter->handleRequest(NULL, Object(Config\Cache), false)
#9 C:\Users\DUTA DAYA 2\Desktop\Project_BMI2\public\index.php(37): CodeIgniter\CodeIgniter->run()
#10 C:\Users\DUTA DAYA 2\Desktop\Project_BMI2\vendor\codeigniter4\framework\system\Commands\Server\rewrite.php(43): require_once('C:\\Users\\DUTA D...')
#11 {main}
ERROR - 2022-08-30 21:33:10 --> Illegal parameter data types int and row for operation '='
CRITICAL - 2022-08-30 21:33:10 --> Illegal parameter data types int and row for operation '='
#0 C:\Users\DUTA DAYA 2\Desktop\Project_BMI2\vendor\codeigniter4\framework\system\Database\MySQLi\Connection.php(292): mysqli->query('SELECT *\nFROM `...', 0)
#1 C:\Users\DUTA DAYA 2\Desktop\Project_BMI2\vendor\codeigniter4\framework\system\Database\BaseConnection.php(670): CodeIgniter\Database\MySQLi\Connection->execute('SELECT *\nFROM `...')
#2 C:\Users\DUTA DAYA 2\Desktop\Project_BMI2\vendor\codeigniter4\framework\system\Database\BaseConnection.php(598): CodeIgniter\Database\BaseConnection->simpleQuery('SELECT *\nFROM `...')
#3 C:\Users\DUTA DAYA 2\Desktop\Project_BMI2\vendor\codeigniter4\framework\system\Database\BaseBuilder.php(1455): CodeIgniter\Database\BaseConnection->query('SELECT *\nFROM `...', Array, false)
#4 C:\Users\DUTA DAYA 2\Desktop\Project_BMI2\vendor\codeigniter4\framework\system\Model.php(728): CodeIgniter\Database\BaseBuilder->get()
#5 C:\Users\DUTA DAYA 2\Desktop\Project_BMI2\app\Controllers\Assign.php(70): CodeIgniter\Model->__call('get', Array)
#6 C:\Users\DUTA DAYA 2\Desktop\Project_BMI2\vendor\codeigniter4\framework\system\CodeIgniter.php(832): App\Controllers\Assign->ProsesPick()
#7 C:\Users\DUTA DAYA 2\Desktop\Project_BMI2\vendor\codeigniter4\framework\system\CodeIgniter.php(419): CodeIgniter\CodeIgniter->runController(Object(App\Controllers\Assign))
#8 C:\Users\DUTA DAYA 2\Desktop\Project_BMI2\vendor\codeigniter4\framework\system\CodeIgniter.php(326): CodeIgniter\CodeIgniter->handleRequest(NULL, Object(Config\Cache), false)
#9 C:\Users\DUTA DAYA 2\Desktop\Project_BMI2\public\index.php(37): CodeIgniter\CodeIgniter->run()
#10 C:\Users\DUTA DAYA 2\Desktop\Project_BMI2\vendor\codeigniter4\framework\system\Commands\Server\rewrite.php(43): require_once('C:\\Users\\DUTA D...')
#11 {main}
ERROR - 2022-08-30 22:01:00 --> Unknown column 'item_id' in 'where clause'
CRITICAL - 2022-08-30 22:01:00 --> Unknown column 'item_id' in 'where clause'
#0 C:\Users\DUTA DAYA 2\Desktop\Project_BMI2\vendor\codeigniter4\framework\system\Database\MySQLi\Connection.php(292): mysqli->query('SELECT *\nFROM `...', 0)
#1 C:\Users\DUTA DAYA 2\Desktop\Project_BMI2\vendor\codeigniter4\framework\system\Database\BaseConnection.php(670): CodeIgniter\Database\MySQLi\Connection->execute('SELECT *\nFROM `...')
#2 C:\Users\DUTA DAYA 2\Desktop\Project_BMI2\vendor\codeigniter4\framework\system\Database\BaseConnection.php(598): CodeIgniter\Database\BaseConnection->simpleQuery('SELECT *\nFROM `...')
#3 C:\Users\DUTA DAYA 2\Desktop\Project_BMI2\vendor\codeigniter4\framework\system\Database\BaseBuilder.php(1588): CodeIgniter\Database\BaseConnection->query('SELECT *\nFROM `...', Array, false)
#4 C:\Users\DUTA DAYA 2\Desktop\Project_BMI2\app\Controllers\UploadPo.php(75): CodeIgniter\Database\BaseBuilder->getWhere(Array)
#5 C:\Users\DUTA DAYA 2\Desktop\Project_BMI2\vendor\codeigniter4\framework\system\CodeIgniter.php(832): App\Controllers\UploadPo->Upload()
#6 C:\Users\DUTA DAYA 2\Desktop\Project_BMI2\vendor\codeigniter4\framework\system\CodeIgniter.php(419): CodeIgniter\CodeIgniter->runController(Object(App\Controllers\UploadPo))
#7 C:\Users\DUTA DAYA 2\Desktop\Project_BMI2\vendor\codeigniter4\framework\system\CodeIgniter.php(326): CodeIgniter\CodeIgniter->handleRequest(NULL, Object(Config\Cache), false)
#8 C:\Users\DUTA DAYA 2\Desktop\Project_BMI2\public\index.php(37): CodeIgniter\CodeIgniter->run()
#9 C:\Users\DUTA DAYA 2\Desktop\Project_BMI2\vendor\codeigniter4\framework\system\Commands\Server\rewrite.php(43): require_once('C:\\Users\\DUTA D...')
#10 {main}
ERROR - 2022-08-30 22:24:14 --> Table 'tbl_typebasket' already exists
ERROR - 2022-08-30 23:28:36 --> Unknown column 'item_id' in 'where clause'
CRITICAL - 2022-08-30 23:28:36 --> Unknown column 'item_id' in 'where clause'
#0 C:\Users\DUTA DAYA 2\Desktop\Project_BMI2\vendor\codeigniter4\framework\system\Database\MySQLi\Connection.php(292): mysqli->query('SELECT *\nFROM `...', 0)
#1 C:\Users\DUTA DAYA 2\Desktop\Project_BMI2\vendor\codeigniter4\framework\system\Database\BaseConnection.php(670): CodeIgniter\Database\MySQLi\Connection->execute('SELECT *\nFROM `...')
#2 C:\Users\DUTA DAYA 2\Desktop\Project_BMI2\vendor\codeigniter4\framework\system\Database\BaseConnection.php(598): CodeIgniter\Database\BaseConnection->simpleQuery('SELECT *\nFROM `...')
#3 C:\Users\DUTA DAYA 2\Desktop\Project_BMI2\vendor\codeigniter4\framework\system\Database\BaseBuilder.php(1588): CodeIgniter\Database\BaseConnection->query('SELECT *\nFROM `...', Array, false)
#4 C:\Users\DUTA DAYA 2\Desktop\Project_BMI2\app\Controllers\UploadPo.php(75): CodeIgniter\Database\BaseBuilder->getWhere(Array)
#5 C:\Users\DUTA DAYA 2\Desktop\Project_BMI2\vendor\codeigniter4\framework\system\CodeIgniter.php(832): App\Controllers\UploadPo->Upload()
#6 C:\Users\DUTA DAYA 2\Desktop\Project_BMI2\vendor\codeigniter4\framework\system\CodeIgniter.php(419): CodeIgniter\CodeIgniter->runController(Object(App\Controllers\UploadPo))
#7 C:\Users\DUTA DAYA 2\Desktop\Project_BMI2\vendor\codeigniter4\framework\system\CodeIgniter.php(326): CodeIgniter\CodeIgniter->handleRequest(NULL, Object(Config\Cache), false)
#8 C:\Users\DUTA DAYA 2\Desktop\Project_BMI2\public\index.php(37): CodeIgniter\CodeIgniter->run()
#9 C:\Users\DUTA DAYA 2\Desktop\Project_BMI2\vendor\codeigniter4\framework\system\Commands\Server\rewrite.php(43): require_once('C:\\Users\\DUTA D...')
#10 {main}
ERROR - 2022-08-30 23:32:44 --> Unknown column 'Item_id' in 'where clause'
CRITICAL - 2022-08-30 23:32:44 --> Unknown column 'Item_id' in 'where clause'
#0 C:\Users\DUTA DAYA 2\Desktop\Project_BMI2\vendor\codeigniter4\framework\system\Database\MySQLi\Connection.php(292): mysqli->query('SELECT *\nFROM `...', 0)
#1 C:\Users\DUTA DAYA 2\Desktop\Project_BMI2\vendor\codeigniter4\framework\system\Database\BaseConnection.php(670): CodeIgniter\Database\MySQLi\Connection->execute('SELECT *\nFROM `...')
#2 C:\Users\DUTA DAYA 2\Desktop\Project_BMI2\vendor\codeigniter4\framework\system\Database\BaseConnection.php(598): CodeIgniter\Database\BaseConnection->simpleQuery('SELECT *\nFROM `...')
#3 C:\Users\DUTA DAYA 2\Desktop\Project_BMI2\vendor\codeigniter4\framework\system\Database\BaseBuilder.php(1588): CodeIgniter\Database\BaseConnection->query('SELECT *\nFROM `...', Array, false)
#4 C:\Users\DUTA DAYA 2\Desktop\Project_BMI2\app\Controllers\UploadPo.php(75): CodeIgniter\Database\BaseBuilder->getWhere(Array)
#5 C:\Users\DUTA DAYA 2\Desktop\Project_BMI2\vendor\codeigniter4\framework\system\CodeIgniter.php(832): App\Controllers\UploadPo->Upload()
#6 C:\Users\DUTA DAYA 2\Desktop\Project_BMI2\vendor\codeigniter4\framework\system\CodeIgniter.php(419): CodeIgniter\CodeIgniter->runController(Object(App\Controllers\UploadPo))
#7 C:\Users\DUTA DAYA 2\Desktop\Project_BMI2\vendor\codeigniter4\framework\system\CodeIgniter.php(326): CodeIgniter\CodeIgniter->handleRequest(NULL, Object(Config\Cache), false)
#8 C:\Users\DUTA DAYA 2\Desktop\Project_BMI2\public\index.php(37): CodeIgniter\CodeIgniter->run()
#9 C:\Users\DUTA DAYA 2\Desktop\Project_BMI2\vendor\codeigniter4\framework\system\Commands\Server\rewrite.php(43): require_once('C:\\Users\\DUTA D...')
#10 {main}
ERROR - 2022-08-30 23:34:20 --> Unknown column 'nopo' in 'field list'
CRITICAL - 2022-08-30 23:34:20 --> Unknown column 'nopo' in 'field list'
#0 C:\Users\DUTA DAYA 2\Desktop\Project_BMI2\vendor\codeigniter4\framework\system\Database\MySQLi\Connection.php(292): mysqli->query('INSERT INTO `tb...', 0)
#1 C:\Users\DUTA DAYA 2\Desktop\Project_BMI2\vendor\codeigniter4\framework\system\Database\BaseConnection.php(670): CodeIgniter\Database\MySQLi\Connection->execute('INSERT INTO `tb...')
#2 C:\Users\DUTA DAYA 2\Desktop\Project_BMI2\vendor\codeigniter4\framework\system\Database\BaseConnection.php(598): CodeIgniter\Database\BaseConnection->simpleQuery('INSERT INTO `tb...')
#3 C:\Users\DUTA DAYA 2\Desktop\Project_BMI2\vendor\codeigniter4\framework\system\Database\BaseBuilder.php(1771): CodeIgniter\Database\BaseConnection->query('INSERT INTO `tb...', Array, false)
#4 C:\Users\DUTA DAYA 2\Desktop\Project_BMI2\app\Models\UploadPoModel.php(16): CodeIgniter\Database\BaseBuilder->insert(Array)
#5 C:\Users\DUTA DAYA 2\Desktop\Project_BMI2\app\Controllers\UploadPo.php(85): App\Models\UploadPoModel->add(Array)
#6 C:\Users\DUTA DAYA 2\Desktop\Project_BMI2\vendor\codeigniter4\framework\system\CodeIgniter.php(832): App\Controllers\UploadPo->Upload()
#7 C:\Users\DUTA DAYA 2\Desktop\Project_BMI2\vendor\codeigniter4\framework\system\CodeIgniter.php(419): CodeIgniter\CodeIgniter->runController(Object(App\Controllers\UploadPo))
#8 C:\Users\DUTA DAYA 2\Desktop\Project_BMI2\vendor\codeigniter4\framework\system\CodeIgniter.php(326): CodeIgniter\CodeIgniter->handleRequest(NULL, Object(Config\Cache), false)
#9 C:\Users\DUTA DAYA 2\Desktop\Project_BMI2\public\index.php(37): CodeIgniter\CodeIgniter->run()
#10 C:\Users\DUTA DAYA 2\Desktop\Project_BMI2\vendor\codeigniter4\framework\system\Commands\Server\rewrite.php(43): require_once('C:\\Users\\DUTA D...')
#11 {main}
ERROR - 2022-08-30 23:35:44 --> Unknown column 'nopo' in 'field list'
CRITICAL - 2022-08-30 23:35:44 --> Unknown column 'nopo' in 'field list'
#0 C:\Users\DUTA DAYA 2\Desktop\Project_BMI2\vendor\codeigniter4\framework\system\Database\MySQLi\Connection.php(292): mysqli->query('INSERT INTO `tb...', 0)
#1 C:\Users\DUTA DAYA 2\Desktop\Project_BMI2\vendor\codeigniter4\framework\system\Database\BaseConnection.php(670): CodeIgniter\Database\MySQLi\Connection->execute('INSERT INTO `tb...')
#2 C:\Users\DUTA DAYA 2\Desktop\Project_BMI2\vendor\codeigniter4\framework\system\Database\BaseConnection.php(598): CodeIgniter\Database\BaseConnection->simpleQuery('INSERT INTO `tb...')
#3 C:\Users\DUTA DAYA 2\Desktop\Project_BMI2\vendor\codeigniter4\framework\system\Database\BaseBuilder.php(1771): CodeIgniter\Database\BaseConnection->query('INSERT INTO `tb...', Array, false)
#4 C:\Users\DUTA DAYA 2\Desktop\Project_BMI2\app\Models\UploadPoModel.php(16): CodeIgniter\Database\BaseBuilder->insert(Array)
#5 C:\Users\DUTA DAYA 2\Desktop\Project_BMI2\app\Controllers\UploadPo.php(85): App\Models\UploadPoModel->add(Array)
#6 C:\Users\DUTA DAYA 2\Desktop\Project_BMI2\vendor\codeigniter4\framework\system\CodeIgniter.php(832): App\Controllers\UploadPo->Upload()
#7 C:\Users\DUTA DAYA 2\Desktop\Project_BMI2\vendor\codeigniter4\framework\system\CodeIgniter.php(419): CodeIgniter\CodeIgniter->runController(Object(App\Controllers\UploadPo))
#8 C:\Users\DUTA DAYA 2\Desktop\Project_BMI2\vendor\codeigniter4\framework\system\CodeIgniter.php(326): CodeIgniter\CodeIgniter->handleRequest(NULL, Object(Config\Cache), false)
#9 C:\Users\DUTA DAYA 2\Desktop\Project_BMI2\public\index.php(37): CodeIgniter\CodeIgniter->run()
#10 C:\Users\DUTA DAYA 2\Desktop\Project_BMI2\vendor\codeigniter4\framework\system\Commands\Server\rewrite.php(43): require_once('C:\\Users\\DUTA D...')
#11 {main}
ERROR - 2022-08-30 23:36:45 --> Unknown column 'nopo' in 'field list'
CRITICAL - 2022-08-30 23:36:45 --> Unknown column 'nopo' in 'field list'
#0 C:\Users\DUTA DAYA 2\Desktop\Project_BMI2\vendor\codeigniter4\framework\system\Database\MySQLi\Connection.php(292): mysqli->query('INSERT INTO `tb...', 0)
#1 C:\Users\DUTA DAYA 2\Desktop\Project_BMI2\vendor\codeigniter4\framework\system\Database\BaseConnection.php(670): CodeIgniter\Database\MySQLi\Connection->execute('INSERT INTO `tb...')
#2 C:\Users\DUTA DAYA 2\Desktop\Project_BMI2\vendor\codeigniter4\framework\system\Database\BaseConnection.php(598): CodeIgniter\Database\BaseConnection->simpleQuery('INSERT INTO `tb...')
#3 C:\Users\DUTA DAYA 2\Desktop\Project_BMI2\vendor\codeigniter4\framework\system\Database\BaseBuilder.php(1771): CodeIgniter\Database\BaseConnection->query('INSERT INTO `tb...', Array, false)
#4 C:\Users\DUTA DAYA 2\Desktop\Project_BMI2\app\Models\UploadPoModel.php(16): CodeIgniter\Database\BaseBuilder->insert(Array)
#5 C:\Users\DUTA DAYA 2\Desktop\Project_BMI2\app\Controllers\UploadPo.php(85): App\Models\UploadPoModel->add(Array)
#6 C:\Users\DUTA DAYA 2\Desktop\Project_BMI2\vendor\codeigniter4\framework\system\CodeIgniter.php(832): App\Controllers\UploadPo->Upload()
#7 C:\Users\DUTA DAYA 2\Desktop\Project_BMI2\vendor\codeigniter4\framework\system\CodeIgniter.php(419): CodeIgniter\CodeIgniter->runController(Object(App\Controllers\UploadPo))
#8 C:\Users\DUTA DAYA 2\Desktop\Project_BMI2\vendor\codeigniter4\framework\system\CodeIgniter.php(326): CodeIgniter\CodeIgniter->handleRequest(NULL, Object(Config\Cache), false)
#9 C:\Users\DUTA DAYA 2\Desktop\Project_BMI2\public\index.php(37): CodeIgniter\CodeIgniter->run()
#10 C:\Users\DUTA DAYA 2\Desktop\Project_BMI2\vendor\codeigniter4\framework\system\Commands\Server\rewrite.php(43): require_once('C:\\Users\\DUTA D...')
#11 {main}
ERROR - 2022-08-30 23:38:26 --> Unknown column 'nopo' in 'field list'
CRITICAL - 2022-08-30 23:38:26 --> Unknown column 'nopo' in 'field list'
#0 C:\Users\DUTA DAYA 2\Desktop\Project_BMI2\vendor\codeigniter4\framework\system\Database\MySQLi\Connection.php(292): mysqli->query('INSERT INTO `tb...', 0)
#1 C:\Users\DUTA DAYA 2\Desktop\Project_BMI2\vendor\codeigniter4\framework\system\Database\BaseConnection.php(670): CodeIgniter\Database\MySQLi\Connection->execute('INSERT INTO `tb...')
#2 C:\Users\DUTA DAYA 2\Desktop\Project_BMI2\vendor\codeigniter4\framework\system\Database\BaseConnection.php(598): CodeIgniter\Database\BaseConnection->simpleQuery('INSERT INTO `tb...')
#3 C:\Users\DUTA DAYA 2\Desktop\Project_BMI2\vendor\codeigniter4\framework\system\Database\BaseBuilder.php(1771): CodeIgniter\Database\BaseConnection->query('INSERT INTO `tb...', Array, false)
#4 C:\Users\DUTA DAYA 2\Desktop\Project_BMI2\app\Models\UploadPoModel.php(16): CodeIgniter\Database\BaseBuilder->insert(Array)
#5 C:\Users\DUTA DAYA 2\Desktop\Project_BMI2\app\Controllers\UploadPo.php(85): App\Models\UploadPoModel->add(Array)
#6 C:\Users\DUTA DAYA 2\Desktop\Project_BMI2\vendor\codeigniter4\framework\system\CodeIgniter.php(832): App\Controllers\UploadPo->Upload()
#7 C:\Users\DUTA DAYA 2\Desktop\Project_BMI2\vendor\codeigniter4\framework\system\CodeIgniter.php(419): CodeIgniter\CodeIgniter->runController(Object(App\Controllers\UploadPo))
#8 C:\Users\DUTA DAYA 2\Desktop\Project_BMI2\vendor\codeigniter4\framework\system\CodeIgniter.php(326): CodeIgniter\CodeIgniter->handleRequest(NULL, Object(Config\Cache), false)
#9 C:\Users\DUTA DAYA 2\Desktop\Project_BMI2\public\index.php(37): CodeIgniter\CodeIgniter->run()
#10 C:\Users\DUTA DAYA 2\Desktop\Project_BMI2\vendor\codeigniter4\framework\system\Commands\Server\rewrite.php(43): require_once('C:\\Users\\DUTA D...')
#11 {main}
ERROR - 2022-08-30 23:39:10 --> Unknown column 'nopo' in 'field list'
CRITICAL - 2022-08-30 23:39:10 --> Unknown column 'nopo' in 'field list'
#0 C:\Users\DUTA DAYA 2\Desktop\Project_BMI2\vendor\codeigniter4\framework\system\Database\MySQLi\Connection.php(292): mysqli->query('INSERT INTO `tb...', 0)
#1 C:\Users\DUTA DAYA 2\Desktop\Project_BMI2\vendor\codeigniter4\framework\system\Database\BaseConnection.php(670): CodeIgniter\Database\MySQLi\Connection->execute('INSERT INTO `tb...')
#2 C:\Users\DUTA DAYA 2\Desktop\Project_BMI2\vendor\codeigniter4\framework\system\Database\BaseConnection.php(598): CodeIgniter\Database\BaseConnection->simpleQuery('INSERT INTO `tb...')
#3 C:\Users\DUTA DAYA 2\Desktop\Project_BMI2\vendor\codeigniter4\framework\system\Database\BaseBuilder.php(1771): CodeIgniter\Database\BaseConnection->query('INSERT INTO `tb...', Array, false)
#4 C:\Users\DUTA DAYA 2\Desktop\Project_BMI2\app\Models\UploadPoModel.php(16): CodeIgniter\Database\BaseBuilder->insert(Array)
#5 C:\Users\DUTA DAYA 2\Desktop\Project_BMI2\app\Controllers\UploadPo.php(85): App\Models\UploadPoModel->add(Array)
#6 C:\Users\DUTA DAYA 2\Desktop\Project_BMI2\vendor\codeigniter4\framework\system\CodeIgniter.php(832): App\Controllers\UploadPo->Upload()
#7 C:\Users\DUTA DAYA 2\Desktop\Project_BMI2\vendor\codeigniter4\framework\system\CodeIgniter.php(419): CodeIgniter\CodeIgniter->runController(Object(App\Controllers\UploadPo))
#8 C:\Users\DUTA DAYA 2\Desktop\Project_BMI2\vendor\codeigniter4\framework\system\CodeIgniter.php(326): CodeIgniter\CodeIgniter->handleRequest(NULL, Object(Config\Cache), false)
#9 C:\Users\DUTA DAYA 2\Desktop\Project_BMI2\public\index.php(37): CodeIgniter\CodeIgniter->run()
#10 C:\Users\DUTA DAYA 2\Desktop\Project_BMI2\vendor\codeigniter4\framework\system\Commands\Server\rewrite.php(43): require_once('C:\\Users\\DUTA D...')
#11 {main}
ERROR - 2022-08-30 23:39:25 --> Unknown column 'Item_name' in 'field list'
CRITICAL - 2022-08-30 23:39:25 --> Unknown column 'Item_name' in 'field list'
#0 C:\Users\DUTA DAYA 2\Desktop\Project_BMI2\vendor\codeigniter4\framework\system\Database\MySQLi\Connection.php(292): mysqli->query('INSERT INTO `tb...', 0)
#1 C:\Users\DUTA DAYA 2\Desktop\Project_BMI2\vendor\codeigniter4\framework\system\Database\BaseConnection.php(670): CodeIgniter\Database\MySQLi\Connection->execute('INSERT INTO `tb...')
#2 C:\Users\DUTA DAYA 2\Desktop\Project_BMI2\vendor\codeigniter4\framework\system\Database\BaseConnection.php(598): CodeIgniter\Database\BaseConnection->simpleQuery('INSERT INTO `tb...')
#3 C:\Users\DUTA DAYA 2\Desktop\Project_BMI2\vendor\codeigniter4\framework\system\Database\BaseBuilder.php(1771): CodeIgniter\Database\BaseConnection->query('INSERT INTO `tb...', Array, false)
#4 C:\Users\DUTA DAYA 2\Desktop\Project_BMI2\app\Models\UploadPoModel.php(16): CodeIgniter\Database\BaseBuilder->insert(Array)
#5 C:\Users\DUTA DAYA 2\Desktop\Project_BMI2\app\Controllers\UploadPo.php(85): App\Models\UploadPoModel->add(Array)
#6 C:\Users\DUTA DAYA 2\Desktop\Project_BMI2\vendor\codeigniter4\framework\system\CodeIgniter.php(832): App\Controllers\UploadPo->Upload()
#7 C:\Users\DUTA DAYA 2\Desktop\Project_BMI2\vendor\codeigniter4\framework\system\CodeIgniter.php(419): CodeIgniter\CodeIgniter->runController(Object(App\Controllers\UploadPo))
#8 C:\Users\DUTA DAYA 2\Desktop\Project_BMI2\vendor\codeigniter4\framework\system\CodeIgniter.php(326): CodeIgniter\CodeIgniter->handleRequest(NULL, Object(Config\Cache), false)
#9 C:\Users\DUTA DAYA 2\Desktop\Project_BMI2\public\index.php(37): CodeIgniter\CodeIgniter->run()
#10 C:\Users\DUTA DAYA 2\Desktop\Project_BMI2\vendor\codeigniter4\framework\system\Commands\Server\rewrite.php(43): require_once('C:\\Users\\DUTA D...')
#11 {main}
ERROR - 2022-08-30 23:43:32 --> Unknown column 'Item_name' in 'field list'
CRITICAL - 2022-08-30 23:43:32 --> Unknown column 'Item_name' in 'field list'
#0 C:\Users\DUTA DAYA 2\Desktop\Project_BMI2\vendor\codeigniter4\framework\system\Database\MySQLi\Connection.php(292): mysqli->query('INSERT INTO `tb...', 0)
#1 C:\Users\DUTA DAYA 2\Desktop\Project_BMI2\vendor\codeigniter4\framework\system\Database\BaseConnection.php(670): CodeIgniter\Database\MySQLi\Connection->execute('INSERT INTO `tb...')
#2 C:\Users\DUTA DAYA 2\Desktop\Project_BMI2\vendor\codeigniter4\framework\system\Database\BaseConnection.php(598): CodeIgniter\Database\BaseConnection->simpleQuery('INSERT INTO `tb...')
#3 C:\Users\DUTA DAYA 2\Desktop\Project_BMI2\vendor\codeigniter4\framework\system\Database\BaseBuilder.php(1771): CodeIgniter\Database\BaseConnection->query('INSERT INTO `tb...', Array, false)
#4 C:\Users\DUTA DAYA 2\Desktop\Project_BMI2\app\Models\UploadPoModel.php(16): CodeIgniter\Database\BaseBuilder->insert(Array)
#5 C:\Users\DUTA DAYA 2\Desktop\Project_BMI2\app\Controllers\UploadPo.php(85): App\Models\UploadPoModel->add(Array)
#6 C:\Users\DUTA DAYA 2\Desktop\Project_BMI2\vendor\codeigniter4\framework\system\CodeIgniter.php(832): App\Controllers\UploadPo->Upload()
#7 C:\Users\DUTA DAYA 2\Desktop\Project_BMI2\vendor\codeigniter4\framework\system\CodeIgniter.php(419): CodeIgniter\CodeIgniter->runController(Object(App\Controllers\UploadPo))
#8 C:\Users\DUTA DAYA 2\Desktop\Project_BMI2\vendor\codeigniter4\framework\system\CodeIgniter.php(326): CodeIgniter\CodeIgniter->handleRequest(NULL, Object(Config\Cache), false)
#9 C:\Users\DUTA DAYA 2\Desktop\Project_BMI2\public\index.php(37): CodeIgniter\CodeIgniter->run()
#10 C:\Users\DUTA DAYA 2\Desktop\Project_BMI2\vendor\codeigniter4\framework\system\Commands\Server\rewrite.php(43): require_once('C:\\Users\\DUTA D...')
#11 {main}
CRITICAL - 2022-08-30 23:44:33 --> Call to undefined method App\Models\InboundModel::add
#0 C:\Users\DUTA DAYA 2\Desktop\Project_BMI2\app\Controllers\UploadPo.php(85): CodeIgniter\Model->__call('add', Array)
#1 C:\Users\DUTA DAYA 2\Desktop\Project_BMI2\vendor\codeigniter4\framework\system\CodeIgniter.php(832): App\Controllers\UploadPo->Upload()
#2 C:\Users\DUTA DAYA 2\Desktop\Project_BMI2\vendor\codeigniter4\framework\system\CodeIgniter.php(419): CodeIgniter\CodeIgniter->runController(Object(App\Controllers\UploadPo))
#3 C:\Users\DUTA DAYA 2\Desktop\Project_BMI2\vendor\codeigniter4\framework\system\CodeIgniter.php(326): CodeIgniter\CodeIgniter->handleRequest(NULL, Object(Config\Cache), false)
#4 C:\Users\DUTA DAYA 2\Desktop\Project_BMI2\public\index.php(37): CodeIgniter\CodeIgniter->run()
#5 C:\Users\DUTA DAYA 2\Desktop\Project_BMI2\vendor\codeigniter4\framework\system\Commands\Server\rewrite.php(43): require_once('C:\\Users\\DUTA D...')
#6 {main}
ERROR - 2022-08-30 23:45:10 --> Unknown column 'Item_name' in 'field list'
CRITICAL - 2022-08-30 23:45:10 --> Unknown column 'Item_name' in 'field list'
#0 C:\Users\DUTA DAYA 2\Desktop\Project_BMI2\vendor\codeigniter4\framework\system\Database\MySQLi\Connection.php(292): mysqli->query('INSERT INTO `tb...', 0)
#1 C:\Users\DUTA DAYA 2\Desktop\Project_BMI2\vendor\codeigniter4\framework\system\Database\BaseConnection.php(670): CodeIgniter\Database\MySQLi\Connection->execute('INSERT INTO `tb...')
#2 C:\Users\DUTA DAYA 2\Desktop\Project_BMI2\vendor\codeigniter4\framework\system\Database\BaseConnection.php(598): CodeIgniter\Database\BaseConnection->simpleQuery('INSERT INTO `tb...')
#3 C:\Users\DUTA DAYA 2\Desktop\Project_BMI2\vendor\codeigniter4\framework\system\Database\BaseBuilder.php(1771): CodeIgniter\Database\BaseConnection->query('INSERT INTO `tb...', Array, false)
#4 C:\Users\DUTA DAYA 2\Desktop\Project_BMI2\app\Models\InboundModel.php(16): CodeIgniter\Database\BaseBuilder->insert(Array)
#5 C:\Users\DUTA DAYA 2\Desktop\Project_BMI2\app\Controllers\UploadPo.php(85): App\Models\InboundModel->add(Array)
#6 C:\Users\DUTA DAYA 2\Desktop\Project_BMI2\vendor\codeigniter4\framework\system\CodeIgniter.php(832): App\Controllers\UploadPo->Upload()
#7 C:\Users\DUTA DAYA 2\Desktop\Project_BMI2\vendor\codeigniter4\framework\system\CodeIgniter.php(419): CodeIgniter\CodeIgniter->runController(Object(App\Controllers\UploadPo))
#8 C:\Users\DUTA DAYA 2\Desktop\Project_BMI2\vendor\codeigniter4\framework\system\CodeIgniter.php(326): CodeIgniter\CodeIgniter->handleRequest(NULL, Object(Config\Cache), false)
#9 C:\Users\DUTA DAYA 2\Desktop\Project_BMI2\public\index.php(37): CodeIgniter\CodeIgniter->run()
#10 C:\Users\DUTA DAYA 2\Desktop\Project_BMI2\vendor\codeigniter4\framework\system\Commands\Server\rewrite.php(43): require_once('C:\\Users\\DUTA D...')
#11 {main}
ERROR - 2022-08-30 23:45:26 --> Unknown column 'Item_name' in 'field list'
CRITICAL - 2022-08-30 23:45:26 --> Unknown column 'Item_name' in 'field list'
#0 C:\Users\DUTA DAYA 2\Desktop\Project_BMI2\vendor\codeigniter4\framework\system\Database\MySQLi\Connection.php(292): mysqli->query('INSERT INTO `tb...', 0)
#1 C:\Users\DUTA DAYA 2\Desktop\Project_BMI2\vendor\codeigniter4\framework\system\Database\BaseConnection.php(670): CodeIgniter\Database\MySQLi\Connection->execute('INSERT INTO `tb...')
#2 C:\Users\DUTA DAYA 2\Desktop\Project_BMI2\vendor\codeigniter4\framework\system\Database\BaseConnection.php(598): CodeIgniter\Database\BaseConnection->simpleQuery('INSERT INTO `tb...')
#3 C:\Users\DUTA DAYA 2\Desktop\Project_BMI2\vendor\codeigniter4\framework\system\Database\BaseBuilder.php(1771): CodeIgniter\Database\BaseConnection->query('INSERT INTO `tb...', Array, false)
#4 C:\Users\DUTA DAYA 2\Desktop\Project_BMI2\app\Models\InboundModel.php(16): CodeIgniter\Database\BaseBuilder->insert(Array)
#5 C:\Users\DUTA DAYA 2\Desktop\Project_BMI2\app\Controllers\UploadPo.php(85): App\Models\InboundModel->add(Array)
#6 C:\Users\DUTA DAYA 2\Desktop\Project_BMI2\vendor\codeigniter4\framework\system\CodeIgniter.php(832): App\Controllers\UploadPo->Upload()
#7 C:\Users\DUTA DAYA 2\Desktop\Project_BMI2\vendor\codeigniter4\framework\system\CodeIgniter.php(419): CodeIgniter\CodeIgniter->runController(Object(App\Controllers\UploadPo))
#8 C:\Users\DUTA DAYA 2\Desktop\Project_BMI2\vendor\codeigniter4\framework\system\CodeIgniter.php(326): CodeIgniter\CodeIgniter->handleRequest(NULL, Object(Config\Cache), false)
#9 C:\Users\DUTA DAYA 2\Desktop\Project_BMI2\public\index.php(37): CodeIgniter\CodeIgniter->run()
#10 C:\Users\DUTA DAYA 2\Desktop\Project_BMI2\vendor\codeigniter4\framework\system\Commands\Server\rewrite.php(43): require_once('C:\\Users\\DUTA D...')
#11 {main}
ERROR - 2022-08-30 23:45:42 --> Unknown column 'no_po' in 'where clause'
CRITICAL - 2022-08-30 23:45:42 --> Unknown column 'no_po' in 'where clause'
#0 C:\Users\DUTA DAYA 2\Desktop\Project_BMI2\vendor\codeigniter4\framework\system\Database\MySQLi\Connection.php(292): mysqli->query('SELECT *\nFROM `...', 0)
#1 C:\Users\DUTA DAYA 2\Desktop\Project_BMI2\vendor\codeigniter4\framework\system\Database\BaseConnection.php(670): CodeIgniter\Database\MySQLi\Connection->execute('SELECT *\nFROM `...')
#2 C:\Users\DUTA DAYA 2\Desktop\Project_BMI2\vendor\codeigniter4\framework\system\Database\BaseConnection.php(598): CodeIgniter\Database\BaseConnection->simpleQuery('SELECT *\nFROM `...')
#3 C:\Users\DUTA DAYA 2\Desktop\Project_BMI2\vendor\codeigniter4\framework\system\Database\BaseBuilder.php(1588): CodeIgniter\Database\BaseConnection->query('SELECT *\nFROM `...', Array, false)
#4 C:\Users\DUTA DAYA 2\Desktop\Project_BMI2\vendor\codeigniter4\framework\system\Model.php(728): CodeIgniter\Database\BaseBuilder->getWhere(Array)
#5 C:\Users\DUTA DAYA 2\Desktop\Project_BMI2\app\Controllers\UploadPo.php(95): CodeIgniter\Model->__call('getWhere', Array)
#6 C:\Users\DUTA DAYA 2\Desktop\Project_BMI2\vendor\codeigniter4\framework\system\CodeIgniter.php(832): App\Controllers\UploadPo->Upload()
#7 C:\Users\DUTA DAYA 2\Desktop\Project_BMI2\vendor\codeigniter4\framework\system\CodeIgniter.php(419): CodeIgniter\CodeIgniter->runController(Object(App\Controllers\UploadPo))
#8 C:\Users\DUTA DAYA 2\Desktop\Project_BMI2\vendor\codeigniter4\framework\system\CodeIgniter.php(326): CodeIgniter\CodeIgniter->handleRequest(NULL, Object(Config\Cache), false)
#9 C:\Users\DUTA DAYA 2\Desktop\Project_BMI2\public\index.php(37): CodeIgniter\CodeIgniter->run()
#10 C:\Users\DUTA DAYA 2\Desktop\Project_BMI2\vendor\codeigniter4\framework\system\Commands\Server\rewrite.php(43): require_once('C:\\Users\\DUTA D...')
#11 {main}
ERROR - 2022-08-30 23:46:20 --> Unknown column 'no_Po' in 'field list'
CRITICAL - 2022-08-30 23:46:20 --> Unknown column 'no_Po' in 'field list'
#0 C:\Users\DUTA DAYA 2\Desktop\Project_BMI2\vendor\codeigniter4\framework\system\Database\MySQLi\Connection.php(292): mysqli->query('INSERT INTO `tb...', 0)
#1 C:\Users\DUTA DAYA 2\Desktop\Project_BMI2\vendor\codeigniter4\framework\system\Database\BaseConnection.php(670): CodeIgniter\Database\MySQLi\Connection->execute('INSERT INTO `tb...')
#2 C:\Users\DUTA DAYA 2\Desktop\Project_BMI2\vendor\codeigniter4\framework\system\Database\BaseConnection.php(598): CodeIgniter\Database\BaseConnection->simpleQuery('INSERT INTO `tb...')
#3 C:\Users\DUTA DAYA 2\Desktop\Project_BMI2\vendor\codeigniter4\framework\system\Database\BaseBuilder.php(1771): CodeIgniter\Database\BaseConnection->query('INSERT INTO `tb...', Array, false)
#4 C:\Users\DUTA DAYA 2\Desktop\Project_BMI2\app\Models\PoModel.php(16): CodeIgniter\Database\BaseBuilder->insert(Array)
#5 C:\Users\DUTA DAYA 2\Desktop\Project_BMI2\app\Controllers\UploadPo.php(106): App\Models\PoModel->add(Array)
#6 C:\Users\DUTA DAYA 2\Desktop\Project_BMI2\vendor\codeigniter4\framework\system\CodeIgniter.php(832): App\Controllers\UploadPo->Upload()
#7 C:\Users\DUTA DAYA 2\Desktop\Project_BMI2\vendor\codeigniter4\framework\system\CodeIgniter.php(419): CodeIgniter\CodeIgniter->runController(Object(App\Controllers\UploadPo))
#8 C:\Users\DUTA DAYA 2\Desktop\Project_BMI2\vendor\codeigniter4\framework\system\CodeIgniter.php(326): CodeIgniter\CodeIgniter->handleRequest(NULL, Object(Config\Cache), false)
#9 C:\Users\DUTA DAYA 2\Desktop\Project_BMI2\public\index.php(37): CodeIgniter\CodeIgniter->run()
#10 C:\Users\DUTA DAYA 2\Desktop\Project_BMI2\vendor\codeigniter4\framework\system\Commands\Server\rewrite.php(43): require_once('C:\\Users\\DUTA D...')
#11 {main}
ERROR - 2022-08-30 23:46:34 --> Unknown column 'no_Po' in 'field list'
CRITICAL - 2022-08-30 23:46:34 --> Unknown column 'no_Po' in 'field list'
#0 C:\Users\DUTA DAYA 2\Desktop\Project_BMI2\vendor\codeigniter4\framework\system\Database\MySQLi\Connection.php(292): mysqli->query('INSERT INTO `tb...', 0)
#1 C:\Users\DUTA DAYA 2\Desktop\Project_BMI2\vendor\codeigniter4\framework\system\Database\BaseConnection.php(670): CodeIgniter\Database\MySQLi\Connection->execute('INSERT INTO `tb...')
#2 C:\Users\DUTA DAYA 2\Desktop\Project_BMI2\vendor\codeigniter4\framework\system\Database\BaseConnection.php(598): CodeIgniter\Database\BaseConnection->simpleQuery('INSERT INTO `tb...')
#3 C:\Users\DUTA DAYA 2\Desktop\Project_BMI2\vendor\codeigniter4\framework\system\Database\BaseBuilder.php(1771): CodeIgniter\Database\BaseConnection->query('INSERT INTO `tb...', Array, false)
#4 C:\Users\DUTA DAYA 2\Desktop\Project_BMI2\app\Models\PoModel.php(16): CodeIgniter\Database\BaseBuilder->insert(Array)
#5 C:\Users\DUTA DAYA 2\Desktop\Project_BMI2\app\Controllers\UploadPo.php(105): App\Models\PoModel->add(Array)
#6 C:\Users\DUTA DAYA 2\Desktop\Project_BMI2\vendor\codeigniter4\framework\system\CodeIgniter.php(832): App\Controllers\UploadPo->Upload()
#7 C:\Users\DUTA DAYA 2\Desktop\Project_BMI2\vendor\codeigniter4\framework\system\CodeIgniter.php(419): CodeIgniter\CodeIgniter->runController(Object(App\Controllers\UploadPo))
#8 C:\Users\DUTA DAYA 2\Desktop\Project_BMI2\vendor\codeigniter4\framework\system\CodeIgniter.php(326): CodeIgniter\CodeIgniter->handleRequest(NULL, Object(Config\Cache), false)
#9 C:\Users\DUTA DAYA 2\Desktop\Project_BMI2\public\index.php(37): CodeIgniter\CodeIgniter->run()
#10 C:\Users\DUTA DAYA 2\Desktop\Project_BMI2\vendor\codeigniter4\framework\system\Commands\Server\rewrite.php(43): require_once('C:\\Users\\DUTA D...')
#11 {main}
ERROR - 2022-08-30 23:46:43 --> Unknown column 'no_Po' in 'field list'
CRITICAL - 2022-08-30 23:46:43 --> Unknown column 'no_Po' in 'field list'
#0 C:\Users\DUTA DAYA 2\Desktop\Project_BMI2\vendor\codeigniter4\framework\system\Database\MySQLi\Connection.php(292): mysqli->query('INSERT INTO `tb...', 0)
#1 C:\Users\DUTA DAYA 2\Desktop\Project_BMI2\vendor\codeigniter4\framework\system\Database\BaseConnection.php(670): CodeIgniter\Database\MySQLi\Connection->execute('INSERT INTO `tb...')
#2 C:\Users\DUTA DAYA 2\Desktop\Project_BMI2\vendor\codeigniter4\framework\system\Database\BaseConnection.php(598): CodeIgniter\Database\BaseConnection->simpleQuery('INSERT INTO `tb...')
#3 C:\Users\DUTA DAYA 2\Desktop\Project_BMI2\vendor\codeigniter4\framework\system\Database\BaseBuilder.php(1771): CodeIgniter\Database\BaseConnection->query('INSERT INTO `tb...', Array, false)
#4 C:\Users\DUTA DAYA 2\Desktop\Project_BMI2\app\Models\PoModel.php(16): CodeIgniter\Database\BaseBuilder->insert(Array)
#5 C:\Users\DUTA DAYA 2\Desktop\Project_BMI2\app\Controllers\UploadPo.php(104): App\Models\PoModel->add(Array)
#6 C:\Users\DUTA DAYA 2\Desktop\Project_BMI2\vendor\codeigniter4\framework\system\CodeIgniter.php(832): App\Controllers\UploadPo->Upload()
#7 C:\Users\DUTA DAYA 2\Desktop\Project_BMI2\vendor\codeigniter4\framework\system\CodeIgniter.php(419): CodeIgniter\CodeIgniter->runController(Object(App\Controllers\UploadPo))
#8 C:\Users\DUTA DAYA 2\Desktop\Project_BMI2\vendor\codeigniter4\framework\system\CodeIgniter.php(326): CodeIgniter\CodeIgniter->handleRequest(NULL, Object(Config\Cache), false)
#9 C:\Users\DUTA DAYA 2\Desktop\Project_BMI2\public\index.php(37): CodeIgniter\CodeIgniter->run()
#10 C:\Users\DUTA DAYA 2\Desktop\Project_BMI2\vendor\codeigniter4\framework\system\Commands\Server\rewrite.php(43): require_once('C:\\Users\\DUTA D...')
#11 {main}
ERROR - 2022-08-30 23:55:30 --> Unknown column 'no_Po' in 'field list'
CRITICAL - 2022-08-30 23:55:30 --> Unknown column 'no_Po' in 'field list'
#0 C:\Users\DUTA DAYA 2\Desktop\Project_BMI2\vendor\codeigniter4\framework\system\Database\MySQLi\Connection.php(292): mysqli->query('INSERT INTO `tb...', 0)
#1 C:\Users\DUTA DAYA 2\Desktop\Project_BMI2\vendor\codeigniter4\framework\system\Database\BaseConnection.php(670): CodeIgniter\Database\MySQLi\Connection->execute('INSERT INTO `tb...')
#2 C:\Users\DUTA DAYA 2\Desktop\Project_BMI2\vendor\codeigniter4\framework\system\Database\BaseConnection.php(598): CodeIgniter\Database\BaseConnection->simpleQuery('INSERT INTO `tb...')
#3 C:\Users\DUTA DAYA 2\Desktop\Project_BMI2\vendor\codeigniter4\framework\system\Database\BaseBuilder.php(1771): CodeIgniter\Database\BaseConnection->query('INSERT INTO `tb...', Array, false)
#4 C:\Users\DUTA DAYA 2\Desktop\Project_BMI2\app\Models\PoModel.php(16): CodeIgniter\Database\BaseBuilder->insert(Array)
#5 C:\Users\DUTA DAYA 2\Desktop\Project_BMI2\app\Controllers\UploadPo.php(104): App\Models\PoModel->add(Array)
#6 C:\Users\DUTA DAYA 2\Desktop\Project_BMI2\vendor\codeigniter4\framework\system\CodeIgniter.php(832): App\Controllers\UploadPo->Upload()
#7 C:\Users\DUTA DAYA 2\Desktop\Project_BMI2\vendor\codeigniter4\framework\system\CodeIgniter.php(419): CodeIgniter\CodeIgniter->runController(Object(App\Controllers\UploadPo))
#8 C:\Users\DUTA DAYA 2\Desktop\Project_BMI2\vendor\codeigniter4\framework\system\CodeIgniter.php(326): CodeIgniter\CodeIgniter->handleRequest(NULL, Object(Config\Cache), false)
#9 C:\Users\DUTA DAYA 2\Desktop\Project_BMI2\public\index.php(37): CodeIgniter\CodeIgniter->run()
#10 C:\Users\DUTA DAYA 2\Desktop\Project_BMI2\vendor\codeigniter4\framework\system\Commands\Server\rewrite.php(43): require_once('C:\\Users\\DUTA D...')
#11 {main}
ERROR - 2022-08-30 23:56:15 --> Unknown column 'total_quantity' in 'field list'
CRITICAL - 2022-08-30 23:56:15 --> Unknown column 'total_quantity' in 'field list'
#0 C:\Users\DUTA DAYA 2\Desktop\Project_BMI2\vendor\codeigniter4\framework\system\Database\MySQLi\Connection.php(292): mysqli->query('INSERT INTO `tb...', 0)
#1 C:\Users\DUTA DAYA 2\Desktop\Project_BMI2\vendor\codeigniter4\framework\system\Database\BaseConnection.php(670): CodeIgniter\Database\MySQLi\Connection->execute('INSERT INTO `tb...')
#2 C:\Users\DUTA DAYA 2\Desktop\Project_BMI2\vendor\codeigniter4\framework\system\Database\BaseConnection.php(598): CodeIgniter\Database\BaseConnection->simpleQuery('INSERT INTO `tb...')
#3 C:\Users\DUTA DAYA 2\Desktop\Project_BMI2\vendor\codeigniter4\framework\system\Database\BaseBuilder.php(1771): CodeIgniter\Database\BaseConnection->query('INSERT INTO `tb...', Array, false)
#4 C:\Users\DUTA DAYA 2\Desktop\Project_BMI2\app\Models\PoModel.php(16): CodeIgniter\Database\BaseBuilder->insert(Array)
#5 C:\Users\DUTA DAYA 2\Desktop\Project_BMI2\app\Controllers\UploadPo.php(104): App\Models\PoModel->add(Array)
#6 C:\Users\DUTA DAYA 2\Desktop\Project_BMI2\vendor\codeigniter4\framework\system\CodeIgniter.php(832): App\Controllers\UploadPo->Upload()
#7 C:\Users\DUTA DAYA 2\Desktop\Project_BMI2\vendor\codeigniter4\framework\system\CodeIgniter.php(419): CodeIgniter\CodeIgniter->runController(Object(App\Controllers\UploadPo))
#8 C:\Users\DUTA DAYA 2\Desktop\Project_BMI2\vendor\codeigniter4\framework\system\CodeIgniter.php(326): CodeIgniter\CodeIgniter->handleRequest(NULL, Object(Config\Cache), false)
#9 C:\Users\DUTA DAYA 2\Desktop\Project_BMI2\public\index.php(37): CodeIgniter\CodeIgniter->run()
#10 C:\Users\DUTA DAYA 2\Desktop\Project_BMI2\vendor\codeigniter4\framework\system\Commands\Server\rewrite.php(43): require_once('C:\\Users\\DUTA D...')
#11 {main}
CRITICAL - 2022-08-30 23:56:57 --> Undefined array key "item_id"
#0 C:\Users\DUTA DAYA 2\Desktop\Project_BMI2\app\Views\Stock\uploadPO.php(75): CodeIgniter\Debug\Exceptions->errorHandler(2, 'Undefined array...', 'C:\\Users\\DUTA D...', 75)
#1 C:\Users\DUTA DAYA 2\Desktop\Project_BMI2\vendor\codeigniter4\framework\system\View\View.php(210): include('C:\\Users\\DUTA D...')
#2 C:\Users\DUTA DAYA 2\Desktop\Project_BMI2\vendor\codeigniter4\framework\system\View\View.php(213): CodeIgniter\View\View->CodeIgniter\View\{closure}()
#3 C:\Users\DUTA DAYA 2\Desktop\Project_BMI2\vendor\codeigniter4\framework\system\Common.php(1089): CodeIgniter\View\View->render('stock/uploadPO', Array, true)
#4 C:\Users\DUTA DAYA 2\Desktop\Project_BMI2\app\Controllers\UploadPo.php(25): view('stock/uploadPO', Array)
#5 C:\Users\DUTA DAYA 2\Desktop\Project_BMI2\vendor\codeigniter4\framework\system\CodeIgniter.php(832): App\Controllers\UploadPo->index()
#6 C:\Users\DUTA DAYA 2\Desktop\Project_BMI2\vendor\codeigniter4\framework\system\CodeIgniter.php(419): CodeIgniter\CodeIgniter->runController(Object(App\Controllers\UploadPo))
#7 C:\Users\DUTA DAYA 2\Desktop\Project_BMI2\vendor\codeigniter4\framework\system\CodeIgniter.php(326): CodeIgniter\CodeIgniter->handleRequest(NULL, Object(Config\Cache), false)
#8 C:\Users\DUTA DAYA 2\Desktop\Project_BMI2\public\index.php(37): CodeIgniter\CodeIgniter->run()
#9 C:\Users\DUTA DAYA 2\Desktop\Project_BMI2\vendor\codeigniter4\framework\system\Commands\Server\rewrite.php(43): require_once('C:\\Users\\DUTA D...')
#10 {main}
