CRITICAL - 2022-06-29 06:12:50 --> The action you requested is not allowed.
#0 C:\Users\DUTA DAYA 2\Desktop\Project_BMI\vendor\codeigniter4\framework\system\Security\Security.php(289): CodeIgniter\Security\Exceptions\SecurityException::forDisallowedAction()
#1 C:\Users\DUTA DAYA 2\Desktop\Project_BMI\vendor\codeigniter4\framework\system\Filters\CSRF.php(53): CodeIgniter\Security\Security->verify(Object(CodeIgniter\HTTP\IncomingRequest))
#2 C:\Users\DUTA DAYA 2\Desktop\Project_BMI\vendor\codeigniter4\framework\system\Filters\Filters.php(173): CodeIgniter\Filters\CSRF->before(Object(CodeIgniter\HTTP\IncomingRequest), NULL)
#3 C:\Users\DUTA DAYA 2\Desktop\Project_BMI\vendor\codeigniter4\framework\system\CodeIgniter.php(393): CodeIgniter\Filters\Filters->run('Packing/ambilSt...', 'before')
#4 C:\Users\DUTA DAYA 2\Desktop\Project_BMI\vendor\codeigniter4\framework\system\CodeIgniter.php(326): CodeIgniter\CodeIgniter->handleRequest(NULL, Object(Config\Cache), false)
#5 C:\Users\DUTA DAYA 2\Desktop\Project_BMI\public\index.php(37): CodeIgniter\CodeIgniter->run()
#6 C:\Users\DUTA DAYA 2\Desktop\Project_BMI\vendor\codeigniter4\framework\system\Commands\Server\rewrite.php(43): require_once('C:\\Users\\DUTA D...')
#7 {main}
CRITICAL - 2022-06-29 06:13:27 --> The action you requested is not allowed.
#0 C:\Users\DUTA DAYA 2\Desktop\Project_BMI\vendor\codeigniter4\framework\system\Security\Security.php(289): CodeIgniter\Security\Exceptions\SecurityException::forDisallowedAction()
#1 C:\Users\DUTA DAYA 2\Desktop\Project_BMI\vendor\codeigniter4\framework\system\Filters\CSRF.php(53): CodeIgniter\Security\Security->verify(Object(CodeIgniter\HTTP\IncomingRequest))
#2 C:\Users\DUTA DAYA 2\Desktop\Project_BMI\vendor\codeigniter4\framework\system\Filters\Filters.php(173): CodeIgniter\Filters\CSRF->before(Object(CodeIgniter\HTTP\IncomingRequest), NULL)
#3 C:\Users\DUTA DAYA 2\Desktop\Project_BMI\vendor\codeigniter4\framework\system\CodeIgniter.php(393): CodeIgniter\Filters\Filters->run('Packing/ambilSt...', 'before')
#4 C:\Users\DUTA DAYA 2\Desktop\Project_BMI\vendor\codeigniter4\framework\system\CodeIgniter.php(326): CodeIgniter\CodeIgniter->handleRequest(NULL, Object(Config\Cache), false)
#5 C:\Users\DUTA DAYA 2\Desktop\Project_BMI\public\index.php(37): CodeIgniter\CodeIgniter->run()
#6 C:\Users\DUTA DAYA 2\Desktop\Project_BMI\vendor\codeigniter4\framework\system\Commands\Server\rewrite.php(43): require_once('C:\\Users\\DUTA D...')
#7 {main}
CRITICAL - 2022-06-29 06:25:03 --> CodeIgniter\Database\BaseBuilder::getWhere(): Argument #2 ($limit) must be of type ?int, array given, called in C:\Users\DUTA DAYA 2\Desktop\Project_BMI\vendor\codeigniter4\framework\system\Model.php on line 728
#0 C:\Users\DUTA DAYA 2\Desktop\Project_BMI\vendor\codeigniter4\framework\system\Model.php(728): CodeIgniter\Database\BaseBuilder->getWhere(Array, Array)
#1 C:\Users\DUTA DAYA 2\Desktop\Project_BMI\app\Controllers\Packing.php(96): CodeIgniter\Model->__call('getWhere', Array)
#2 C:\Users\DUTA DAYA 2\Desktop\Project_BMI\vendor\codeigniter4\framework\system\CodeIgniter.php(832): App\Controllers\Packing->simpanTemp()
#3 C:\Users\DUTA DAYA 2\Desktop\Project_BMI\vendor\codeigniter4\framework\system\CodeIgniter.php(419): CodeIgniter\CodeIgniter->runController(Object(App\Controllers\Packing))
#4 C:\Users\DUTA DAYA 2\Desktop\Project_BMI\vendor\codeigniter4\framework\system\CodeIgniter.php(326): CodeIgniter\CodeIgniter->handleRequest(NULL, Object(Config\Cache), false)
#5 C:\Users\DUTA DAYA 2\Desktop\Project_BMI\public\index.php(37): CodeIgniter\CodeIgniter->run()
#6 C:\Users\DUTA DAYA 2\Desktop\Project_BMI\vendor\codeigniter4\framework\system\Commands\Server\rewrite.php(43): require_once('C:\\Users\\DUTA D...')
#7 {main}
CRITICAL - 2022-06-29 06:29:15 --> Undefined variable $json
#0 C:\Users\DUTA DAYA 2\Desktop\Project_BMI\app\Controllers\Packing.php(126): CodeIgniter\Debug\Exceptions->errorHandler(2, 'Undefined varia...', 'C:\\Users\\DUTA D...', 126)
#1 C:\Users\DUTA DAYA 2\Desktop\Project_BMI\vendor\codeigniter4\framework\system\CodeIgniter.php(832): App\Controllers\Packing->simpanTemp()
#2 C:\Users\DUTA DAYA 2\Desktop\Project_BMI\vendor\codeigniter4\framework\system\CodeIgniter.php(419): CodeIgniter\CodeIgniter->runController(Object(App\Controllers\Packing))
#3 C:\Users\DUTA DAYA 2\Desktop\Project_BMI\vendor\codeigniter4\framework\system\CodeIgniter.php(326): CodeIgniter\CodeIgniter->handleRequest(NULL, Object(Config\Cache), false)
#4 C:\Users\DUTA DAYA 2\Desktop\Project_BMI\public\index.php(37): CodeIgniter\CodeIgniter->run()
#5 C:\Users\DUTA DAYA 2\Desktop\Project_BMI\vendor\codeigniter4\framework\system\Commands\Server\rewrite.php(43): require_once('C:\\Users\\DUTA D...')
#6 {main}
ERROR - 2022-06-29 06:37:28 --> You have an error in your SQL syntax; check the manual that corresponds to your MariaDB server version for the right syntax to use near ':0:
AND `Item_id` = :Item_id:
AND 1 = :1:' at line 3
CRITICAL - 2022-06-29 06:37:28 --> You have an error in your SQL syntax; check the manual that corresponds to your MariaDB server version for the right syntax to use near ':0:
AND `Item_id` = :Item_id:
AND 1 = :1:' at line 3
#0 C:\Users\DUTA DAYA 2\Desktop\Project_BMI\vendor\codeigniter4\framework\system\Database\MySQLi\Connection.php(292): mysqli->query('SELECT *\nFROM `...', 0)
#1 C:\Users\DUTA DAYA 2\Desktop\Project_BMI\vendor\codeigniter4\framework\system\Database\BaseConnection.php(670): CodeIgniter\Database\MySQLi\Connection->execute('SELECT *\nFROM `...')
#2 C:\Users\DUTA DAYA 2\Desktop\Project_BMI\vendor\codeigniter4\framework\system\Database\BaseConnection.php(598): CodeIgniter\Database\BaseConnection->simpleQuery('SELECT *\nFROM `...')
#3 C:\Users\DUTA DAYA 2\Desktop\Project_BMI\vendor\codeigniter4\framework\system\Database\BaseBuilder.php(1588): CodeIgniter\Database\BaseConnection->query('SELECT *\nFROM `...', Array, false)
#4 C:\Users\DUTA DAYA 2\Desktop\Project_BMI\vendor\codeigniter4\framework\system\Model.php(728): CodeIgniter\Database\BaseBuilder->getWhere(Array)
#5 C:\Users\DUTA DAYA 2\Desktop\Project_BMI\app\Controllers\Packing.php(96): CodeIgniter\Model->__call('getWhere', Array)
#6 C:\Users\DUTA DAYA 2\Desktop\Project_BMI\vendor\codeigniter4\framework\system\CodeIgniter.php(832): App\Controllers\Packing->simpanTemp()
#7 C:\Users\DUTA DAYA 2\Desktop\Project_BMI\vendor\codeigniter4\framework\system\CodeIgniter.php(419): CodeIgniter\CodeIgniter->runController(Object(App\Controllers\Packing))
#8 C:\Users\DUTA DAYA 2\Desktop\Project_BMI\vendor\codeigniter4\framework\system\CodeIgniter.php(326): CodeIgniter\CodeIgniter->handleRequest(NULL, Object(Config\Cache), false)
#9 C:\Users\DUTA DAYA 2\Desktop\Project_BMI\public\index.php(37): CodeIgniter\CodeIgniter->run()
#10 C:\Users\DUTA DAYA 2\Desktop\Project_BMI\vendor\codeigniter4\framework\system\Commands\Server\rewrite.php(43): require_once('C:\\Users\\DUTA D...')
#11 {main}
CRITICAL - 2022-06-29 06:41:26 --> Undefined variable $json
#0 C:\Users\DUTA DAYA 2\Desktop\Project_BMI\app\Controllers\Packing.php(127): CodeIgniter\Debug\Exceptions->errorHandler(2, 'Undefined varia...', 'C:\\Users\\DUTA D...', 127)
#1 C:\Users\DUTA DAYA 2\Desktop\Project_BMI\vendor\codeigniter4\framework\system\CodeIgniter.php(832): App\Controllers\Packing->simpanTemp()
#2 C:\Users\DUTA DAYA 2\Desktop\Project_BMI\vendor\codeigniter4\framework\system\CodeIgniter.php(419): CodeIgniter\CodeIgniter->runController(Object(App\Controllers\Packing))
#3 C:\Users\DUTA DAYA 2\Desktop\Project_BMI\vendor\codeigniter4\framework\system\CodeIgniter.php(326): CodeIgniter\CodeIgniter->handleRequest(NULL, Object(Config\Cache), false)
#4 C:\Users\DUTA DAYA 2\Desktop\Project_BMI\public\index.php(37): CodeIgniter\CodeIgniter->run()
#5 C:\Users\DUTA DAYA 2\Desktop\Project_BMI\vendor\codeigniter4\framework\system\Commands\Server\rewrite.php(43): require_once('C:\\Users\\DUTA D...')
#6 {main}
ERROR - 2022-06-29 10:35:12 --> Error connecting to the database: No connection could be made because the target machine actively refused it
CRITICAL - 2022-06-29 10:35:12 --> Unable to connect to the database.
Main connection [MySQLi]: No connection could be made because the target machine actively refused it
#0 C:\Users\DUTA DAYA 2\Desktop\Project_BMI\vendor\codeigniter4\framework\system\Database\BaseConnection.php(577): CodeIgniter\Database\BaseConnection->initialize()
#1 C:\Users\DUTA DAYA 2\Desktop\Project_BMI\vendor\codeigniter4\framework\system\Database\BaseBuilder.php(1455): CodeIgniter\Database\BaseConnection->query('SELECT *\nFROM `...', Array, false)
#2 C:\Users\DUTA DAYA 2\Desktop\Project_BMI\vendor\codeigniter4\framework\system\Model.php(142): CodeIgniter\Database\BaseBuilder->get()
#3 C:\Users\DUTA DAYA 2\Desktop\Project_BMI\vendor\codeigniter4\framework\system\BaseModel.php(523): CodeIgniter\Model->doFind(true, 'Admin_01')
#4 C:\Users\DUTA DAYA 2\Desktop\Project_BMI\app\Controllers\Login.php(47): CodeIgniter\BaseModel->find('Admin_01')
#5 C:\Users\DUTA DAYA 2\Desktop\Project_BMI\vendor\codeigniter4\framework\system\CodeIgniter.php(832): App\Controllers\Login->cekUser()
#6 C:\Users\DUTA DAYA 2\Desktop\Project_BMI\vendor\codeigniter4\framework\system\CodeIgniter.php(419): CodeIgniter\CodeIgniter->runController(Object(App\Controllers\Login))
#7 C:\Users\DUTA DAYA 2\Desktop\Project_BMI\vendor\codeigniter4\framework\system\CodeIgniter.php(326): CodeIgniter\CodeIgniter->handleRequest(NULL, Object(Config\Cache), false)
#8 C:\Users\DUTA DAYA 2\Desktop\Project_BMI\public\index.php(37): CodeIgniter\CodeIgniter->run()
#9 C:\Users\DUTA DAYA 2\Desktop\Project_BMI\vendor\codeigniter4\framework\system\Commands\Server\rewrite.php(43): require_once('C:\\Users\\DUTA D...')
#10 {main}
CRITICAL - 2022-06-29 14:51:51 --> Undefined variable $item_Pack
#0 C:\Users\DUTA DAYA 2\Desktop\Project_BMI\app\Controllers\Packing.php(109): CodeIgniter\Debug\Exceptions->errorHandler(2, 'Undefined varia...', 'C:\\Users\\DUTA D...', 109)
#1 C:\Users\DUTA DAYA 2\Desktop\Project_BMI\vendor\codeigniter4\framework\system\CodeIgniter.php(832): App\Controllers\Packing->simpanTemp()
#2 C:\Users\DUTA DAYA 2\Desktop\Project_BMI\vendor\codeigniter4\framework\system\CodeIgniter.php(419): CodeIgniter\CodeIgniter->runController(Object(App\Controllers\Packing))
#3 C:\Users\DUTA DAYA 2\Desktop\Project_BMI\vendor\codeigniter4\framework\system\CodeIgniter.php(326): CodeIgniter\CodeIgniter->handleRequest(NULL, Object(Config\Cache), false)
#4 C:\Users\DUTA DAYA 2\Desktop\Project_BMI\public\index.php(37): CodeIgniter\CodeIgniter->run()
#5 C:\Users\DUTA DAYA 2\Desktop\Project_BMI\vendor\codeigniter4\framework\system\Commands\Server\rewrite.php(43): require_once('C:\\Users\\DUTA D...')
#6 {main}
CRITICAL - 2022-06-29 14:52:16 --> Undefined variable $item_Pack
#0 C:\Users\DUTA DAYA 2\Desktop\Project_BMI\app\Controllers\Packing.php(109): CodeIgniter\Debug\Exceptions->errorHandler(2, 'Undefined varia...', 'C:\\Users\\DUTA D...', 109)
#1 C:\Users\DUTA DAYA 2\Desktop\Project_BMI\vendor\codeigniter4\framework\system\CodeIgniter.php(832): App\Controllers\Packing->simpanTemp()
#2 C:\Users\DUTA DAYA 2\Desktop\Project_BMI\vendor\codeigniter4\framework\system\CodeIgniter.php(419): CodeIgniter\CodeIgniter->runController(Object(App\Controllers\Packing))
#3 C:\Users\DUTA DAYA 2\Desktop\Project_BMI\vendor\codeigniter4\framework\system\CodeIgniter.php(326): CodeIgniter\CodeIgniter->handleRequest(NULL, Object(Config\Cache), false)
#4 C:\Users\DUTA DAYA 2\Desktop\Project_BMI\public\index.php(37): CodeIgniter\CodeIgniter->run()
#5 C:\Users\DUTA DAYA 2\Desktop\Project_BMI\vendor\codeigniter4\framework\system\Commands\Server\rewrite.php(43): require_once('C:\\Users\\DUTA D...')
#6 {main}
CRITICAL - 2022-06-29 14:54:46 --> Attempt to read property "Item_id" on array
#0 C:\Users\DUTA DAYA 2\Desktop\Project_BMI\app\Controllers\Packing.php(99): CodeIgniter\Debug\Exceptions->errorHandler(2, 'Attempt to read...', 'C:\\Users\\DUTA D...', 99)
#1 C:\Users\DUTA DAYA 2\Desktop\Project_BMI\vendor\codeigniter4\framework\system\CodeIgniter.php(832): App\Controllers\Packing->simpanTemp()
#2 C:\Users\DUTA DAYA 2\Desktop\Project_BMI\vendor\codeigniter4\framework\system\CodeIgniter.php(419): CodeIgniter\CodeIgniter->runController(Object(App\Controllers\Packing))
#3 C:\Users\DUTA DAYA 2\Desktop\Project_BMI\vendor\codeigniter4\framework\system\CodeIgniter.php(326): CodeIgniter\CodeIgniter->handleRequest(NULL, Object(Config\Cache), false)
#4 C:\Users\DUTA DAYA 2\Desktop\Project_BMI\public\index.php(37): CodeIgniter\CodeIgniter->run()
#5 C:\Users\DUTA DAYA 2\Desktop\Project_BMI\vendor\codeigniter4\framework\system\Commands\Server\rewrite.php(43): require_once('C:\\Users\\DUTA D...')
#6 {main}
CRITICAL - 2022-06-29 14:58:22 --> Undefined variable $item_Pack
#0 C:\Users\DUTA DAYA 2\Desktop\Project_BMI\app\Controllers\Packing.php(109): CodeIgniter\Debug\Exceptions->errorHandler(2, 'Undefined varia...', 'C:\\Users\\DUTA D...', 109)
#1 C:\Users\DUTA DAYA 2\Desktop\Project_BMI\vendor\codeigniter4\framework\system\CodeIgniter.php(832): App\Controllers\Packing->simpanTemp()
#2 C:\Users\DUTA DAYA 2\Desktop\Project_BMI\vendor\codeigniter4\framework\system\CodeIgniter.php(419): CodeIgniter\CodeIgniter->runController(Object(App\Controllers\Packing))
#3 C:\Users\DUTA DAYA 2\Desktop\Project_BMI\vendor\codeigniter4\framework\system\CodeIgniter.php(326): CodeIgniter\CodeIgniter->handleRequest(NULL, Object(Config\Cache), false)
#4 C:\Users\DUTA DAYA 2\Desktop\Project_BMI\public\index.php(37): CodeIgniter\CodeIgniter->run()
#5 C:\Users\DUTA DAYA 2\Desktop\Project_BMI\vendor\codeigniter4\framework\system\Commands\Server\rewrite.php(43): require_once('C:\\Users\\DUTA D...')
#6 {main}
CRITICAL - 2022-06-29 14:59:16 --> Undefined variable $item_Pack
#0 C:\Users\DUTA DAYA 2\Desktop\Project_BMI\app\Controllers\Packing.php(109): CodeIgniter\Debug\Exceptions->errorHandler(2, 'Undefined varia...', 'C:\\Users\\DUTA D...', 109)
#1 C:\Users\DUTA DAYA 2\Desktop\Project_BMI\vendor\codeigniter4\framework\system\CodeIgniter.php(832): App\Controllers\Packing->simpanTemp()
#2 C:\Users\DUTA DAYA 2\Desktop\Project_BMI\vendor\codeigniter4\framework\system\CodeIgniter.php(419): CodeIgniter\CodeIgniter->runController(Object(App\Controllers\Packing))
#3 C:\Users\DUTA DAYA 2\Desktop\Project_BMI\vendor\codeigniter4\framework\system\CodeIgniter.php(326): CodeIgniter\CodeIgniter->handleRequest(NULL, Object(Config\Cache), false)
#4 C:\Users\DUTA DAYA 2\Desktop\Project_BMI\public\index.php(37): CodeIgniter\CodeIgniter->run()
#5 C:\Users\DUTA DAYA 2\Desktop\Project_BMI\vendor\codeigniter4\framework\system\Commands\Server\rewrite.php(43): require_once('C:\\Users\\DUTA D...')
#6 {main}
CRITICAL - 2022-06-29 14:59:55 --> Undefined variable $item_Pack
#0 C:\Users\DUTA DAYA 2\Desktop\Project_BMI\app\Controllers\Packing.php(109): CodeIgniter\Debug\Exceptions->errorHandler(2, 'Undefined varia...', 'C:\\Users\\DUTA D...', 109)
#1 C:\Users\DUTA DAYA 2\Desktop\Project_BMI\vendor\codeigniter4\framework\system\CodeIgniter.php(832): App\Controllers\Packing->simpanTemp()
#2 C:\Users\DUTA DAYA 2\Desktop\Project_BMI\vendor\codeigniter4\framework\system\CodeIgniter.php(419): CodeIgniter\CodeIgniter->runController(Object(App\Controllers\Packing))
#3 C:\Users\DUTA DAYA 2\Desktop\Project_BMI\vendor\codeigniter4\framework\system\CodeIgniter.php(326): CodeIgniter\CodeIgniter->handleRequest(NULL, Object(Config\Cache), false)
#4 C:\Users\DUTA DAYA 2\Desktop\Project_BMI\public\index.php(37): CodeIgniter\CodeIgniter->run()
#5 C:\Users\DUTA DAYA 2\Desktop\Project_BMI\vendor\codeigniter4\framework\system\Commands\Server\rewrite.php(43): require_once('C:\\Users\\DUTA D...')
#6 {main}
CRITICAL - 2022-06-29 15:01:25 --> Undefined variable $item_Pack
#0 C:\Users\DUTA DAYA 2\Desktop\Project_BMI\app\Controllers\Packing.php(103): CodeIgniter\Debug\Exceptions->errorHandler(2, 'Undefined varia...', 'C:\\Users\\DUTA D...', 103)
#1 C:\Users\DUTA DAYA 2\Desktop\Project_BMI\vendor\codeigniter4\framework\system\CodeIgniter.php(832): App\Controllers\Packing->simpanTemp()
#2 C:\Users\DUTA DAYA 2\Desktop\Project_BMI\vendor\codeigniter4\framework\system\CodeIgniter.php(419): CodeIgniter\CodeIgniter->runController(Object(App\Controllers\Packing))
#3 C:\Users\DUTA DAYA 2\Desktop\Project_BMI\vendor\codeigniter4\framework\system\CodeIgniter.php(326): CodeIgniter\CodeIgniter->handleRequest(NULL, Object(Config\Cache), false)
#4 C:\Users\DUTA DAYA 2\Desktop\Project_BMI\public\index.php(37): CodeIgniter\CodeIgniter->run()
#5 C:\Users\DUTA DAYA 2\Desktop\Project_BMI\vendor\codeigniter4\framework\system\Commands\Server\rewrite.php(43): require_once('C:\\Users\\DUTA D...')
#6 {main}
CRITICAL - 2022-06-29 15:01:59 --> Undefined variable $item_Pack
#0 C:\Users\DUTA DAYA 2\Desktop\Project_BMI\app\Controllers\Packing.php(103): CodeIgniter\Debug\Exceptions->errorHandler(2, 'Undefined varia...', 'C:\\Users\\DUTA D...', 103)
#1 C:\Users\DUTA DAYA 2\Desktop\Project_BMI\vendor\codeigniter4\framework\system\CodeIgniter.php(832): App\Controllers\Packing->simpanTemp()
#2 C:\Users\DUTA DAYA 2\Desktop\Project_BMI\vendor\codeigniter4\framework\system\CodeIgniter.php(419): CodeIgniter\CodeIgniter->runController(Object(App\Controllers\Packing))
#3 C:\Users\DUTA DAYA 2\Desktop\Project_BMI\vendor\codeigniter4\framework\system\CodeIgniter.php(326): CodeIgniter\CodeIgniter->handleRequest(NULL, Object(Config\Cache), false)
#4 C:\Users\DUTA DAYA 2\Desktop\Project_BMI\public\index.php(37): CodeIgniter\CodeIgniter->run()
#5 C:\Users\DUTA DAYA 2\Desktop\Project_BMI\vendor\codeigniter4\framework\system\Commands\Server\rewrite.php(43): require_once('C:\\Users\\DUTA D...')
#6 {main}
CRITICAL - 2022-06-29 15:04:40 --> Undefined variable $item_Pack
#0 C:\Users\DUTA DAYA 2\Desktop\Project_BMI\app\Controllers\Packing.php(104): CodeIgniter\Debug\Exceptions->errorHandler(2, 'Undefined varia...', 'C:\\Users\\DUTA D...', 104)
#1 C:\Users\DUTA DAYA 2\Desktop\Project_BMI\vendor\codeigniter4\framework\system\CodeIgniter.php(832): App\Controllers\Packing->simpanTemp()
#2 C:\Users\DUTA DAYA 2\Desktop\Project_BMI\vendor\codeigniter4\framework\system\CodeIgniter.php(419): CodeIgniter\CodeIgniter->runController(Object(App\Controllers\Packing))
#3 C:\Users\DUTA DAYA 2\Desktop\Project_BMI\vendor\codeigniter4\framework\system\CodeIgniter.php(326): CodeIgniter\CodeIgniter->handleRequest(NULL, Object(Config\Cache), false)
#4 C:\Users\DUTA DAYA 2\Desktop\Project_BMI\public\index.php(37): CodeIgniter\CodeIgniter->run()
#5 C:\Users\DUTA DAYA 2\Desktop\Project_BMI\vendor\codeigniter4\framework\system\Commands\Server\rewrite.php(43): require_once('C:\\Users\\DUTA D...')
#6 {main}
CRITICAL - 2022-06-29 15:05:14 --> Call to a member function find() on array
#0 C:\Users\DUTA DAYA 2\Desktop\Project_BMI\vendor\codeigniter4\framework\system\CodeIgniter.php(832): App\Controllers\Packing->simpanTemp()
#1 C:\Users\DUTA DAYA 2\Desktop\Project_BMI\vendor\codeigniter4\framework\system\CodeIgniter.php(419): CodeIgniter\CodeIgniter->runController(Object(App\Controllers\Packing))
#2 C:\Users\DUTA DAYA 2\Desktop\Project_BMI\vendor\codeigniter4\framework\system\CodeIgniter.php(326): CodeIgniter\CodeIgniter->handleRequest(NULL, Object(Config\Cache), false)
#3 C:\Users\DUTA DAYA 2\Desktop\Project_BMI\public\index.php(37): CodeIgniter\CodeIgniter->run()
#4 C:\Users\DUTA DAYA 2\Desktop\Project_BMI\vendor\codeigniter4\framework\system\Commands\Server\rewrite.php(43): require_once('C:\\Users\\DUTA D...')
#5 {main}
CRITICAL - 2022-06-29 15:05:39 --> Call to a member function find() on array
#0 C:\Users\DUTA DAYA 2\Desktop\Project_BMI\vendor\codeigniter4\framework\system\CodeIgniter.php(832): App\Controllers\Packing->simpanTemp()
#1 C:\Users\DUTA DAYA 2\Desktop\Project_BMI\vendor\codeigniter4\framework\system\CodeIgniter.php(419): CodeIgniter\CodeIgniter->runController(Object(App\Controllers\Packing))
#2 C:\Users\DUTA DAYA 2\Desktop\Project_BMI\vendor\codeigniter4\framework\system\CodeIgniter.php(326): CodeIgniter\CodeIgniter->handleRequest(NULL, Object(Config\Cache), false)
#3 C:\Users\DUTA DAYA 2\Desktop\Project_BMI\public\index.php(37): CodeIgniter\CodeIgniter->run()
#4 C:\Users\DUTA DAYA 2\Desktop\Project_BMI\vendor\codeigniter4\framework\system\Commands\Server\rewrite.php(43): require_once('C:\\Users\\DUTA D...')
#5 {main}
CRITICAL - 2022-06-29 15:06:31 --> Call to a member function find() on array
#0 C:\Users\DUTA DAYA 2\Desktop\Project_BMI\vendor\codeigniter4\framework\system\CodeIgniter.php(832): App\Controllers\Packing->simpanTemp()
#1 C:\Users\DUTA DAYA 2\Desktop\Project_BMI\vendor\codeigniter4\framework\system\CodeIgniter.php(419): CodeIgniter\CodeIgniter->runController(Object(App\Controllers\Packing))
#2 C:\Users\DUTA DAYA 2\Desktop\Project_BMI\vendor\codeigniter4\framework\system\CodeIgniter.php(326): CodeIgniter\CodeIgniter->handleRequest(NULL, Object(Config\Cache), false)
#3 C:\Users\DUTA DAYA 2\Desktop\Project_BMI\public\index.php(37): CodeIgniter\CodeIgniter->run()
#4 C:\Users\DUTA DAYA 2\Desktop\Project_BMI\vendor\codeigniter4\framework\system\Commands\Server\rewrite.php(43): require_once('C:\\Users\\DUTA D...')
#5 {main}
CRITICAL - 2022-06-29 15:06:59 --> Call to a member function find() on array
#0 C:\Users\DUTA DAYA 2\Desktop\Project_BMI\vendor\codeigniter4\framework\system\CodeIgniter.php(832): App\Controllers\Packing->simpanTemp()
#1 C:\Users\DUTA DAYA 2\Desktop\Project_BMI\vendor\codeigniter4\framework\system\CodeIgniter.php(419): CodeIgniter\CodeIgniter->runController(Object(App\Controllers\Packing))
#2 C:\Users\DUTA DAYA 2\Desktop\Project_BMI\vendor\codeigniter4\framework\system\CodeIgniter.php(326): CodeIgniter\CodeIgniter->handleRequest(NULL, Object(Config\Cache), false)
#3 C:\Users\DUTA DAYA 2\Desktop\Project_BMI\public\index.php(37): CodeIgniter\CodeIgniter->run()
#4 C:\Users\DUTA DAYA 2\Desktop\Project_BMI\vendor\codeigniter4\framework\system\Commands\Server\rewrite.php(43): require_once('C:\\Users\\DUTA D...')
#5 {main}
CRITICAL - 2022-06-29 15:18:12 --> Call to a member function find() on array
#0 C:\Users\DUTA DAYA 2\Desktop\Project_BMI\vendor\codeigniter4\framework\system\CodeIgniter.php(832): App\Controllers\Packing->simpanTemp()
#1 C:\Users\DUTA DAYA 2\Desktop\Project_BMI\vendor\codeigniter4\framework\system\CodeIgniter.php(419): CodeIgniter\CodeIgniter->runController(Object(App\Controllers\Packing))
#2 C:\Users\DUTA DAYA 2\Desktop\Project_BMI\vendor\codeigniter4\framework\system\CodeIgniter.php(326): CodeIgniter\CodeIgniter->handleRequest(NULL, Object(Config\Cache), false)
#3 C:\Users\DUTA DAYA 2\Desktop\Project_BMI\public\index.php(37): CodeIgniter\CodeIgniter->run()
#4 C:\Users\DUTA DAYA 2\Desktop\Project_BMI\vendor\codeigniter4\framework\system\Commands\Server\rewrite.php(43): require_once('C:\\Users\\DUTA D...')
#5 {main}
CRITICAL - 2022-06-29 15:19:55 --> Attempt to read property "Item_id" on array
#0 C:\Users\DUTA DAYA 2\Desktop\Project_BMI\app\Controllers\Packing.php(98): CodeIgniter\Debug\Exceptions->errorHandler(2, 'Attempt to read...', 'C:\\Users\\DUTA D...', 98)
#1 C:\Users\DUTA DAYA 2\Desktop\Project_BMI\vendor\codeigniter4\framework\system\CodeIgniter.php(832): App\Controllers\Packing->simpanTemp()
#2 C:\Users\DUTA DAYA 2\Desktop\Project_BMI\vendor\codeigniter4\framework\system\CodeIgniter.php(419): CodeIgniter\CodeIgniter->runController(Object(App\Controllers\Packing))
#3 C:\Users\DUTA DAYA 2\Desktop\Project_BMI\vendor\codeigniter4\framework\system\CodeIgniter.php(326): CodeIgniter\CodeIgniter->handleRequest(NULL, Object(Config\Cache), false)
#4 C:\Users\DUTA DAYA 2\Desktop\Project_BMI\public\index.php(37): CodeIgniter\CodeIgniter->run()
#5 C:\Users\DUTA DAYA 2\Desktop\Project_BMI\vendor\codeigniter4\framework\system\Commands\Server\rewrite.php(43): require_once('C:\\Users\\DUTA D...')
#6 {main}
CRITICAL - 2022-06-29 15:22:29 --> Undefined variable $item2
#0 C:\Users\DUTA DAYA 2\Desktop\Project_BMI\app\Controllers\Packing.php(108): CodeIgniter\Debug\Exceptions->errorHandler(2, 'Undefined varia...', 'C:\\Users\\DUTA D...', 108)
#1 C:\Users\DUTA DAYA 2\Desktop\Project_BMI\vendor\codeigniter4\framework\system\CodeIgniter.php(832): App\Controllers\Packing->simpanTemp()
#2 C:\Users\DUTA DAYA 2\Desktop\Project_BMI\vendor\codeigniter4\framework\system\CodeIgniter.php(419): CodeIgniter\CodeIgniter->runController(Object(App\Controllers\Packing))
#3 C:\Users\DUTA DAYA 2\Desktop\Project_BMI\vendor\codeigniter4\framework\system\CodeIgniter.php(326): CodeIgniter\CodeIgniter->handleRequest(NULL, Object(Config\Cache), false)
#4 C:\Users\DUTA DAYA 2\Desktop\Project_BMI\public\index.php(37): CodeIgniter\CodeIgniter->run()
#5 C:\Users\DUTA DAYA 2\Desktop\Project_BMI\vendor\codeigniter4\framework\system\Commands\Server\rewrite.php(43): require_once('C:\\Users\\DUTA D...')
#6 {main}
CRITICAL - 2022-06-29 15:23:09 --> Undefined variable $item2
#0 C:\Users\DUTA DAYA 2\Desktop\Project_BMI\app\Controllers\Packing.php(108): CodeIgniter\Debug\Exceptions->errorHandler(2, 'Undefined varia...', 'C:\\Users\\DUTA D...', 108)
#1 C:\Users\DUTA DAYA 2\Desktop\Project_BMI\vendor\codeigniter4\framework\system\CodeIgniter.php(832): App\Controllers\Packing->simpanTemp()
#2 C:\Users\DUTA DAYA 2\Desktop\Project_BMI\vendor\codeigniter4\framework\system\CodeIgniter.php(419): CodeIgniter\CodeIgniter->runController(Object(App\Controllers\Packing))
#3 C:\Users\DUTA DAYA 2\Desktop\Project_BMI\vendor\codeigniter4\framework\system\CodeIgniter.php(326): CodeIgniter\CodeIgniter->handleRequest(NULL, Object(Config\Cache), false)
#4 C:\Users\DUTA DAYA 2\Desktop\Project_BMI\public\index.php(37): CodeIgniter\CodeIgniter->run()
#5 C:\Users\DUTA DAYA 2\Desktop\Project_BMI\vendor\codeigniter4\framework\system\Commands\Server\rewrite.php(43): require_once('C:\\Users\\DUTA D...')
#6 {main}
CRITICAL - 2022-06-29 16:01:10 --> Trying to access array offset on value of type null
#0 C:\Users\DUTA DAYA 2\Desktop\Project_BMI\app\Controllers\Packing.php(92): CodeIgniter\Debug\Exceptions->errorHandler(2, 'Trying to acces...', 'C:\\Users\\DUTA D...', 92)
#1 C:\Users\DUTA DAYA 2\Desktop\Project_BMI\vendor\codeigniter4\framework\system\CodeIgniter.php(832): App\Controllers\Packing->simpanTemp()
#2 C:\Users\DUTA DAYA 2\Desktop\Project_BMI\vendor\codeigniter4\framework\system\CodeIgniter.php(419): CodeIgniter\CodeIgniter->runController(Object(App\Controllers\Packing))
#3 C:\Users\DUTA DAYA 2\Desktop\Project_BMI\vendor\codeigniter4\framework\system\CodeIgniter.php(326): CodeIgniter\CodeIgniter->handleRequest(NULL, Object(Config\Cache), false)
#4 C:\Users\DUTA DAYA 2\Desktop\Project_BMI\public\index.php(37): CodeIgniter\CodeIgniter->run()
#5 C:\Users\DUTA DAYA 2\Desktop\Project_BMI\vendor\codeigniter4\framework\system\Commands\Server\rewrite.php(43): require_once('C:\\Users\\DUTA D...')
#6 {main}
CRITICAL - 2022-06-29 16:56:28 --> The action you requested is not allowed.
#0 C:\Users\DUTA DAYA 2\Desktop\Project_BMI\vendor\codeigniter4\framework\system\Security\Security.php(289): CodeIgniter\Security\Exceptions\SecurityException::forDisallowedAction()
#1 C:\Users\DUTA DAYA 2\Desktop\Project_BMI\vendor\codeigniter4\framework\system\Filters\CSRF.php(53): CodeIgniter\Security\Security->verify(Object(CodeIgniter\HTTP\IncomingRequest))
#2 C:\Users\DUTA DAYA 2\Desktop\Project_BMI\vendor\codeigniter4\framework\system\Filters\Filters.php(173): CodeIgniter\Filters\CSRF->before(Object(CodeIgniter\HTTP\IncomingRequest), NULL)
#3 C:\Users\DUTA DAYA 2\Desktop\Project_BMI\vendor\codeigniter4\framework\system\CodeIgniter.php(393): CodeIgniter\Filters\Filters->run('Packing/ambilSt...', 'before')
#4 C:\Users\DUTA DAYA 2\Desktop\Project_BMI\vendor\codeigniter4\framework\system\CodeIgniter.php(326): CodeIgniter\CodeIgniter->handleRequest(NULL, Object(Config\Cache), false)
#5 C:\Users\DUTA DAYA 2\Desktop\Project_BMI\public\index.php(37): CodeIgniter\CodeIgniter->run()
#6 C:\Users\DUTA DAYA 2\Desktop\Project_BMI\vendor\codeigniter4\framework\system\Commands\Server\rewrite.php(43): require_once('C:\\Users\\DUTA D...')
#7 {main}
CRITICAL - 2022-06-29 16:56:39 --> Trying to access array offset on value of type null
#0 C:\Users\DUTA DAYA 2\Desktop\Project_BMI\app\Controllers\Packing.php(92): CodeIgniter\Debug\Exceptions->errorHandler(2, 'Trying to acces...', 'C:\\Users\\DUTA D...', 92)
#1 C:\Users\DUTA DAYA 2\Desktop\Project_BMI\vendor\codeigniter4\framework\system\CodeIgniter.php(832): App\Controllers\Packing->simpanTemp()
#2 C:\Users\DUTA DAYA 2\Desktop\Project_BMI\vendor\codeigniter4\framework\system\CodeIgniter.php(419): CodeIgniter\CodeIgniter->runController(Object(App\Controllers\Packing))
#3 C:\Users\DUTA DAYA 2\Desktop\Project_BMI\vendor\codeigniter4\framework\system\CodeIgniter.php(326): CodeIgniter\CodeIgniter->handleRequest(NULL, Object(Config\Cache), false)
#4 C:\Users\DUTA DAYA 2\Desktop\Project_BMI\public\index.php(37): CodeIgniter\CodeIgniter->run()
#5 C:\Users\DUTA DAYA 2\Desktop\Project_BMI\vendor\codeigniter4\framework\system\Commands\Server\rewrite.php(43): require_once('C:\\Users\\DUTA D...')
#6 {main}
CRITICAL - 2022-06-29 20:26:55 --> Cannot use object of type stdClass as array
#0 C:\Users\DUTA DAYA 2\Desktop\Project_BMI\vendor\codeigniter4\framework\system\CodeIgniter.php(832): App\Controllers\Picking->SimpanPicking()
#1 C:\Users\DUTA DAYA 2\Desktop\Project_BMI\vendor\codeigniter4\framework\system\CodeIgniter.php(419): CodeIgniter\CodeIgniter->runController(Object(App\Controllers\Picking))
#2 C:\Users\DUTA DAYA 2\Desktop\Project_BMI\vendor\codeigniter4\framework\system\CodeIgniter.php(326): CodeIgniter\CodeIgniter->handleRequest(NULL, Object(Config\Cache), false)
#3 C:\Users\DUTA DAYA 2\Desktop\Project_BMI\public\index.php(37): CodeIgniter\CodeIgniter->run()
#4 C:\Users\DUTA DAYA 2\Desktop\Project_BMI\vendor\codeigniter4\framework\system\Commands\Server\rewrite.php(43): require_once('C:\\Users\\DUTA D...')
#5 {main}
CRITICAL - 2022-06-29 20:27:05 --> Cannot use object of type stdClass as array
#0 C:\Users\DUTA DAYA 2\Desktop\Project_BMI\vendor\codeigniter4\framework\system\CodeIgniter.php(832): App\Controllers\Picking->SimpanPicking()
#1 C:\Users\DUTA DAYA 2\Desktop\Project_BMI\vendor\codeigniter4\framework\system\CodeIgniter.php(419): CodeIgniter\CodeIgniter->runController(Object(App\Controllers\Picking))
#2 C:\Users\DUTA DAYA 2\Desktop\Project_BMI\vendor\codeigniter4\framework\system\CodeIgniter.php(326): CodeIgniter\CodeIgniter->handleRequest(NULL, Object(Config\Cache), false)
#3 C:\Users\DUTA DAYA 2\Desktop\Project_BMI\public\index.php(37): CodeIgniter\CodeIgniter->run()
#4 C:\Users\DUTA DAYA 2\Desktop\Project_BMI\vendor\codeigniter4\framework\system\Commands\Server\rewrite.php(43): require_once('C:\\Users\\DUTA D...')
#5 {main}
CRITICAL - 2022-06-29 20:29:00 --> There is no data to update.
#0 C:\Users\DUTA DAYA 2\Desktop\Project_BMI\vendor\codeigniter4\framework\system\BaseModel.php(846): CodeIgniter\Database\Exceptions\DataException::forEmptyDataset('update')
#1 C:\Users\DUTA DAYA 2\Desktop\Project_BMI\vendor\codeigniter4\framework\system\Model.php(651): CodeIgniter\BaseModel->update(Array, Array)
#2 C:\Users\DUTA DAYA 2\Desktop\Project_BMI\app\Controllers\Picking.php(346): CodeIgniter\Model->update('1553127', Array)
#3 C:\Users\DUTA DAYA 2\Desktop\Project_BMI\vendor\codeigniter4\framework\system\CodeIgniter.php(832): App\Controllers\Picking->SimpanPicking()
#4 C:\Users\DUTA DAYA 2\Desktop\Project_BMI\vendor\codeigniter4\framework\system\CodeIgniter.php(419): CodeIgniter\CodeIgniter->runController(Object(App\Controllers\Picking))
#5 C:\Users\DUTA DAYA 2\Desktop\Project_BMI\vendor\codeigniter4\framework\system\CodeIgniter.php(326): CodeIgniter\CodeIgniter->handleRequest(NULL, Object(Config\Cache), false)
#6 C:\Users\DUTA DAYA 2\Desktop\Project_BMI\public\index.php(37): CodeIgniter\CodeIgniter->run()
#7 C:\Users\DUTA DAYA 2\Desktop\Project_BMI\vendor\codeigniter4\framework\system\Commands\Server\rewrite.php(43): require_once('C:\\Users\\DUTA D...')
#8 {main}
CRITICAL - 2022-06-29 20:30:24 --> There is no data to update.
#0 C:\Users\DUTA DAYA 2\Desktop\Project_BMI\vendor\codeigniter4\framework\system\BaseModel.php(846): CodeIgniter\Database\Exceptions\DataException::forEmptyDataset('update')
#1 C:\Users\DUTA DAYA 2\Desktop\Project_BMI\vendor\codeigniter4\framework\system\Model.php(651): CodeIgniter\BaseModel->update(Array, Array)
#2 C:\Users\DUTA DAYA 2\Desktop\Project_BMI\app\Controllers\Picking.php(346): CodeIgniter\Model->update('1553127', Array)
#3 C:\Users\DUTA DAYA 2\Desktop\Project_BMI\vendor\codeigniter4\framework\system\CodeIgniter.php(832): App\Controllers\Picking->SimpanPicking()
#4 C:\Users\DUTA DAYA 2\Desktop\Project_BMI\vendor\codeigniter4\framework\system\CodeIgniter.php(419): CodeIgniter\CodeIgniter->runController(Object(App\Controllers\Picking))
#5 C:\Users\DUTA DAYA 2\Desktop\Project_BMI\vendor\codeigniter4\framework\system\CodeIgniter.php(326): CodeIgniter\CodeIgniter->handleRequest(NULL, Object(Config\Cache), false)
#6 C:\Users\DUTA DAYA 2\Desktop\Project_BMI\public\index.php(37): CodeIgniter\CodeIgniter->run()
#7 C:\Users\DUTA DAYA 2\Desktop\Project_BMI\vendor\codeigniter4\framework\system\Commands\Server\rewrite.php(43): require_once('C:\\Users\\DUTA D...')
#8 {main}
CRITICAL - 2022-06-29 20:32:02 --> There is no data to update.
#0 C:\Users\DUTA DAYA 2\Desktop\Project_BMI\vendor\codeigniter4\framework\system\BaseModel.php(846): CodeIgniter\Database\Exceptions\DataException::forEmptyDataset('update')
#1 C:\Users\DUTA DAYA 2\Desktop\Project_BMI\vendor\codeigniter4\framework\system\Model.php(651): CodeIgniter\BaseModel->update(Array, Array)
#2 C:\Users\DUTA DAYA 2\Desktop\Project_BMI\app\Controllers\Picking.php(346): CodeIgniter\Model->update(Array, Array)
#3 C:\Users\DUTA DAYA 2\Desktop\Project_BMI\vendor\codeigniter4\framework\system\CodeIgniter.php(832): App\Controllers\Picking->SimpanPicking()
#4 C:\Users\DUTA DAYA 2\Desktop\Project_BMI\vendor\codeigniter4\framework\system\CodeIgniter.php(419): CodeIgniter\CodeIgniter->runController(Object(App\Controllers\Picking))
#5 C:\Users\DUTA DAYA 2\Desktop\Project_BMI\vendor\codeigniter4\framework\system\CodeIgniter.php(326): CodeIgniter\CodeIgniter->handleRequest(NULL, Object(Config\Cache), false)
#6 C:\Users\DUTA DAYA 2\Desktop\Project_BMI\public\index.php(37): CodeIgniter\CodeIgniter->run()
#7 C:\Users\DUTA DAYA 2\Desktop\Project_BMI\vendor\codeigniter4\framework\system\Commands\Server\rewrite.php(43): require_once('C:\\Users\\DUTA D...')
#8 {main}
CRITICAL - 2022-06-29 20:34:47 --> There is no data to update.
#0 C:\Users\DUTA DAYA 2\Desktop\Project_BMI\vendor\codeigniter4\framework\system\BaseModel.php(846): CodeIgniter\Database\Exceptions\DataException::forEmptyDataset('update')
#1 C:\Users\DUTA DAYA 2\Desktop\Project_BMI\vendor\codeigniter4\framework\system\Model.php(651): CodeIgniter\BaseModel->update(Array, Array)
#2 C:\Users\DUTA DAYA 2\Desktop\Project_BMI\app\Controllers\Picking.php(347): CodeIgniter\Model->update('1553127', Array)
#3 C:\Users\DUTA DAYA 2\Desktop\Project_BMI\vendor\codeigniter4\framework\system\CodeIgniter.php(832): App\Controllers\Picking->SimpanPicking()
#4 C:\Users\DUTA DAYA 2\Desktop\Project_BMI\vendor\codeigniter4\framework\system\CodeIgniter.php(419): CodeIgniter\CodeIgniter->runController(Object(App\Controllers\Picking))
#5 C:\Users\DUTA DAYA 2\Desktop\Project_BMI\vendor\codeigniter4\framework\system\CodeIgniter.php(326): CodeIgniter\CodeIgniter->handleRequest(NULL, Object(Config\Cache), false)
#6 C:\Users\DUTA DAYA 2\Desktop\Project_BMI\public\index.php(37): CodeIgniter\CodeIgniter->run()
#7 C:\Users\DUTA DAYA 2\Desktop\Project_BMI\vendor\codeigniter4\framework\system\Commands\Server\rewrite.php(43): require_once('C:\\Users\\DUTA D...')
#8 {main}
CRITICAL - 2022-06-29 20:39:47 --> Undefined property: App\Controllers\Picking::$modelOrder
#0 C:\Users\DUTA DAYA 2\Desktop\Project_BMI\app\Controllers\Picking.php(348): CodeIgniter\Debug\Exceptions->errorHandler(2, 'Undefined prope...', 'C:\\Users\\DUTA D...', 348)
#1 C:\Users\DUTA DAYA 2\Desktop\Project_BMI\vendor\codeigniter4\framework\system\CodeIgniter.php(832): App\Controllers\Picking->SimpanPicking()
#2 C:\Users\DUTA DAYA 2\Desktop\Project_BMI\vendor\codeigniter4\framework\system\CodeIgniter.php(419): CodeIgniter\CodeIgniter->runController(Object(App\Controllers\Picking))
#3 C:\Users\DUTA DAYA 2\Desktop\Project_BMI\vendor\codeigniter4\framework\system\CodeIgniter.php(326): CodeIgniter\CodeIgniter->handleRequest(NULL, Object(Config\Cache), false)
#4 C:\Users\DUTA DAYA 2\Desktop\Project_BMI\public\index.php(37): CodeIgniter\CodeIgniter->run()
#5 C:\Users\DUTA DAYA 2\Desktop\Project_BMI\vendor\codeigniter4\framework\system\Commands\Server\rewrite.php(43): require_once('C:\\Users\\DUTA D...')
#6 {main}
CRITICAL - 2022-06-29 20:40:27 --> Undefined property: App\Controllers\Picking::$modelOrder
#0 C:\Users\DUTA DAYA 2\Desktop\Project_BMI\app\Controllers\Picking.php(349): CodeIgniter\Debug\Exceptions->errorHandler(2, 'Undefined prope...', 'C:\\Users\\DUTA D...', 349)
#1 C:\Users\DUTA DAYA 2\Desktop\Project_BMI\vendor\codeigniter4\framework\system\CodeIgniter.php(832): App\Controllers\Picking->SimpanPicking()
#2 C:\Users\DUTA DAYA 2\Desktop\Project_BMI\vendor\codeigniter4\framework\system\CodeIgniter.php(419): CodeIgniter\CodeIgniter->runController(Object(App\Controllers\Picking))
#3 C:\Users\DUTA DAYA 2\Desktop\Project_BMI\vendor\codeigniter4\framework\system\CodeIgniter.php(326): CodeIgniter\CodeIgniter->handleRequest(NULL, Object(Config\Cache), false)
#4 C:\Users\DUTA DAYA 2\Desktop\Project_BMI\public\index.php(37): CodeIgniter\CodeIgniter->run()
#5 C:\Users\DUTA DAYA 2\Desktop\Project_BMI\vendor\codeigniter4\framework\system\Commands\Server\rewrite.php(43): require_once('C:\\Users\\DUTA D...')
#6 {main}
CRITICAL - 2022-06-29 20:47:00 --> There is no data to update.
#0 C:\Users\DUTA DAYA 2\Desktop\Project_BMI\vendor\codeigniter4\framework\system\BaseModel.php(846): CodeIgniter\Database\Exceptions\DataException::forEmptyDataset('update')
#1 C:\Users\DUTA DAYA 2\Desktop\Project_BMI\vendor\codeigniter4\framework\system\Model.php(651): CodeIgniter\BaseModel->update(Array, Array)
#2 C:\Users\DUTA DAYA 2\Desktop\Project_BMI\app\Controllers\Picking.php(350): CodeIgniter\Model->update('Albert', Array)
#3 C:\Users\DUTA DAYA 2\Desktop\Project_BMI\vendor\codeigniter4\framework\system\CodeIgniter.php(832): App\Controllers\Picking->SimpanPicking()
#4 C:\Users\DUTA DAYA 2\Desktop\Project_BMI\vendor\codeigniter4\framework\system\CodeIgniter.php(419): CodeIgniter\CodeIgniter->runController(Object(App\Controllers\Picking))
#5 C:\Users\DUTA DAYA 2\Desktop\Project_BMI\vendor\codeigniter4\framework\system\CodeIgniter.php(326): CodeIgniter\CodeIgniter->handleRequest(NULL, Object(Config\Cache), false)
#6 C:\Users\DUTA DAYA 2\Desktop\Project_BMI\public\index.php(37): CodeIgniter\CodeIgniter->run()
#7 C:\Users\DUTA DAYA 2\Desktop\Project_BMI\vendor\codeigniter4\framework\system\Commands\Server\rewrite.php(43): require_once('C:\\Users\\DUTA D...')
#8 {main}
CRITICAL - 2022-06-29 20:48:28 --> There is no data to update.
#0 C:\Users\DUTA DAYA 2\Desktop\Project_BMI\vendor\codeigniter4\framework\system\BaseModel.php(846): CodeIgniter\Database\Exceptions\DataException::forEmptyDataset('update')
#1 C:\Users\DUTA DAYA 2\Desktop\Project_BMI\vendor\codeigniter4\framework\system\Model.php(651): CodeIgniter\BaseModel->update(Array, Array)
#2 C:\Users\DUTA DAYA 2\Desktop\Project_BMI\app\Controllers\Picking.php(351): CodeIgniter\Model->update('Albert', Array)
#3 C:\Users\DUTA DAYA 2\Desktop\Project_BMI\vendor\codeigniter4\framework\system\CodeIgniter.php(832): App\Controllers\Picking->SimpanPicking()
#4 C:\Users\DUTA DAYA 2\Desktop\Project_BMI\vendor\codeigniter4\framework\system\CodeIgniter.php(419): CodeIgniter\CodeIgniter->runController(Object(App\Controllers\Picking))
#5 C:\Users\DUTA DAYA 2\Desktop\Project_BMI\vendor\codeigniter4\framework\system\CodeIgniter.php(326): CodeIgniter\CodeIgniter->handleRequest(NULL, Object(Config\Cache), false)
#6 C:\Users\DUTA DAYA 2\Desktop\Project_BMI\public\index.php(37): CodeIgniter\CodeIgniter->run()
#7 C:\Users\DUTA DAYA 2\Desktop\Project_BMI\vendor\codeigniter4\framework\system\Commands\Server\rewrite.php(43): require_once('C:\\Users\\DUTA D...')
#8 {main}
CRITICAL - 2022-06-29 20:56:13 --> Undefined array key "item"
#0 C:\Users\DUTA DAYA 2\Desktop\Project_BMI\app\Views\warehouse\picking.php(43): CodeIgniter\Debug\Exceptions->errorHandler(2, 'Undefined array...', 'C:\\Users\\DUTA D...', 43)
#1 C:\Users\DUTA DAYA 2\Desktop\Project_BMI\vendor\codeigniter4\framework\system\View\View.php(210): include('C:\\Users\\DUTA D...')
#2 C:\Users\DUTA DAYA 2\Desktop\Project_BMI\vendor\codeigniter4\framework\system\View\View.php(213): CodeIgniter\View\View->CodeIgniter\View\{closure}()
#3 C:\Users\DUTA DAYA 2\Desktop\Project_BMI\vendor\codeigniter4\framework\system\Common.php(1089): CodeIgniter\View\View->render('warehouse/picki...', Array, true)
#4 C:\Users\DUTA DAYA 2\Desktop\Project_BMI\app\Controllers\Picking.php(28): view('warehouse/picki...', Array)
#5 C:\Users\DUTA DAYA 2\Desktop\Project_BMI\vendor\codeigniter4\framework\system\CodeIgniter.php(832): App\Controllers\Picking->index()
#6 C:\Users\DUTA DAYA 2\Desktop\Project_BMI\vendor\codeigniter4\framework\system\CodeIgniter.php(419): CodeIgniter\CodeIgniter->runController(Object(App\Controllers\Picking))
#7 C:\Users\DUTA DAYA 2\Desktop\Project_BMI\vendor\codeigniter4\framework\system\CodeIgniter.php(326): CodeIgniter\CodeIgniter->handleRequest(NULL, Object(Config\Cache), false)
#8 C:\Users\DUTA DAYA 2\Desktop\Project_BMI\public\index.php(37): CodeIgniter\CodeIgniter->run()
#9 C:\Users\DUTA DAYA 2\Desktop\Project_BMI\vendor\codeigniter4\framework\system\Commands\Server\rewrite.php(43): require_once('C:\\Users\\DUTA D...')
#10 {main}
CRITICAL - 2022-06-29 21:32:12 --> There is no data to update.
#0 C:\Users\DUTA DAYA 2\Desktop\Project_BMI\vendor\codeigniter4\framework\system\BaseModel.php(846): CodeIgniter\Database\Exceptions\DataException::forEmptyDataset('update')
#1 C:\Users\DUTA DAYA 2\Desktop\Project_BMI\vendor\codeigniter4\framework\system\Model.php(651): CodeIgniter\BaseModel->update(NULL, Array)
#2 C:\Users\DUTA DAYA 2\Desktop\Project_BMI\app\Controllers\Picking.php(306): CodeIgniter\Model->update(NULL, Array)
#3 C:\Users\DUTA DAYA 2\Desktop\Project_BMI\vendor\codeigniter4\framework\system\CodeIgniter.php(832): App\Controllers\Picking->ProsesPick()
#4 C:\Users\DUTA DAYA 2\Desktop\Project_BMI\vendor\codeigniter4\framework\system\CodeIgniter.php(419): CodeIgniter\CodeIgniter->runController(Object(App\Controllers\Picking))
#5 C:\Users\DUTA DAYA 2\Desktop\Project_BMI\vendor\codeigniter4\framework\system\CodeIgniter.php(326): CodeIgniter\CodeIgniter->handleRequest(NULL, Object(Config\Cache), false)
#6 C:\Users\DUTA DAYA 2\Desktop\Project_BMI\public\index.php(37): CodeIgniter\CodeIgniter->run()
#7 C:\Users\DUTA DAYA 2\Desktop\Project_BMI\vendor\codeigniter4\framework\system\Commands\Server\rewrite.php(43): require_once('C:\\Users\\DUTA D...')
#8 {main}
CRITICAL - 2022-06-29 21:53:03 --> Attempt to read property "quantity_pick" on array
#0 C:\Users\DUTA DAYA 2\Desktop\Project_BMI\app\Controllers\Picking.php(350): CodeIgniter\Debug\Exceptions->errorHandler(2, 'Attempt to read...', 'C:\\Users\\DUTA D...', 350)
#1 C:\Users\DUTA DAYA 2\Desktop\Project_BMI\vendor\codeigniter4\framework\system\CodeIgniter.php(832): App\Controllers\Picking->SimpanPicking()
#2 C:\Users\DUTA DAYA 2\Desktop\Project_BMI\vendor\codeigniter4\framework\system\CodeIgniter.php(419): CodeIgniter\CodeIgniter->runController(Object(App\Controllers\Picking))
#3 C:\Users\DUTA DAYA 2\Desktop\Project_BMI\vendor\codeigniter4\framework\system\CodeIgniter.php(326): CodeIgniter\CodeIgniter->handleRequest(NULL, Object(Config\Cache), false)
#4 C:\Users\DUTA DAYA 2\Desktop\Project_BMI\public\index.php(37): CodeIgniter\CodeIgniter->run()
#5 C:\Users\DUTA DAYA 2\Desktop\Project_BMI\vendor\codeigniter4\framework\system\Commands\Server\rewrite.php(43): require_once('C:\\Users\\DUTA D...')
#6 {main}
CRITICAL - 2022-06-29 21:53:31 --> Attempt to read property "quantity_pick" on array
#0 C:\Users\DUTA DAYA 2\Desktop\Project_BMI\app\Controllers\Picking.php(350): CodeIgniter\Debug\Exceptions->errorHandler(2, 'Attempt to read...', 'C:\\Users\\DUTA D...', 350)
#1 C:\Users\DUTA DAYA 2\Desktop\Project_BMI\vendor\codeigniter4\framework\system\CodeIgniter.php(832): App\Controllers\Picking->SimpanPicking()
#2 C:\Users\DUTA DAYA 2\Desktop\Project_BMI\vendor\codeigniter4\framework\system\CodeIgniter.php(419): CodeIgniter\CodeIgniter->runController(Object(App\Controllers\Picking))
#3 C:\Users\DUTA DAYA 2\Desktop\Project_BMI\vendor\codeigniter4\framework\system\CodeIgniter.php(326): CodeIgniter\CodeIgniter->handleRequest(NULL, Object(Config\Cache), false)
#4 C:\Users\DUTA DAYA 2\Desktop\Project_BMI\public\index.php(37): CodeIgniter\CodeIgniter->run()
#5 C:\Users\DUTA DAYA 2\Desktop\Project_BMI\vendor\codeigniter4\framework\system\Commands\Server\rewrite.php(43): require_once('C:\\Users\\DUTA D...')
#6 {main}
CRITICAL - 2022-06-29 21:54:16 --> Cannot use object of type stdClass as array
#0 C:\Users\DUTA DAYA 2\Desktop\Project_BMI\vendor\codeigniter4\framework\system\CodeIgniter.php(832): App\Controllers\Picking->SimpanPicking()
#1 C:\Users\DUTA DAYA 2\Desktop\Project_BMI\vendor\codeigniter4\framework\system\CodeIgniter.php(419): CodeIgniter\CodeIgniter->runController(Object(App\Controllers\Picking))
#2 C:\Users\DUTA DAYA 2\Desktop\Project_BMI\vendor\codeigniter4\framework\system\CodeIgniter.php(326): CodeIgniter\CodeIgniter->handleRequest(NULL, Object(Config\Cache), false)
#3 C:\Users\DUTA DAYA 2\Desktop\Project_BMI\public\index.php(37): CodeIgniter\CodeIgniter->run()
#4 C:\Users\DUTA DAYA 2\Desktop\Project_BMI\vendor\codeigniter4\framework\system\Commands\Server\rewrite.php(43): require_once('C:\\Users\\DUTA D...')
#5 {main}
