CRITICAL - 2022-07-13 09:41:04 --> Undefined variable $dataKar
#0 C:\Users\DUTA DAYA 2\Desktop\Project_BMI\app\Views\Stock\data.php(58): CodeIgniter\Debug\Exceptions->errorHandler(2, 'Undefined varia...', 'C:\\Users\\DUTA D...', 58)
#1 C:\Users\DUTA DAYA 2\Desktop\Project_BMI\vendor\codeigniter4\framework\system\View\View.php(210): include('C:\\Users\\DUTA D...')
#2 C:\Users\DUTA DAYA 2\Desktop\Project_BMI\vendor\codeigniter4\framework\system\View\View.php(213): CodeIgniter\View\View->CodeIgniter\View\{closure}()
#3 C:\Users\DUTA DAYA 2\Desktop\Project_BMI\vendor\codeigniter4\framework\system\Common.php(1089): CodeIgniter\View\View->render('Stock/data', Array, true)
#4 C:\Users\DUTA DAYA 2\Desktop\Project_BMI\app\Controllers\ProsesInvoice.php(62): view('Stock/data', Array)
#5 C:\Users\DUTA DAYA 2\Desktop\Project_BMI\vendor\codeigniter4\framework\system\CodeIgniter.php(832): App\Controllers\ProsesInvoice->data()
#6 C:\Users\DUTA DAYA 2\Desktop\Project_BMI\vendor\codeigniter4\framework\system\CodeIgniter.php(419): CodeIgniter\CodeIgniter->runController(Object(App\Controllers\ProsesInvoice))
#7 C:\Users\DUTA DAYA 2\Desktop\Project_BMI\vendor\codeigniter4\framework\system\CodeIgniter.php(326): CodeIgniter\CodeIgniter->handleRequest(NULL, Object(Config\Cache), false)
#8 C:\Users\DUTA DAYA 2\Desktop\Project_BMI\public\index.php(37): CodeIgniter\CodeIgniter->run()
#9 C:\Users\DUTA DAYA 2\Desktop\Project_BMI\vendor\codeigniter4\framework\system\Commands\Server\rewrite.php(43): require_once('C:\\Users\\DUTA D...')
#10 {main}
CRITICAL - 2022-07-13 10:23:04 --> foreach() argument must be of type array|object, null given
#0 C:\Users\DUTA DAYA 2\Desktop\Project_BMI\app\Controllers\Picking.php(281): CodeIgniter\Debug\Exceptions->errorHandler(2, 'foreach() argum...', 'C:\\Users\\DUTA D...', 281)
#1 C:\Users\DUTA DAYA 2\Desktop\Project_BMI\vendor\codeigniter4\framework\system\CodeIgniter.php(832): App\Controllers\Picking->ProsesPick()
#2 C:\Users\DUTA DAYA 2\Desktop\Project_BMI\vendor\codeigniter4\framework\system\CodeIgniter.php(419): CodeIgniter\CodeIgniter->runController(Object(App\Controllers\Picking))
#3 C:\Users\DUTA DAYA 2\Desktop\Project_BMI\vendor\codeigniter4\framework\system\CodeIgniter.php(326): CodeIgniter\CodeIgniter->handleRequest(NULL, Object(Config\Cache), false)
#4 C:\Users\DUTA DAYA 2\Desktop\Project_BMI\public\index.php(37): CodeIgniter\CodeIgniter->run()
#5 C:\Users\DUTA DAYA 2\Desktop\Project_BMI\vendor\codeigniter4\framework\system\Commands\Server\rewrite.php(43): require_once('C:\\Users\\DUTA D...')
#6 {main}
CRITICAL - 2022-07-13 10:23:38 --> foreach() argument must be of type array|object, null given
#0 C:\Users\DUTA DAYA 2\Desktop\Project_BMI\app\Controllers\Picking.php(281): CodeIgniter\Debug\Exceptions->errorHandler(2, 'foreach() argum...', 'C:\\Users\\DUTA D...', 281)
#1 C:\Users\DUTA DAYA 2\Desktop\Project_BMI\vendor\codeigniter4\framework\system\CodeIgniter.php(832): App\Controllers\Picking->ProsesPick()
#2 C:\Users\DUTA DAYA 2\Desktop\Project_BMI\vendor\codeigniter4\framework\system\CodeIgniter.php(419): CodeIgniter\CodeIgniter->runController(Object(App\Controllers\Picking))
#3 C:\Users\DUTA DAYA 2\Desktop\Project_BMI\vendor\codeigniter4\framework\system\CodeIgniter.php(326): CodeIgniter\CodeIgniter->handleRequest(NULL, Object(Config\Cache), false)
#4 C:\Users\DUTA DAYA 2\Desktop\Project_BMI\public\index.php(37): CodeIgniter\CodeIgniter->run()
#5 C:\Users\DUTA DAYA 2\Desktop\Project_BMI\vendor\codeigniter4\framework\system\Commands\Server\rewrite.php(43): require_once('C:\\Users\\DUTA D...')
#6 {main}
CRITICAL - 2022-07-13 10:25:14 --> foreach() argument must be of type array|object, null given
#0 C:\Users\DUTA DAYA 2\Desktop\Project_BMI\app\Controllers\Picking.php(282): CodeIgniter\Debug\Exceptions->errorHandler(2, 'foreach() argum...', 'C:\\Users\\DUTA D...', 282)
#1 C:\Users\DUTA DAYA 2\Desktop\Project_BMI\vendor\codeigniter4\framework\system\CodeIgniter.php(832): App\Controllers\Picking->ProsesPick()
#2 C:\Users\DUTA DAYA 2\Desktop\Project_BMI\vendor\codeigniter4\framework\system\CodeIgniter.php(419): CodeIgniter\CodeIgniter->runController(Object(App\Controllers\Picking))
#3 C:\Users\DUTA DAYA 2\Desktop\Project_BMI\vendor\codeigniter4\framework\system\CodeIgniter.php(326): CodeIgniter\CodeIgniter->handleRequest(NULL, Object(Config\Cache), false)
#4 C:\Users\DUTA DAYA 2\Desktop\Project_BMI\public\index.php(37): CodeIgniter\CodeIgniter->run()
#5 C:\Users\DUTA DAYA 2\Desktop\Project_BMI\vendor\codeigniter4\framework\system\Commands\Server\rewrite.php(43): require_once('C:\\Users\\DUTA D...')
#6 {main}
CRITICAL - 2022-07-13 10:27:11 --> count(): Argument #1 ($value) must be of type Countable|array, null given
#0 C:\Users\DUTA DAYA 2\Desktop\Project_BMI\app\Controllers\Picking.php(281): count(NULL)
#1 C:\Users\DUTA DAYA 2\Desktop\Project_BMI\vendor\codeigniter4\framework\system\CodeIgniter.php(832): App\Controllers\Picking->ProsesPick()
#2 C:\Users\DUTA DAYA 2\Desktop\Project_BMI\vendor\codeigniter4\framework\system\CodeIgniter.php(419): CodeIgniter\CodeIgniter->runController(Object(App\Controllers\Picking))
#3 C:\Users\DUTA DAYA 2\Desktop\Project_BMI\vendor\codeigniter4\framework\system\CodeIgniter.php(326): CodeIgniter\CodeIgniter->handleRequest(NULL, Object(Config\Cache), false)
#4 C:\Users\DUTA DAYA 2\Desktop\Project_BMI\public\index.php(37): CodeIgniter\CodeIgniter->run()
#5 C:\Users\DUTA DAYA 2\Desktop\Project_BMI\vendor\codeigniter4\framework\system\Commands\Server\rewrite.php(43): require_once('C:\\Users\\DUTA D...')
#6 {main}
ERROR - 2022-07-13 10:28:14 --> Operand should contain 1 column(s)
CRITICAL - 2022-07-13 10:28:14 --> Operand should contain 1 column(s)
#0 C:\Users\DUTA DAYA 2\Desktop\Project_BMI\vendor\codeigniter4\framework\system\Database\MySQLi\Connection.php(292): mysqli->query('INSERT INTO `tb...', 0)
#1 C:\Users\DUTA DAYA 2\Desktop\Project_BMI\vendor\codeigniter4\framework\system\Database\BaseConnection.php(670): CodeIgniter\Database\MySQLi\Connection->execute('INSERT INTO `tb...')
#2 C:\Users\DUTA DAYA 2\Desktop\Project_BMI\vendor\codeigniter4\framework\system\Database\BaseConnection.php(598): CodeIgniter\Database\BaseConnection->simpleQuery('INSERT INTO `tb...')
#3 C:\Users\DUTA DAYA 2\Desktop\Project_BMI\vendor\codeigniter4\framework\system\Database\BaseBuilder.php(1771): CodeIgniter\Database\BaseConnection->query('INSERT INTO `tb...', Array, false)
#4 C:\Users\DUTA DAYA 2\Desktop\Project_BMI\vendor\codeigniter4\framework\system\Model.php(239): CodeIgniter\Database\BaseBuilder->insert()
#5 C:\Users\DUTA DAYA 2\Desktop\Project_BMI\vendor\codeigniter4\framework\system\BaseModel.php(738): CodeIgniter\Model->doInsert(Array)
#6 C:\Users\DUTA DAYA 2\Desktop\Project_BMI\vendor\codeigniter4\framework\system\Model.php(625): CodeIgniter\BaseModel->insert(Array, true)
#7 C:\Users\DUTA DAYA 2\Desktop\Project_BMI\app\Controllers\Picking.php(291): CodeIgniter\Model->insert(Array)
#8 C:\Users\DUTA DAYA 2\Desktop\Project_BMI\vendor\codeigniter4\framework\system\CodeIgniter.php(832): App\Controllers\Picking->ProsesPick()
#9 C:\Users\DUTA DAYA 2\Desktop\Project_BMI\vendor\codeigniter4\framework\system\CodeIgniter.php(419): CodeIgniter\CodeIgniter->runController(Object(App\Controllers\Picking))
#10 C:\Users\DUTA DAYA 2\Desktop\Project_BMI\vendor\codeigniter4\framework\system\CodeIgniter.php(326): CodeIgniter\CodeIgniter->handleRequest(NULL, Object(Config\Cache), false)
#11 C:\Users\DUTA DAYA 2\Desktop\Project_BMI\public\index.php(37): CodeIgniter\CodeIgniter->run()
#12 C:\Users\DUTA DAYA 2\Desktop\Project_BMI\vendor\codeigniter4\framework\system\Commands\Server\rewrite.php(43): require_once('C:\\Users\\DUTA D...')
#13 {main}
CRITICAL - 2022-07-13 10:29:04 --> Trying to access array offset on value of type null
#0 C:\Users\DUTA DAYA 2\Desktop\Project_BMI\app\Controllers\Picking.php(285): CodeIgniter\Debug\Exceptions->errorHandler(2, 'Trying to acces...', 'C:\\Users\\DUTA D...', 285)
#1 C:\Users\DUTA DAYA 2\Desktop\Project_BMI\vendor\codeigniter4\framework\system\CodeIgniter.php(832): App\Controllers\Picking->ProsesPick()
#2 C:\Users\DUTA DAYA 2\Desktop\Project_BMI\vendor\codeigniter4\framework\system\CodeIgniter.php(419): CodeIgniter\CodeIgniter->runController(Object(App\Controllers\Picking))
#3 C:\Users\DUTA DAYA 2\Desktop\Project_BMI\vendor\codeigniter4\framework\system\CodeIgniter.php(326): CodeIgniter\CodeIgniter->handleRequest(NULL, Object(Config\Cache), false)
#4 C:\Users\DUTA DAYA 2\Desktop\Project_BMI\public\index.php(37): CodeIgniter\CodeIgniter->run()
#5 C:\Users\DUTA DAYA 2\Desktop\Project_BMI\vendor\codeigniter4\framework\system\Commands\Server\rewrite.php(43): require_once('C:\\Users\\DUTA D...')
#6 {main}
ERROR - 2022-07-13 10:30:00 --> Operand should contain 1 column(s)
CRITICAL - 2022-07-13 10:30:00 --> Operand should contain 1 column(s)
#0 C:\Users\DUTA DAYA 2\Desktop\Project_BMI\vendor\codeigniter4\framework\system\Database\MySQLi\Connection.php(292): mysqli->query('INSERT INTO `tb...', 0)
#1 C:\Users\DUTA DAYA 2\Desktop\Project_BMI\vendor\codeigniter4\framework\system\Database\BaseConnection.php(670): CodeIgniter\Database\MySQLi\Connection->execute('INSERT INTO `tb...')
#2 C:\Users\DUTA DAYA 2\Desktop\Project_BMI\vendor\codeigniter4\framework\system\Database\BaseConnection.php(598): CodeIgniter\Database\BaseConnection->simpleQuery('INSERT INTO `tb...')
#3 C:\Users\DUTA DAYA 2\Desktop\Project_BMI\vendor\codeigniter4\framework\system\Database\BaseBuilder.php(1771): CodeIgniter\Database\BaseConnection->query('INSERT INTO `tb...', Array, false)
#4 C:\Users\DUTA DAYA 2\Desktop\Project_BMI\vendor\codeigniter4\framework\system\Model.php(239): CodeIgniter\Database\BaseBuilder->insert()
#5 C:\Users\DUTA DAYA 2\Desktop\Project_BMI\vendor\codeigniter4\framework\system\BaseModel.php(738): CodeIgniter\Model->doInsert(Array)
#6 C:\Users\DUTA DAYA 2\Desktop\Project_BMI\vendor\codeigniter4\framework\system\Model.php(625): CodeIgniter\BaseModel->insert(Array, true)
#7 C:\Users\DUTA DAYA 2\Desktop\Project_BMI\app\Controllers\Picking.php(291): CodeIgniter\Model->insert(Array)
#8 C:\Users\DUTA DAYA 2\Desktop\Project_BMI\vendor\codeigniter4\framework\system\CodeIgniter.php(832): App\Controllers\Picking->ProsesPick()
#9 C:\Users\DUTA DAYA 2\Desktop\Project_BMI\vendor\codeigniter4\framework\system\CodeIgniter.php(419): CodeIgniter\CodeIgniter->runController(Object(App\Controllers\Picking))
#10 C:\Users\DUTA DAYA 2\Desktop\Project_BMI\vendor\codeigniter4\framework\system\CodeIgniter.php(326): CodeIgniter\CodeIgniter->handleRequest(NULL, Object(Config\Cache), false)
#11 C:\Users\DUTA DAYA 2\Desktop\Project_BMI\public\index.php(37): CodeIgniter\CodeIgniter->run()
#12 C:\Users\DUTA DAYA 2\Desktop\Project_BMI\vendor\codeigniter4\framework\system\Commands\Server\rewrite.php(43): require_once('C:\\Users\\DUTA D...')
#13 {main}
CRITICAL - 2022-07-13 10:44:52 --> foreach() argument must be of type array|object, null given
#0 C:\Users\DUTA DAYA 2\Desktop\Project_BMI\app\Controllers\Picking.php(282): CodeIgniter\Debug\Exceptions->errorHandler(2, 'foreach() argum...', 'C:\\Users\\DUTA D...', 282)
#1 C:\Users\DUTA DAYA 2\Desktop\Project_BMI\vendor\codeigniter4\framework\system\CodeIgniter.php(832): App\Controllers\Picking->ProsesPick()
#2 C:\Users\DUTA DAYA 2\Desktop\Project_BMI\vendor\codeigniter4\framework\system\CodeIgniter.php(419): CodeIgniter\CodeIgniter->runController(Object(App\Controllers\Picking))
#3 C:\Users\DUTA DAYA 2\Desktop\Project_BMI\vendor\codeigniter4\framework\system\CodeIgniter.php(326): CodeIgniter\CodeIgniter->handleRequest(NULL, Object(Config\Cache), false)
#4 C:\Users\DUTA DAYA 2\Desktop\Project_BMI\public\index.php(37): CodeIgniter\CodeIgniter->run()
#5 C:\Users\DUTA DAYA 2\Desktop\Project_BMI\vendor\codeigniter4\framework\system\Commands\Server\rewrite.php(43): require_once('C:\\Users\\DUTA D...')
#6 {main}
CRITICAL - 2022-07-13 10:45:44 --> foreach() argument must be of type array|object, null given
#0 C:\Users\DUTA DAYA 2\Desktop\Project_BMI\app\Controllers\Picking.php(282): CodeIgniter\Debug\Exceptions->errorHandler(2, 'foreach() argum...', 'C:\\Users\\DUTA D...', 282)
#1 C:\Users\DUTA DAYA 2\Desktop\Project_BMI\vendor\codeigniter4\framework\system\CodeIgniter.php(832): App\Controllers\Picking->ProsesPick()
#2 C:\Users\DUTA DAYA 2\Desktop\Project_BMI\vendor\codeigniter4\framework\system\CodeIgniter.php(419): CodeIgniter\CodeIgniter->runController(Object(App\Controllers\Picking))
#3 C:\Users\DUTA DAYA 2\Desktop\Project_BMI\vendor\codeigniter4\framework\system\CodeIgniter.php(326): CodeIgniter\CodeIgniter->handleRequest(NULL, Object(Config\Cache), false)
#4 C:\Users\DUTA DAYA 2\Desktop\Project_BMI\public\index.php(37): CodeIgniter\CodeIgniter->run()
#5 C:\Users\DUTA DAYA 2\Desktop\Project_BMI\vendor\codeigniter4\framework\system\Commands\Server\rewrite.php(43): require_once('C:\\Users\\DUTA D...')
#6 {main}
CRITICAL - 2022-07-13 10:48:55 --> count(): Argument #1 ($value) must be of type Countable|array, null given
#0 C:\Users\DUTA DAYA 2\Desktop\Project_BMI\app\Controllers\Picking.php(282): count(NULL)
#1 C:\Users\DUTA DAYA 2\Desktop\Project_BMI\vendor\codeigniter4\framework\system\CodeIgniter.php(832): App\Controllers\Picking->ProsesPick()
#2 C:\Users\DUTA DAYA 2\Desktop\Project_BMI\vendor\codeigniter4\framework\system\CodeIgniter.php(419): CodeIgniter\CodeIgniter->runController(Object(App\Controllers\Picking))
#3 C:\Users\DUTA DAYA 2\Desktop\Project_BMI\vendor\codeigniter4\framework\system\CodeIgniter.php(326): CodeIgniter\CodeIgniter->handleRequest(NULL, Object(Config\Cache), false)
#4 C:\Users\DUTA DAYA 2\Desktop\Project_BMI\public\index.php(37): CodeIgniter\CodeIgniter->run()
#5 C:\Users\DUTA DAYA 2\Desktop\Project_BMI\vendor\codeigniter4\framework\system\Commands\Server\rewrite.php(43): require_once('C:\\Users\\DUTA D...')
#6 {main}
ERROR - 2022-07-13 10:49:28 --> Operand should contain 1 column(s)
CRITICAL - 2022-07-13 10:49:28 --> Operand should contain 1 column(s)
#0 C:\Users\DUTA DAYA 2\Desktop\Project_BMI\vendor\codeigniter4\framework\system\Database\MySQLi\Connection.php(292): mysqli->query('INSERT INTO `tb...', 0)
#1 C:\Users\DUTA DAYA 2\Desktop\Project_BMI\vendor\codeigniter4\framework\system\Database\BaseConnection.php(670): CodeIgniter\Database\MySQLi\Connection->execute('INSERT INTO `tb...')
#2 C:\Users\DUTA DAYA 2\Desktop\Project_BMI\vendor\codeigniter4\framework\system\Database\BaseConnection.php(598): CodeIgniter\Database\BaseConnection->simpleQuery('INSERT INTO `tb...')
#3 C:\Users\DUTA DAYA 2\Desktop\Project_BMI\vendor\codeigniter4\framework\system\Database\BaseBuilder.php(1771): CodeIgniter\Database\BaseConnection->query('INSERT INTO `tb...', Array, false)
#4 C:\Users\DUTA DAYA 2\Desktop\Project_BMI\vendor\codeigniter4\framework\system\Model.php(239): CodeIgniter\Database\BaseBuilder->insert()
#5 C:\Users\DUTA DAYA 2\Desktop\Project_BMI\vendor\codeigniter4\framework\system\BaseModel.php(738): CodeIgniter\Model->doInsert(Array)
#6 C:\Users\DUTA DAYA 2\Desktop\Project_BMI\vendor\codeigniter4\framework\system\Model.php(625): CodeIgniter\BaseModel->insert(Array, true)
#7 C:\Users\DUTA DAYA 2\Desktop\Project_BMI\app\Controllers\Picking.php(291): CodeIgniter\Model->insert(Array)
#8 C:\Users\DUTA DAYA 2\Desktop\Project_BMI\vendor\codeigniter4\framework\system\CodeIgniter.php(832): App\Controllers\Picking->ProsesPick()
#9 C:\Users\DUTA DAYA 2\Desktop\Project_BMI\vendor\codeigniter4\framework\system\CodeIgniter.php(419): CodeIgniter\CodeIgniter->runController(Object(App\Controllers\Picking))
#10 C:\Users\DUTA DAYA 2\Desktop\Project_BMI\vendor\codeigniter4\framework\system\CodeIgniter.php(326): CodeIgniter\CodeIgniter->handleRequest(NULL, Object(Config\Cache), false)
#11 C:\Users\DUTA DAYA 2\Desktop\Project_BMI\public\index.php(37): CodeIgniter\CodeIgniter->run()
#12 C:\Users\DUTA DAYA 2\Desktop\Project_BMI\vendor\codeigniter4\framework\system\Commands\Server\rewrite.php(43): require_once('C:\\Users\\DUTA D...')
#13 {main}
ERROR - 2022-07-13 20:36:02 --> Operand should contain 1 column(s)
CRITICAL - 2022-07-13 20:36:02 --> Operand should contain 1 column(s)
#0 C:\Users\DUTA DAYA 2\Desktop\Project_BMI\vendor\codeigniter4\framework\system\Database\MySQLi\Connection.php(292): mysqli->query('INSERT INTO `tb...', 0)
#1 C:\Users\DUTA DAYA 2\Desktop\Project_BMI\vendor\codeigniter4\framework\system\Database\BaseConnection.php(670): CodeIgniter\Database\MySQLi\Connection->execute('INSERT INTO `tb...')
#2 C:\Users\DUTA DAYA 2\Desktop\Project_BMI\vendor\codeigniter4\framework\system\Database\BaseConnection.php(598): CodeIgniter\Database\BaseConnection->simpleQuery('INSERT INTO `tb...')
#3 C:\Users\DUTA DAYA 2\Desktop\Project_BMI\vendor\codeigniter4\framework\system\Database\BaseBuilder.php(1771): CodeIgniter\Database\BaseConnection->query('INSERT INTO `tb...', Array, false)
#4 C:\Users\DUTA DAYA 2\Desktop\Project_BMI\vendor\codeigniter4\framework\system\Model.php(239): CodeIgniter\Database\BaseBuilder->insert()
#5 C:\Users\DUTA DAYA 2\Desktop\Project_BMI\vendor\codeigniter4\framework\system\BaseModel.php(738): CodeIgniter\Model->doInsert(Array)
#6 C:\Users\DUTA DAYA 2\Desktop\Project_BMI\vendor\codeigniter4\framework\system\Model.php(625): CodeIgniter\BaseModel->insert(Array, true)
#7 C:\Users\DUTA DAYA 2\Desktop\Project_BMI\app\Controllers\Picking.php(291): CodeIgniter\Model->insert(Array)
#8 C:\Users\DUTA DAYA 2\Desktop\Project_BMI\vendor\codeigniter4\framework\system\CodeIgniter.php(832): App\Controllers\Picking->ProsesPick()
#9 C:\Users\DUTA DAYA 2\Desktop\Project_BMI\vendor\codeigniter4\framework\system\CodeIgniter.php(419): CodeIgniter\CodeIgniter->runController(Object(App\Controllers\Picking))
#10 C:\Users\DUTA DAYA 2\Desktop\Project_BMI\vendor\codeigniter4\framework\system\CodeIgniter.php(326): CodeIgniter\CodeIgniter->handleRequest(NULL, Object(Config\Cache), false)
#11 C:\Users\DUTA DAYA 2\Desktop\Project_BMI\public\index.php(37): CodeIgniter\CodeIgniter->run()
#12 C:\Users\DUTA DAYA 2\Desktop\Project_BMI\vendor\codeigniter4\framework\system\Commands\Server\rewrite.php(43): require_once('C:\\Users\\DUTA D...')
#13 {main}
CRITICAL - 2022-07-13 20:37:20 --> Trying to access array offset on value of type null
#0 C:\Users\DUTA DAYA 2\Desktop\Project_BMI\app\Controllers\Picking.php(286): CodeIgniter\Debug\Exceptions->errorHandler(2, 'Trying to acces...', 'C:\\Users\\DUTA D...', 286)
#1 C:\Users\DUTA DAYA 2\Desktop\Project_BMI\vendor\codeigniter4\framework\system\CodeIgniter.php(832): App\Controllers\Picking->ProsesPick()
#2 C:\Users\DUTA DAYA 2\Desktop\Project_BMI\vendor\codeigniter4\framework\system\CodeIgniter.php(419): CodeIgniter\CodeIgniter->runController(Object(App\Controllers\Picking))
#3 C:\Users\DUTA DAYA 2\Desktop\Project_BMI\vendor\codeigniter4\framework\system\CodeIgniter.php(326): CodeIgniter\CodeIgniter->handleRequest(NULL, Object(Config\Cache), false)
#4 C:\Users\DUTA DAYA 2\Desktop\Project_BMI\public\index.php(37): CodeIgniter\CodeIgniter->run()
#5 C:\Users\DUTA DAYA 2\Desktop\Project_BMI\vendor\codeigniter4\framework\system\Commands\Server\rewrite.php(43): require_once('C:\\Users\\DUTA D...')
#6 {main}
CRITICAL - 2022-07-13 20:39:09 --> Trying to access array offset on value of type null
#0 C:\Users\DUTA DAYA 2\Desktop\Project_BMI\app\Controllers\Picking.php(286): CodeIgniter\Debug\Exceptions->errorHandler(2, 'Trying to acces...', 'C:\\Users\\DUTA D...', 286)
#1 C:\Users\DUTA DAYA 2\Desktop\Project_BMI\vendor\codeigniter4\framework\system\CodeIgniter.php(832): App\Controllers\Picking->ProsesPick()
#2 C:\Users\DUTA DAYA 2\Desktop\Project_BMI\vendor\codeigniter4\framework\system\CodeIgniter.php(419): CodeIgniter\CodeIgniter->runController(Object(App\Controllers\Picking))
#3 C:\Users\DUTA DAYA 2\Desktop\Project_BMI\vendor\codeigniter4\framework\system\CodeIgniter.php(326): CodeIgniter\CodeIgniter->handleRequest(NULL, Object(Config\Cache), false)
#4 C:\Users\DUTA DAYA 2\Desktop\Project_BMI\public\index.php(37): CodeIgniter\CodeIgniter->run()
#5 C:\Users\DUTA DAYA 2\Desktop\Project_BMI\vendor\codeigniter4\framework\system\Commands\Server\rewrite.php(43): require_once('C:\\Users\\DUTA D...')
#6 {main}
CRITICAL - 2022-07-13 20:39:54 --> count(): Argument #1 ($value) must be of type Countable|array, null given
#0 C:\Users\DUTA DAYA 2\Desktop\Project_BMI\app\Controllers\Picking.php(282): count(NULL)
#1 C:\Users\DUTA DAYA 2\Desktop\Project_BMI\vendor\codeigniter4\framework\system\CodeIgniter.php(832): App\Controllers\Picking->ProsesPick()
#2 C:\Users\DUTA DAYA 2\Desktop\Project_BMI\vendor\codeigniter4\framework\system\CodeIgniter.php(419): CodeIgniter\CodeIgniter->runController(Object(App\Controllers\Picking))
#3 C:\Users\DUTA DAYA 2\Desktop\Project_BMI\vendor\codeigniter4\framework\system\CodeIgniter.php(326): CodeIgniter\CodeIgniter->handleRequest(NULL, Object(Config\Cache), false)
#4 C:\Users\DUTA DAYA 2\Desktop\Project_BMI\public\index.php(37): CodeIgniter\CodeIgniter->run()
#5 C:\Users\DUTA DAYA 2\Desktop\Project_BMI\vendor\codeigniter4\framework\system\Commands\Server\rewrite.php(43): require_once('C:\\Users\\DUTA D...')
#6 {main}
CRITICAL - 2022-07-13 20:41:08 --> count(): Argument #1 ($value) must be of type Countable|array, null given
#0 C:\Users\DUTA DAYA 2\Desktop\Project_BMI\app\Controllers\Picking.php(282): count(NULL)
#1 C:\Users\DUTA DAYA 2\Desktop\Project_BMI\vendor\codeigniter4\framework\system\CodeIgniter.php(832): App\Controllers\Picking->ProsesPick()
#2 C:\Users\DUTA DAYA 2\Desktop\Project_BMI\vendor\codeigniter4\framework\system\CodeIgniter.php(419): CodeIgniter\CodeIgniter->runController(Object(App\Controllers\Picking))
#3 C:\Users\DUTA DAYA 2\Desktop\Project_BMI\vendor\codeigniter4\framework\system\CodeIgniter.php(326): CodeIgniter\CodeIgniter->handleRequest(NULL, Object(Config\Cache), false)
#4 C:\Users\DUTA DAYA 2\Desktop\Project_BMI\public\index.php(37): CodeIgniter\CodeIgniter->run()
#5 C:\Users\DUTA DAYA 2\Desktop\Project_BMI\vendor\codeigniter4\framework\system\Commands\Server\rewrite.php(43): require_once('C:\\Users\\DUTA D...')
#6 {main}
CRITICAL - 2022-07-13 20:42:39 --> count(): Argument #1 ($value) must be of type Countable|array, null given
#0 C:\Users\DUTA DAYA 2\Desktop\Project_BMI\app\Controllers\Picking.php(282): count(NULL)
#1 C:\Users\DUTA DAYA 2\Desktop\Project_BMI\vendor\codeigniter4\framework\system\CodeIgniter.php(832): App\Controllers\Picking->ProsesPick()
#2 C:\Users\DUTA DAYA 2\Desktop\Project_BMI\vendor\codeigniter4\framework\system\CodeIgniter.php(419): CodeIgniter\CodeIgniter->runController(Object(App\Controllers\Picking))
#3 C:\Users\DUTA DAYA 2\Desktop\Project_BMI\vendor\codeigniter4\framework\system\CodeIgniter.php(326): CodeIgniter\CodeIgniter->handleRequest(NULL, Object(Config\Cache), false)
#4 C:\Users\DUTA DAYA 2\Desktop\Project_BMI\public\index.php(37): CodeIgniter\CodeIgniter->run()
#5 C:\Users\DUTA DAYA 2\Desktop\Project_BMI\vendor\codeigniter4\framework\system\Commands\Server\rewrite.php(43): require_once('C:\\Users\\DUTA D...')
#6 {main}
CRITICAL - 2022-07-13 20:44:11 --> Trying to access array offset on value of type null
#0 C:\Users\DUTA DAYA 2\Desktop\Project_BMI\app\Controllers\Picking.php(286): CodeIgniter\Debug\Exceptions->errorHandler(2, 'Trying to acces...', 'C:\\Users\\DUTA D...', 286)
#1 C:\Users\DUTA DAYA 2\Desktop\Project_BMI\vendor\codeigniter4\framework\system\CodeIgniter.php(832): App\Controllers\Picking->ProsesPick()
#2 C:\Users\DUTA DAYA 2\Desktop\Project_BMI\vendor\codeigniter4\framework\system\CodeIgniter.php(419): CodeIgniter\CodeIgniter->runController(Object(App\Controllers\Picking))
#3 C:\Users\DUTA DAYA 2\Desktop\Project_BMI\vendor\codeigniter4\framework\system\CodeIgniter.php(326): CodeIgniter\CodeIgniter->handleRequest(NULL, Object(Config\Cache), false)
#4 C:\Users\DUTA DAYA 2\Desktop\Project_BMI\public\index.php(37): CodeIgniter\CodeIgniter->run()
#5 C:\Users\DUTA DAYA 2\Desktop\Project_BMI\vendor\codeigniter4\framework\system\Commands\Server\rewrite.php(43): require_once('C:\\Users\\DUTA D...')
#6 {main}
CRITICAL - 2022-07-13 20:44:47 --> Trying to access array offset on value of type null
#0 C:\Users\DUTA DAYA 2\Desktop\Project_BMI\app\Controllers\Picking.php(286): CodeIgniter\Debug\Exceptions->errorHandler(2, 'Trying to acces...', 'C:\\Users\\DUTA D...', 286)
#1 C:\Users\DUTA DAYA 2\Desktop\Project_BMI\vendor\codeigniter4\framework\system\CodeIgniter.php(832): App\Controllers\Picking->ProsesPick()
#2 C:\Users\DUTA DAYA 2\Desktop\Project_BMI\vendor\codeigniter4\framework\system\CodeIgniter.php(419): CodeIgniter\CodeIgniter->runController(Object(App\Controllers\Picking))
#3 C:\Users\DUTA DAYA 2\Desktop\Project_BMI\vendor\codeigniter4\framework\system\CodeIgniter.php(326): CodeIgniter\CodeIgniter->handleRequest(NULL, Object(Config\Cache), false)
#4 C:\Users\DUTA DAYA 2\Desktop\Project_BMI\public\index.php(37): CodeIgniter\CodeIgniter->run()
#5 C:\Users\DUTA DAYA 2\Desktop\Project_BMI\vendor\codeigniter4\framework\system\Commands\Server\rewrite.php(43): require_once('C:\\Users\\DUTA D...')
#6 {main}
ERROR - 2022-07-13 21:04:40 --> Unknown column 'tbl_invoice.status' in 'on clause'
CRITICAL - 2022-07-13 21:04:40 --> Unknown column 'tbl_invoice.status' in 'on clause'
#0 C:\Users\DUTA DAYA 2\Desktop\Project_BMI\vendor\codeigniter4\framework\system\Database\MySQLi\Connection.php(292): mysqli->query('SELECT *\nFROM `...', 0)
#1 C:\Users\DUTA DAYA 2\Desktop\Project_BMI\vendor\codeigniter4\framework\system\Database\BaseConnection.php(670): CodeIgniter\Database\MySQLi\Connection->execute('SELECT *\nFROM `...')
#2 C:\Users\DUTA DAYA 2\Desktop\Project_BMI\vendor\codeigniter4\framework\system\Database\BaseConnection.php(598): CodeIgniter\Database\BaseConnection->simpleQuery('SELECT *\nFROM `...')
#3 C:\Users\DUTA DAYA 2\Desktop\Project_BMI\vendor\codeigniter4\framework\system\Database\BaseBuilder.php(1455): CodeIgniter\Database\BaseConnection->query('SELECT *\nFROM `...', Array, false)
#4 C:\Users\DUTA DAYA 2\Desktop\Project_BMI\vendor\codeigniter4\framework\system\Model.php(728): CodeIgniter\Database\BaseBuilder->get()
#5 C:\Users\DUTA DAYA 2\Desktop\Project_BMI\app\Models\PickingModel.php(16): CodeIgniter\Model->__call('get', Array)
#6 C:\Users\DUTA DAYA 2\Desktop\Project_BMI\app\Controllers\ProsesInvoice.php(61): App\Models\PickingModel->tampilData()
#7 C:\Users\DUTA DAYA 2\Desktop\Project_BMI\vendor\codeigniter4\framework\system\CodeIgniter.php(832): App\Controllers\ProsesInvoice->data()
#8 C:\Users\DUTA DAYA 2\Desktop\Project_BMI\vendor\codeigniter4\framework\system\CodeIgniter.php(419): CodeIgniter\CodeIgniter->runController(Object(App\Controllers\ProsesInvoice))
#9 C:\Users\DUTA DAYA 2\Desktop\Project_BMI\vendor\codeigniter4\framework\system\CodeIgniter.php(326): CodeIgniter\CodeIgniter->handleRequest(NULL, Object(Config\Cache), false)
#10 C:\Users\DUTA DAYA 2\Desktop\Project_BMI\public\index.php(37): CodeIgniter\CodeIgniter->run()
#11 C:\Users\DUTA DAYA 2\Desktop\Project_BMI\vendor\codeigniter4\framework\system\Commands\Server\rewrite.php(43): require_once('C:\\Users\\DUTA D...')
#12 {main}
ERROR - 2022-07-13 21:07:26 --> Duplicate entry '100' for key 'PRIMARY'
CRITICAL - 2022-07-13 21:07:26 --> Duplicate entry '100' for key 'PRIMARY'
#0 C:\Users\DUTA DAYA 2\Desktop\Project_BMI\vendor\codeigniter4\framework\system\Database\MySQLi\Connection.php(292): mysqli->query('INSERT INTO `tb...', 0)
#1 C:\Users\DUTA DAYA 2\Desktop\Project_BMI\vendor\codeigniter4\framework\system\Database\BaseConnection.php(670): CodeIgniter\Database\MySQLi\Connection->execute('INSERT INTO `tb...')
#2 C:\Users\DUTA DAYA 2\Desktop\Project_BMI\vendor\codeigniter4\framework\system\Database\BaseConnection.php(598): CodeIgniter\Database\BaseConnection->simpleQuery('INSERT INTO `tb...')
#3 C:\Users\DUTA DAYA 2\Desktop\Project_BMI\vendor\codeigniter4\framework\system\Database\BaseBuilder.php(1771): CodeIgniter\Database\BaseConnection->query('INSERT INTO `tb...', Array, false)
#4 C:\Users\DUTA DAYA 2\Desktop\Project_BMI\vendor\codeigniter4\framework\system\Model.php(239): CodeIgniter\Database\BaseBuilder->insert()
#5 C:\Users\DUTA DAYA 2\Desktop\Project_BMI\vendor\codeigniter4\framework\system\BaseModel.php(738): CodeIgniter\Model->doInsert(Array)
#6 C:\Users\DUTA DAYA 2\Desktop\Project_BMI\vendor\codeigniter4\framework\system\Model.php(625): CodeIgniter\BaseModel->insert(Array, true)
#7 C:\Users\DUTA DAYA 2\Desktop\Project_BMI\app\Controllers\Picking.php(368): CodeIgniter\Model->insert(Array)
#8 C:\Users\DUTA DAYA 2\Desktop\Project_BMI\vendor\codeigniter4\framework\system\CodeIgniter.php(832): App\Controllers\Picking->refresh()
#9 C:\Users\DUTA DAYA 2\Desktop\Project_BMI\vendor\codeigniter4\framework\system\CodeIgniter.php(419): CodeIgniter\CodeIgniter->runController(Object(App\Controllers\Picking))
#10 C:\Users\DUTA DAYA 2\Desktop\Project_BMI\vendor\codeigniter4\framework\system\CodeIgniter.php(326): CodeIgniter\CodeIgniter->handleRequest(NULL, Object(Config\Cache), false)
#11 C:\Users\DUTA DAYA 2\Desktop\Project_BMI\public\index.php(37): CodeIgniter\CodeIgniter->run()
#12 C:\Users\DUTA DAYA 2\Desktop\Project_BMI\vendor\codeigniter4\framework\system\Commands\Server\rewrite.php(43): require_once('C:\\Users\\DUTA D...')
#13 {main}
CRITICAL - 2022-07-13 21:07:55 --> Undefined array key "jumlah"
#0 C:\Users\DUTA DAYA 2\Desktop\Project_BMI\app\Views\Stock\data.php(47): CodeIgniter\Debug\Exceptions->errorHandler(2, 'Undefined array...', 'C:\\Users\\DUTA D...', 47)
#1 C:\Users\DUTA DAYA 2\Desktop\Project_BMI\vendor\codeigniter4\framework\system\View\View.php(210): include('C:\\Users\\DUTA D...')
#2 C:\Users\DUTA DAYA 2\Desktop\Project_BMI\vendor\codeigniter4\framework\system\View\View.php(213): CodeIgniter\View\View->CodeIgniter\View\{closure}()
#3 C:\Users\DUTA DAYA 2\Desktop\Project_BMI\vendor\codeigniter4\framework\system\Common.php(1089): CodeIgniter\View\View->render('Stock/data', Array, true)
#4 C:\Users\DUTA DAYA 2\Desktop\Project_BMI\app\Controllers\ProsesInvoice.php(64): view('Stock/data', Array)
#5 C:\Users\DUTA DAYA 2\Desktop\Project_BMI\vendor\codeigniter4\framework\system\CodeIgniter.php(832): App\Controllers\ProsesInvoice->data()
#6 C:\Users\DUTA DAYA 2\Desktop\Project_BMI\vendor\codeigniter4\framework\system\CodeIgniter.php(419): CodeIgniter\CodeIgniter->runController(Object(App\Controllers\ProsesInvoice))
#7 C:\Users\DUTA DAYA 2\Desktop\Project_BMI\vendor\codeigniter4\framework\system\CodeIgniter.php(326): CodeIgniter\CodeIgniter->handleRequest(NULL, Object(Config\Cache), false)
#8 C:\Users\DUTA DAYA 2\Desktop\Project_BMI\public\index.php(37): CodeIgniter\CodeIgniter->run()
#9 C:\Users\DUTA DAYA 2\Desktop\Project_BMI\vendor\codeigniter4\framework\system\Commands\Server\rewrite.php(43): require_once('C:\\Users\\DUTA D...')
#10 {main}
CRITICAL - 2022-07-13 21:08:10 --> Undefined array key "jumlah"
#0 C:\Users\DUTA DAYA 2\Desktop\Project_BMI\app\Views\Stock\data.php(61): CodeIgniter\Debug\Exceptions->errorHandler(2, 'Undefined array...', 'C:\\Users\\DUTA D...', 61)
#1 C:\Users\DUTA DAYA 2\Desktop\Project_BMI\vendor\codeigniter4\framework\system\View\View.php(210): include('C:\\Users\\DUTA D...')
#2 C:\Users\DUTA DAYA 2\Desktop\Project_BMI\vendor\codeigniter4\framework\system\View\View.php(213): CodeIgniter\View\View->CodeIgniter\View\{closure}()
#3 C:\Users\DUTA DAYA 2\Desktop\Project_BMI\vendor\codeigniter4\framework\system\Common.php(1089): CodeIgniter\View\View->render('Stock/data', Array, true)
#4 C:\Users\DUTA DAYA 2\Desktop\Project_BMI\app\Controllers\ProsesInvoice.php(64): view('Stock/data', Array)
#5 C:\Users\DUTA DAYA 2\Desktop\Project_BMI\vendor\codeigniter4\framework\system\CodeIgniter.php(832): App\Controllers\ProsesInvoice->data()
#6 C:\Users\DUTA DAYA 2\Desktop\Project_BMI\vendor\codeigniter4\framework\system\CodeIgniter.php(419): CodeIgniter\CodeIgniter->runController(Object(App\Controllers\ProsesInvoice))
#7 C:\Users\DUTA DAYA 2\Desktop\Project_BMI\vendor\codeigniter4\framework\system\CodeIgniter.php(326): CodeIgniter\CodeIgniter->handleRequest(NULL, Object(Config\Cache), false)
#8 C:\Users\DUTA DAYA 2\Desktop\Project_BMI\public\index.php(37): CodeIgniter\CodeIgniter->run()
#9 C:\Users\DUTA DAYA 2\Desktop\Project_BMI\vendor\codeigniter4\framework\system\Commands\Server\rewrite.php(43): require_once('C:\\Users\\DUTA D...')
#10 {main}
ERROR - 2022-07-13 21:28:36 --> Duplicate entry '100' for key 'PRIMARY'
CRITICAL - 2022-07-13 21:28:36 --> Duplicate entry '100' for key 'PRIMARY'
#0 C:\Users\DUTA DAYA 2\Desktop\Project_BMI\vendor\codeigniter4\framework\system\Database\MySQLi\Connection.php(292): mysqli->query('INSERT INTO `tb...', 0)
#1 C:\Users\DUTA DAYA 2\Desktop\Project_BMI\vendor\codeigniter4\framework\system\Database\BaseConnection.php(670): CodeIgniter\Database\MySQLi\Connection->execute('INSERT INTO `tb...')
#2 C:\Users\DUTA DAYA 2\Desktop\Project_BMI\vendor\codeigniter4\framework\system\Database\BaseConnection.php(598): CodeIgniter\Database\BaseConnection->simpleQuery('INSERT INTO `tb...')
#3 C:\Users\DUTA DAYA 2\Desktop\Project_BMI\vendor\codeigniter4\framework\system\Database\BaseBuilder.php(1771): CodeIgniter\Database\BaseConnection->query('INSERT INTO `tb...', Array, false)
#4 C:\Users\DUTA DAYA 2\Desktop\Project_BMI\vendor\codeigniter4\framework\system\Model.php(239): CodeIgniter\Database\BaseBuilder->insert()
#5 C:\Users\DUTA DAYA 2\Desktop\Project_BMI\vendor\codeigniter4\framework\system\BaseModel.php(738): CodeIgniter\Model->doInsert(Array)
#6 C:\Users\DUTA DAYA 2\Desktop\Project_BMI\vendor\codeigniter4\framework\system\Model.php(625): CodeIgniter\BaseModel->insert(Array, true)
#7 C:\Users\DUTA DAYA 2\Desktop\Project_BMI\app\Controllers\Picking.php(385): CodeIgniter\Model->insert(Array)
#8 C:\Users\DUTA DAYA 2\Desktop\Project_BMI\vendor\codeigniter4\framework\system\CodeIgniter.php(832): App\Controllers\Picking->refresh()
#9 C:\Users\DUTA DAYA 2\Desktop\Project_BMI\vendor\codeigniter4\framework\system\CodeIgniter.php(419): CodeIgniter\CodeIgniter->runController(Object(App\Controllers\Picking))
#10 C:\Users\DUTA DAYA 2\Desktop\Project_BMI\vendor\codeigniter4\framework\system\CodeIgniter.php(326): CodeIgniter\CodeIgniter->handleRequest(NULL, Object(Config\Cache), false)
#11 C:\Users\DUTA DAYA 2\Desktop\Project_BMI\public\index.php(37): CodeIgniter\CodeIgniter->run()
#12 C:\Users\DUTA DAYA 2\Desktop\Project_BMI\vendor\codeigniter4\framework\system\Commands\Server\rewrite.php(43): require_once('C:\\Users\\DUTA D...')
#13 {main}
ERROR - 2022-07-13 21:28:41 --> Duplicate entry '100' for key 'PRIMARY'
CRITICAL - 2022-07-13 21:28:41 --> Duplicate entry '100' for key 'PRIMARY'
#0 C:\Users\DUTA DAYA 2\Desktop\Project_BMI\vendor\codeigniter4\framework\system\Database\MySQLi\Connection.php(292): mysqli->query('INSERT INTO `tb...', 0)
#1 C:\Users\DUTA DAYA 2\Desktop\Project_BMI\vendor\codeigniter4\framework\system\Database\BaseConnection.php(670): CodeIgniter\Database\MySQLi\Connection->execute('INSERT INTO `tb...')
#2 C:\Users\DUTA DAYA 2\Desktop\Project_BMI\vendor\codeigniter4\framework\system\Database\BaseConnection.php(598): CodeIgniter\Database\BaseConnection->simpleQuery('INSERT INTO `tb...')
#3 C:\Users\DUTA DAYA 2\Desktop\Project_BMI\vendor\codeigniter4\framework\system\Database\BaseBuilder.php(1771): CodeIgniter\Database\BaseConnection->query('INSERT INTO `tb...', Array, false)
#4 C:\Users\DUTA DAYA 2\Desktop\Project_BMI\vendor\codeigniter4\framework\system\Model.php(239): CodeIgniter\Database\BaseBuilder->insert()
#5 C:\Users\DUTA DAYA 2\Desktop\Project_BMI\vendor\codeigniter4\framework\system\BaseModel.php(738): CodeIgniter\Model->doInsert(Array)
#6 C:\Users\DUTA DAYA 2\Desktop\Project_BMI\vendor\codeigniter4\framework\system\Model.php(625): CodeIgniter\BaseModel->insert(Array, true)
#7 C:\Users\DUTA DAYA 2\Desktop\Project_BMI\app\Controllers\Picking.php(385): CodeIgniter\Model->insert(Array)
#8 C:\Users\DUTA DAYA 2\Desktop\Project_BMI\vendor\codeigniter4\framework\system\CodeIgniter.php(832): App\Controllers\Picking->refresh()
#9 C:\Users\DUTA DAYA 2\Desktop\Project_BMI\vendor\codeigniter4\framework\system\CodeIgniter.php(419): CodeIgniter\CodeIgniter->runController(Object(App\Controllers\Picking))
#10 C:\Users\DUTA DAYA 2\Desktop\Project_BMI\vendor\codeigniter4\framework\system\CodeIgniter.php(326): CodeIgniter\CodeIgniter->handleRequest(NULL, Object(Config\Cache), false)
#11 C:\Users\DUTA DAYA 2\Desktop\Project_BMI\public\index.php(37): CodeIgniter\CodeIgniter->run()
#12 C:\Users\DUTA DAYA 2\Desktop\Project_BMI\vendor\codeigniter4\framework\system\Commands\Server\rewrite.php(43): require_once('C:\\Users\\DUTA D...')
#13 {main}
ERROR - 2022-07-13 21:28:46 --> Duplicate entry '100' for key 'PRIMARY'
CRITICAL - 2022-07-13 21:28:46 --> Duplicate entry '100' for key 'PRIMARY'
#0 C:\Users\DUTA DAYA 2\Desktop\Project_BMI\vendor\codeigniter4\framework\system\Database\MySQLi\Connection.php(292): mysqli->query('INSERT INTO `tb...', 0)
#1 C:\Users\DUTA DAYA 2\Desktop\Project_BMI\vendor\codeigniter4\framework\system\Database\BaseConnection.php(670): CodeIgniter\Database\MySQLi\Connection->execute('INSERT INTO `tb...')
#2 C:\Users\DUTA DAYA 2\Desktop\Project_BMI\vendor\codeigniter4\framework\system\Database\BaseConnection.php(598): CodeIgniter\Database\BaseConnection->simpleQuery('INSERT INTO `tb...')
#3 C:\Users\DUTA DAYA 2\Desktop\Project_BMI\vendor\codeigniter4\framework\system\Database\BaseBuilder.php(1771): CodeIgniter\Database\BaseConnection->query('INSERT INTO `tb...', Array, false)
#4 C:\Users\DUTA DAYA 2\Desktop\Project_BMI\vendor\codeigniter4\framework\system\Model.php(239): CodeIgniter\Database\BaseBuilder->insert()
#5 C:\Users\DUTA DAYA 2\Desktop\Project_BMI\vendor\codeigniter4\framework\system\BaseModel.php(738): CodeIgniter\Model->doInsert(Array)
#6 C:\Users\DUTA DAYA 2\Desktop\Project_BMI\vendor\codeigniter4\framework\system\Model.php(625): CodeIgniter\BaseModel->insert(Array, true)
#7 C:\Users\DUTA DAYA 2\Desktop\Project_BMI\app\Controllers\Picking.php(385): CodeIgniter\Model->insert(Array)
#8 C:\Users\DUTA DAYA 2\Desktop\Project_BMI\vendor\codeigniter4\framework\system\CodeIgniter.php(832): App\Controllers\Picking->refresh()
#9 C:\Users\DUTA DAYA 2\Desktop\Project_BMI\vendor\codeigniter4\framework\system\CodeIgniter.php(419): CodeIgniter\CodeIgniter->runController(Object(App\Controllers\Picking))
#10 C:\Users\DUTA DAYA 2\Desktop\Project_BMI\vendor\codeigniter4\framework\system\CodeIgniter.php(326): CodeIgniter\CodeIgniter->handleRequest(NULL, Object(Config\Cache), false)
#11 C:\Users\DUTA DAYA 2\Desktop\Project_BMI\public\index.php(37): CodeIgniter\CodeIgniter->run()
#12 C:\Users\DUTA DAYA 2\Desktop\Project_BMI\vendor\codeigniter4\framework\system\Commands\Server\rewrite.php(43): require_once('C:\\Users\\DUTA D...')
#13 {main}
ERROR - 2022-07-13 21:29:32 --> Duplicate entry '100' for key 'PRIMARY'
CRITICAL - 2022-07-13 21:29:32 --> Duplicate entry '100' for key 'PRIMARY'
#0 C:\Users\DUTA DAYA 2\Desktop\Project_BMI\vendor\codeigniter4\framework\system\Database\MySQLi\Connection.php(292): mysqli->query('INSERT INTO `tb...', 0)
#1 C:\Users\DUTA DAYA 2\Desktop\Project_BMI\vendor\codeigniter4\framework\system\Database\BaseConnection.php(670): CodeIgniter\Database\MySQLi\Connection->execute('INSERT INTO `tb...')
#2 C:\Users\DUTA DAYA 2\Desktop\Project_BMI\vendor\codeigniter4\framework\system\Database\BaseConnection.php(598): CodeIgniter\Database\BaseConnection->simpleQuery('INSERT INTO `tb...')
#3 C:\Users\DUTA DAYA 2\Desktop\Project_BMI\vendor\codeigniter4\framework\system\Database\BaseBuilder.php(1771): CodeIgniter\Database\BaseConnection->query('INSERT INTO `tb...', Array, false)
#4 C:\Users\DUTA DAYA 2\Desktop\Project_BMI\vendor\codeigniter4\framework\system\Model.php(239): CodeIgniter\Database\BaseBuilder->insert()
#5 C:\Users\DUTA DAYA 2\Desktop\Project_BMI\vendor\codeigniter4\framework\system\BaseModel.php(738): CodeIgniter\Model->doInsert(Array)
#6 C:\Users\DUTA DAYA 2\Desktop\Project_BMI\vendor\codeigniter4\framework\system\Model.php(625): CodeIgniter\BaseModel->insert(Array, true)
#7 C:\Users\DUTA DAYA 2\Desktop\Project_BMI\app\Controllers\Picking.php(385): CodeIgniter\Model->insert(Array)
#8 C:\Users\DUTA DAYA 2\Desktop\Project_BMI\vendor\codeigniter4\framework\system\CodeIgniter.php(832): App\Controllers\Picking->refresh()
#9 C:\Users\DUTA DAYA 2\Desktop\Project_BMI\vendor\codeigniter4\framework\system\CodeIgniter.php(419): CodeIgniter\CodeIgniter->runController(Object(App\Controllers\Picking))
#10 C:\Users\DUTA DAYA 2\Desktop\Project_BMI\vendor\codeigniter4\framework\system\CodeIgniter.php(326): CodeIgniter\CodeIgniter->handleRequest(NULL, Object(Config\Cache), false)
#11 C:\Users\DUTA DAYA 2\Desktop\Project_BMI\public\index.php(37): CodeIgniter\CodeIgniter->run()
#12 C:\Users\DUTA DAYA 2\Desktop\Project_BMI\vendor\codeigniter4\framework\system\Commands\Server\rewrite.php(43): require_once('C:\\Users\\DUTA D...')
#13 {main}
ERROR - 2022-07-13 21:32:40 --> Duplicate entry '100' for key 'PRIMARY'
CRITICAL - 2022-07-13 21:32:40 --> Duplicate entry '100' for key 'PRIMARY'
#0 C:\Users\DUTA DAYA 2\Desktop\Project_BMI\vendor\codeigniter4\framework\system\Database\MySQLi\Connection.php(292): mysqli->query('INSERT INTO `tb...', 0)
#1 C:\Users\DUTA DAYA 2\Desktop\Project_BMI\vendor\codeigniter4\framework\system\Database\BaseConnection.php(670): CodeIgniter\Database\MySQLi\Connection->execute('INSERT INTO `tb...')
#2 C:\Users\DUTA DAYA 2\Desktop\Project_BMI\vendor\codeigniter4\framework\system\Database\BaseConnection.php(598): CodeIgniter\Database\BaseConnection->simpleQuery('INSERT INTO `tb...')
#3 C:\Users\DUTA DAYA 2\Desktop\Project_BMI\vendor\codeigniter4\framework\system\Database\BaseBuilder.php(1771): CodeIgniter\Database\BaseConnection->query('INSERT INTO `tb...', Array, false)
#4 C:\Users\DUTA DAYA 2\Desktop\Project_BMI\vendor\codeigniter4\framework\system\Model.php(239): CodeIgniter\Database\BaseBuilder->insert()
#5 C:\Users\DUTA DAYA 2\Desktop\Project_BMI\vendor\codeigniter4\framework\system\BaseModel.php(738): CodeIgniter\Model->doInsert(Array)
#6 C:\Users\DUTA DAYA 2\Desktop\Project_BMI\vendor\codeigniter4\framework\system\Model.php(625): CodeIgniter\BaseModel->insert(Array, true)
#7 C:\Users\DUTA DAYA 2\Desktop\Project_BMI\app\Controllers\Picking.php(385): CodeIgniter\Model->insert(Array)
#8 C:\Users\DUTA DAYA 2\Desktop\Project_BMI\vendor\codeigniter4\framework\system\CodeIgniter.php(832): App\Controllers\Picking->refresh()
#9 C:\Users\DUTA DAYA 2\Desktop\Project_BMI\vendor\codeigniter4\framework\system\CodeIgniter.php(419): CodeIgniter\CodeIgniter->runController(Object(App\Controllers\Picking))
#10 C:\Users\DUTA DAYA 2\Desktop\Project_BMI\vendor\codeigniter4\framework\system\CodeIgniter.php(326): CodeIgniter\CodeIgniter->handleRequest(NULL, Object(Config\Cache), false)
#11 C:\Users\DUTA DAYA 2\Desktop\Project_BMI\public\index.php(37): CodeIgniter\CodeIgniter->run()
#12 C:\Users\DUTA DAYA 2\Desktop\Project_BMI\vendor\codeigniter4\framework\system\Commands\Server\rewrite.php(43): require_once('C:\\Users\\DUTA D...')
#13 {main}
CRITICAL - 2022-07-13 21:35:47 --> Undefined property: App\Controllers\Picking::$StockModel
#0 C:\Users\DUTA DAYA 2\Desktop\Project_BMI\app\Controllers\Picking.php(378): CodeIgniter\Debug\Exceptions->errorHandler(2, 'Undefined prope...', 'C:\\Users\\DUTA D...', 378)
#1 C:\Users\DUTA DAYA 2\Desktop\Project_BMI\vendor\codeigniter4\framework\system\CodeIgniter.php(832): App\Controllers\Picking->refresh()
#2 C:\Users\DUTA DAYA 2\Desktop\Project_BMI\vendor\codeigniter4\framework\system\CodeIgniter.php(419): CodeIgniter\CodeIgniter->runController(Object(App\Controllers\Picking))
#3 C:\Users\DUTA DAYA 2\Desktop\Project_BMI\vendor\codeigniter4\framework\system\CodeIgniter.php(326): CodeIgniter\CodeIgniter->handleRequest(NULL, Object(Config\Cache), false)
#4 C:\Users\DUTA DAYA 2\Desktop\Project_BMI\public\index.php(37): CodeIgniter\CodeIgniter->run()
#5 C:\Users\DUTA DAYA 2\Desktop\Project_BMI\vendor\codeigniter4\framework\system\Commands\Server\rewrite.php(43): require_once('C:\\Users\\DUTA D...')
#6 {main}
