CRITICAL - 2022-09-02 11:33:26 --> Trying to access array offset on value of type null
#0 C:\xampp\htdocs\Project_BMI2\app\Controllers\ApiPacking.php(39): CodeIgniter\Debug\Exceptions->errorHandler(2, 'Trying to acces...', 'C:\\xampp\\htdocs...', 39)
#1 C:\xampp\htdocs\Project_BMI2\vendor\codeigniter4\framework\system\CodeIgniter.php(832): App\Controllers\ApiPacking->show()
#2 C:\xampp\htdocs\Project_BMI2\vendor\codeigniter4\framework\system\CodeIgniter.php(419): CodeIgniter\CodeIgniter->runController(Object(App\Controllers\ApiPacking))
#3 C:\xampp\htdocs\Project_BMI2\vendor\codeigniter4\framework\system\CodeIgniter.php(326): CodeIgniter\CodeIgniter->handleRequest(NULL, Object(Config\Cache), false)
#4 C:\xampp\htdocs\Project_BMI2\public\index.php(37): CodeIgniter\CodeIgniter->run()
#5 {main}
CRITICAL - 2022-09-02 11:33:29 --> Trying to access array offset on value of type null
#0 C:\xampp\htdocs\Project_BMI2\app\Controllers\ApiPacking.php(39): CodeIgniter\Debug\Exceptions->errorHandler(2, 'Trying to acces...', 'C:\\xampp\\htdocs...', 39)
#1 C:\xampp\htdocs\Project_BMI2\vendor\codeigniter4\framework\system\CodeIgniter.php(832): App\Controllers\ApiPacking->show()
#2 C:\xampp\htdocs\Project_BMI2\vendor\codeigniter4\framework\system\CodeIgniter.php(419): CodeIgniter\CodeIgniter->runController(Object(App\Controllers\ApiPacking))
#3 C:\xampp\htdocs\Project_BMI2\vendor\codeigniter4\framework\system\CodeIgniter.php(326): CodeIgniter\CodeIgniter->handleRequest(NULL, Object(Config\Cache), false)
#4 C:\xampp\htdocs\Project_BMI2\public\index.php(37): CodeIgniter\CodeIgniter->run()
#5 {main}
CRITICAL - 2022-09-02 11:33:30 --> Trying to access array offset on value of type null
#0 C:\xampp\htdocs\Project_BMI2\app\Controllers\ApiPacking.php(39): CodeIgniter\Debug\Exceptions->errorHandler(2, 'Trying to acces...', 'C:\\xampp\\htdocs...', 39)
#1 C:\xampp\htdocs\Project_BMI2\vendor\codeigniter4\framework\system\CodeIgniter.php(832): App\Controllers\ApiPacking->show()
#2 C:\xampp\htdocs\Project_BMI2\vendor\codeigniter4\framework\system\CodeIgniter.php(419): CodeIgniter\CodeIgniter->runController(Object(App\Controllers\ApiPacking))
#3 C:\xampp\htdocs\Project_BMI2\vendor\codeigniter4\framework\system\CodeIgniter.php(326): CodeIgniter\CodeIgniter->handleRequest(NULL, Object(Config\Cache), false)
#4 C:\xampp\htdocs\Project_BMI2\public\index.php(37): CodeIgniter\CodeIgniter->run()
#5 {main}
CRITICAL - 2022-09-02 11:33:32 --> Trying to access array offset on value of type null
#0 C:\xampp\htdocs\Project_BMI2\app\Controllers\ApiPacking.php(39): CodeIgniter\Debug\Exceptions->errorHandler(2, 'Trying to acces...', 'C:\\xampp\\htdocs...', 39)
#1 C:\xampp\htdocs\Project_BMI2\vendor\codeigniter4\framework\system\CodeIgniter.php(832): App\Controllers\ApiPacking->show()
#2 C:\xampp\htdocs\Project_BMI2\vendor\codeigniter4\framework\system\CodeIgniter.php(419): CodeIgniter\CodeIgniter->runController(Object(App\Controllers\ApiPacking))
#3 C:\xampp\htdocs\Project_BMI2\vendor\codeigniter4\framework\system\CodeIgniter.php(326): CodeIgniter\CodeIgniter->handleRequest(NULL, Object(Config\Cache), false)
#4 C:\xampp\htdocs\Project_BMI2\public\index.php(37): CodeIgniter\CodeIgniter->run()
#5 {main}
ERROR - 2022-09-02 12:09:02 --> You have an error in your SQL syntax; check the manual that corresponds to your MariaDB server version for the right syntax to use near 'Order, `Drop_name`, `Drop_address`, `Drop_contact`
FROM `tbl_invoice`
WHERE `...' at line 1
CRITICAL - 2022-09-02 12:09:02 --> You have an error in your SQL syntax; check the manual that corresponds to your MariaDB server version for the right syntax to use near 'Order, `Drop_name`, `Drop_address`, `Drop_contact`
FROM `tbl_invoice`
WHERE `...' at line 1
#0 C:\xampp\htdocs\Project_BMI2\vendor\codeigniter4\framework\system\Database\MySQLi\Connection.php(292): mysqli->query('SELECT `Order_i...', 0)
#1 C:\xampp\htdocs\Project_BMI2\vendor\codeigniter4\framework\system\Database\BaseConnection.php(670): CodeIgniter\Database\MySQLi\Connection->execute('SELECT `Order_i...')
#2 C:\xampp\htdocs\Project_BMI2\vendor\codeigniter4\framework\system\Database\BaseConnection.php(598): CodeIgniter\Database\BaseConnection->simpleQuery('SELECT `Order_i...')
#3 C:\xampp\htdocs\Project_BMI2\vendor\codeigniter4\framework\system\Database\BaseBuilder.php(1455): CodeIgniter\Database\BaseConnection->query('SELECT `Order_i...', Array, false)
#4 C:\xampp\htdocs\Project_BMI2\vendor\codeigniter4\framework\system\Model.php(183): CodeIgniter\Database\BaseBuilder->get()
#5 C:\xampp\htdocs\Project_BMI2\vendor\codeigniter4\framework\system\BaseModel.php(584): CodeIgniter\Model->doFindAll(0, 0)
#6 C:\xampp\htdocs\Project_BMI2\app\Controllers\ApiPacking.php(18): CodeIgniter\BaseModel->findAll()
#7 C:\xampp\htdocs\Project_BMI2\vendor\codeigniter4\framework\system\CodeIgniter.php(832): App\Controllers\ApiPacking->index()
#8 C:\xampp\htdocs\Project_BMI2\vendor\codeigniter4\framework\system\CodeIgniter.php(419): CodeIgniter\CodeIgniter->runController(Object(App\Controllers\ApiPacking))
#9 C:\xampp\htdocs\Project_BMI2\vendor\codeigniter4\framework\system\CodeIgniter.php(326): CodeIgniter\CodeIgniter->handleRequest(NULL, Object(Config\Cache), false)
#10 C:\xampp\htdocs\Project_BMI2\public\index.php(37): CodeIgniter\CodeIgniter->run()
#11 {main}
ERROR - 2022-09-02 12:10:22 --> You have an error in your SQL syntax; check the manual that corresponds to your MariaDB server version for the right syntax to use near 'order
FROM `tbl_invoice`
GROUP BY `Order_id`' at line 1
CRITICAL - 2022-09-02 12:10:22 --> You have an error in your SQL syntax; check the manual that corresponds to your MariaDB server version for the right syntax to use near 'order
FROM `tbl_invoice`
GROUP BY `Order_id`' at line 1
#0 C:\xampp\htdocs\Project_BMI2\vendor\codeigniter4\framework\system\Database\MySQLi\Connection.php(292): mysqli->query('SELECT `Order_i...', 0)
#1 C:\xampp\htdocs\Project_BMI2\vendor\codeigniter4\framework\system\Database\BaseConnection.php(670): CodeIgniter\Database\MySQLi\Connection->execute('SELECT `Order_i...')
#2 C:\xampp\htdocs\Project_BMI2\vendor\codeigniter4\framework\system\Database\BaseConnection.php(598): CodeIgniter\Database\BaseConnection->simpleQuery('SELECT `Order_i...')
#3 C:\xampp\htdocs\Project_BMI2\vendor\codeigniter4\framework\system\Database\BaseBuilder.php(1455): CodeIgniter\Database\BaseConnection->query('SELECT `Order_i...', Array, false)
#4 C:\xampp\htdocs\Project_BMI2\app\Models\InvoiceModel.php(65): CodeIgniter\Database\BaseBuilder->get()
#5 C:\xampp\htdocs\Project_BMI2\app\Controllers\ApiPacking.php(18): App\Models\InvoiceModel->getDataItem()
#6 C:\xampp\htdocs\Project_BMI2\vendor\codeigniter4\framework\system\CodeIgniter.php(832): App\Controllers\ApiPacking->index()
#7 C:\xampp\htdocs\Project_BMI2\vendor\codeigniter4\framework\system\CodeIgniter.php(419): CodeIgniter\CodeIgniter->runController(Object(App\Controllers\ApiPacking))
#8 C:\xampp\htdocs\Project_BMI2\vendor\codeigniter4\framework\system\CodeIgniter.php(326): CodeIgniter\CodeIgniter->handleRequest(NULL, Object(Config\Cache), false)
#9 C:\xampp\htdocs\Project_BMI2\public\index.php(37): CodeIgniter\CodeIgniter->run()
#10 {main}
CRITICAL - 2022-09-02 12:11:52 --> Call to undefined method App\Models\InvoiceModel::getResult
#0 C:\xampp\htdocs\Project_BMI2\app\Controllers\ApiPacking.php(18): CodeIgniter\Model->__call('getResult', Array)
#1 C:\xampp\htdocs\Project_BMI2\vendor\codeigniter4\framework\system\CodeIgniter.php(832): App\Controllers\ApiPacking->index()
#2 C:\xampp\htdocs\Project_BMI2\vendor\codeigniter4\framework\system\CodeIgniter.php(419): CodeIgniter\CodeIgniter->runController(Object(App\Controllers\ApiPacking))
#3 C:\xampp\htdocs\Project_BMI2\vendor\codeigniter4\framework\system\CodeIgniter.php(326): CodeIgniter\CodeIgniter->handleRequest(NULL, Object(Config\Cache), false)
#4 C:\xampp\htdocs\Project_BMI2\public\index.php(37): CodeIgniter\CodeIgniter->run()
#5 {main}
ERROR - 2022-09-02 12:12:02 --> You have an error in your SQL syntax; check the manual that corresponds to your MariaDB server version for the right syntax to use near 'Order, `Drop_name`, `Drop_address`, `Drop_contact`
FROM `tbl_invoice`
WHERE `...' at line 1
CRITICAL - 2022-09-02 12:12:02 --> You have an error in your SQL syntax; check the manual that corresponds to your MariaDB server version for the right syntax to use near 'Order, `Drop_name`, `Drop_address`, `Drop_contact`
FROM `tbl_invoice`
WHERE `...' at line 1
#0 C:\xampp\htdocs\Project_BMI2\vendor\codeigniter4\framework\system\Database\MySQLi\Connection.php(292): mysqli->query('SELECT `Order_i...', 0)
#1 C:\xampp\htdocs\Project_BMI2\vendor\codeigniter4\framework\system\Database\BaseConnection.php(670): CodeIgniter\Database\MySQLi\Connection->execute('SELECT `Order_i...')
#2 C:\xampp\htdocs\Project_BMI2\vendor\codeigniter4\framework\system\Database\BaseConnection.php(598): CodeIgniter\Database\BaseConnection->simpleQuery('SELECT `Order_i...')
#3 C:\xampp\htdocs\Project_BMI2\vendor\codeigniter4\framework\system\Database\BaseBuilder.php(1455): CodeIgniter\Database\BaseConnection->query('SELECT `Order_i...', Array, false)
#4 C:\xampp\htdocs\Project_BMI2\vendor\codeigniter4\framework\system\Model.php(728): CodeIgniter\Database\BaseBuilder->get()
#5 C:\xampp\htdocs\Project_BMI2\app\Controllers\ApiPacking.php(18): CodeIgniter\Model->__call('get', Array)
#6 C:\xampp\htdocs\Project_BMI2\vendor\codeigniter4\framework\system\CodeIgniter.php(832): App\Controllers\ApiPacking->index()
#7 C:\xampp\htdocs\Project_BMI2\vendor\codeigniter4\framework\system\CodeIgniter.php(419): CodeIgniter\CodeIgniter->runController(Object(App\Controllers\ApiPacking))
#8 C:\xampp\htdocs\Project_BMI2\vendor\codeigniter4\framework\system\CodeIgniter.php(326): CodeIgniter\CodeIgniter->handleRequest(NULL, Object(Config\Cache), false)
#9 C:\xampp\htdocs\Project_BMI2\public\index.php(37): CodeIgniter\CodeIgniter->run()
#10 {main}
ERROR - 2022-09-02 12:13:14 --> You have an error in your SQL syntax; check the manual that corresponds to your MariaDB server version for the right syntax to use near 'Order, `Drop_name`, `Drop_address`, `Drop_contact`
FROM `tbl_invoice`
WHERE `...' at line 1
CRITICAL - 2022-09-02 12:13:14 --> You have an error in your SQL syntax; check the manual that corresponds to your MariaDB server version for the right syntax to use near 'Order, `Drop_name`, `Drop_address`, `Drop_contact`
FROM `tbl_invoice`
WHERE `...' at line 1
#0 C:\xampp\htdocs\Project_BMI2\vendor\codeigniter4\framework\system\Database\MySQLi\Connection.php(292): mysqli->query('SELECT `Order_i...', 0)
#1 C:\xampp\htdocs\Project_BMI2\vendor\codeigniter4\framework\system\Database\BaseConnection.php(670): CodeIgniter\Database\MySQLi\Connection->execute('SELECT `Order_i...')
#2 C:\xampp\htdocs\Project_BMI2\vendor\codeigniter4\framework\system\Database\BaseConnection.php(598): CodeIgniter\Database\BaseConnection->simpleQuery('SELECT `Order_i...')
#3 C:\xampp\htdocs\Project_BMI2\vendor\codeigniter4\framework\system\Database\BaseBuilder.php(1455): CodeIgniter\Database\BaseConnection->query('SELECT `Order_i...', Array, false)
#4 C:\xampp\htdocs\Project_BMI2\vendor\codeigniter4\framework\system\Model.php(728): CodeIgniter\Database\BaseBuilder->get()
#5 C:\xampp\htdocs\Project_BMI2\app\Controllers\ApiPacking.php(18): CodeIgniter\Model->__call('get', Array)
#6 C:\xampp\htdocs\Project_BMI2\vendor\codeigniter4\framework\system\CodeIgniter.php(832): App\Controllers\ApiPacking->index()
#7 C:\xampp\htdocs\Project_BMI2\vendor\codeigniter4\framework\system\CodeIgniter.php(419): CodeIgniter\CodeIgniter->runController(Object(App\Controllers\ApiPacking))
#8 C:\xampp\htdocs\Project_BMI2\vendor\codeigniter4\framework\system\CodeIgniter.php(326): CodeIgniter\CodeIgniter->handleRequest(NULL, Object(Config\Cache), false)
#9 C:\xampp\htdocs\Project_BMI2\public\index.php(37): CodeIgniter\CodeIgniter->run()
#10 {main}
ERROR - 2022-09-02 12:13:35 --> You have an error in your SQL syntax; check the manual that corresponds to your MariaDB server version for the right syntax to use near 'Order, `Drop_name`, `Drop_address`, `Drop_contact`
FROM `tbl_invoice`
WHERE `...' at line 1
CRITICAL - 2022-09-02 12:13:35 --> You have an error in your SQL syntax; check the manual that corresponds to your MariaDB server version for the right syntax to use near 'Order, `Drop_name`, `Drop_address`, `Drop_contact`
FROM `tbl_invoice`
WHERE `...' at line 1
#0 C:\xampp\htdocs\Project_BMI2\vendor\codeigniter4\framework\system\Database\MySQLi\Connection.php(292): mysqli->query('SELECT count(Or...', 0)
#1 C:\xampp\htdocs\Project_BMI2\vendor\codeigniter4\framework\system\Database\BaseConnection.php(670): CodeIgniter\Database\MySQLi\Connection->execute('SELECT count(Or...')
#2 C:\xampp\htdocs\Project_BMI2\vendor\codeigniter4\framework\system\Database\BaseConnection.php(598): CodeIgniter\Database\BaseConnection->simpleQuery('SELECT count(Or...')
#3 C:\xampp\htdocs\Project_BMI2\vendor\codeigniter4\framework\system\Database\BaseBuilder.php(1455): CodeIgniter\Database\BaseConnection->query('SELECT count(Or...', Array, false)
#4 C:\xampp\htdocs\Project_BMI2\vendor\codeigniter4\framework\system\Model.php(728): CodeIgniter\Database\BaseBuilder->get()
#5 C:\xampp\htdocs\Project_BMI2\app\Controllers\ApiPacking.php(18): CodeIgniter\Model->__call('get', Array)
#6 C:\xampp\htdocs\Project_BMI2\vendor\codeigniter4\framework\system\CodeIgniter.php(832): App\Controllers\ApiPacking->index()
#7 C:\xampp\htdocs\Project_BMI2\vendor\codeigniter4\framework\system\CodeIgniter.php(419): CodeIgniter\CodeIgniter->runController(Object(App\Controllers\ApiPacking))
#8 C:\xampp\htdocs\Project_BMI2\vendor\codeigniter4\framework\system\CodeIgniter.php(326): CodeIgniter\CodeIgniter->handleRequest(NULL, Object(Config\Cache), false)
#9 C:\xampp\htdocs\Project_BMI2\public\index.php(37): CodeIgniter\CodeIgniter->run()
#10 {main}
ERROR - 2022-09-02 12:13:50 --> You have an error in your SQL syntax; check the manual that corresponds to your MariaDB server version for the right syntax to use near 'Order, `Drop_name`, `Drop_address`, `Drop_contact`
FROM `tbl_invoice`
WHERE `...' at line 1
CRITICAL - 2022-09-02 12:13:50 --> You have an error in your SQL syntax; check the manual that corresponds to your MariaDB server version for the right syntax to use near 'Order, `Drop_name`, `Drop_address`, `Drop_contact`
FROM `tbl_invoice`
WHERE `...' at line 1
#0 C:\xampp\htdocs\Project_BMI2\vendor\codeigniter4\framework\system\Database\MySQLi\Connection.php(292): mysqli->query('SELECT count(Or...', 0)
#1 C:\xampp\htdocs\Project_BMI2\vendor\codeigniter4\framework\system\Database\BaseConnection.php(670): CodeIgniter\Database\MySQLi\Connection->execute('SELECT count(Or...')
#2 C:\xampp\htdocs\Project_BMI2\vendor\codeigniter4\framework\system\Database\BaseConnection.php(598): CodeIgniter\Database\BaseConnection->simpleQuery('SELECT count(Or...')
#3 C:\xampp\htdocs\Project_BMI2\vendor\codeigniter4\framework\system\Database\BaseBuilder.php(1455): CodeIgniter\Database\BaseConnection->query('SELECT count(Or...', Array, false)
#4 C:\xampp\htdocs\Project_BMI2\vendor\codeigniter4\framework\system\Model.php(728): CodeIgniter\Database\BaseBuilder->get()
#5 C:\xampp\htdocs\Project_BMI2\app\Controllers\ApiPacking.php(18): CodeIgniter\Model->__call('get', Array)
#6 C:\xampp\htdocs\Project_BMI2\vendor\codeigniter4\framework\system\CodeIgniter.php(832): App\Controllers\ApiPacking->index()
#7 C:\xampp\htdocs\Project_BMI2\vendor\codeigniter4\framework\system\CodeIgniter.php(419): CodeIgniter\CodeIgniter->runController(Object(App\Controllers\ApiPacking))
#8 C:\xampp\htdocs\Project_BMI2\vendor\codeigniter4\framework\system\CodeIgniter.php(326): CodeIgniter\CodeIgniter->handleRequest(NULL, Object(Config\Cache), false)
#9 C:\xampp\htdocs\Project_BMI2\public\index.php(37): CodeIgniter\CodeIgniter->run()
#10 {main}
ERROR - 2022-09-02 12:14:07 --> You have an error in your SQL syntax; check the manual that corresponds to your MariaDB server version for the right syntax to use near 'Order
FROM `tbl_invoice`
WHERE `status` = 4' at line 1
CRITICAL - 2022-09-02 12:14:07 --> You have an error in your SQL syntax; check the manual that corresponds to your MariaDB server version for the right syntax to use near 'Order
FROM `tbl_invoice`
WHERE `status` = 4' at line 1
#0 C:\xampp\htdocs\Project_BMI2\vendor\codeigniter4\framework\system\Database\MySQLi\Connection.php(292): mysqli->query('SELECT count(Or...', 0)
#1 C:\xampp\htdocs\Project_BMI2\vendor\codeigniter4\framework\system\Database\BaseConnection.php(670): CodeIgniter\Database\MySQLi\Connection->execute('SELECT count(Or...')
#2 C:\xampp\htdocs\Project_BMI2\vendor\codeigniter4\framework\system\Database\BaseConnection.php(598): CodeIgniter\Database\BaseConnection->simpleQuery('SELECT count(Or...')
#3 C:\xampp\htdocs\Project_BMI2\vendor\codeigniter4\framework\system\Database\BaseBuilder.php(1455): CodeIgniter\Database\BaseConnection->query('SELECT count(Or...', Array, false)
#4 C:\xampp\htdocs\Project_BMI2\vendor\codeigniter4\framework\system\Model.php(728): CodeIgniter\Database\BaseBuilder->get()
#5 C:\xampp\htdocs\Project_BMI2\app\Controllers\ApiPacking.php(18): CodeIgniter\Model->__call('get', Array)
#6 C:\xampp\htdocs\Project_BMI2\vendor\codeigniter4\framework\system\CodeIgniter.php(832): App\Controllers\ApiPacking->index()
#7 C:\xampp\htdocs\Project_BMI2\vendor\codeigniter4\framework\system\CodeIgniter.php(419): CodeIgniter\CodeIgniter->runController(Object(App\Controllers\ApiPacking))
#8 C:\xampp\htdocs\Project_BMI2\vendor\codeigniter4\framework\system\CodeIgniter.php(326): CodeIgniter\CodeIgniter->handleRequest(NULL, Object(Config\Cache), false)
#9 C:\xampp\htdocs\Project_BMI2\public\index.php(37): CodeIgniter\CodeIgniter->run()
#10 {main}
ERROR - 2022-09-02 12:14:18 --> You have an error in your SQL syntax; check the manual that corresponds to your MariaDB server version for the right syntax to use near 'Order
FROM `tbl_invoice`
WHERE `status` = 4' at line 1
CRITICAL - 2022-09-02 12:14:18 --> You have an error in your SQL syntax; check the manual that corresponds to your MariaDB server version for the right syntax to use near 'Order
FROM `tbl_invoice`
WHERE `status` = 4' at line 1
#0 C:\xampp\htdocs\Project_BMI2\vendor\codeigniter4\framework\system\Database\MySQLi\Connection.php(292): mysqli->query('SELECT count(Or...', 0)
#1 C:\xampp\htdocs\Project_BMI2\vendor\codeigniter4\framework\system\Database\BaseConnection.php(670): CodeIgniter\Database\MySQLi\Connection->execute('SELECT count(Or...')
#2 C:\xampp\htdocs\Project_BMI2\vendor\codeigniter4\framework\system\Database\BaseConnection.php(598): CodeIgniter\Database\BaseConnection->simpleQuery('SELECT count(Or...')
#3 C:\xampp\htdocs\Project_BMI2\vendor\codeigniter4\framework\system\Database\BaseBuilder.php(1455): CodeIgniter\Database\BaseConnection->query('SELECT count(Or...', Array, false)
#4 C:\xampp\htdocs\Project_BMI2\vendor\codeigniter4\framework\system\Model.php(728): CodeIgniter\Database\BaseBuilder->get()
#5 C:\xampp\htdocs\Project_BMI2\app\Controllers\ApiPacking.php(18): CodeIgniter\Model->__call('get', Array)
#6 C:\xampp\htdocs\Project_BMI2\vendor\codeigniter4\framework\system\CodeIgniter.php(832): App\Controllers\ApiPacking->index()
#7 C:\xampp\htdocs\Project_BMI2\vendor\codeigniter4\framework\system\CodeIgniter.php(419): CodeIgniter\CodeIgniter->runController(Object(App\Controllers\ApiPacking))
#8 C:\xampp\htdocs\Project_BMI2\vendor\codeigniter4\framework\system\CodeIgniter.php(326): CodeIgniter\CodeIgniter->handleRequest(NULL, Object(Config\Cache), false)
#9 C:\xampp\htdocs\Project_BMI2\public\index.php(37): CodeIgniter\CodeIgniter->run()
#10 {main}
ERROR - 2022-09-02 12:14:50 --> You have an error in your SQL syntax; check the manual that corresponds to your MariaDB server version for the right syntax to use near 'Order
FROM `tbl_invoice`
WHERE `status` = 4
GROUP BY `Order_id`' at line 1
CRITICAL - 2022-09-02 12:14:50 --> You have an error in your SQL syntax; check the manual that corresponds to your MariaDB server version for the right syntax to use near 'Order
FROM `tbl_invoice`
WHERE `status` = 4
GROUP BY `Order_id`' at line 1
#0 C:\xampp\htdocs\Project_BMI2\vendor\codeigniter4\framework\system\Database\MySQLi\Connection.php(292): mysqli->query('SELECT count(Or...', 0)
#1 C:\xampp\htdocs\Project_BMI2\vendor\codeigniter4\framework\system\Database\BaseConnection.php(670): CodeIgniter\Database\MySQLi\Connection->execute('SELECT count(Or...')
#2 C:\xampp\htdocs\Project_BMI2\vendor\codeigniter4\framework\system\Database\BaseConnection.php(598): CodeIgniter\Database\BaseConnection->simpleQuery('SELECT count(Or...')
#3 C:\xampp\htdocs\Project_BMI2\vendor\codeigniter4\framework\system\Database\BaseBuilder.php(1455): CodeIgniter\Database\BaseConnection->query('SELECT count(Or...', Array, false)
#4 C:\xampp\htdocs\Project_BMI2\vendor\codeigniter4\framework\system\Model.php(728): CodeIgniter\Database\BaseBuilder->get()
#5 C:\xampp\htdocs\Project_BMI2\app\Controllers\ApiPacking.php(18): CodeIgniter\Model->__call('get', Array)
#6 C:\xampp\htdocs\Project_BMI2\vendor\codeigniter4\framework\system\CodeIgniter.php(832): App\Controllers\ApiPacking->index()
#7 C:\xampp\htdocs\Project_BMI2\vendor\codeigniter4\framework\system\CodeIgniter.php(419): CodeIgniter\CodeIgniter->runController(Object(App\Controllers\ApiPacking))
#8 C:\xampp\htdocs\Project_BMI2\vendor\codeigniter4\framework\system\CodeIgniter.php(326): CodeIgniter\CodeIgniter->handleRequest(NULL, Object(Config\Cache), false)
#9 C:\xampp\htdocs\Project_BMI2\public\index.php(37): CodeIgniter\CodeIgniter->run()
#10 {main}
CRITICAL - 2022-09-02 12:15:00 --> Call to undefined method CodeIgniter\Database\MySQLi\Result::findAll()
#0 C:\xampp\htdocs\Project_BMI2\vendor\codeigniter4\framework\system\CodeIgniter.php(832): App\Controllers\ApiPacking->index()
#1 C:\xampp\htdocs\Project_BMI2\vendor\codeigniter4\framework\system\CodeIgniter.php(419): CodeIgniter\CodeIgniter->runController(Object(App\Controllers\ApiPacking))
#2 C:\xampp\htdocs\Project_BMI2\vendor\codeigniter4\framework\system\CodeIgniter.php(326): CodeIgniter\CodeIgniter->handleRequest(NULL, Object(Config\Cache), false)
#3 C:\xampp\htdocs\Project_BMI2\public\index.php(37): CodeIgniter\CodeIgniter->run()
#4 {main}
ERROR - 2022-09-02 12:15:52 --> You have an error in your SQL syntax; check the manual that corresponds to your MariaDB server version for the right syntax to use near 'order
FROM `tbl_invoice`
WHERE `status` = 4
GROUP BY `Order_id`' at line 1
CRITICAL - 2022-09-02 12:15:52 --> You have an error in your SQL syntax; check the manual that corresponds to your MariaDB server version for the right syntax to use near 'order
FROM `tbl_invoice`
WHERE `status` = 4
GROUP BY `Order_id`' at line 1
#0 C:\xampp\htdocs\Project_BMI2\vendor\codeigniter4\framework\system\Database\MySQLi\Connection.php(292): mysqli->query('SELECT count(Or...', 0)
#1 C:\xampp\htdocs\Project_BMI2\vendor\codeigniter4\framework\system\Database\BaseConnection.php(670): CodeIgniter\Database\MySQLi\Connection->execute('SELECT count(Or...')
#2 C:\xampp\htdocs\Project_BMI2\vendor\codeigniter4\framework\system\Database\BaseConnection.php(598): CodeIgniter\Database\BaseConnection->simpleQuery('SELECT count(Or...')
#3 C:\xampp\htdocs\Project_BMI2\vendor\codeigniter4\framework\system\Database\BaseBuilder.php(1455): CodeIgniter\Database\BaseConnection->query('SELECT count(Or...', Array, false)
#4 C:\xampp\htdocs\Project_BMI2\vendor\codeigniter4\framework\system\Model.php(728): CodeIgniter\Database\BaseBuilder->get()
#5 C:\xampp\htdocs\Project_BMI2\app\Controllers\ApiPacking.php(18): CodeIgniter\Model->__call('get', Array)
#6 C:\xampp\htdocs\Project_BMI2\vendor\codeigniter4\framework\system\CodeIgniter.php(832): App\Controllers\ApiPacking->index()
#7 C:\xampp\htdocs\Project_BMI2\vendor\codeigniter4\framework\system\CodeIgniter.php(419): CodeIgniter\CodeIgniter->runController(Object(App\Controllers\ApiPacking))
#8 C:\xampp\htdocs\Project_BMI2\vendor\codeigniter4\framework\system\CodeIgniter.php(326): CodeIgniter\CodeIgniter->handleRequest(NULL, Object(Config\Cache), false)
#9 C:\xampp\htdocs\Project_BMI2\public\index.php(37): CodeIgniter\CodeIgniter->run()
#10 {main}
ERROR - 2022-09-02 12:16:08 --> You have an error in your SQL syntax; check the manual that corresponds to your MariaDB server version for the right syntax to use near 'order
FROM `tbl_invoice`
WHERE `status` = 4
GROUP BY `Order_id`' at line 1
CRITICAL - 2022-09-02 12:16:08 --> You have an error in your SQL syntax; check the manual that corresponds to your MariaDB server version for the right syntax to use near 'order
FROM `tbl_invoice`
WHERE `status` = 4
GROUP BY `Order_id`' at line 1
#0 C:\xampp\htdocs\Project_BMI2\vendor\codeigniter4\framework\system\Database\MySQLi\Connection.php(292): mysqli->query('SELECT `Order_i...', 0)
#1 C:\xampp\htdocs\Project_BMI2\vendor\codeigniter4\framework\system\Database\BaseConnection.php(670): CodeIgniter\Database\MySQLi\Connection->execute('SELECT `Order_i...')
#2 C:\xampp\htdocs\Project_BMI2\vendor\codeigniter4\framework\system\Database\BaseConnection.php(598): CodeIgniter\Database\BaseConnection->simpleQuery('SELECT `Order_i...')
#3 C:\xampp\htdocs\Project_BMI2\vendor\codeigniter4\framework\system\Database\BaseBuilder.php(1455): CodeIgniter\Database\BaseConnection->query('SELECT `Order_i...', Array, false)
#4 C:\xampp\htdocs\Project_BMI2\vendor\codeigniter4\framework\system\Model.php(728): CodeIgniter\Database\BaseBuilder->get()
#5 C:\xampp\htdocs\Project_BMI2\app\Controllers\ApiPacking.php(18): CodeIgniter\Model->__call('get', Array)
#6 C:\xampp\htdocs\Project_BMI2\vendor\codeigniter4\framework\system\CodeIgniter.php(832): App\Controllers\ApiPacking->index()
#7 C:\xampp\htdocs\Project_BMI2\vendor\codeigniter4\framework\system\CodeIgniter.php(419): CodeIgniter\CodeIgniter->runController(Object(App\Controllers\ApiPacking))
#8 C:\xampp\htdocs\Project_BMI2\vendor\codeigniter4\framework\system\CodeIgniter.php(326): CodeIgniter\CodeIgniter->handleRequest(NULL, Object(Config\Cache), false)
#9 C:\xampp\htdocs\Project_BMI2\public\index.php(37): CodeIgniter\CodeIgniter->run()
#10 {main}
CRITICAL - 2022-09-02 12:32:13 --> Call to undefined method CodeIgniter\Database\MySQLi\Result::findAll()
#0 C:\xampp\htdocs\Project_BMI2\vendor\codeigniter4\framework\system\CodeIgniter.php(832): App\Controllers\ApiPacking->index()
#1 C:\xampp\htdocs\Project_BMI2\vendor\codeigniter4\framework\system\CodeIgniter.php(419): CodeIgniter\CodeIgniter->runController(Object(App\Controllers\ApiPacking))
#2 C:\xampp\htdocs\Project_BMI2\vendor\codeigniter4\framework\system\CodeIgniter.php(326): CodeIgniter\CodeIgniter->handleRequest(NULL, Object(Config\Cache), false)
#3 C:\xampp\htdocs\Project_BMI2\public\index.php(37): CodeIgniter\CodeIgniter->run()
#4 {main}
CRITICAL - 2022-09-02 12:32:18 --> Call to undefined method CodeIgniter\Database\MySQLi\Result::findAll()
#0 C:\xampp\htdocs\Project_BMI2\vendor\codeigniter4\framework\system\CodeIgniter.php(832): App\Controllers\ApiPacking->index()
#1 C:\xampp\htdocs\Project_BMI2\vendor\codeigniter4\framework\system\CodeIgniter.php(419): CodeIgniter\CodeIgniter->runController(Object(App\Controllers\ApiPacking))
#2 C:\xampp\htdocs\Project_BMI2\vendor\codeigniter4\framework\system\CodeIgniter.php(326): CodeIgniter\CodeIgniter->handleRequest(NULL, Object(Config\Cache), false)
#3 C:\xampp\htdocs\Project_BMI2\public\index.php(37): CodeIgniter\CodeIgniter->run()
#4 {main}
CRITICAL - 2022-09-02 13:25:14 --> Trying to access array offset on value of type null
#0 C:\xampp\htdocs\Project_BMI2\app\Controllers\ApiPacking.php(39): CodeIgniter\Debug\Exceptions->errorHandler(2, 'Trying to acces...', 'C:\\xampp\\htdocs...', 39)
#1 C:\xampp\htdocs\Project_BMI2\vendor\codeigniter4\framework\system\CodeIgniter.php(832): App\Controllers\ApiPacking->show()
#2 C:\xampp\htdocs\Project_BMI2\vendor\codeigniter4\framework\system\CodeIgniter.php(419): CodeIgniter\CodeIgniter->runController(Object(App\Controllers\ApiPacking))
#3 C:\xampp\htdocs\Project_BMI2\vendor\codeigniter4\framework\system\CodeIgniter.php(326): CodeIgniter\CodeIgniter->handleRequest(NULL, Object(Config\Cache), false)
#4 C:\xampp\htdocs\Project_BMI2\public\index.php(37): CodeIgniter\CodeIgniter->run()
#5 {main}
CRITICAL - 2022-09-02 17:28:30 --> Undefined array key "Drop_name"
#0 C:\xampp\htdocs\Project_BMI2\app\Controllers\ApiPacking.php(42): CodeIgniter\Debug\Exceptions->errorHandler(2, 'Undefined array...', 'C:\\xampp\\htdocs...', 42)
#1 C:\xampp\htdocs\Project_BMI2\vendor\codeigniter4\framework\system\CodeIgniter.php(832): App\Controllers\ApiPacking->show()
#2 C:\xampp\htdocs\Project_BMI2\vendor\codeigniter4\framework\system\CodeIgniter.php(419): CodeIgniter\CodeIgniter->runController(Object(App\Controllers\ApiPacking))
#3 C:\xampp\htdocs\Project_BMI2\vendor\codeigniter4\framework\system\CodeIgniter.php(326): CodeIgniter\CodeIgniter->handleRequest(NULL, Object(Config\Cache), false)
#4 C:\xampp\htdocs\Project_BMI2\public\index.php(37): CodeIgniter\CodeIgniter->run()
#5 {main}
CRITICAL - 2022-09-02 21:10:38 --> Undefined array key "Drop_name"
#0 C:\xampp\htdocs\Project_BMI2\app\Controllers\ApiPacking.php(42): CodeIgniter\Debug\Exceptions->errorHandler(2, 'Undefined array...', 'C:\\xampp\\htdocs...', 42)
#1 C:\xampp\htdocs\Project_BMI2\vendor\codeigniter4\framework\system\CodeIgniter.php(832): App\Controllers\ApiPacking->show()
#2 C:\xampp\htdocs\Project_BMI2\vendor\codeigniter4\framework\system\CodeIgniter.php(419): CodeIgniter\CodeIgniter->runController(Object(App\Controllers\ApiPacking))
#3 C:\xampp\htdocs\Project_BMI2\vendor\codeigniter4\framework\system\CodeIgniter.php(326): CodeIgniter\CodeIgniter->handleRequest(NULL, Object(Config\Cache), false)
#4 C:\xampp\htdocs\Project_BMI2\public\index.php(37): CodeIgniter\CodeIgniter->run()
#5 {main}
CRITICAL - 2022-09-02 21:14:10 --> Undefined array key "Drop_name"
#0 C:\xampp\htdocs\Project_BMI2\app\Controllers\ApiPacking.php(42): CodeIgniter\Debug\Exceptions->errorHandler(2, 'Undefined array...', 'C:\\xampp\\htdocs...', 42)
#1 C:\xampp\htdocs\Project_BMI2\vendor\codeigniter4\framework\system\CodeIgniter.php(832): App\Controllers\ApiPacking->show()
#2 C:\xampp\htdocs\Project_BMI2\vendor\codeigniter4\framework\system\CodeIgniter.php(419): CodeIgniter\CodeIgniter->runController(Object(App\Controllers\ApiPacking))
#3 C:\xampp\htdocs\Project_BMI2\vendor\codeigniter4\framework\system\CodeIgniter.php(326): CodeIgniter\CodeIgniter->handleRequest(NULL, Object(Config\Cache), false)
#4 C:\xampp\htdocs\Project_BMI2\public\index.php(37): CodeIgniter\CodeIgniter->run()
#5 {main}
CRITICAL - 2022-09-02 21:14:43 --> Undefined array key "Drop_name"
#0 C:\xampp\htdocs\Project_BMI2\app\Controllers\ApiPacking.php(42): CodeIgniter\Debug\Exceptions->errorHandler(2, 'Undefined array...', 'C:\\xampp\\htdocs...', 42)
#1 C:\xampp\htdocs\Project_BMI2\vendor\codeigniter4\framework\system\CodeIgniter.php(832): App\Controllers\ApiPacking->show()
#2 C:\xampp\htdocs\Project_BMI2\vendor\codeigniter4\framework\system\CodeIgniter.php(419): CodeIgniter\CodeIgniter->runController(Object(App\Controllers\ApiPacking))
#3 C:\xampp\htdocs\Project_BMI2\vendor\codeigniter4\framework\system\CodeIgniter.php(326): CodeIgniter\CodeIgniter->handleRequest(NULL, Object(Config\Cache), false)
#4 C:\xampp\htdocs\Project_BMI2\public\index.php(37): CodeIgniter\CodeIgniter->run()
#5 {main}
CRITICAL - 2022-09-02 22:07:02 --> Undefined array key "Drop_name"
#0 C:\xampp\htdocs\Project_BMI2\app\Controllers\ApiPacking.php(42): CodeIgniter\Debug\Exceptions->errorHandler(2, 'Undefined array...', 'C:\\xampp\\htdocs...', 42)
#1 C:\xampp\htdocs\Project_BMI2\vendor\codeigniter4\framework\system\CodeIgniter.php(832): App\Controllers\ApiPacking->show()
#2 C:\xampp\htdocs\Project_BMI2\vendor\codeigniter4\framework\system\CodeIgniter.php(419): CodeIgniter\CodeIgniter->runController(Object(App\Controllers\ApiPacking))
#3 C:\xampp\htdocs\Project_BMI2\vendor\codeigniter4\framework\system\CodeIgniter.php(326): CodeIgniter\CodeIgniter->handleRequest(NULL, Object(Config\Cache), false)
#4 C:\xampp\htdocs\Project_BMI2\public\index.php(37): CodeIgniter\CodeIgniter->run()
#5 {main}
