ERROR - 2022-08-26 09:42:17 --> Error connecting to the database: No connection could be made because the target machine actively refused it
CRITICAL - 2022-08-26 09:42:17 --> Unable to connect to the database.
Main connection [MySQLi]: No connection could be made because the target machine actively refused it
#0 C:\Users\DUTA DAYA 2\Desktop\Project_BMI2\vendor\codeigniter4\framework\system\Database\BaseConnection.php(577): CodeIgniter\Database\BaseConnection->initialize()
#1 C:\Users\DUTA DAYA 2\Desktop\Project_BMI2\vendor\codeigniter4\framework\system\Database\BaseBuilder.php(1455): CodeIgniter\Database\BaseConnection->query('SELECT *\nFROM `...', Array, false)
#2 C:\Users\DUTA DAYA 2\Desktop\Project_BMI2\vendor\codeigniter4\framework\system\Model.php(728): CodeIgniter\Database\BaseBuilder->get()
#3 C:\Users\DUTA DAYA 2\Desktop\Project_BMI2\app\Models\PoModel.php(20): CodeIgniter\Model->__call('get', Array)
#4 C:\Users\DUTA DAYA 2\Desktop\Project_BMI2\app\Controllers\Inbound.php(25): App\Models\PoModel->tampilDataTransaksi()
#5 C:\Users\DUTA DAYA 2\Desktop\Project_BMI2\vendor\codeigniter4\framework\system\CodeIgniter.php(832): App\Controllers\Inbound->index()
#6 C:\Users\DUTA DAYA 2\Desktop\Project_BMI2\vendor\codeigniter4\framework\system\CodeIgniter.php(419): CodeIgniter\CodeIgniter->runController(Object(App\Controllers\Inbound))
#7 C:\Users\DUTA DAYA 2\Desktop\Project_BMI2\vendor\codeigniter4\framework\system\CodeIgniter.php(326): CodeIgniter\CodeIgniter->handleRequest(NULL, Object(Config\Cache), false)
#8 C:\Users\DUTA DAYA 2\Desktop\Project_BMI2\public\index.php(37): CodeIgniter\CodeIgniter->run()
#9 C:\Users\DUTA DAYA 2\Desktop\Project_BMI2\vendor\codeigniter4\framework\system\Commands\Server\rewrite.php(43): require_once('C:\\Users\\DUTA D...')
#10 {main}
CRITICAL - 2022-08-26 14:06:16 --> Undefined variable $listBarang
#0 C:\Users\DUTA DAYA 2\Desktop\Project_BMI2\app\Views\basket\modalBasket.php(37): CodeIgniter\Debug\Exceptions->errorHandler(2, 'Undefined varia...', 'C:\\Users\\DUTA D...', 37)
#1 C:\Users\DUTA DAYA 2\Desktop\Project_BMI2\vendor\codeigniter4\framework\system\View\View.php(210): include('C:\\Users\\DUTA D...')
#2 C:\Users\DUTA DAYA 2\Desktop\Project_BMI2\vendor\codeigniter4\framework\system\View\View.php(213): CodeIgniter\View\View->CodeIgniter\View\{closure}()
#3 C:\Users\DUTA DAYA 2\Desktop\Project_BMI2\vendor\codeigniter4\framework\system\Common.php(1089): CodeIgniter\View\View->render('basket/modalbas...', Array, true)
#4 C:\Users\DUTA DAYA 2\Desktop\Project_BMI2\app\Controllers\Picking.php(146): view('basket/modalbas...')
#5 C:\Users\DUTA DAYA 2\Desktop\Project_BMI2\vendor\codeigniter4\framework\system\CodeIgniter.php(832): App\Controllers\Picking->modalBasket()
#6 C:\Users\DUTA DAYA 2\Desktop\Project_BMI2\vendor\codeigniter4\framework\system\CodeIgniter.php(419): CodeIgniter\CodeIgniter->runController(Object(App\Controllers\Picking))
#7 C:\Users\DUTA DAYA 2\Desktop\Project_BMI2\vendor\codeigniter4\framework\system\CodeIgniter.php(326): CodeIgniter\CodeIgniter->handleRequest(NULL, Object(Config\Cache), false)
#8 C:\Users\DUTA DAYA 2\Desktop\Project_BMI2\public\index.php(37): CodeIgniter\CodeIgniter->run()
#9 C:\Users\DUTA DAYA 2\Desktop\Project_BMI2\vendor\codeigniter4\framework\system\Commands\Server\rewrite.php(43): require_once('C:\\Users\\DUTA D...')
#10 {main}
CRITICAL - 2022-08-26 14:06:17 --> Undefined variable $listBarang
#0 C:\Users\DUTA DAYA 2\Desktop\Project_BMI2\app\Views\basket\modalBasket.php(37): CodeIgniter\Debug\Exceptions->errorHandler(2, 'Undefined varia...', 'C:\\Users\\DUTA D...', 37)
#1 C:\Users\DUTA DAYA 2\Desktop\Project_BMI2\vendor\codeigniter4\framework\system\View\View.php(210): include('C:\\Users\\DUTA D...')
#2 C:\Users\DUTA DAYA 2\Desktop\Project_BMI2\vendor\codeigniter4\framework\system\View\View.php(213): CodeIgniter\View\View->CodeIgniter\View\{closure}()
#3 C:\Users\DUTA DAYA 2\Desktop\Project_BMI2\vendor\codeigniter4\framework\system\Common.php(1089): CodeIgniter\View\View->render('basket/modalbas...', Array, true)
#4 C:\Users\DUTA DAYA 2\Desktop\Project_BMI2\app\Controllers\Picking.php(146): view('basket/modalbas...')
#5 C:\Users\DUTA DAYA 2\Desktop\Project_BMI2\vendor\codeigniter4\framework\system\CodeIgniter.php(832): App\Controllers\Picking->modalBasket()
#6 C:\Users\DUTA DAYA 2\Desktop\Project_BMI2\vendor\codeigniter4\framework\system\CodeIgniter.php(419): CodeIgniter\CodeIgniter->runController(Object(App\Controllers\Picking))
#7 C:\Users\DUTA DAYA 2\Desktop\Project_BMI2\vendor\codeigniter4\framework\system\CodeIgniter.php(326): CodeIgniter\CodeIgniter->handleRequest(NULL, Object(Config\Cache), false)
#8 C:\Users\DUTA DAYA 2\Desktop\Project_BMI2\public\index.php(37): CodeIgniter\CodeIgniter->run()
#9 C:\Users\DUTA DAYA 2\Desktop\Project_BMI2\vendor\codeigniter4\framework\system\Commands\Server\rewrite.php(43): require_once('C:\\Users\\DUTA D...')
#10 {main}
CRITICAL - 2022-08-26 14:06:18 --> Undefined variable $listBarang
#0 C:\Users\DUTA DAYA 2\Desktop\Project_BMI2\app\Views\basket\modalBasket.php(37): CodeIgniter\Debug\Exceptions->errorHandler(2, 'Undefined varia...', 'C:\\Users\\DUTA D...', 37)
#1 C:\Users\DUTA DAYA 2\Desktop\Project_BMI2\vendor\codeigniter4\framework\system\View\View.php(210): include('C:\\Users\\DUTA D...')
#2 C:\Users\DUTA DAYA 2\Desktop\Project_BMI2\vendor\codeigniter4\framework\system\View\View.php(213): CodeIgniter\View\View->CodeIgniter\View\{closure}()
#3 C:\Users\DUTA DAYA 2\Desktop\Project_BMI2\vendor\codeigniter4\framework\system\Common.php(1089): CodeIgniter\View\View->render('basket/modalbas...', Array, true)
#4 C:\Users\DUTA DAYA 2\Desktop\Project_BMI2\app\Controllers\Picking.php(146): view('basket/modalbas...')
#5 C:\Users\DUTA DAYA 2\Desktop\Project_BMI2\vendor\codeigniter4\framework\system\CodeIgniter.php(832): App\Controllers\Picking->modalBasket()
#6 C:\Users\DUTA DAYA 2\Desktop\Project_BMI2\vendor\codeigniter4\framework\system\CodeIgniter.php(419): CodeIgniter\CodeIgniter->runController(Object(App\Controllers\Picking))
#7 C:\Users\DUTA DAYA 2\Desktop\Project_BMI2\vendor\codeigniter4\framework\system\CodeIgniter.php(326): CodeIgniter\CodeIgniter->handleRequest(NULL, Object(Config\Cache), false)
#8 C:\Users\DUTA DAYA 2\Desktop\Project_BMI2\public\index.php(37): CodeIgniter\CodeIgniter->run()
#9 C:\Users\DUTA DAYA 2\Desktop\Project_BMI2\vendor\codeigniter4\framework\system\Commands\Server\rewrite.php(43): require_once('C:\\Users\\DUTA D...')
#10 {main}
CRITICAL - 2022-08-26 14:06:18 --> Undefined variable $listBarang
#0 C:\Users\DUTA DAYA 2\Desktop\Project_BMI2\app\Views\basket\modalBasket.php(37): CodeIgniter\Debug\Exceptions->errorHandler(2, 'Undefined varia...', 'C:\\Users\\DUTA D...', 37)
#1 C:\Users\DUTA DAYA 2\Desktop\Project_BMI2\vendor\codeigniter4\framework\system\View\View.php(210): include('C:\\Users\\DUTA D...')
#2 C:\Users\DUTA DAYA 2\Desktop\Project_BMI2\vendor\codeigniter4\framework\system\View\View.php(213): CodeIgniter\View\View->CodeIgniter\View\{closure}()
#3 C:\Users\DUTA DAYA 2\Desktop\Project_BMI2\vendor\codeigniter4\framework\system\Common.php(1089): CodeIgniter\View\View->render('basket/modalbas...', Array, true)
#4 C:\Users\DUTA DAYA 2\Desktop\Project_BMI2\app\Controllers\Picking.php(146): view('basket/modalbas...')
#5 C:\Users\DUTA DAYA 2\Desktop\Project_BMI2\vendor\codeigniter4\framework\system\CodeIgniter.php(832): App\Controllers\Picking->modalBasket()
#6 C:\Users\DUTA DAYA 2\Desktop\Project_BMI2\vendor\codeigniter4\framework\system\CodeIgniter.php(419): CodeIgniter\CodeIgniter->runController(Object(App\Controllers\Picking))
#7 C:\Users\DUTA DAYA 2\Desktop\Project_BMI2\vendor\codeigniter4\framework\system\CodeIgniter.php(326): CodeIgniter\CodeIgniter->handleRequest(NULL, Object(Config\Cache), false)
#8 C:\Users\DUTA DAYA 2\Desktop\Project_BMI2\public\index.php(37): CodeIgniter\CodeIgniter->run()
#9 C:\Users\DUTA DAYA 2\Desktop\Project_BMI2\vendor\codeigniter4\framework\system\Commands\Server\rewrite.php(43): require_once('C:\\Users\\DUTA D...')
#10 {main}
CRITICAL - 2022-08-26 14:06:18 --> Undefined variable $listBarang
#0 C:\Users\DUTA DAYA 2\Desktop\Project_BMI2\app\Views\basket\modalBasket.php(37): CodeIgniter\Debug\Exceptions->errorHandler(2, 'Undefined varia...', 'C:\\Users\\DUTA D...', 37)
#1 C:\Users\DUTA DAYA 2\Desktop\Project_BMI2\vendor\codeigniter4\framework\system\View\View.php(210): include('C:\\Users\\DUTA D...')
#2 C:\Users\DUTA DAYA 2\Desktop\Project_BMI2\vendor\codeigniter4\framework\system\View\View.php(213): CodeIgniter\View\View->CodeIgniter\View\{closure}()
#3 C:\Users\DUTA DAYA 2\Desktop\Project_BMI2\vendor\codeigniter4\framework\system\Common.php(1089): CodeIgniter\View\View->render('basket/modalbas...', Array, true)
#4 C:\Users\DUTA DAYA 2\Desktop\Project_BMI2\app\Controllers\Picking.php(146): view('basket/modalbas...')
#5 C:\Users\DUTA DAYA 2\Desktop\Project_BMI2\vendor\codeigniter4\framework\system\CodeIgniter.php(832): App\Controllers\Picking->modalBasket()
#6 C:\Users\DUTA DAYA 2\Desktop\Project_BMI2\vendor\codeigniter4\framework\system\CodeIgniter.php(419): CodeIgniter\CodeIgniter->runController(Object(App\Controllers\Picking))
#7 C:\Users\DUTA DAYA 2\Desktop\Project_BMI2\vendor\codeigniter4\framework\system\CodeIgniter.php(326): CodeIgniter\CodeIgniter->handleRequest(NULL, Object(Config\Cache), false)
#8 C:\Users\DUTA DAYA 2\Desktop\Project_BMI2\public\index.php(37): CodeIgniter\CodeIgniter->run()
#9 C:\Users\DUTA DAYA 2\Desktop\Project_BMI2\vendor\codeigniter4\framework\system\Commands\Server\rewrite.php(43): require_once('C:\\Users\\DUTA D...')
#10 {main}
CRITICAL - 2022-08-26 14:06:19 --> Undefined variable $listBarang
#0 C:\Users\DUTA DAYA 2\Desktop\Project_BMI2\app\Views\basket\modalBasket.php(37): CodeIgniter\Debug\Exceptions->errorHandler(2, 'Undefined varia...', 'C:\\Users\\DUTA D...', 37)
#1 C:\Users\DUTA DAYA 2\Desktop\Project_BMI2\vendor\codeigniter4\framework\system\View\View.php(210): include('C:\\Users\\DUTA D...')
#2 C:\Users\DUTA DAYA 2\Desktop\Project_BMI2\vendor\codeigniter4\framework\system\View\View.php(213): CodeIgniter\View\View->CodeIgniter\View\{closure}()
#3 C:\Users\DUTA DAYA 2\Desktop\Project_BMI2\vendor\codeigniter4\framework\system\Common.php(1089): CodeIgniter\View\View->render('basket/modalbas...', Array, true)
#4 C:\Users\DUTA DAYA 2\Desktop\Project_BMI2\app\Controllers\Picking.php(146): view('basket/modalbas...')
#5 C:\Users\DUTA DAYA 2\Desktop\Project_BMI2\vendor\codeigniter4\framework\system\CodeIgniter.php(832): App\Controllers\Picking->modalBasket()
#6 C:\Users\DUTA DAYA 2\Desktop\Project_BMI2\vendor\codeigniter4\framework\system\CodeIgniter.php(419): CodeIgniter\CodeIgniter->runController(Object(App\Controllers\Picking))
#7 C:\Users\DUTA DAYA 2\Desktop\Project_BMI2\vendor\codeigniter4\framework\system\CodeIgniter.php(326): CodeIgniter\CodeIgniter->handleRequest(NULL, Object(Config\Cache), false)
#8 C:\Users\DUTA DAYA 2\Desktop\Project_BMI2\public\index.php(37): CodeIgniter\CodeIgniter->run()
#9 C:\Users\DUTA DAYA 2\Desktop\Project_BMI2\vendor\codeigniter4\framework\system\Commands\Server\rewrite.php(43): require_once('C:\\Users\\DUTA D...')
#10 {main}
CRITICAL - 2022-08-26 14:06:19 --> Undefined variable $listBarang
#0 C:\Users\DUTA DAYA 2\Desktop\Project_BMI2\app\Views\basket\modalBasket.php(37): CodeIgniter\Debug\Exceptions->errorHandler(2, 'Undefined varia...', 'C:\\Users\\DUTA D...', 37)
#1 C:\Users\DUTA DAYA 2\Desktop\Project_BMI2\vendor\codeigniter4\framework\system\View\View.php(210): include('C:\\Users\\DUTA D...')
#2 C:\Users\DUTA DAYA 2\Desktop\Project_BMI2\vendor\codeigniter4\framework\system\View\View.php(213): CodeIgniter\View\View->CodeIgniter\View\{closure}()
#3 C:\Users\DUTA DAYA 2\Desktop\Project_BMI2\vendor\codeigniter4\framework\system\Common.php(1089): CodeIgniter\View\View->render('basket/modalbas...', Array, true)
#4 C:\Users\DUTA DAYA 2\Desktop\Project_BMI2\app\Controllers\Picking.php(146): view('basket/modalbas...')
#5 C:\Users\DUTA DAYA 2\Desktop\Project_BMI2\vendor\codeigniter4\framework\system\CodeIgniter.php(832): App\Controllers\Picking->modalBasket()
#6 C:\Users\DUTA DAYA 2\Desktop\Project_BMI2\vendor\codeigniter4\framework\system\CodeIgniter.php(419): CodeIgniter\CodeIgniter->runController(Object(App\Controllers\Picking))
#7 C:\Users\DUTA DAYA 2\Desktop\Project_BMI2\vendor\codeigniter4\framework\system\CodeIgniter.php(326): CodeIgniter\CodeIgniter->handleRequest(NULL, Object(Config\Cache), false)
#8 C:\Users\DUTA DAYA 2\Desktop\Project_BMI2\public\index.php(37): CodeIgniter\CodeIgniter->run()
#9 C:\Users\DUTA DAYA 2\Desktop\Project_BMI2\vendor\codeigniter4\framework\system\Commands\Server\rewrite.php(43): require_once('C:\\Users\\DUTA D...')
#10 {main}
CRITICAL - 2022-08-26 14:06:44 --> Undefined variable $listBarang
#0 C:\Users\DUTA DAYA 2\Desktop\Project_BMI2\app\Views\basket\modalBasket.php(37): CodeIgniter\Debug\Exceptions->errorHandler(2, 'Undefined varia...', 'C:\\Users\\DUTA D...', 37)
#1 C:\Users\DUTA DAYA 2\Desktop\Project_BMI2\vendor\codeigniter4\framework\system\View\View.php(210): include('C:\\Users\\DUTA D...')
#2 C:\Users\DUTA DAYA 2\Desktop\Project_BMI2\vendor\codeigniter4\framework\system\View\View.php(213): CodeIgniter\View\View->CodeIgniter\View\{closure}()
#3 C:\Users\DUTA DAYA 2\Desktop\Project_BMI2\vendor\codeigniter4\framework\system\Common.php(1089): CodeIgniter\View\View->render('basket/modalbas...', Array, true)
#4 C:\Users\DUTA DAYA 2\Desktop\Project_BMI2\app\Controllers\Picking.php(146): view('basket/modalbas...')
#5 C:\Users\DUTA DAYA 2\Desktop\Project_BMI2\vendor\codeigniter4\framework\system\CodeIgniter.php(832): App\Controllers\Picking->modalBasket()
#6 C:\Users\DUTA DAYA 2\Desktop\Project_BMI2\vendor\codeigniter4\framework\system\CodeIgniter.php(419): CodeIgniter\CodeIgniter->runController(Object(App\Controllers\Picking))
#7 C:\Users\DUTA DAYA 2\Desktop\Project_BMI2\vendor\codeigniter4\framework\system\CodeIgniter.php(326): CodeIgniter\CodeIgniter->handleRequest(NULL, Object(Config\Cache), false)
#8 C:\Users\DUTA DAYA 2\Desktop\Project_BMI2\public\index.php(37): CodeIgniter\CodeIgniter->run()
#9 C:\Users\DUTA DAYA 2\Desktop\Project_BMI2\vendor\codeigniter4\framework\system\Commands\Server\rewrite.php(43): require_once('C:\\Users\\DUTA D...')
#10 {main}
CRITICAL - 2022-08-26 14:22:13 --> Undefined variable $idBasket
#0 C:\Users\DUTA DAYA 2\Desktop\Project_BMI2\app\Views\basket\modalBasket.php(18): CodeIgniter\Debug\Exceptions->errorHandler(2, 'Undefined varia...', 'C:\\Users\\DUTA D...', 18)
#1 C:\Users\DUTA DAYA 2\Desktop\Project_BMI2\vendor\codeigniter4\framework\system\View\View.php(210): include('C:\\Users\\DUTA D...')
#2 C:\Users\DUTA DAYA 2\Desktop\Project_BMI2\vendor\codeigniter4\framework\system\View\View.php(213): CodeIgniter\View\View->CodeIgniter\View\{closure}()
#3 C:\Users\DUTA DAYA 2\Desktop\Project_BMI2\vendor\codeigniter4\framework\system\Common.php(1089): CodeIgniter\View\View->render('basket/modalbas...', Array, true)
#4 C:\Users\DUTA DAYA 2\Desktop\Project_BMI2\app\Controllers\Picking.php(146): view('basket/modalbas...')
#5 C:\Users\DUTA DAYA 2\Desktop\Project_BMI2\vendor\codeigniter4\framework\system\CodeIgniter.php(832): App\Controllers\Picking->modalBasket()
#6 C:\Users\DUTA DAYA 2\Desktop\Project_BMI2\vendor\codeigniter4\framework\system\CodeIgniter.php(419): CodeIgniter\CodeIgniter->runController(Object(App\Controllers\Picking))
#7 C:\Users\DUTA DAYA 2\Desktop\Project_BMI2\vendor\codeigniter4\framework\system\CodeIgniter.php(326): CodeIgniter\CodeIgniter->handleRequest(NULL, Object(Config\Cache), false)
#8 C:\Users\DUTA DAYA 2\Desktop\Project_BMI2\public\index.php(37): CodeIgniter\CodeIgniter->run()
#9 C:\Users\DUTA DAYA 2\Desktop\Project_BMI2\vendor\codeigniter4\framework\system\Commands\Server\rewrite.php(43): require_once('C:\\Users\\DUTA D...')
#10 {main}
CRITICAL - 2022-08-26 14:22:15 --> Undefined variable $idBasket
#0 C:\Users\DUTA DAYA 2\Desktop\Project_BMI2\app\Views\basket\modalBasket.php(18): CodeIgniter\Debug\Exceptions->errorHandler(2, 'Undefined varia...', 'C:\\Users\\DUTA D...', 18)
#1 C:\Users\DUTA DAYA 2\Desktop\Project_BMI2\vendor\codeigniter4\framework\system\View\View.php(210): include('C:\\Users\\DUTA D...')
#2 C:\Users\DUTA DAYA 2\Desktop\Project_BMI2\vendor\codeigniter4\framework\system\View\View.php(213): CodeIgniter\View\View->CodeIgniter\View\{closure}()
#3 C:\Users\DUTA DAYA 2\Desktop\Project_BMI2\vendor\codeigniter4\framework\system\Common.php(1089): CodeIgniter\View\View->render('basket/modalbas...', Array, true)
#4 C:\Users\DUTA DAYA 2\Desktop\Project_BMI2\app\Controllers\Picking.php(146): view('basket/modalbas...')
#5 C:\Users\DUTA DAYA 2\Desktop\Project_BMI2\vendor\codeigniter4\framework\system\CodeIgniter.php(832): App\Controllers\Picking->modalBasket()
#6 C:\Users\DUTA DAYA 2\Desktop\Project_BMI2\vendor\codeigniter4\framework\system\CodeIgniter.php(419): CodeIgniter\CodeIgniter->runController(Object(App\Controllers\Picking))
#7 C:\Users\DUTA DAYA 2\Desktop\Project_BMI2\vendor\codeigniter4\framework\system\CodeIgniter.php(326): CodeIgniter\CodeIgniter->handleRequest(NULL, Object(Config\Cache), false)
#8 C:\Users\DUTA DAYA 2\Desktop\Project_BMI2\public\index.php(37): CodeIgniter\CodeIgniter->run()
#9 C:\Users\DUTA DAYA 2\Desktop\Project_BMI2\vendor\codeigniter4\framework\system\Commands\Server\rewrite.php(43): require_once('C:\\Users\\DUTA D...')
#10 {main}
CRITICAL - 2022-08-26 14:22:19 --> Undefined variable $idBasket
#0 C:\Users\DUTA DAYA 2\Desktop\Project_BMI2\app\Views\basket\modalBasket.php(18): CodeIgniter\Debug\Exceptions->errorHandler(2, 'Undefined varia...', 'C:\\Users\\DUTA D...', 18)
#1 C:\Users\DUTA DAYA 2\Desktop\Project_BMI2\vendor\codeigniter4\framework\system\View\View.php(210): include('C:\\Users\\DUTA D...')
#2 C:\Users\DUTA DAYA 2\Desktop\Project_BMI2\vendor\codeigniter4\framework\system\View\View.php(213): CodeIgniter\View\View->CodeIgniter\View\{closure}()
#3 C:\Users\DUTA DAYA 2\Desktop\Project_BMI2\vendor\codeigniter4\framework\system\Common.php(1089): CodeIgniter\View\View->render('basket/modalbas...', Array, true)
#4 C:\Users\DUTA DAYA 2\Desktop\Project_BMI2\app\Controllers\Picking.php(146): view('basket/modalbas...')
#5 C:\Users\DUTA DAYA 2\Desktop\Project_BMI2\vendor\codeigniter4\framework\system\CodeIgniter.php(832): App\Controllers\Picking->modalBasket()
#6 C:\Users\DUTA DAYA 2\Desktop\Project_BMI2\vendor\codeigniter4\framework\system\CodeIgniter.php(419): CodeIgniter\CodeIgniter->runController(Object(App\Controllers\Picking))
#7 C:\Users\DUTA DAYA 2\Desktop\Project_BMI2\vendor\codeigniter4\framework\system\CodeIgniter.php(326): CodeIgniter\CodeIgniter->handleRequest(NULL, Object(Config\Cache), false)
#8 C:\Users\DUTA DAYA 2\Desktop\Project_BMI2\public\index.php(37): CodeIgniter\CodeIgniter->run()
#9 C:\Users\DUTA DAYA 2\Desktop\Project_BMI2\vendor\codeigniter4\framework\system\Commands\Server\rewrite.php(43): require_once('C:\\Users\\DUTA D...')
#10 {main}
CRITICAL - 2022-08-26 14:23:26 --> Call to undefined method App\Models\InvoiceModel::idBasket
#0 C:\Users\DUTA DAYA 2\Desktop\Project_BMI2\app\Controllers\Picking.php(144): CodeIgniter\Model->__call('idBasket', Array)
#1 C:\Users\DUTA DAYA 2\Desktop\Project_BMI2\vendor\codeigniter4\framework\system\CodeIgniter.php(832): App\Controllers\Picking->modalBasket()
#2 C:\Users\DUTA DAYA 2\Desktop\Project_BMI2\vendor\codeigniter4\framework\system\CodeIgniter.php(419): CodeIgniter\CodeIgniter->runController(Object(App\Controllers\Picking))
#3 C:\Users\DUTA DAYA 2\Desktop\Project_BMI2\vendor\codeigniter4\framework\system\CodeIgniter.php(326): CodeIgniter\CodeIgniter->handleRequest(NULL, Object(Config\Cache), false)
#4 C:\Users\DUTA DAYA 2\Desktop\Project_BMI2\public\index.php(37): CodeIgniter\CodeIgniter->run()
#5 C:\Users\DUTA DAYA 2\Desktop\Project_BMI2\vendor\codeigniter4\framework\system\Commands\Server\rewrite.php(43): require_once('C:\\Users\\DUTA D...')
#6 {main}
CRITICAL - 2022-08-26 14:23:31 --> Call to undefined method App\Models\InvoiceModel::idBasket
#0 C:\Users\DUTA DAYA 2\Desktop\Project_BMI2\app\Controllers\Picking.php(144): CodeIgniter\Model->__call('idBasket', Array)
#1 C:\Users\DUTA DAYA 2\Desktop\Project_BMI2\vendor\codeigniter4\framework\system\CodeIgniter.php(832): App\Controllers\Picking->modalBasket()
#2 C:\Users\DUTA DAYA 2\Desktop\Project_BMI2\vendor\codeigniter4\framework\system\CodeIgniter.php(419): CodeIgniter\CodeIgniter->runController(Object(App\Controllers\Picking))
#3 C:\Users\DUTA DAYA 2\Desktop\Project_BMI2\vendor\codeigniter4\framework\system\CodeIgniter.php(326): CodeIgniter\CodeIgniter->handleRequest(NULL, Object(Config\Cache), false)
#4 C:\Users\DUTA DAYA 2\Desktop\Project_BMI2\public\index.php(37): CodeIgniter\CodeIgniter->run()
#5 C:\Users\DUTA DAYA 2\Desktop\Project_BMI2\vendor\codeigniter4\framework\system\Commands\Server\rewrite.php(43): require_once('C:\\Users\\DUTA D...')
#6 {main}
CRITICAL - 2022-08-26 14:23:58 --> Call to undefined method App\Models\InvoiceModel::idBasket
#0 C:\Users\DUTA DAYA 2\Desktop\Project_BMI2\app\Controllers\Picking.php(144): CodeIgniter\Model->__call('idBasket', Array)
#1 C:\Users\DUTA DAYA 2\Desktop\Project_BMI2\vendor\codeigniter4\framework\system\CodeIgniter.php(832): App\Controllers\Picking->modalBasket()
#2 C:\Users\DUTA DAYA 2\Desktop\Project_BMI2\vendor\codeigniter4\framework\system\CodeIgniter.php(419): CodeIgniter\CodeIgniter->runController(Object(App\Controllers\Picking))
#3 C:\Users\DUTA DAYA 2\Desktop\Project_BMI2\vendor\codeigniter4\framework\system\CodeIgniter.php(326): CodeIgniter\CodeIgniter->handleRequest(NULL, Object(Config\Cache), false)
#4 C:\Users\DUTA DAYA 2\Desktop\Project_BMI2\public\index.php(37): CodeIgniter\CodeIgniter->run()
#5 C:\Users\DUTA DAYA 2\Desktop\Project_BMI2\vendor\codeigniter4\framework\system\Commands\Server\rewrite.php(43): require_once('C:\\Users\\DUTA D...')
#6 {main}
CRITICAL - 2022-08-26 14:23:59 --> Call to undefined method App\Models\InvoiceModel::idBasket
#0 C:\Users\DUTA DAYA 2\Desktop\Project_BMI2\app\Controllers\Picking.php(144): CodeIgniter\Model->__call('idBasket', Array)
#1 C:\Users\DUTA DAYA 2\Desktop\Project_BMI2\vendor\codeigniter4\framework\system\CodeIgniter.php(832): App\Controllers\Picking->modalBasket()
#2 C:\Users\DUTA DAYA 2\Desktop\Project_BMI2\vendor\codeigniter4\framework\system\CodeIgniter.php(419): CodeIgniter\CodeIgniter->runController(Object(App\Controllers\Picking))
#3 C:\Users\DUTA DAYA 2\Desktop\Project_BMI2\vendor\codeigniter4\framework\system\CodeIgniter.php(326): CodeIgniter\CodeIgniter->handleRequest(NULL, Object(Config\Cache), false)
#4 C:\Users\DUTA DAYA 2\Desktop\Project_BMI2\public\index.php(37): CodeIgniter\CodeIgniter->run()
#5 C:\Users\DUTA DAYA 2\Desktop\Project_BMI2\vendor\codeigniter4\framework\system\Commands\Server\rewrite.php(43): require_once('C:\\Users\\DUTA D...')
#6 {main}
CRITICAL - 2022-08-26 14:23:59 --> Call to undefined method App\Models\InvoiceModel::idBasket
#0 C:\Users\DUTA DAYA 2\Desktop\Project_BMI2\app\Controllers\Picking.php(144): CodeIgniter\Model->__call('idBasket', Array)
#1 C:\Users\DUTA DAYA 2\Desktop\Project_BMI2\vendor\codeigniter4\framework\system\CodeIgniter.php(832): App\Controllers\Picking->modalBasket()
#2 C:\Users\DUTA DAYA 2\Desktop\Project_BMI2\vendor\codeigniter4\framework\system\CodeIgniter.php(419): CodeIgniter\CodeIgniter->runController(Object(App\Controllers\Picking))
#3 C:\Users\DUTA DAYA 2\Desktop\Project_BMI2\vendor\codeigniter4\framework\system\CodeIgniter.php(326): CodeIgniter\CodeIgniter->handleRequest(NULL, Object(Config\Cache), false)
#4 C:\Users\DUTA DAYA 2\Desktop\Project_BMI2\public\index.php(37): CodeIgniter\CodeIgniter->run()
#5 C:\Users\DUTA DAYA 2\Desktop\Project_BMI2\vendor\codeigniter4\framework\system\Commands\Server\rewrite.php(43): require_once('C:\\Users\\DUTA D...')
#6 {main}
CRITICAL - 2022-08-26 14:24:00 --> Call to undefined method App\Models\InvoiceModel::idBasket
#0 C:\Users\DUTA DAYA 2\Desktop\Project_BMI2\app\Controllers\Picking.php(144): CodeIgniter\Model->__call('idBasket', Array)
#1 C:\Users\DUTA DAYA 2\Desktop\Project_BMI2\vendor\codeigniter4\framework\system\CodeIgniter.php(832): App\Controllers\Picking->modalBasket()
#2 C:\Users\DUTA DAYA 2\Desktop\Project_BMI2\vendor\codeigniter4\framework\system\CodeIgniter.php(419): CodeIgniter\CodeIgniter->runController(Object(App\Controllers\Picking))
#3 C:\Users\DUTA DAYA 2\Desktop\Project_BMI2\vendor\codeigniter4\framework\system\CodeIgniter.php(326): CodeIgniter\CodeIgniter->handleRequest(NULL, Object(Config\Cache), false)
#4 C:\Users\DUTA DAYA 2\Desktop\Project_BMI2\public\index.php(37): CodeIgniter\CodeIgniter->run()
#5 C:\Users\DUTA DAYA 2\Desktop\Project_BMI2\vendor\codeigniter4\framework\system\Commands\Server\rewrite.php(43): require_once('C:\\Users\\DUTA D...')
#6 {main}
CRITICAL - 2022-08-26 14:24:05 --> Call to undefined method App\Models\InvoiceModel::idBasket
#0 C:\Users\DUTA DAYA 2\Desktop\Project_BMI2\app\Controllers\Picking.php(144): CodeIgniter\Model->__call('idBasket', Array)
#1 C:\Users\DUTA DAYA 2\Desktop\Project_BMI2\vendor\codeigniter4\framework\system\CodeIgniter.php(832): App\Controllers\Picking->modalBasket()
#2 C:\Users\DUTA DAYA 2\Desktop\Project_BMI2\vendor\codeigniter4\framework\system\CodeIgniter.php(419): CodeIgniter\CodeIgniter->runController(Object(App\Controllers\Picking))
#3 C:\Users\DUTA DAYA 2\Desktop\Project_BMI2\vendor\codeigniter4\framework\system\CodeIgniter.php(326): CodeIgniter\CodeIgniter->handleRequest(NULL, Object(Config\Cache), false)
#4 C:\Users\DUTA DAYA 2\Desktop\Project_BMI2\public\index.php(37): CodeIgniter\CodeIgniter->run()
#5 C:\Users\DUTA DAYA 2\Desktop\Project_BMI2\vendor\codeigniter4\framework\system\Commands\Server\rewrite.php(43): require_once('C:\\Users\\DUTA D...')
#6 {main}
CRITICAL - 2022-08-26 14:24:15 --> Call to undefined method App\Models\InvoiceModel::idBasket
#0 C:\Users\DUTA DAYA 2\Desktop\Project_BMI2\app\Controllers\Picking.php(144): CodeIgniter\Model->__call('idBasket', Array)
#1 C:\Users\DUTA DAYA 2\Desktop\Project_BMI2\vendor\codeigniter4\framework\system\CodeIgniter.php(832): App\Controllers\Picking->modalBasket()
#2 C:\Users\DUTA DAYA 2\Desktop\Project_BMI2\vendor\codeigniter4\framework\system\CodeIgniter.php(419): CodeIgniter\CodeIgniter->runController(Object(App\Controllers\Picking))
#3 C:\Users\DUTA DAYA 2\Desktop\Project_BMI2\vendor\codeigniter4\framework\system\CodeIgniter.php(326): CodeIgniter\CodeIgniter->handleRequest(NULL, Object(Config\Cache), false)
#4 C:\Users\DUTA DAYA 2\Desktop\Project_BMI2\public\index.php(37): CodeIgniter\CodeIgniter->run()
#5 C:\Users\DUTA DAYA 2\Desktop\Project_BMI2\vendor\codeigniter4\framework\system\Commands\Server\rewrite.php(43): require_once('C:\\Users\\DUTA D...')
#6 {main}
ERROR - 2022-08-26 14:26:46 --> Table 'db_bmi.id_basket' doesn't exist
CRITICAL - 2022-08-26 14:26:46 --> Table 'db_bmi.id_basket' doesn't exist
#0 C:\Users\DUTA DAYA 2\Desktop\Project_BMI2\vendor\codeigniter4\framework\system\Database\MySQLi\Connection.php(292): mysqli->query('SELECT RIGHT(id...', 0)
#1 C:\Users\DUTA DAYA 2\Desktop\Project_BMI2\vendor\codeigniter4\framework\system\Database\BaseConnection.php(670): CodeIgniter\Database\MySQLi\Connection->execute('SELECT RIGHT(id...')
#2 C:\Users\DUTA DAYA 2\Desktop\Project_BMI2\vendor\codeigniter4\framework\system\Database\BaseConnection.php(598): CodeIgniter\Database\BaseConnection->simpleQuery('SELECT RIGHT(id...')
#3 C:\Users\DUTA DAYA 2\Desktop\Project_BMI2\vendor\codeigniter4\framework\system\Database\BaseBuilder.php(1455): CodeIgniter\Database\BaseConnection->query('SELECT RIGHT(id...', Array, false)
#4 C:\Users\DUTA DAYA 2\Desktop\Project_BMI2\app\Models\ModelMasterBasket.php(17): CodeIgniter\Database\BaseBuilder->get()
#5 C:\Users\DUTA DAYA 2\Desktop\Project_BMI2\app\Controllers\Picking.php(145): App\Models\ModelMasterBasket->idBasket()
#6 C:\Users\DUTA DAYA 2\Desktop\Project_BMI2\vendor\codeigniter4\framework\system\CodeIgniter.php(832): App\Controllers\Picking->modalBasket()
#7 C:\Users\DUTA DAYA 2\Desktop\Project_BMI2\vendor\codeigniter4\framework\system\CodeIgniter.php(419): CodeIgniter\CodeIgniter->runController(Object(App\Controllers\Picking))
#8 C:\Users\DUTA DAYA 2\Desktop\Project_BMI2\vendor\codeigniter4\framework\system\CodeIgniter.php(326): CodeIgniter\CodeIgniter->handleRequest(NULL, Object(Config\Cache), false)
#9 C:\Users\DUTA DAYA 2\Desktop\Project_BMI2\public\index.php(37): CodeIgniter\CodeIgniter->run()
#10 C:\Users\DUTA DAYA 2\Desktop\Project_BMI2\vendor\codeigniter4\framework\system\Commands\Server\rewrite.php(43): require_once('C:\\Users\\DUTA D...')
#11 {main}
ERROR - 2022-08-26 14:26:49 --> Table 'db_bmi.id_basket' doesn't exist
CRITICAL - 2022-08-26 14:26:49 --> Table 'db_bmi.id_basket' doesn't exist
#0 C:\Users\DUTA DAYA 2\Desktop\Project_BMI2\vendor\codeigniter4\framework\system\Database\MySQLi\Connection.php(292): mysqli->query('SELECT RIGHT(id...', 0)
#1 C:\Users\DUTA DAYA 2\Desktop\Project_BMI2\vendor\codeigniter4\framework\system\Database\BaseConnection.php(670): CodeIgniter\Database\MySQLi\Connection->execute('SELECT RIGHT(id...')
#2 C:\Users\DUTA DAYA 2\Desktop\Project_BMI2\vendor\codeigniter4\framework\system\Database\BaseConnection.php(598): CodeIgniter\Database\BaseConnection->simpleQuery('SELECT RIGHT(id...')
#3 C:\Users\DUTA DAYA 2\Desktop\Project_BMI2\vendor\codeigniter4\framework\system\Database\BaseBuilder.php(1455): CodeIgniter\Database\BaseConnection->query('SELECT RIGHT(id...', Array, false)
#4 C:\Users\DUTA DAYA 2\Desktop\Project_BMI2\app\Models\ModelMasterBasket.php(17): CodeIgniter\Database\BaseBuilder->get()
#5 C:\Users\DUTA DAYA 2\Desktop\Project_BMI2\app\Controllers\Picking.php(145): App\Models\ModelMasterBasket->idBasket()
#6 C:\Users\DUTA DAYA 2\Desktop\Project_BMI2\vendor\codeigniter4\framework\system\CodeIgniter.php(832): App\Controllers\Picking->modalBasket()
#7 C:\Users\DUTA DAYA 2\Desktop\Project_BMI2\vendor\codeigniter4\framework\system\CodeIgniter.php(419): CodeIgniter\CodeIgniter->runController(Object(App\Controllers\Picking))
#8 C:\Users\DUTA DAYA 2\Desktop\Project_BMI2\vendor\codeigniter4\framework\system\CodeIgniter.php(326): CodeIgniter\CodeIgniter->handleRequest(NULL, Object(Config\Cache), false)
#9 C:\Users\DUTA DAYA 2\Desktop\Project_BMI2\public\index.php(37): CodeIgniter\CodeIgniter->run()
#10 C:\Users\DUTA DAYA 2\Desktop\Project_BMI2\vendor\codeigniter4\framework\system\Commands\Server\rewrite.php(43): require_once('C:\\Users\\DUTA D...')
#11 {main}
ERROR - 2022-08-26 14:27:35 --> Table 'db_bmi.id_basket' doesn't exist
CRITICAL - 2022-08-26 14:27:35 --> Table 'db_bmi.id_basket' doesn't exist
#0 C:\Users\DUTA DAYA 2\Desktop\Project_BMI2\vendor\codeigniter4\framework\system\Database\MySQLi\Connection.php(292): mysqli->query('SELECT RIGHT(id...', 0)
#1 C:\Users\DUTA DAYA 2\Desktop\Project_BMI2\vendor\codeigniter4\framework\system\Database\BaseConnection.php(670): CodeIgniter\Database\MySQLi\Connection->execute('SELECT RIGHT(id...')
#2 C:\Users\DUTA DAYA 2\Desktop\Project_BMI2\vendor\codeigniter4\framework\system\Database\BaseConnection.php(598): CodeIgniter\Database\BaseConnection->simpleQuery('SELECT RIGHT(id...')
#3 C:\Users\DUTA DAYA 2\Desktop\Project_BMI2\vendor\codeigniter4\framework\system\Database\BaseBuilder.php(1455): CodeIgniter\Database\BaseConnection->query('SELECT RIGHT(id...', Array, false)
#4 C:\Users\DUTA DAYA 2\Desktop\Project_BMI2\app\Models\ModelMasterBasket.php(17): CodeIgniter\Database\BaseBuilder->get()
#5 C:\Users\DUTA DAYA 2\Desktop\Project_BMI2\app\Controllers\Picking.php(145): App\Models\ModelMasterBasket->idBasket()
#6 C:\Users\DUTA DAYA 2\Desktop\Project_BMI2\vendor\codeigniter4\framework\system\CodeIgniter.php(832): App\Controllers\Picking->modalBasket()
#7 C:\Users\DUTA DAYA 2\Desktop\Project_BMI2\vendor\codeigniter4\framework\system\CodeIgniter.php(419): CodeIgniter\CodeIgniter->runController(Object(App\Controllers\Picking))
#8 C:\Users\DUTA DAYA 2\Desktop\Project_BMI2\vendor\codeigniter4\framework\system\CodeIgniter.php(326): CodeIgniter\CodeIgniter->handleRequest(NULL, Object(Config\Cache), false)
#9 C:\Users\DUTA DAYA 2\Desktop\Project_BMI2\public\index.php(37): CodeIgniter\CodeIgniter->run()
#10 C:\Users\DUTA DAYA 2\Desktop\Project_BMI2\vendor\codeigniter4\framework\system\Commands\Server\rewrite.php(43): require_once('C:\\Users\\DUTA D...')
#11 {main}
ERROR - 2022-08-26 14:27:36 --> Table 'db_bmi.id_basket' doesn't exist
CRITICAL - 2022-08-26 14:27:36 --> Table 'db_bmi.id_basket' doesn't exist
#0 C:\Users\DUTA DAYA 2\Desktop\Project_BMI2\vendor\codeigniter4\framework\system\Database\MySQLi\Connection.php(292): mysqli->query('SELECT RIGHT(id...', 0)
#1 C:\Users\DUTA DAYA 2\Desktop\Project_BMI2\vendor\codeigniter4\framework\system\Database\BaseConnection.php(670): CodeIgniter\Database\MySQLi\Connection->execute('SELECT RIGHT(id...')
#2 C:\Users\DUTA DAYA 2\Desktop\Project_BMI2\vendor\codeigniter4\framework\system\Database\BaseConnection.php(598): CodeIgniter\Database\BaseConnection->simpleQuery('SELECT RIGHT(id...')
#3 C:\Users\DUTA DAYA 2\Desktop\Project_BMI2\vendor\codeigniter4\framework\system\Database\BaseBuilder.php(1455): CodeIgniter\Database\BaseConnection->query('SELECT RIGHT(id...', Array, false)
#4 C:\Users\DUTA DAYA 2\Desktop\Project_BMI2\app\Models\ModelMasterBasket.php(17): CodeIgniter\Database\BaseBuilder->get()
#5 C:\Users\DUTA DAYA 2\Desktop\Project_BMI2\app\Controllers\Picking.php(145): App\Models\ModelMasterBasket->idBasket()
#6 C:\Users\DUTA DAYA 2\Desktop\Project_BMI2\vendor\codeigniter4\framework\system\CodeIgniter.php(832): App\Controllers\Picking->modalBasket()
#7 C:\Users\DUTA DAYA 2\Desktop\Project_BMI2\vendor\codeigniter4\framework\system\CodeIgniter.php(419): CodeIgniter\CodeIgniter->runController(Object(App\Controllers\Picking))
#8 C:\Users\DUTA DAYA 2\Desktop\Project_BMI2\vendor\codeigniter4\framework\system\CodeIgniter.php(326): CodeIgniter\CodeIgniter->handleRequest(NULL, Object(Config\Cache), false)
#9 C:\Users\DUTA DAYA 2\Desktop\Project_BMI2\public\index.php(37): CodeIgniter\CodeIgniter->run()
#10 C:\Users\DUTA DAYA 2\Desktop\Project_BMI2\vendor\codeigniter4\framework\system\Commands\Server\rewrite.php(43): require_once('C:\\Users\\DUTA D...')
#11 {main}
ERROR - 2022-08-26 14:28:40 --> Table 'db_bmi.id_basket' doesn't exist
CRITICAL - 2022-08-26 14:28:40 --> Table 'db_bmi.id_basket' doesn't exist
#0 C:\Users\DUTA DAYA 2\Desktop\Project_BMI2\vendor\codeigniter4\framework\system\Database\MySQLi\Connection.php(292): mysqli->query('SELECT RIGHT(id...', 0)
#1 C:\Users\DUTA DAYA 2\Desktop\Project_BMI2\vendor\codeigniter4\framework\system\Database\BaseConnection.php(670): CodeIgniter\Database\MySQLi\Connection->execute('SELECT RIGHT(id...')
#2 C:\Users\DUTA DAYA 2\Desktop\Project_BMI2\vendor\codeigniter4\framework\system\Database\BaseConnection.php(598): CodeIgniter\Database\BaseConnection->simpleQuery('SELECT RIGHT(id...')
#3 C:\Users\DUTA DAYA 2\Desktop\Project_BMI2\vendor\codeigniter4\framework\system\Database\BaseBuilder.php(1455): CodeIgniter\Database\BaseConnection->query('SELECT RIGHT(id...', Array, false)
#4 C:\Users\DUTA DAYA 2\Desktop\Project_BMI2\app\Models\ModelMasterBasket.php(17): CodeIgniter\Database\BaseBuilder->get()
#5 C:\Users\DUTA DAYA 2\Desktop\Project_BMI2\app\Controllers\Picking.php(145): App\Models\ModelMasterBasket->idBasket()
#6 C:\Users\DUTA DAYA 2\Desktop\Project_BMI2\vendor\codeigniter4\framework\system\CodeIgniter.php(832): App\Controllers\Picking->modalBasket()
#7 C:\Users\DUTA DAYA 2\Desktop\Project_BMI2\vendor\codeigniter4\framework\system\CodeIgniter.php(419): CodeIgniter\CodeIgniter->runController(Object(App\Controllers\Picking))
#8 C:\Users\DUTA DAYA 2\Desktop\Project_BMI2\vendor\codeigniter4\framework\system\CodeIgniter.php(326): CodeIgniter\CodeIgniter->handleRequest(NULL, Object(Config\Cache), false)
#9 C:\Users\DUTA DAYA 2\Desktop\Project_BMI2\public\index.php(37): CodeIgniter\CodeIgniter->run()
#10 C:\Users\DUTA DAYA 2\Desktop\Project_BMI2\vendor\codeigniter4\framework\system\Commands\Server\rewrite.php(43): require_once('C:\\Users\\DUTA D...')
#11 {main}
ERROR - 2022-08-26 14:28:45 --> Table 'db_bmi.id_basket' doesn't exist
CRITICAL - 2022-08-26 14:28:45 --> Table 'db_bmi.id_basket' doesn't exist
#0 C:\Users\DUTA DAYA 2\Desktop\Project_BMI2\vendor\codeigniter4\framework\system\Database\MySQLi\Connection.php(292): mysqli->query('SELECT RIGHT(id...', 0)
#1 C:\Users\DUTA DAYA 2\Desktop\Project_BMI2\vendor\codeigniter4\framework\system\Database\BaseConnection.php(670): CodeIgniter\Database\MySQLi\Connection->execute('SELECT RIGHT(id...')
#2 C:\Users\DUTA DAYA 2\Desktop\Project_BMI2\vendor\codeigniter4\framework\system\Database\BaseConnection.php(598): CodeIgniter\Database\BaseConnection->simpleQuery('SELECT RIGHT(id...')
#3 C:\Users\DUTA DAYA 2\Desktop\Project_BMI2\vendor\codeigniter4\framework\system\Database\BaseBuilder.php(1455): CodeIgniter\Database\BaseConnection->query('SELECT RIGHT(id...', Array, false)
#4 C:\Users\DUTA DAYA 2\Desktop\Project_BMI2\app\Models\ModelMasterBasket.php(17): CodeIgniter\Database\BaseBuilder->get()
#5 C:\Users\DUTA DAYA 2\Desktop\Project_BMI2\app\Controllers\Picking.php(145): App\Models\ModelMasterBasket->idBasket()
#6 C:\Users\DUTA DAYA 2\Desktop\Project_BMI2\vendor\codeigniter4\framework\system\CodeIgniter.php(832): App\Controllers\Picking->modalBasket()
#7 C:\Users\DUTA DAYA 2\Desktop\Project_BMI2\vendor\codeigniter4\framework\system\CodeIgniter.php(419): CodeIgniter\CodeIgniter->runController(Object(App\Controllers\Picking))
#8 C:\Users\DUTA DAYA 2\Desktop\Project_BMI2\vendor\codeigniter4\framework\system\CodeIgniter.php(326): CodeIgniter\CodeIgniter->handleRequest(NULL, Object(Config\Cache), false)
#9 C:\Users\DUTA DAYA 2\Desktop\Project_BMI2\public\index.php(37): CodeIgniter\CodeIgniter->run()
#10 C:\Users\DUTA DAYA 2\Desktop\Project_BMI2\vendor\codeigniter4\framework\system\Commands\Server\rewrite.php(43): require_once('C:\\Users\\DUTA D...')
#11 {main}
CRITICAL - 2022-08-26 15:06:38 --> Array to string conversion
#0 C:\Users\DUTA DAYA 2\Desktop\Project_BMI2\app\Views\basket\modalBasket.php(13): CodeIgniter\Debug\Exceptions->errorHandler(2, 'Array to string...', 'C:\\Users\\DUTA D...', 13)
#1 C:\Users\DUTA DAYA 2\Desktop\Project_BMI2\vendor\codeigniter4\framework\system\View\View.php(210): include('C:\\Users\\DUTA D...')
#2 C:\Users\DUTA DAYA 2\Desktop\Project_BMI2\vendor\codeigniter4\framework\system\View\View.php(213): CodeIgniter\View\View->CodeIgniter\View\{closure}()
#3 C:\Users\DUTA DAYA 2\Desktop\Project_BMI2\vendor\codeigniter4\framework\system\Common.php(1089): CodeIgniter\View\View->render('basket/modalbas...', Array, true)
#4 C:\Users\DUTA DAYA 2\Desktop\Project_BMI2\app\Controllers\Picking.php(147): view('basket/modalbas...', Array)
#5 C:\Users\DUTA DAYA 2\Desktop\Project_BMI2\vendor\codeigniter4\framework\system\CodeIgniter.php(832): App\Controllers\Picking->modalBasket()
#6 C:\Users\DUTA DAYA 2\Desktop\Project_BMI2\vendor\codeigniter4\framework\system\CodeIgniter.php(419): CodeIgniter\CodeIgniter->runController(Object(App\Controllers\Picking))
#7 C:\Users\DUTA DAYA 2\Desktop\Project_BMI2\vendor\codeigniter4\framework\system\CodeIgniter.php(326): CodeIgniter\CodeIgniter->handleRequest(NULL, Object(Config\Cache), false)
#8 C:\Users\DUTA DAYA 2\Desktop\Project_BMI2\public\index.php(37): CodeIgniter\CodeIgniter->run()
#9 C:\Users\DUTA DAYA 2\Desktop\Project_BMI2\vendor\codeigniter4\framework\system\Commands\Server\rewrite.php(43): require_once('C:\\Users\\DUTA D...')
#10 {main}
CRITICAL - 2022-08-26 15:06:41 --> Array to string conversion
#0 C:\Users\DUTA DAYA 2\Desktop\Project_BMI2\app\Views\basket\modalBasket.php(13): CodeIgniter\Debug\Exceptions->errorHandler(2, 'Array to string...', 'C:\\Users\\DUTA D...', 13)
#1 C:\Users\DUTA DAYA 2\Desktop\Project_BMI2\vendor\codeigniter4\framework\system\View\View.php(210): include('C:\\Users\\DUTA D...')
#2 C:\Users\DUTA DAYA 2\Desktop\Project_BMI2\vendor\codeigniter4\framework\system\View\View.php(213): CodeIgniter\View\View->CodeIgniter\View\{closure}()
#3 C:\Users\DUTA DAYA 2\Desktop\Project_BMI2\vendor\codeigniter4\framework\system\Common.php(1089): CodeIgniter\View\View->render('basket/modalbas...', Array, true)
#4 C:\Users\DUTA DAYA 2\Desktop\Project_BMI2\app\Controllers\Picking.php(147): view('basket/modalbas...', Array)
#5 C:\Users\DUTA DAYA 2\Desktop\Project_BMI2\vendor\codeigniter4\framework\system\CodeIgniter.php(832): App\Controllers\Picking->modalBasket()
#6 C:\Users\DUTA DAYA 2\Desktop\Project_BMI2\vendor\codeigniter4\framework\system\CodeIgniter.php(419): CodeIgniter\CodeIgniter->runController(Object(App\Controllers\Picking))
#7 C:\Users\DUTA DAYA 2\Desktop\Project_BMI2\vendor\codeigniter4\framework\system\CodeIgniter.php(326): CodeIgniter\CodeIgniter->handleRequest(NULL, Object(Config\Cache), false)
#8 C:\Users\DUTA DAYA 2\Desktop\Project_BMI2\public\index.php(37): CodeIgniter\CodeIgniter->run()
#9 C:\Users\DUTA DAYA 2\Desktop\Project_BMI2\vendor\codeigniter4\framework\system\Commands\Server\rewrite.php(43): require_once('C:\\Users\\DUTA D...')
#10 {main}
CRITICAL - 2022-08-26 15:06:46 --> Array to string conversion
#0 C:\Users\DUTA DAYA 2\Desktop\Project_BMI2\app\Views\basket\modalBasket.php(13): CodeIgniter\Debug\Exceptions->errorHandler(2, 'Array to string...', 'C:\\Users\\DUTA D...', 13)
#1 C:\Users\DUTA DAYA 2\Desktop\Project_BMI2\vendor\codeigniter4\framework\system\View\View.php(210): include('C:\\Users\\DUTA D...')
#2 C:\Users\DUTA DAYA 2\Desktop\Project_BMI2\vendor\codeigniter4\framework\system\View\View.php(213): CodeIgniter\View\View->CodeIgniter\View\{closure}()
#3 C:\Users\DUTA DAYA 2\Desktop\Project_BMI2\vendor\codeigniter4\framework\system\Common.php(1089): CodeIgniter\View\View->render('basket/modalbas...', Array, true)
#4 C:\Users\DUTA DAYA 2\Desktop\Project_BMI2\app\Controllers\Picking.php(147): view('basket/modalbas...', Array)
#5 C:\Users\DUTA DAYA 2\Desktop\Project_BMI2\vendor\codeigniter4\framework\system\CodeIgniter.php(832): App\Controllers\Picking->modalBasket()
#6 C:\Users\DUTA DAYA 2\Desktop\Project_BMI2\vendor\codeigniter4\framework\system\CodeIgniter.php(419): CodeIgniter\CodeIgniter->runController(Object(App\Controllers\Picking))
#7 C:\Users\DUTA DAYA 2\Desktop\Project_BMI2\vendor\codeigniter4\framework\system\CodeIgniter.php(326): CodeIgniter\CodeIgniter->handleRequest(NULL, Object(Config\Cache), false)
#8 C:\Users\DUTA DAYA 2\Desktop\Project_BMI2\public\index.php(37): CodeIgniter\CodeIgniter->run()
#9 C:\Users\DUTA DAYA 2\Desktop\Project_BMI2\vendor\codeigniter4\framework\system\Commands\Server\rewrite.php(43): require_once('C:\\Users\\DUTA D...')
#10 {main}
CRITICAL - 2022-08-26 15:06:48 --> Array to string conversion
#0 C:\Users\DUTA DAYA 2\Desktop\Project_BMI2\app\Views\basket\modalBasket.php(13): CodeIgniter\Debug\Exceptions->errorHandler(2, 'Array to string...', 'C:\\Users\\DUTA D...', 13)
#1 C:\Users\DUTA DAYA 2\Desktop\Project_BMI2\vendor\codeigniter4\framework\system\View\View.php(210): include('C:\\Users\\DUTA D...')
#2 C:\Users\DUTA DAYA 2\Desktop\Project_BMI2\vendor\codeigniter4\framework\system\View\View.php(213): CodeIgniter\View\View->CodeIgniter\View\{closure}()
#3 C:\Users\DUTA DAYA 2\Desktop\Project_BMI2\vendor\codeigniter4\framework\system\Common.php(1089): CodeIgniter\View\View->render('basket/modalbas...', Array, true)
#4 C:\Users\DUTA DAYA 2\Desktop\Project_BMI2\app\Controllers\Picking.php(147): view('basket/modalbas...', Array)
#5 C:\Users\DUTA DAYA 2\Desktop\Project_BMI2\vendor\codeigniter4\framework\system\CodeIgniter.php(832): App\Controllers\Picking->modalBasket()
#6 C:\Users\DUTA DAYA 2\Desktop\Project_BMI2\vendor\codeigniter4\framework\system\CodeIgniter.php(419): CodeIgniter\CodeIgniter->runController(Object(App\Controllers\Picking))
#7 C:\Users\DUTA DAYA 2\Desktop\Project_BMI2\vendor\codeigniter4\framework\system\CodeIgniter.php(326): CodeIgniter\CodeIgniter->handleRequest(NULL, Object(Config\Cache), false)
#8 C:\Users\DUTA DAYA 2\Desktop\Project_BMI2\public\index.php(37): CodeIgniter\CodeIgniter->run()
#9 C:\Users\DUTA DAYA 2\Desktop\Project_BMI2\vendor\codeigniter4\framework\system\Commands\Server\rewrite.php(43): require_once('C:\\Users\\DUTA D...')
#10 {main}
CRITICAL - 2022-08-26 15:07:47 --> Array to string conversion
#0 C:\Users\DUTA DAYA 2\Desktop\Project_BMI2\app\Views\basket\modalBasket.php(13): CodeIgniter\Debug\Exceptions->errorHandler(2, 'Array to string...', 'C:\\Users\\DUTA D...', 13)
#1 C:\Users\DUTA DAYA 2\Desktop\Project_BMI2\vendor\codeigniter4\framework\system\View\View.php(210): include('C:\\Users\\DUTA D...')
#2 C:\Users\DUTA DAYA 2\Desktop\Project_BMI2\vendor\codeigniter4\framework\system\View\View.php(213): CodeIgniter\View\View->CodeIgniter\View\{closure}()
#3 C:\Users\DUTA DAYA 2\Desktop\Project_BMI2\vendor\codeigniter4\framework\system\Common.php(1089): CodeIgniter\View\View->render('basket/modalbas...', Array, true)
#4 C:\Users\DUTA DAYA 2\Desktop\Project_BMI2\app\Controllers\Picking.php(147): view('basket/modalbas...', Array)
#5 C:\Users\DUTA DAYA 2\Desktop\Project_BMI2\vendor\codeigniter4\framework\system\CodeIgniter.php(832): App\Controllers\Picking->modalBasket()
#6 C:\Users\DUTA DAYA 2\Desktop\Project_BMI2\vendor\codeigniter4\framework\system\CodeIgniter.php(419): CodeIgniter\CodeIgniter->runController(Object(App\Controllers\Picking))
#7 C:\Users\DUTA DAYA 2\Desktop\Project_BMI2\vendor\codeigniter4\framework\system\CodeIgniter.php(326): CodeIgniter\CodeIgniter->handleRequest(NULL, Object(Config\Cache), false)
#8 C:\Users\DUTA DAYA 2\Desktop\Project_BMI2\public\index.php(37): CodeIgniter\CodeIgniter->run()
#9 C:\Users\DUTA DAYA 2\Desktop\Project_BMI2\vendor\codeigniter4\framework\system\Commands\Server\rewrite.php(43): require_once('C:\\Users\\DUTA D...')
#10 {main}
CRITICAL - 2022-08-26 15:07:56 --> Array to string conversion
#0 C:\Users\DUTA DAYA 2\Desktop\Project_BMI2\app\Views\basket\modalBasket.php(13): CodeIgniter\Debug\Exceptions->errorHandler(2, 'Array to string...', 'C:\\Users\\DUTA D...', 13)
#1 C:\Users\DUTA DAYA 2\Desktop\Project_BMI2\vendor\codeigniter4\framework\system\View\View.php(210): include('C:\\Users\\DUTA D...')
#2 C:\Users\DUTA DAYA 2\Desktop\Project_BMI2\vendor\codeigniter4\framework\system\View\View.php(213): CodeIgniter\View\View->CodeIgniter\View\{closure}()
#3 C:\Users\DUTA DAYA 2\Desktop\Project_BMI2\vendor\codeigniter4\framework\system\Common.php(1089): CodeIgniter\View\View->render('basket/modalbas...', Array, true)
#4 C:\Users\DUTA DAYA 2\Desktop\Project_BMI2\app\Controllers\Picking.php(147): view('basket/modalbas...', Array)
#5 C:\Users\DUTA DAYA 2\Desktop\Project_BMI2\vendor\codeigniter4\framework\system\CodeIgniter.php(832): App\Controllers\Picking->modalBasket()
#6 C:\Users\DUTA DAYA 2\Desktop\Project_BMI2\vendor\codeigniter4\framework\system\CodeIgniter.php(419): CodeIgniter\CodeIgniter->runController(Object(App\Controllers\Picking))
#7 C:\Users\DUTA DAYA 2\Desktop\Project_BMI2\vendor\codeigniter4\framework\system\CodeIgniter.php(326): CodeIgniter\CodeIgniter->handleRequest(NULL, Object(Config\Cache), false)
#8 C:\Users\DUTA DAYA 2\Desktop\Project_BMI2\public\index.php(37): CodeIgniter\CodeIgniter->run()
#9 C:\Users\DUTA DAYA 2\Desktop\Project_BMI2\vendor\codeigniter4\framework\system\Commands\Server\rewrite.php(43): require_once('C:\\Users\\DUTA D...')
#10 {main}
CRITICAL - 2022-08-26 15:10:02 --> Array to string conversion
#0 C:\Users\DUTA DAYA 2\Desktop\Project_BMI2\app\Views\basket\modalBasket.php(13): CodeIgniter\Debug\Exceptions->errorHandler(2, 'Array to string...', 'C:\\Users\\DUTA D...', 13)
#1 C:\Users\DUTA DAYA 2\Desktop\Project_BMI2\vendor\codeigniter4\framework\system\View\View.php(210): include('C:\\Users\\DUTA D...')
#2 C:\Users\DUTA DAYA 2\Desktop\Project_BMI2\vendor\codeigniter4\framework\system\View\View.php(213): CodeIgniter\View\View->CodeIgniter\View\{closure}()
#3 C:\Users\DUTA DAYA 2\Desktop\Project_BMI2\vendor\codeigniter4\framework\system\Common.php(1089): CodeIgniter\View\View->render('basket/modalbas...', Array, true)
#4 C:\Users\DUTA DAYA 2\Desktop\Project_BMI2\app\Controllers\Picking.php(147): view('basket/modalbas...', Array)
#5 C:\Users\DUTA DAYA 2\Desktop\Project_BMI2\vendor\codeigniter4\framework\system\CodeIgniter.php(832): App\Controllers\Picking->modalBasket()
#6 C:\Users\DUTA DAYA 2\Desktop\Project_BMI2\vendor\codeigniter4\framework\system\CodeIgniter.php(419): CodeIgniter\CodeIgniter->runController(Object(App\Controllers\Picking))
#7 C:\Users\DUTA DAYA 2\Desktop\Project_BMI2\vendor\codeigniter4\framework\system\CodeIgniter.php(326): CodeIgniter\CodeIgniter->handleRequest(NULL, Object(Config\Cache), false)
#8 C:\Users\DUTA DAYA 2\Desktop\Project_BMI2\public\index.php(37): CodeIgniter\CodeIgniter->run()
#9 C:\Users\DUTA DAYA 2\Desktop\Project_BMI2\vendor\codeigniter4\framework\system\Commands\Server\rewrite.php(43): require_once('C:\\Users\\DUTA D...')
#10 {main}
ERROR - 2022-08-26 17:24:19 --> Table 'db_bmi.tbl_user' doesn't exist
CRITICAL - 2022-08-26 17:24:19 --> Table 'db_bmi.tbl_user' doesn't exist
#0 C:\Users\DUTA DAYA 2\Desktop\Project_BMI2\vendor\codeigniter4\framework\system\Database\MySQLi\Connection.php(292): mysqli->query('SELECT *\nFROM `...', 0)
#1 C:\Users\DUTA DAYA 2\Desktop\Project_BMI2\vendor\codeigniter4\framework\system\Database\BaseConnection.php(670): CodeIgniter\Database\MySQLi\Connection->execute('SELECT *\nFROM `...')
#2 C:\Users\DUTA DAYA 2\Desktop\Project_BMI2\vendor\codeigniter4\framework\system\Database\BaseConnection.php(598): CodeIgniter\Database\BaseConnection->simpleQuery('SELECT *\nFROM `...')
#3 C:\Users\DUTA DAYA 2\Desktop\Project_BMI2\vendor\codeigniter4\framework\system\Database\BaseBuilder.php(1455): CodeIgniter\Database\BaseConnection->query('SELECT *\nFROM `...', Array, false)
#4 C:\Users\DUTA DAYA 2\Desktop\Project_BMI2\app\Views\Users\modalTambah.php(48): CodeIgniter\Database\BaseBuilder->get()
#5 C:\Users\DUTA DAYA 2\Desktop\Project_BMI2\vendor\codeigniter4\framework\system\View\View.php(210): include('C:\\Users\\DUTA D...')
#6 C:\Users\DUTA DAYA 2\Desktop\Project_BMI2\vendor\codeigniter4\framework\system\View\View.php(213): CodeIgniter\View\View->CodeIgniter\View\{closure}()
#7 C:\Users\DUTA DAYA 2\Desktop\Project_BMI2\vendor\codeigniter4\framework\system\Common.php(1089): CodeIgniter\View\View->render('Users/modalTamb...', Array, true)
#8 C:\Users\DUTA DAYA 2\Desktop\Project_BMI2\app\Controllers\Karyawan.php(24): view('Users/modalTamb...')
#9 C:\Users\DUTA DAYA 2\Desktop\Project_BMI2\vendor\codeigniter4\framework\system\CodeIgniter.php(832): App\Controllers\Karyawan->modalTambah()
#10 C:\Users\DUTA DAYA 2\Desktop\Project_BMI2\vendor\codeigniter4\framework\system\CodeIgniter.php(419): CodeIgniter\CodeIgniter->runController(Object(App\Controllers\Karyawan))
#11 C:\Users\DUTA DAYA 2\Desktop\Project_BMI2\vendor\codeigniter4\framework\system\CodeIgniter.php(326): CodeIgniter\CodeIgniter->handleRequest(NULL, Object(Config\Cache), false)
#12 C:\Users\DUTA DAYA 2\Desktop\Project_BMI2\public\index.php(37): CodeIgniter\CodeIgniter->run()
#13 C:\Users\DUTA DAYA 2\Desktop\Project_BMI2\vendor\codeigniter4\framework\system\Commands\Server\rewrite.php(43): require_once('C:\\Users\\DUTA D...')
#14 {main}
ERROR - 2022-08-26 17:24:23 --> Table 'db_bmi.tbl_user' doesn't exist
CRITICAL - 2022-08-26 17:24:23 --> Table 'db_bmi.tbl_user' doesn't exist
#0 C:\Users\DUTA DAYA 2\Desktop\Project_BMI2\vendor\codeigniter4\framework\system\Database\MySQLi\Connection.php(292): mysqli->query('SELECT *\nFROM `...', 0)
#1 C:\Users\DUTA DAYA 2\Desktop\Project_BMI2\vendor\codeigniter4\framework\system\Database\BaseConnection.php(670): CodeIgniter\Database\MySQLi\Connection->execute('SELECT *\nFROM `...')
#2 C:\Users\DUTA DAYA 2\Desktop\Project_BMI2\vendor\codeigniter4\framework\system\Database\BaseConnection.php(598): CodeIgniter\Database\BaseConnection->simpleQuery('SELECT *\nFROM `...')
#3 C:\Users\DUTA DAYA 2\Desktop\Project_BMI2\vendor\codeigniter4\framework\system\Database\BaseBuilder.php(1455): CodeIgniter\Database\BaseConnection->query('SELECT *\nFROM `...', Array, false)
#4 C:\Users\DUTA DAYA 2\Desktop\Project_BMI2\app\Views\Users\modalTambah.php(48): CodeIgniter\Database\BaseBuilder->get()
#5 C:\Users\DUTA DAYA 2\Desktop\Project_BMI2\vendor\codeigniter4\framework\system\View\View.php(210): include('C:\\Users\\DUTA D...')
#6 C:\Users\DUTA DAYA 2\Desktop\Project_BMI2\vendor\codeigniter4\framework\system\View\View.php(213): CodeIgniter\View\View->CodeIgniter\View\{closure}()
#7 C:\Users\DUTA DAYA 2\Desktop\Project_BMI2\vendor\codeigniter4\framework\system\Common.php(1089): CodeIgniter\View\View->render('Users/modalTamb...', Array, true)
#8 C:\Users\DUTA DAYA 2\Desktop\Project_BMI2\app\Controllers\Karyawan.php(24): view('Users/modalTamb...')
#9 C:\Users\DUTA DAYA 2\Desktop\Project_BMI2\vendor\codeigniter4\framework\system\CodeIgniter.php(832): App\Controllers\Karyawan->modalTambah()
#10 C:\Users\DUTA DAYA 2\Desktop\Project_BMI2\vendor\codeigniter4\framework\system\CodeIgniter.php(419): CodeIgniter\CodeIgniter->runController(Object(App\Controllers\Karyawan))
#11 C:\Users\DUTA DAYA 2\Desktop\Project_BMI2\vendor\codeigniter4\framework\system\CodeIgniter.php(326): CodeIgniter\CodeIgniter->handleRequest(NULL, Object(Config\Cache), false)
#12 C:\Users\DUTA DAYA 2\Desktop\Project_BMI2\public\index.php(37): CodeIgniter\CodeIgniter->run()
#13 C:\Users\DUTA DAYA 2\Desktop\Project_BMI2\vendor\codeigniter4\framework\system\Commands\Server\rewrite.php(43): require_once('C:\\Users\\DUTA D...')
#14 {main}
ERROR - 2022-08-26 17:24:45 --> Table 'db_bmi.tbl_user' doesn't exist
CRITICAL - 2022-08-26 17:24:45 --> Table 'db_bmi.tbl_user' doesn't exist
#0 C:\Users\DUTA DAYA 2\Desktop\Project_BMI2\vendor\codeigniter4\framework\system\Database\MySQLi\Connection.php(292): mysqli->query('SELECT *\nFROM `...', 0)
#1 C:\Users\DUTA DAYA 2\Desktop\Project_BMI2\vendor\codeigniter4\framework\system\Database\BaseConnection.php(670): CodeIgniter\Database\MySQLi\Connection->execute('SELECT *\nFROM `...')
#2 C:\Users\DUTA DAYA 2\Desktop\Project_BMI2\vendor\codeigniter4\framework\system\Database\BaseConnection.php(598): CodeIgniter\Database\BaseConnection->simpleQuery('SELECT *\nFROM `...')
#3 C:\Users\DUTA DAYA 2\Desktop\Project_BMI2\vendor\codeigniter4\framework\system\Database\BaseBuilder.php(1455): CodeIgniter\Database\BaseConnection->query('SELECT *\nFROM `...', Array, false)
#4 C:\Users\DUTA DAYA 2\Desktop\Project_BMI2\app\Views\Users\modalTambah.php(48): CodeIgniter\Database\BaseBuilder->get()
#5 C:\Users\DUTA DAYA 2\Desktop\Project_BMI2\vendor\codeigniter4\framework\system\View\View.php(210): include('C:\\Users\\DUTA D...')
#6 C:\Users\DUTA DAYA 2\Desktop\Project_BMI2\vendor\codeigniter4\framework\system\View\View.php(213): CodeIgniter\View\View->CodeIgniter\View\{closure}()
#7 C:\Users\DUTA DAYA 2\Desktop\Project_BMI2\vendor\codeigniter4\framework\system\Common.php(1089): CodeIgniter\View\View->render('Users/modalTamb...', Array, true)
#8 C:\Users\DUTA DAYA 2\Desktop\Project_BMI2\app\Controllers\Karyawan.php(24): view('Users/modalTamb...')
#9 C:\Users\DUTA DAYA 2\Desktop\Project_BMI2\vendor\codeigniter4\framework\system\CodeIgniter.php(832): App\Controllers\Karyawan->modalTambah()
#10 C:\Users\DUTA DAYA 2\Desktop\Project_BMI2\vendor\codeigniter4\framework\system\CodeIgniter.php(419): CodeIgniter\CodeIgniter->runController(Object(App\Controllers\Karyawan))
#11 C:\Users\DUTA DAYA 2\Desktop\Project_BMI2\vendor\codeigniter4\framework\system\CodeIgniter.php(326): CodeIgniter\CodeIgniter->handleRequest(NULL, Object(Config\Cache), false)
#12 C:\Users\DUTA DAYA 2\Desktop\Project_BMI2\public\index.php(37): CodeIgniter\CodeIgniter->run()
#13 C:\Users\DUTA DAYA 2\Desktop\Project_BMI2\vendor\codeigniter4\framework\system\Commands\Server\rewrite.php(43): require_once('C:\\Users\\DUTA D...')
#14 {main}
ERROR - 2022-08-26 17:25:17 --> Table 'db_bmi.tbl_user' doesn't exist
CRITICAL - 2022-08-26 17:25:17 --> Table 'db_bmi.tbl_user' doesn't exist
#0 C:\Users\DUTA DAYA 2\Desktop\Project_BMI2\vendor\codeigniter4\framework\system\Database\MySQLi\Connection.php(292): mysqli->query('SELECT *\nFROM `...', 0)
#1 C:\Users\DUTA DAYA 2\Desktop\Project_BMI2\vendor\codeigniter4\framework\system\Database\BaseConnection.php(670): CodeIgniter\Database\MySQLi\Connection->execute('SELECT *\nFROM `...')
#2 C:\Users\DUTA DAYA 2\Desktop\Project_BMI2\vendor\codeigniter4\framework\system\Database\BaseConnection.php(598): CodeIgniter\Database\BaseConnection->simpleQuery('SELECT *\nFROM `...')
#3 C:\Users\DUTA DAYA 2\Desktop\Project_BMI2\vendor\codeigniter4\framework\system\Database\BaseBuilder.php(1455): CodeIgniter\Database\BaseConnection->query('SELECT *\nFROM `...', Array, false)
#4 C:\Users\DUTA DAYA 2\Desktop\Project_BMI2\app\Views\Users\modalTambah.php(48): CodeIgniter\Database\BaseBuilder->get()
#5 C:\Users\DUTA DAYA 2\Desktop\Project_BMI2\vendor\codeigniter4\framework\system\View\View.php(210): include('C:\\Users\\DUTA D...')
#6 C:\Users\DUTA DAYA 2\Desktop\Project_BMI2\vendor\codeigniter4\framework\system\View\View.php(213): CodeIgniter\View\View->CodeIgniter\View\{closure}()
#7 C:\Users\DUTA DAYA 2\Desktop\Project_BMI2\vendor\codeigniter4\framework\system\Common.php(1089): CodeIgniter\View\View->render('Users/modalTamb...', Array, true)
#8 C:\Users\DUTA DAYA 2\Desktop\Project_BMI2\app\Controllers\Karyawan.php(23): view('Users/modalTamb...')
#9 C:\Users\DUTA DAYA 2\Desktop\Project_BMI2\vendor\codeigniter4\framework\system\CodeIgniter.php(832): App\Controllers\Karyawan->modalTambah()
#10 C:\Users\DUTA DAYA 2\Desktop\Project_BMI2\vendor\codeigniter4\framework\system\CodeIgniter.php(419): CodeIgniter\CodeIgniter->runController(Object(App\Controllers\Karyawan))
#11 C:\Users\DUTA DAYA 2\Desktop\Project_BMI2\vendor\codeigniter4\framework\system\CodeIgniter.php(326): CodeIgniter\CodeIgniter->handleRequest(NULL, Object(Config\Cache), false)
#12 C:\Users\DUTA DAYA 2\Desktop\Project_BMI2\public\index.php(37): CodeIgniter\CodeIgniter->run()
#13 C:\Users\DUTA DAYA 2\Desktop\Project_BMI2\vendor\codeigniter4\framework\system\Commands\Server\rewrite.php(43): require_once('C:\\Users\\DUTA D...')
#14 {main}
