CRITICAL - 2022-05-29 03:15:50 --> Call to undefined function form_open_multipart()
#0 C:\Users\DUTA DAYA 2\Desktop\Project_BMI\vendor\codeigniter4\framework\system\View\View.php(210): include()
#1 C:\Users\DUTA DAYA 2\Desktop\Project_BMI\vendor\codeigniter4\framework\system\View\View.php(213): CodeIgniter\View\View->CodeIgniter\View\{closure}()
#2 C:\Users\DUTA DAYA 2\Desktop\Project_BMI\vendor\codeigniter4\framework\system\Common.php(1089): CodeIgniter\View\View->render('Stock/viewStock', Array, true)
#3 C:\Users\DUTA DAYA 2\Desktop\Project_BMI\app\Controllers\Stock.php(11): view('Stock/viewStock')
#4 C:\Users\DUTA DAYA 2\Desktop\Project_BMI\vendor\codeigniter4\framework\system\CodeIgniter.php(832): App\Controllers\Stock->index()
#5 C:\Users\DUTA DAYA 2\Desktop\Project_BMI\vendor\codeigniter4\framework\system\CodeIgniter.php(419): CodeIgniter\CodeIgniter->runController(Object(App\Controllers\Stock))
#6 C:\Users\DUTA DAYA 2\Desktop\Project_BMI\vendor\codeigniter4\framework\system\CodeIgniter.php(326): CodeIgniter\CodeIgniter->handleRequest(NULL, Object(Config\Cache), false)
#7 C:\Users\DUTA DAYA 2\Desktop\Project_BMI\public\index.php(37): CodeIgniter\CodeIgniter->run()
#8 C:\Users\DUTA DAYA 2\Desktop\Project_BMI\vendor\codeigniter4\framework\system\Commands\Server\rewrite.php(43): require_once('C:\\Users\\DUTA D...')
#9 {main}
CRITICAL - 2022-05-29 03:59:37 --> Call to undefined function form_open_multipart()
#0 C:\Users\DUTA DAYA 2\Desktop\Project_BMI\vendor\codeigniter4\framework\system\View\View.php(210): include()
#1 C:\Users\DUTA DAYA 2\Desktop\Project_BMI\vendor\codeigniter4\framework\system\View\View.php(213): CodeIgniter\View\View->CodeIgniter\View\{closure}()
#2 C:\Users\DUTA DAYA 2\Desktop\Project_BMI\vendor\codeigniter4\framework\system\Common.php(1089): CodeIgniter\View\View->render('Stock/viewStock', Array, true)
#3 C:\Users\DUTA DAYA 2\Desktop\Project_BMI\app\Controllers\Stock.php(11): view('Stock/viewStock')
#4 C:\Users\DUTA DAYA 2\Desktop\Project_BMI\vendor\codeigniter4\framework\system\CodeIgniter.php(832): App\Controllers\Stock->index()
#5 C:\Users\DUTA DAYA 2\Desktop\Project_BMI\vendor\codeigniter4\framework\system\CodeIgniter.php(419): CodeIgniter\CodeIgniter->runController(Object(App\Controllers\Stock))
#6 C:\Users\DUTA DAYA 2\Desktop\Project_BMI\vendor\codeigniter4\framework\system\CodeIgniter.php(326): CodeIgniter\CodeIgniter->handleRequest(NULL, Object(Config\Cache), false)
#7 C:\Users\DUTA DAYA 2\Desktop\Project_BMI\public\index.php(37): CodeIgniter\CodeIgniter->run()
#8 C:\Users\DUTA DAYA 2\Desktop\Project_BMI\vendor\codeigniter4\framework\system\Commands\Server\rewrite.php(43): require_once('C:\\Users\\DUTA D...')
#9 {main}
CRITICAL - 2022-05-29 04:00:36 --> Call to undefined function form_open_multipart()
#0 C:\Users\DUTA DAYA 2\Desktop\Project_BMI\vendor\codeigniter4\framework\system\View\View.php(210): include()
#1 C:\Users\DUTA DAYA 2\Desktop\Project_BMI\vendor\codeigniter4\framework\system\View\View.php(213): CodeIgniter\View\View->CodeIgniter\View\{closure}()
#2 C:\Users\DUTA DAYA 2\Desktop\Project_BMI\vendor\codeigniter4\framework\system\Common.php(1089): CodeIgniter\View\View->render('Stock/viewStock', Array, true)
#3 C:\Users\DUTA DAYA 2\Desktop\Project_BMI\app\Controllers\Stock.php(11): view('Stock/viewStock')
#4 C:\Users\DUTA DAYA 2\Desktop\Project_BMI\vendor\codeigniter4\framework\system\CodeIgniter.php(832): App\Controllers\Stock->index()
#5 C:\Users\DUTA DAYA 2\Desktop\Project_BMI\vendor\codeigniter4\framework\system\CodeIgniter.php(419): CodeIgniter\CodeIgniter->runController(Object(App\Controllers\Stock))
#6 C:\Users\DUTA DAYA 2\Desktop\Project_BMI\vendor\codeigniter4\framework\system\CodeIgniter.php(326): CodeIgniter\CodeIgniter->handleRequest(NULL, Object(Config\Cache), false)
#7 C:\Users\DUTA DAYA 2\Desktop\Project_BMI\public\index.php(37): CodeIgniter\CodeIgniter->run()
#8 C:\Users\DUTA DAYA 2\Desktop\Project_BMI\vendor\codeigniter4\framework\system\Commands\Server\rewrite.php(43): require_once('C:\\Users\\DUTA D...')
#9 {main}
ERROR - 2022-05-29 04:11:29 --> Table 'db_bmi.stocks' doesn't exist
CRITICAL - 2022-05-29 04:11:29 --> Table 'db_bmi.stocks' doesn't exist
#0 C:\Users\DUTA DAYA 2\Desktop\Project_BMI\vendor\codeigniter4\framework\system\Database\MySQLi\Connection.php(292): mysqli->query('SELECT *\nFROM `...', 0)
#1 C:\Users\DUTA DAYA 2\Desktop\Project_BMI\vendor\codeigniter4\framework\system\Database\BaseConnection.php(670): CodeIgniter\Database\MySQLi\Connection->execute('SELECT *\nFROM `...')
#2 C:\Users\DUTA DAYA 2\Desktop\Project_BMI\vendor\codeigniter4\framework\system\Database\BaseConnection.php(598): CodeIgniter\Database\BaseConnection->simpleQuery('SELECT *\nFROM `...')
#3 C:\Users\DUTA DAYA 2\Desktop\Project_BMI\vendor\codeigniter4\framework\system\Database\BaseBuilder.php(1455): CodeIgniter\Database\BaseConnection->query('SELECT *\nFROM `...', Array, false)
#4 C:\Users\DUTA DAYA 2\Desktop\Project_BMI\vendor\codeigniter4\framework\system\Model.php(728): CodeIgniter\Database\BaseBuilder->get()
#5 C:\Users\DUTA DAYA 2\Desktop\Project_BMI\app\Models\StockModel.php(15): CodeIgniter\Model->__call('get', Array)
#6 C:\Users\DUTA DAYA 2\Desktop\Project_BMI\app\Controllers\Stock.php(14): App\Models\StockModel->tampilDataTransaksi()
#7 C:\Users\DUTA DAYA 2\Desktop\Project_BMI\vendor\codeigniter4\framework\system\CodeIgniter.php(832): App\Controllers\Stock->index()
#8 C:\Users\DUTA DAYA 2\Desktop\Project_BMI\vendor\codeigniter4\framework\system\CodeIgniter.php(419): CodeIgniter\CodeIgniter->runController(Object(App\Controllers\Stock))
#9 C:\Users\DUTA DAYA 2\Desktop\Project_BMI\vendor\codeigniter4\framework\system\CodeIgniter.php(326): CodeIgniter\CodeIgniter->handleRequest(NULL, Object(Config\Cache), false)
#10 C:\Users\DUTA DAYA 2\Desktop\Project_BMI\public\index.php(37): CodeIgniter\CodeIgniter->run()
#11 C:\Users\DUTA DAYA 2\Desktop\Project_BMI\vendor\codeigniter4\framework\system\Commands\Server\rewrite.php(43): require_once('C:\\Users\\DUTA D...')
#12 {main}
ERROR - 2022-05-29 04:20:52 --> Table 'db_bmi.tbl_stock' doesn't exist
CRITICAL - 2022-05-29 04:20:52 --> Table 'db_bmi.tbl_stock' doesn't exist
#0 C:\Users\DUTA DAYA 2\Desktop\Project_BMI\vendor\codeigniter4\framework\system\Database\MySQLi\Connection.php(292): mysqli->query('SELECT *\nFROM `...', 0)
#1 C:\Users\DUTA DAYA 2\Desktop\Project_BMI\vendor\codeigniter4\framework\system\Database\BaseConnection.php(670): CodeIgniter\Database\MySQLi\Connection->execute('SELECT *\nFROM `...')
#2 C:\Users\DUTA DAYA 2\Desktop\Project_BMI\vendor\codeigniter4\framework\system\Database\BaseConnection.php(598): CodeIgniter\Database\BaseConnection->simpleQuery('SELECT *\nFROM `...')
#3 C:\Users\DUTA DAYA 2\Desktop\Project_BMI\vendor\codeigniter4\framework\system\Database\BaseBuilder.php(1455): CodeIgniter\Database\BaseConnection->query('SELECT *\nFROM `...', Array, false)
#4 C:\Users\DUTA DAYA 2\Desktop\Project_BMI\vendor\codeigniter4\framework\system\Model.php(728): CodeIgniter\Database\BaseBuilder->get()
#5 C:\Users\DUTA DAYA 2\Desktop\Project_BMI\app\Models\StockModel.php(15): CodeIgniter\Model->__call('get', Array)
#6 C:\Users\DUTA DAYA 2\Desktop\Project_BMI\app\Controllers\Stock.php(14): App\Models\StockModel->tampilDataTransaksi()
#7 C:\Users\DUTA DAYA 2\Desktop\Project_BMI\vendor\codeigniter4\framework\system\CodeIgniter.php(832): App\Controllers\Stock->index()
#8 C:\Users\DUTA DAYA 2\Desktop\Project_BMI\vendor\codeigniter4\framework\system\CodeIgniter.php(419): CodeIgniter\CodeIgniter->runController(Object(App\Controllers\Stock))
#9 C:\Users\DUTA DAYA 2\Desktop\Project_BMI\vendor\codeigniter4\framework\system\CodeIgniter.php(326): CodeIgniter\CodeIgniter->handleRequest(NULL, Object(Config\Cache), false)
#10 C:\Users\DUTA DAYA 2\Desktop\Project_BMI\public\index.php(37): CodeIgniter\CodeIgniter->run()
#11 C:\Users\DUTA DAYA 2\Desktop\Project_BMI\vendor\codeigniter4\framework\system\Commands\Server\rewrite.php(43): require_once('C:\\Users\\DUTA D...')
#12 {main}
ERROR - 2022-05-29 04:21:22 --> Unknown column 'no_invoice' in 'where clause'
CRITICAL - 2022-05-29 04:21:22 --> Unknown column 'no_invoice' in 'where clause'
#0 C:\Users\DUTA DAYA 2\Desktop\Project_BMI\vendor\codeigniter4\framework\system\Database\MySQLi\Connection.php(292): mysqli->query('SELECT *\nFROM `...', 0)
#1 C:\Users\DUTA DAYA 2\Desktop\Project_BMI\vendor\codeigniter4\framework\system\Database\BaseConnection.php(670): CodeIgniter\Database\MySQLi\Connection->execute('SELECT *\nFROM `...')
#2 C:\Users\DUTA DAYA 2\Desktop\Project_BMI\vendor\codeigniter4\framework\system\Database\BaseConnection.php(598): CodeIgniter\Database\BaseConnection->simpleQuery('SELECT *\nFROM `...')
#3 C:\Users\DUTA DAYA 2\Desktop\Project_BMI\vendor\codeigniter4\framework\system\Database\BaseBuilder.php(1588): CodeIgniter\Database\BaseConnection->query('SELECT *\nFROM `...', Array, false)
#4 C:\Users\DUTA DAYA 2\Desktop\Project_BMI\app\Controllers\Stock.php(64): CodeIgniter\Database\BaseBuilder->getWhere(Array)
#5 C:\Users\DUTA DAYA 2\Desktop\Project_BMI\vendor\codeigniter4\framework\system\CodeIgniter.php(832): App\Controllers\Stock->upload()
#6 C:\Users\DUTA DAYA 2\Desktop\Project_BMI\vendor\codeigniter4\framework\system\CodeIgniter.php(419): CodeIgniter\CodeIgniter->runController(Object(App\Controllers\Stock))
#7 C:\Users\DUTA DAYA 2\Desktop\Project_BMI\vendor\codeigniter4\framework\system\CodeIgniter.php(326): CodeIgniter\CodeIgniter->handleRequest(NULL, Object(Config\Cache), false)
#8 C:\Users\DUTA DAYA 2\Desktop\Project_BMI\public\index.php(37): CodeIgniter\CodeIgniter->run()
#9 C:\Users\DUTA DAYA 2\Desktop\Project_BMI\vendor\codeigniter4\framework\system\Commands\Server\rewrite.php(43): require_once('C:\\Users\\DUTA D...')
#10 {main}
CRITICAL - 2022-05-29 04:22:01 --> Undefined array key "code_booking"
#0 C:\Users\DUTA DAYA 2\Desktop\Project_BMI\app\Views\Stock\viewStock.php(72): CodeIgniter\Debug\Exceptions->errorHandler(2, 'Undefined array...', 'C:\\Users\\DUTA D...', 72)
#1 C:\Users\DUTA DAYA 2\Desktop\Project_BMI\vendor\codeigniter4\framework\system\View\View.php(210): include('C:\\Users\\DUTA D...')
#2 C:\Users\DUTA DAYA 2\Desktop\Project_BMI\vendor\codeigniter4\framework\system\View\View.php(213): CodeIgniter\View\View->CodeIgniter\View\{closure}()
#3 C:\Users\DUTA DAYA 2\Desktop\Project_BMI\vendor\codeigniter4\framework\system\Common.php(1089): CodeIgniter\View\View->render('Stock/viewStock', Array, true)
#4 C:\Users\DUTA DAYA 2\Desktop\Project_BMI\app\Controllers\Stock.php(16): view('Stock/viewStock', Array)
#5 C:\Users\DUTA DAYA 2\Desktop\Project_BMI\vendor\codeigniter4\framework\system\CodeIgniter.php(832): App\Controllers\Stock->index()
#6 C:\Users\DUTA DAYA 2\Desktop\Project_BMI\vendor\codeigniter4\framework\system\CodeIgniter.php(419): CodeIgniter\CodeIgniter->runController(Object(App\Controllers\Stock))
#7 C:\Users\DUTA DAYA 2\Desktop\Project_BMI\vendor\codeigniter4\framework\system\CodeIgniter.php(326): CodeIgniter\CodeIgniter->handleRequest(NULL, Object(Config\Cache), false)
#8 C:\Users\DUTA DAYA 2\Desktop\Project_BMI\public\index.php(37): CodeIgniter\CodeIgniter->run()
#9 C:\Users\DUTA DAYA 2\Desktop\Project_BMI\vendor\codeigniter4\framework\system\Commands\Server\rewrite.php(43): require_once('C:\\Users\\DUTA D...')
#10 {main}
CRITICAL - 2022-05-29 04:54:03 --> CodeIgniter\Database\BaseBuilder::update(): Argument #1 ($set) must be of type ?array, string given, called in C:\Users\DUTA DAYA 2\Desktop\Project_BMI\app\Controllers\Stock.php on line 74
#0 C:\Users\DUTA DAYA 2\Desktop\Project_BMI\app\Controllers\Stock.php(74): CodeIgniter\Database\BaseBuilder->update('BH-001', Array)
#1 C:\Users\DUTA DAYA 2\Desktop\Project_BMI\vendor\codeigniter4\framework\system\CodeIgniter.php(832): App\Controllers\Stock->upload()
#2 C:\Users\DUTA DAYA 2\Desktop\Project_BMI\vendor\codeigniter4\framework\system\CodeIgniter.php(419): CodeIgniter\CodeIgniter->runController(Object(App\Controllers\Stock))
#3 C:\Users\DUTA DAYA 2\Desktop\Project_BMI\vendor\codeigniter4\framework\system\CodeIgniter.php(326): CodeIgniter\CodeIgniter->handleRequest(NULL, Object(Config\Cache), false)
#4 C:\Users\DUTA DAYA 2\Desktop\Project_BMI\public\index.php(37): CodeIgniter\CodeIgniter->run()
#5 C:\Users\DUTA DAYA 2\Desktop\Project_BMI\vendor\codeigniter4\framework\system\Commands\Server\rewrite.php(43): require_once('C:\\Users\\DUTA D...')
#6 {main}
CRITICAL - 2022-05-29 07:29:48 --> Object of class CodeIgniter\Database\MySQLi\Connection could not be converted to string
#0 C:\Users\DUTA DAYA 2\Desktop\Project_BMI\vendor\codeigniter4\framework\system\CodeIgniter.php(832): App\Controllers\Stock->upload()
#1 C:\Users\DUTA DAYA 2\Desktop\Project_BMI\vendor\codeigniter4\framework\system\CodeIgniter.php(419): CodeIgniter\CodeIgniter->runController(Object(App\Controllers\Stock))
#2 C:\Users\DUTA DAYA 2\Desktop\Project_BMI\vendor\codeigniter4\framework\system\CodeIgniter.php(326): CodeIgniter\CodeIgniter->handleRequest(NULL, Object(Config\Cache), false)
#3 C:\Users\DUTA DAYA 2\Desktop\Project_BMI\public\index.php(37): CodeIgniter\CodeIgniter->run()
#4 C:\Users\DUTA DAYA 2\Desktop\Project_BMI\vendor\codeigniter4\framework\system\Commands\Server\rewrite.php(43): require_once('C:\\Users\\DUTA D...')
#5 {main}
CRITICAL - 2022-05-29 07:31:41 --> Object of class CodeIgniter\Database\MySQLi\Connection could not be converted to string
#0 C:\Users\DUTA DAYA 2\Desktop\Project_BMI\vendor\codeigniter4\framework\system\CodeIgniter.php(832): App\Controllers\Stock->upload()
#1 C:\Users\DUTA DAYA 2\Desktop\Project_BMI\vendor\codeigniter4\framework\system\CodeIgniter.php(419): CodeIgniter\CodeIgniter->runController(Object(App\Controllers\Stock))
#2 C:\Users\DUTA DAYA 2\Desktop\Project_BMI\vendor\codeigniter4\framework\system\CodeIgniter.php(326): CodeIgniter\CodeIgniter->handleRequest(NULL, Object(Config\Cache), false)
#3 C:\Users\DUTA DAYA 2\Desktop\Project_BMI\public\index.php(37): CodeIgniter\CodeIgniter->run()
#4 C:\Users\DUTA DAYA 2\Desktop\Project_BMI\vendor\codeigniter4\framework\system\Commands\Server\rewrite.php(43): require_once('C:\\Users\\DUTA D...')
#5 {main}
CRITICAL - 2022-05-29 07:32:38 --> Object of class CodeIgniter\Database\MySQLi\Connection could not be converted to string
#0 C:\Users\DUTA DAYA 2\Desktop\Project_BMI\vendor\codeigniter4\framework\system\CodeIgniter.php(832): App\Controllers\Stock->upload()
#1 C:\Users\DUTA DAYA 2\Desktop\Project_BMI\vendor\codeigniter4\framework\system\CodeIgniter.php(419): CodeIgniter\CodeIgniter->runController(Object(App\Controllers\Stock))
#2 C:\Users\DUTA DAYA 2\Desktop\Project_BMI\vendor\codeigniter4\framework\system\CodeIgniter.php(326): CodeIgniter\CodeIgniter->handleRequest(NULL, Object(Config\Cache), false)
#3 C:\Users\DUTA DAYA 2\Desktop\Project_BMI\public\index.php(37): CodeIgniter\CodeIgniter->run()
#4 C:\Users\DUTA DAYA 2\Desktop\Project_BMI\vendor\codeigniter4\framework\system\Commands\Server\rewrite.php(43): require_once('C:\\Users\\DUTA D...')
#5 {main}
CRITICAL - 2022-05-29 07:32:59 --> Object of class CodeIgniter\Database\MySQLi\Connection could not be converted to string
#0 C:\Users\DUTA DAYA 2\Desktop\Project_BMI\vendor\codeigniter4\framework\system\CodeIgniter.php(832): App\Controllers\Stock->upload()
#1 C:\Users\DUTA DAYA 2\Desktop\Project_BMI\vendor\codeigniter4\framework\system\CodeIgniter.php(419): CodeIgniter\CodeIgniter->runController(Object(App\Controllers\Stock))
#2 C:\Users\DUTA DAYA 2\Desktop\Project_BMI\vendor\codeigniter4\framework\system\CodeIgniter.php(326): CodeIgniter\CodeIgniter->handleRequest(NULL, Object(Config\Cache), false)
#3 C:\Users\DUTA DAYA 2\Desktop\Project_BMI\public\index.php(37): CodeIgniter\CodeIgniter->run()
#4 C:\Users\DUTA DAYA 2\Desktop\Project_BMI\vendor\codeigniter4\framework\system\Commands\Server\rewrite.php(43): require_once('C:\\Users\\DUTA D...')
#5 {main}
CRITICAL - 2022-05-29 07:35:07 --> Object of class CodeIgniter\Database\MySQLi\Connection could not be converted to string
#0 C:\Users\DUTA DAYA 2\Desktop\Project_BMI\vendor\codeigniter4\framework\system\CodeIgniter.php(832): App\Controllers\Stock->upload()
#1 C:\Users\DUTA DAYA 2\Desktop\Project_BMI\vendor\codeigniter4\framework\system\CodeIgniter.php(419): CodeIgniter\CodeIgniter->runController(Object(App\Controllers\Stock))
#2 C:\Users\DUTA DAYA 2\Desktop\Project_BMI\vendor\codeigniter4\framework\system\CodeIgniter.php(326): CodeIgniter\CodeIgniter->handleRequest(NULL, Object(Config\Cache), false)
#3 C:\Users\DUTA DAYA 2\Desktop\Project_BMI\public\index.php(37): CodeIgniter\CodeIgniter->run()
#4 C:\Users\DUTA DAYA 2\Desktop\Project_BMI\vendor\codeigniter4\framework\system\Commands\Server\rewrite.php(43): require_once('C:\\Users\\DUTA D...')
#5 {main}
CRITICAL - 2022-05-29 07:35:17 --> Object of class CodeIgniter\Database\MySQLi\Connection could not be converted to string
#0 C:\Users\DUTA DAYA 2\Desktop\Project_BMI\vendor\codeigniter4\framework\system\CodeIgniter.php(832): App\Controllers\Stock->upload()
#1 C:\Users\DUTA DAYA 2\Desktop\Project_BMI\vendor\codeigniter4\framework\system\CodeIgniter.php(419): CodeIgniter\CodeIgniter->runController(Object(App\Controllers\Stock))
#2 C:\Users\DUTA DAYA 2\Desktop\Project_BMI\vendor\codeigniter4\framework\system\CodeIgniter.php(326): CodeIgniter\CodeIgniter->handleRequest(NULL, Object(Config\Cache), false)
#3 C:\Users\DUTA DAYA 2\Desktop\Project_BMI\public\index.php(37): CodeIgniter\CodeIgniter->run()
#4 C:\Users\DUTA DAYA 2\Desktop\Project_BMI\vendor\codeigniter4\framework\system\Commands\Server\rewrite.php(43): require_once('C:\\Users\\DUTA D...')
#5 {main}
CRITICAL - 2022-05-29 07:37:21 --> Object of class CodeIgniter\Database\MySQLi\Connection could not be converted to string
#0 C:\Users\DUTA DAYA 2\Desktop\Project_BMI\vendor\codeigniter4\framework\system\CodeIgniter.php(832): App\Controllers\Stock->upload()
#1 C:\Users\DUTA DAYA 2\Desktop\Project_BMI\vendor\codeigniter4\framework\system\CodeIgniter.php(419): CodeIgniter\CodeIgniter->runController(Object(App\Controllers\Stock))
#2 C:\Users\DUTA DAYA 2\Desktop\Project_BMI\vendor\codeigniter4\framework\system\CodeIgniter.php(326): CodeIgniter\CodeIgniter->handleRequest(NULL, Object(Config\Cache), false)
#3 C:\Users\DUTA DAYA 2\Desktop\Project_BMI\public\index.php(37): CodeIgniter\CodeIgniter->run()
#4 C:\Users\DUTA DAYA 2\Desktop\Project_BMI\vendor\codeigniter4\framework\system\Commands\Server\rewrite.php(43): require_once('C:\\Users\\DUTA D...')
#5 {main}
CRITICAL - 2022-05-29 07:53:22 --> Call to undefined function datetime()
#0 C:\Users\DUTA DAYA 2\Desktop\Project_BMI\vendor\codeigniter4\framework\system\View\View.php(210): include()
#1 C:\Users\DUTA DAYA 2\Desktop\Project_BMI\vendor\codeigniter4\framework\system\View\View.php(213): CodeIgniter\View\View->CodeIgniter\View\{closure}()
#2 C:\Users\DUTA DAYA 2\Desktop\Project_BMI\vendor\codeigniter4\framework\system\Common.php(1089): CodeIgniter\View\View->render('Stock/viewStock', Array, true)
#3 C:\Users\DUTA DAYA 2\Desktop\Project_BMI\app\Controllers\Stock.php(16): view('Stock/viewStock', Array)
#4 C:\Users\DUTA DAYA 2\Desktop\Project_BMI\vendor\codeigniter4\framework\system\CodeIgniter.php(832): App\Controllers\Stock->index()
#5 C:\Users\DUTA DAYA 2\Desktop\Project_BMI\vendor\codeigniter4\framework\system\CodeIgniter.php(419): CodeIgniter\CodeIgniter->runController(Object(App\Controllers\Stock))
#6 C:\Users\DUTA DAYA 2\Desktop\Project_BMI\vendor\codeigniter4\framework\system\CodeIgniter.php(326): CodeIgniter\CodeIgniter->handleRequest(NULL, Object(Config\Cache), false)
#7 C:\Users\DUTA DAYA 2\Desktop\Project_BMI\public\index.php(37): CodeIgniter\CodeIgniter->run()
#8 C:\Users\DUTA DAYA 2\Desktop\Project_BMI\vendor\codeigniter4\framework\system\Commands\Server\rewrite.php(43): require_once('C:\\Users\\DUTA D...')
#9 {main}
CRITICAL - 2022-05-29 08:07:00 --> There is no data to update.
#0 C:\Users\DUTA DAYA 2\Desktop\Project_BMI\vendor\codeigniter4\framework\system\BaseModel.php(846): CodeIgniter\Database\Exceptions\DataException::forEmptyDataset('update')
#1 C:\Users\DUTA DAYA 2\Desktop\Project_BMI\vendor\codeigniter4\framework\system\Model.php(651): CodeIgniter\BaseModel->update(NULL, Array)
#2 C:\Users\DUTA DAYA 2\Desktop\Project_BMI\app\Controllers\Stock.php(76): CodeIgniter\Model->update(NULL, Array)
#3 C:\Users\DUTA DAYA 2\Desktop\Project_BMI\vendor\codeigniter4\framework\system\CodeIgniter.php(832): App\Controllers\Stock->upload()
#4 C:\Users\DUTA DAYA 2\Desktop\Project_BMI\vendor\codeigniter4\framework\system\CodeIgniter.php(419): CodeIgniter\CodeIgniter->runController(Object(App\Controllers\Stock))
#5 C:\Users\DUTA DAYA 2\Desktop\Project_BMI\vendor\codeigniter4\framework\system\CodeIgniter.php(326): CodeIgniter\CodeIgniter->handleRequest(NULL, Object(Config\Cache), false)
#6 C:\Users\DUTA DAYA 2\Desktop\Project_BMI\public\index.php(37): CodeIgniter\CodeIgniter->run()
#7 C:\Users\DUTA DAYA 2\Desktop\Project_BMI\vendor\codeigniter4\framework\system\Commands\Server\rewrite.php(43): require_once('C:\\Users\\DUTA D...')
#8 {main}
CRITICAL - 2022-05-29 08:11:43 --> Call to undefined method CodeIgniter\Database\MySQLi\Result::getVar()
#0 C:\Users\DUTA DAYA 2\Desktop\Project_BMI\vendor\codeigniter4\framework\system\CodeIgniter.php(832): App\Controllers\Stock->upload()
#1 C:\Users\DUTA DAYA 2\Desktop\Project_BMI\vendor\codeigniter4\framework\system\CodeIgniter.php(419): CodeIgniter\CodeIgniter->runController(Object(App\Controllers\Stock))
#2 C:\Users\DUTA DAYA 2\Desktop\Project_BMI\vendor\codeigniter4\framework\system\CodeIgniter.php(326): CodeIgniter\CodeIgniter->handleRequest(NULL, Object(Config\Cache), false)
#3 C:\Users\DUTA DAYA 2\Desktop\Project_BMI\public\index.php(37): CodeIgniter\CodeIgniter->run()
#4 C:\Users\DUTA DAYA 2\Desktop\Project_BMI\vendor\codeigniter4\framework\system\Commands\Server\rewrite.php(43): require_once('C:\\Users\\DUTA D...')
#5 {main}
CRITICAL - 2022-05-29 08:11:52 --> Undefined variable $id
#0 C:\Users\DUTA DAYA 2\Desktop\Project_BMI\app\Controllers\Stock.php(78): CodeIgniter\Debug\Exceptions->errorHandler(2, 'Undefined varia...', 'C:\\Users\\DUTA D...', 78)
#1 C:\Users\DUTA DAYA 2\Desktop\Project_BMI\vendor\codeigniter4\framework\system\CodeIgniter.php(832): App\Controllers\Stock->upload()
#2 C:\Users\DUTA DAYA 2\Desktop\Project_BMI\vendor\codeigniter4\framework\system\CodeIgniter.php(419): CodeIgniter\CodeIgniter->runController(Object(App\Controllers\Stock))
#3 C:\Users\DUTA DAYA 2\Desktop\Project_BMI\vendor\codeigniter4\framework\system\CodeIgniter.php(326): CodeIgniter\CodeIgniter->handleRequest(NULL, Object(Config\Cache), false)
#4 C:\Users\DUTA DAYA 2\Desktop\Project_BMI\public\index.php(37): CodeIgniter\CodeIgniter->run()
#5 C:\Users\DUTA DAYA 2\Desktop\Project_BMI\vendor\codeigniter4\framework\system\Commands\Server\rewrite.php(43): require_once('C:\\Users\\DUTA D...')
#6 {main}
CRITICAL - 2022-05-29 08:16:10 --> Undefined variable $pesan_success
#0 C:\Users\DUTA DAYA 2\Desktop\Project_BMI\app\Controllers\Stock.php(79): CodeIgniter\Debug\Exceptions->errorHandler(2, 'Undefined varia...', 'C:\\Users\\DUTA D...', 79)
#1 C:\Users\DUTA DAYA 2\Desktop\Project_BMI\vendor\codeigniter4\framework\system\CodeIgniter.php(832): App\Controllers\Stock->upload()
#2 C:\Users\DUTA DAYA 2\Desktop\Project_BMI\vendor\codeigniter4\framework\system\CodeIgniter.php(419): CodeIgniter\CodeIgniter->runController(Object(App\Controllers\Stock))
#3 C:\Users\DUTA DAYA 2\Desktop\Project_BMI\vendor\codeigniter4\framework\system\CodeIgniter.php(326): CodeIgniter\CodeIgniter->handleRequest(NULL, Object(Config\Cache), false)
#4 C:\Users\DUTA DAYA 2\Desktop\Project_BMI\public\index.php(37): CodeIgniter\CodeIgniter->run()
#5 C:\Users\DUTA DAYA 2\Desktop\Project_BMI\vendor\codeigniter4\framework\system\Commands\Server\rewrite.php(43): require_once('C:\\Users\\DUTA D...')
#6 {main}
CRITICAL - 2022-05-29 08:37:11 --> You must use the "set" method to update an entry.
#0 C:\Users\DUTA DAYA 2\Desktop\Project_BMI\vendor\codeigniter4\framework\system\Database\BaseBuilder.php(1892): CodeIgniter\Database\BaseBuilder->validateUpdate()
#1 C:\Users\DUTA DAYA 2\Desktop\Project_BMI\app\Controllers\Stock.php(80): CodeIgniter\Database\BaseBuilder->update(NULL, Array)
#2 C:\Users\DUTA DAYA 2\Desktop\Project_BMI\vendor\codeigniter4\framework\system\CodeIgniter.php(832): App\Controllers\Stock->upload()
#3 C:\Users\DUTA DAYA 2\Desktop\Project_BMI\vendor\codeigniter4\framework\system\CodeIgniter.php(419): CodeIgniter\CodeIgniter->runController(Object(App\Controllers\Stock))
#4 C:\Users\DUTA DAYA 2\Desktop\Project_BMI\vendor\codeigniter4\framework\system\CodeIgniter.php(326): CodeIgniter\CodeIgniter->handleRequest(NULL, Object(Config\Cache), false)
#5 C:\Users\DUTA DAYA 2\Desktop\Project_BMI\public\index.php(37): CodeIgniter\CodeIgniter->run()
#6 C:\Users\DUTA DAYA 2\Desktop\Project_BMI\vendor\codeigniter4\framework\system\Commands\Server\rewrite.php(43): require_once('C:\\Users\\DUTA D...')
#7 {main}
CRITICAL - 2022-05-29 09:13:55 --> Undefined property: App\Controllers\Stock::$StatusModel
#0 C:\Users\DUTA DAYA 2\Desktop\Project_BMI\app\Controllers\Stock.php(94): CodeIgniter\Debug\Exceptions->errorHandler(2, 'Undefined prope...', 'C:\\Users\\DUTA D...', 94)
#1 C:\Users\DUTA DAYA 2\Desktop\Project_BMI\vendor\codeigniter4\framework\system\CodeIgniter.php(832): App\Controllers\Stock->upload()
#2 C:\Users\DUTA DAYA 2\Desktop\Project_BMI\vendor\codeigniter4\framework\system\CodeIgniter.php(419): CodeIgniter\CodeIgniter->runController(Object(App\Controllers\Stock))
#3 C:\Users\DUTA DAYA 2\Desktop\Project_BMI\vendor\codeigniter4\framework\system\CodeIgniter.php(326): CodeIgniter\CodeIgniter->handleRequest(NULL, Object(Config\Cache), false)
#4 C:\Users\DUTA DAYA 2\Desktop\Project_BMI\public\index.php(37): CodeIgniter\CodeIgniter->run()
#5 C:\Users\DUTA DAYA 2\Desktop\Project_BMI\vendor\codeigniter4\framework\system\Commands\Server\rewrite.php(43): require_once('C:\\Users\\DUTA D...')
#6 {main}
CRITICAL - 2022-05-29 09:15:28 --> Undefined property: App\Controllers\Stock::$StatusModel
#0 C:\Users\DUTA DAYA 2\Desktop\Project_BMI\app\Controllers\Stock.php(98): CodeIgniter\Debug\Exceptions->errorHandler(2, 'Undefined prope...', 'C:\\Users\\DUTA D...', 98)
#1 C:\Users\DUTA DAYA 2\Desktop\Project_BMI\vendor\codeigniter4\framework\system\CodeIgniter.php(832): App\Controllers\Stock->upload()
#2 C:\Users\DUTA DAYA 2\Desktop\Project_BMI\vendor\codeigniter4\framework\system\CodeIgniter.php(419): CodeIgniter\CodeIgniter->runController(Object(App\Controllers\Stock))
#3 C:\Users\DUTA DAYA 2\Desktop\Project_BMI\vendor\codeigniter4\framework\system\CodeIgniter.php(326): CodeIgniter\CodeIgniter->handleRequest(NULL, Object(Config\Cache), false)
#4 C:\Users\DUTA DAYA 2\Desktop\Project_BMI\public\index.php(37): CodeIgniter\CodeIgniter->run()
#5 C:\Users\DUTA DAYA 2\Desktop\Project_BMI\vendor\codeigniter4\framework\system\Commands\Server\rewrite.php(43): require_once('C:\\Users\\DUTA D...')
#6 {main}
CRITICAL - 2022-05-29 09:30:35 --> CodeIgniter\Database\BaseBuilder::update(): Argument #1 ($set) must be of type ?array, string given, called in C:\Users\DUTA DAYA 2\Desktop\Project_BMI\app\Models\StockModel.php on line 27
#0 C:\Users\DUTA DAYA 2\Desktop\Project_BMI\app\Models\StockModel.php(27): CodeIgniter\Database\BaseBuilder->update('BH-001', Array)
#1 C:\Users\DUTA DAYA 2\Desktop\Project_BMI\app\Controllers\Stock.php(76): App\Models\StockModel->update_set('BH-001', Array)
#2 C:\Users\DUTA DAYA 2\Desktop\Project_BMI\vendor\codeigniter4\framework\system\CodeIgniter.php(832): App\Controllers\Stock->upload()
#3 C:\Users\DUTA DAYA 2\Desktop\Project_BMI\vendor\codeigniter4\framework\system\CodeIgniter.php(419): CodeIgniter\CodeIgniter->runController(Object(App\Controllers\Stock))
#4 C:\Users\DUTA DAYA 2\Desktop\Project_BMI\vendor\codeigniter4\framework\system\CodeIgniter.php(326): CodeIgniter\CodeIgniter->handleRequest(NULL, Object(Config\Cache), false)
#5 C:\Users\DUTA DAYA 2\Desktop\Project_BMI\public\index.php(37): CodeIgniter\CodeIgniter->run()
#6 C:\Users\DUTA DAYA 2\Desktop\Project_BMI\vendor\codeigniter4\framework\system\Commands\Server\rewrite.php(43): require_once('C:\\Users\\DUTA D...')
#7 {main}
CRITICAL - 2022-05-29 09:56:44 --> CodeIgniter\Database\BaseBuilder::update(): Argument #1 ($set) must be of type ?array, string given, called in C:\Users\DUTA DAYA 2\Desktop\Project_BMI\app\Models\StockModel.php on line 27
#0 C:\Users\DUTA DAYA 2\Desktop\Project_BMI\app\Models\StockModel.php(27): CodeIgniter\Database\BaseBuilder->update('BH-001', Array)
#1 C:\Users\DUTA DAYA 2\Desktop\Project_BMI\app\Controllers\Stock.php(76): App\Models\StockModel->update_set('BH-001', Array)
#2 C:\Users\DUTA DAYA 2\Desktop\Project_BMI\vendor\codeigniter4\framework\system\CodeIgniter.php(832): App\Controllers\Stock->upload()
#3 C:\Users\DUTA DAYA 2\Desktop\Project_BMI\vendor\codeigniter4\framework\system\CodeIgniter.php(419): CodeIgniter\CodeIgniter->runController(Object(App\Controllers\Stock))
#4 C:\Users\DUTA DAYA 2\Desktop\Project_BMI\vendor\codeigniter4\framework\system\CodeIgniter.php(326): CodeIgniter\CodeIgniter->handleRequest(NULL, Object(Config\Cache), false)
#5 C:\Users\DUTA DAYA 2\Desktop\Project_BMI\public\index.php(37): CodeIgniter\CodeIgniter->run()
#6 C:\Users\DUTA DAYA 2\Desktop\Project_BMI\vendor\codeigniter4\framework\system\Commands\Server\rewrite.php(43): require_once('C:\\Users\\DUTA D...')
#7 {main}
CRITICAL - 2022-05-29 09:56:59 --> CodeIgniter\Database\BaseBuilder::update(): Argument #1 ($set) must be of type ?array, string given, called in C:\Users\DUTA DAYA 2\Desktop\Project_BMI\app\Models\StockModel.php on line 27
#0 C:\Users\DUTA DAYA 2\Desktop\Project_BMI\app\Models\StockModel.php(27): CodeIgniter\Database\BaseBuilder->update('BH-001', Array)
#1 C:\Users\DUTA DAYA 2\Desktop\Project_BMI\app\Controllers\Stock.php(76): App\Models\StockModel->update_set('BH-001', Array)
#2 C:\Users\DUTA DAYA 2\Desktop\Project_BMI\vendor\codeigniter4\framework\system\CodeIgniter.php(832): App\Controllers\Stock->upload()
#3 C:\Users\DUTA DAYA 2\Desktop\Project_BMI\vendor\codeigniter4\framework\system\CodeIgniter.php(419): CodeIgniter\CodeIgniter->runController(Object(App\Controllers\Stock))
#4 C:\Users\DUTA DAYA 2\Desktop\Project_BMI\vendor\codeigniter4\framework\system\CodeIgniter.php(326): CodeIgniter\CodeIgniter->handleRequest(NULL, Object(Config\Cache), false)
#5 C:\Users\DUTA DAYA 2\Desktop\Project_BMI\public\index.php(37): CodeIgniter\CodeIgniter->run()
#6 C:\Users\DUTA DAYA 2\Desktop\Project_BMI\vendor\codeigniter4\framework\system\Commands\Server\rewrite.php(43): require_once('C:\\Users\\DUTA D...')
#7 {main}
CRITICAL - 2022-05-29 09:58:02 --> CodeIgniter\Database\BaseBuilder::update(): Argument #1 ($set) must be of type ?array, string given, called in C:\Users\DUTA DAYA 2\Desktop\Project_BMI\app\Models\StockModel.php on line 28
#0 C:\Users\DUTA DAYA 2\Desktop\Project_BMI\app\Models\StockModel.php(28): CodeIgniter\Database\BaseBuilder->update('BH-001', Array)
#1 C:\Users\DUTA DAYA 2\Desktop\Project_BMI\app\Controllers\Stock.php(76): App\Models\StockModel->update_set('BH-001', Array)
#2 C:\Users\DUTA DAYA 2\Desktop\Project_BMI\vendor\codeigniter4\framework\system\CodeIgniter.php(832): App\Controllers\Stock->upload()
#3 C:\Users\DUTA DAYA 2\Desktop\Project_BMI\vendor\codeigniter4\framework\system\CodeIgniter.php(419): CodeIgniter\CodeIgniter->runController(Object(App\Controllers\Stock))
#4 C:\Users\DUTA DAYA 2\Desktop\Project_BMI\vendor\codeigniter4\framework\system\CodeIgniter.php(326): CodeIgniter\CodeIgniter->handleRequest(NULL, Object(Config\Cache), false)
#5 C:\Users\DUTA DAYA 2\Desktop\Project_BMI\public\index.php(37): CodeIgniter\CodeIgniter->run()
#6 C:\Users\DUTA DAYA 2\Desktop\Project_BMI\vendor\codeigniter4\framework\system\Commands\Server\rewrite.php(43): require_once('C:\\Users\\DUTA D...')
#7 {main}
CRITICAL - 2022-05-29 10:07:45 --> Undefined variable $data
#0 C:\Users\DUTA DAYA 2\Desktop\Project_BMI\app\Views\Stock\invoice.php(66): CodeIgniter\Debug\Exceptions->errorHandler(2, 'Undefined varia...', 'C:\\Users\\DUTA D...', 66)
#1 C:\Users\DUTA DAYA 2\Desktop\Project_BMI\vendor\codeigniter4\framework\system\View\View.php(210): include('C:\\Users\\DUTA D...')
#2 C:\Users\DUTA DAYA 2\Desktop\Project_BMI\vendor\codeigniter4\framework\system\View\View.php(213): CodeIgniter\View\View->CodeIgniter\View\{closure}()
#3 C:\Users\DUTA DAYA 2\Desktop\Project_BMI\vendor\codeigniter4\framework\system\Common.php(1089): CodeIgniter\View\View->render('stock/invoice', Array, true)
#4 C:\Users\DUTA DAYA 2\Desktop\Project_BMI\app\Controllers\Invoice.php(11): view('stock/invoice')
#5 C:\Users\DUTA DAYA 2\Desktop\Project_BMI\vendor\codeigniter4\framework\system\CodeIgniter.php(832): App\Controllers\Invoice->index()
#6 C:\Users\DUTA DAYA 2\Desktop\Project_BMI\vendor\codeigniter4\framework\system\CodeIgniter.php(419): CodeIgniter\CodeIgniter->runController(Object(App\Controllers\Invoice))
#7 C:\Users\DUTA DAYA 2\Desktop\Project_BMI\vendor\codeigniter4\framework\system\CodeIgniter.php(326): CodeIgniter\CodeIgniter->handleRequest(NULL, Object(Config\Cache), false)
#8 C:\Users\DUTA DAYA 2\Desktop\Project_BMI\public\index.php(37): CodeIgniter\CodeIgniter->run()
#9 C:\Users\DUTA DAYA 2\Desktop\Project_BMI\vendor\codeigniter4\framework\system\Commands\Server\rewrite.php(43): require_once('C:\\Users\\DUTA D...')
#10 {main}
CRITICAL - 2022-05-29 11:53:58 --> Trying to access array offset on value of type null
#0 C:\Users\DUTA DAYA 2\Desktop\Project_BMI\app\Controllers\Stock.php(67): CodeIgniter\Debug\Exceptions->errorHandler(2, 'Trying to acces...', 'C:\\Users\\DUTA D...', 67)
#1 C:\Users\DUTA DAYA 2\Desktop\Project_BMI\vendor\codeigniter4\framework\system\CodeIgniter.php(832): App\Controllers\Stock->upload()
#2 C:\Users\DUTA DAYA 2\Desktop\Project_BMI\vendor\codeigniter4\framework\system\CodeIgniter.php(419): CodeIgniter\CodeIgniter->runController(Object(App\Controllers\Stock))
#3 C:\Users\DUTA DAYA 2\Desktop\Project_BMI\vendor\codeigniter4\framework\system\CodeIgniter.php(326): CodeIgniter\CodeIgniter->handleRequest(NULL, Object(Config\Cache), false)
#4 C:\Users\DUTA DAYA 2\Desktop\Project_BMI\public\index.php(37): CodeIgniter\CodeIgniter->run()
#5 C:\Users\DUTA DAYA 2\Desktop\Project_BMI\vendor\codeigniter4\framework\system\Commands\Server\rewrite.php(43): require_once('C:\\Users\\DUTA D...')
#6 {main}
CRITICAL - 2022-05-29 11:54:27 --> Trying to access array offset on value of type null
#0 C:\Users\DUTA DAYA 2\Desktop\Project_BMI\app\Controllers\Stock.php(67): CodeIgniter\Debug\Exceptions->errorHandler(2, 'Trying to acces...', 'C:\\Users\\DUTA D...', 67)
#1 C:\Users\DUTA DAYA 2\Desktop\Project_BMI\vendor\codeigniter4\framework\system\CodeIgniter.php(832): App\Controllers\Stock->upload()
#2 C:\Users\DUTA DAYA 2\Desktop\Project_BMI\vendor\codeigniter4\framework\system\CodeIgniter.php(419): CodeIgniter\CodeIgniter->runController(Object(App\Controllers\Stock))
#3 C:\Users\DUTA DAYA 2\Desktop\Project_BMI\vendor\codeigniter4\framework\system\CodeIgniter.php(326): CodeIgniter\CodeIgniter->handleRequest(NULL, Object(Config\Cache), false)
#4 C:\Users\DUTA DAYA 2\Desktop\Project_BMI\public\index.php(37): CodeIgniter\CodeIgniter->run()
#5 C:\Users\DUTA DAYA 2\Desktop\Project_BMI\vendor\codeigniter4\framework\system\Commands\Server\rewrite.php(43): require_once('C:\\Users\\DUTA D...')
#6 {main}
CRITICAL - 2022-05-29 11:56:02 --> count(): Argument #1 ($value) must be of type Countable|array, null given
#0 C:\Users\DUTA DAYA 2\Desktop\Project_BMI\app\Controllers\Stock.php(67): count(NULL)
#1 C:\Users\DUTA DAYA 2\Desktop\Project_BMI\vendor\codeigniter4\framework\system\CodeIgniter.php(832): App\Controllers\Stock->upload()
#2 C:\Users\DUTA DAYA 2\Desktop\Project_BMI\vendor\codeigniter4\framework\system\CodeIgniter.php(419): CodeIgniter\CodeIgniter->runController(Object(App\Controllers\Stock))
#3 C:\Users\DUTA DAYA 2\Desktop\Project_BMI\vendor\codeigniter4\framework\system\CodeIgniter.php(326): CodeIgniter\CodeIgniter->handleRequest(NULL, Object(Config\Cache), false)
#4 C:\Users\DUTA DAYA 2\Desktop\Project_BMI\public\index.php(37): CodeIgniter\CodeIgniter->run()
#5 C:\Users\DUTA DAYA 2\Desktop\Project_BMI\vendor\codeigniter4\framework\system\Commands\Server\rewrite.php(43): require_once('C:\\Users\\DUTA D...')
#6 {main}
CRITICAL - 2022-05-29 11:56:38 --> Undefined variable $sku
#0 C:\Users\DUTA DAYA 2\Desktop\Project_BMI\app\Models\StockModel.php(31): CodeIgniter\Debug\Exceptions->errorHandler(2, 'Undefined varia...', 'C:\\Users\\DUTA D...', 31)
#1 C:\Users\DUTA DAYA 2\Desktop\Project_BMI\app\Controllers\Stock.php(65): App\Models\StockModel->cekData('Item ID')
#2 C:\Users\DUTA DAYA 2\Desktop\Project_BMI\vendor\codeigniter4\framework\system\CodeIgniter.php(832): App\Controllers\Stock->upload()
#3 C:\Users\DUTA DAYA 2\Desktop\Project_BMI\vendor\codeigniter4\framework\system\CodeIgniter.php(419): CodeIgniter\CodeIgniter->runController(Object(App\Controllers\Stock))
#4 C:\Users\DUTA DAYA 2\Desktop\Project_BMI\vendor\codeigniter4\framework\system\CodeIgniter.php(326): CodeIgniter\CodeIgniter->handleRequest(NULL, Object(Config\Cache), false)
#5 C:\Users\DUTA DAYA 2\Desktop\Project_BMI\public\index.php(37): CodeIgniter\CodeIgniter->run()
#6 C:\Users\DUTA DAYA 2\Desktop\Project_BMI\vendor\codeigniter4\framework\system\Commands\Server\rewrite.php(43): require_once('C:\\Users\\DUTA D...')
#7 {main}
CRITICAL - 2022-05-29 11:56:49 --> Trying to access array offset on value of type null
#0 C:\Users\DUTA DAYA 2\Desktop\Project_BMI\app\Controllers\Stock.php(67): CodeIgniter\Debug\Exceptions->errorHandler(2, 'Trying to acces...', 'C:\\Users\\DUTA D...', 67)
#1 C:\Users\DUTA DAYA 2\Desktop\Project_BMI\vendor\codeigniter4\framework\system\CodeIgniter.php(832): App\Controllers\Stock->upload()
#2 C:\Users\DUTA DAYA 2\Desktop\Project_BMI\vendor\codeigniter4\framework\system\CodeIgniter.php(419): CodeIgniter\CodeIgniter->runController(Object(App\Controllers\Stock))
#3 C:\Users\DUTA DAYA 2\Desktop\Project_BMI\vendor\codeigniter4\framework\system\CodeIgniter.php(326): CodeIgniter\CodeIgniter->handleRequest(NULL, Object(Config\Cache), false)
#4 C:\Users\DUTA DAYA 2\Desktop\Project_BMI\public\index.php(37): CodeIgniter\CodeIgniter->run()
#5 C:\Users\DUTA DAYA 2\Desktop\Project_BMI\vendor\codeigniter4\framework\system\Commands\Server\rewrite.php(43): require_once('C:\\Users\\DUTA D...')
#6 {main}
CRITICAL - 2022-05-29 11:57:06 --> Trying to access array offset on value of type null
#0 C:\Users\DUTA DAYA 2\Desktop\Project_BMI\app\Controllers\Stock.php(67): CodeIgniter\Debug\Exceptions->errorHandler(2, 'Trying to acces...', 'C:\\Users\\DUTA D...', 67)
#1 C:\Users\DUTA DAYA 2\Desktop\Project_BMI\vendor\codeigniter4\framework\system\CodeIgniter.php(832): App\Controllers\Stock->upload()
#2 C:\Users\DUTA DAYA 2\Desktop\Project_BMI\vendor\codeigniter4\framework\system\CodeIgniter.php(419): CodeIgniter\CodeIgniter->runController(Object(App\Controllers\Stock))
#3 C:\Users\DUTA DAYA 2\Desktop\Project_BMI\vendor\codeigniter4\framework\system\CodeIgniter.php(326): CodeIgniter\CodeIgniter->handleRequest(NULL, Object(Config\Cache), false)
#4 C:\Users\DUTA DAYA 2\Desktop\Project_BMI\public\index.php(37): CodeIgniter\CodeIgniter->run()
#5 C:\Users\DUTA DAYA 2\Desktop\Project_BMI\vendor\codeigniter4\framework\system\Commands\Server\rewrite.php(43): require_once('C:\\Users\\DUTA D...')
#6 {main}
CRITICAL - 2022-05-29 11:58:03 --> Trying to access array offset on value of type null
#0 C:\Users\DUTA DAYA 2\Desktop\Project_BMI\app\Controllers\Stock.php(67): CodeIgniter\Debug\Exceptions->errorHandler(2, 'Trying to acces...', 'C:\\Users\\DUTA D...', 67)
#1 C:\Users\DUTA DAYA 2\Desktop\Project_BMI\vendor\codeigniter4\framework\system\CodeIgniter.php(832): App\Controllers\Stock->upload()
#2 C:\Users\DUTA DAYA 2\Desktop\Project_BMI\vendor\codeigniter4\framework\system\CodeIgniter.php(419): CodeIgniter\CodeIgniter->runController(Object(App\Controllers\Stock))
#3 C:\Users\DUTA DAYA 2\Desktop\Project_BMI\vendor\codeigniter4\framework\system\CodeIgniter.php(326): CodeIgniter\CodeIgniter->handleRequest(NULL, Object(Config\Cache), false)
#4 C:\Users\DUTA DAYA 2\Desktop\Project_BMI\public\index.php(37): CodeIgniter\CodeIgniter->run()
#5 C:\Users\DUTA DAYA 2\Desktop\Project_BMI\vendor\codeigniter4\framework\system\Commands\Server\rewrite.php(43): require_once('C:\\Users\\DUTA D...')
#6 {main}
CRITICAL - 2022-05-29 11:58:44 --> count(): Argument #1 ($value) must be of type Countable|array, null given
#0 C:\Users\DUTA DAYA 2\Desktop\Project_BMI\app\Controllers\Stock.php(67): count(NULL)
#1 C:\Users\DUTA DAYA 2\Desktop\Project_BMI\vendor\codeigniter4\framework\system\CodeIgniter.php(832): App\Controllers\Stock->upload()
#2 C:\Users\DUTA DAYA 2\Desktop\Project_BMI\vendor\codeigniter4\framework\system\CodeIgniter.php(419): CodeIgniter\CodeIgniter->runController(Object(App\Controllers\Stock))
#3 C:\Users\DUTA DAYA 2\Desktop\Project_BMI\vendor\codeigniter4\framework\system\CodeIgniter.php(326): CodeIgniter\CodeIgniter->handleRequest(NULL, Object(Config\Cache), false)
#4 C:\Users\DUTA DAYA 2\Desktop\Project_BMI\public\index.php(37): CodeIgniter\CodeIgniter->run()
#5 C:\Users\DUTA DAYA 2\Desktop\Project_BMI\vendor\codeigniter4\framework\system\Commands\Server\rewrite.php(43): require_once('C:\\Users\\DUTA D...')
#6 {main}
CRITICAL - 2022-05-29 12:00:14 --> Undefined property: App\Controllers\Invoice::$StockModel
#0 C:\Users\DUTA DAYA 2\Desktop\Project_BMI\app\Controllers\Invoice.php(86): CodeIgniter\Debug\Exceptions->errorHandler(2, 'Undefined prope...', 'C:\\Users\\DUTA D...', 86)
#1 C:\Users\DUTA DAYA 2\Desktop\Project_BMI\vendor\codeigniter4\framework\system\CodeIgniter.php(832): App\Controllers\Invoice->upload()
#2 C:\Users\DUTA DAYA 2\Desktop\Project_BMI\vendor\codeigniter4\framework\system\CodeIgniter.php(419): CodeIgniter\CodeIgniter->runController(Object(App\Controllers\Invoice))
#3 C:\Users\DUTA DAYA 2\Desktop\Project_BMI\vendor\codeigniter4\framework\system\CodeIgniter.php(326): CodeIgniter\CodeIgniter->handleRequest(NULL, Object(Config\Cache), false)
#4 C:\Users\DUTA DAYA 2\Desktop\Project_BMI\public\index.php(37): CodeIgniter\CodeIgniter->run()
#5 C:\Users\DUTA DAYA 2\Desktop\Project_BMI\vendor\codeigniter4\framework\system\Commands\Server\rewrite.php(43): require_once('C:\\Users\\DUTA D...')
#6 {main}
CRITICAL - 2022-05-29 12:01:53 --> Undefined property: App\Controllers\Invoice::$StockModel
#0 C:\Users\DUTA DAYA 2\Desktop\Project_BMI\app\Controllers\Invoice.php(124): CodeIgniter\Debug\Exceptions->errorHandler(2, 'Undefined prope...', 'C:\\Users\\DUTA D...', 124)
#1 C:\Users\DUTA DAYA 2\Desktop\Project_BMI\vendor\codeigniter4\framework\system\CodeIgniter.php(832): App\Controllers\Invoice->upload()
#2 C:\Users\DUTA DAYA 2\Desktop\Project_BMI\vendor\codeigniter4\framework\system\CodeIgniter.php(419): CodeIgniter\CodeIgniter->runController(Object(App\Controllers\Invoice))
#3 C:\Users\DUTA DAYA 2\Desktop\Project_BMI\vendor\codeigniter4\framework\system\CodeIgniter.php(326): CodeIgniter\CodeIgniter->handleRequest(NULL, Object(Config\Cache), false)
#4 C:\Users\DUTA DAYA 2\Desktop\Project_BMI\public\index.php(37): CodeIgniter\CodeIgniter->run()
#5 C:\Users\DUTA DAYA 2\Desktop\Project_BMI\vendor\codeigniter4\framework\system\Commands\Server\rewrite.php(43): require_once('C:\\Users\\DUTA D...')
#6 {main}
ERROR - 2022-05-29 12:02:31 --> Duplicate entry '' for key 'PRIMARY'
CRITICAL - 2022-05-29 12:02:31 --> Duplicate entry '' for key 'PRIMARY'
#0 C:\Users\DUTA DAYA 2\Desktop\Project_BMI\vendor\codeigniter4\framework\system\Database\MySQLi\Connection.php(292): mysqli->query('INSERT INTO `tb...', 0)
#1 C:\Users\DUTA DAYA 2\Desktop\Project_BMI\vendor\codeigniter4\framework\system\Database\BaseConnection.php(670): CodeIgniter\Database\MySQLi\Connection->execute('INSERT INTO `tb...')
#2 C:\Users\DUTA DAYA 2\Desktop\Project_BMI\vendor\codeigniter4\framework\system\Database\BaseConnection.php(598): CodeIgniter\Database\BaseConnection->simpleQuery('INSERT INTO `tb...')
#3 C:\Users\DUTA DAYA 2\Desktop\Project_BMI\vendor\codeigniter4\framework\system\Database\BaseBuilder.php(1771): CodeIgniter\Database\BaseConnection->query('INSERT INTO `tb...', Array, false)
#4 C:\Users\DUTA DAYA 2\Desktop\Project_BMI\app\Models\InvoiceModel.php(27): CodeIgniter\Database\BaseBuilder->insert(Array)
#5 C:\Users\DUTA DAYA 2\Desktop\Project_BMI\app\Controllers\Invoice.php(124): App\Models\InvoiceModel->add(Array)
#6 C:\Users\DUTA DAYA 2\Desktop\Project_BMI\vendor\codeigniter4\framework\system\CodeIgniter.php(832): App\Controllers\Invoice->upload()
#7 C:\Users\DUTA DAYA 2\Desktop\Project_BMI\vendor\codeigniter4\framework\system\CodeIgniter.php(419): CodeIgniter\CodeIgniter->runController(Object(App\Controllers\Invoice))
#8 C:\Users\DUTA DAYA 2\Desktop\Project_BMI\vendor\codeigniter4\framework\system\CodeIgniter.php(326): CodeIgniter\CodeIgniter->handleRequest(NULL, Object(Config\Cache), false)
#9 C:\Users\DUTA DAYA 2\Desktop\Project_BMI\public\index.php(37): CodeIgniter\CodeIgniter->run()
#10 C:\Users\DUTA DAYA 2\Desktop\Project_BMI\vendor\codeigniter4\framework\system\Commands\Server\rewrite.php(43): require_once('C:\\Users\\DUTA D...')
#11 {main}
ERROR - 2022-05-29 12:03:29 --> Duplicate entry '' for key 'PRIMARY'
CRITICAL - 2022-05-29 12:03:29 --> Duplicate entry '' for key 'PRIMARY'
#0 C:\Users\DUTA DAYA 2\Desktop\Project_BMI\vendor\codeigniter4\framework\system\Database\MySQLi\Connection.php(292): mysqli->query('INSERT INTO `tb...', 0)
#1 C:\Users\DUTA DAYA 2\Desktop\Project_BMI\vendor\codeigniter4\framework\system\Database\BaseConnection.php(670): CodeIgniter\Database\MySQLi\Connection->execute('INSERT INTO `tb...')
#2 C:\Users\DUTA DAYA 2\Desktop\Project_BMI\vendor\codeigniter4\framework\system\Database\BaseConnection.php(598): CodeIgniter\Database\BaseConnection->simpleQuery('INSERT INTO `tb...')
#3 C:\Users\DUTA DAYA 2\Desktop\Project_BMI\vendor\codeigniter4\framework\system\Database\BaseBuilder.php(1771): CodeIgniter\Database\BaseConnection->query('INSERT INTO `tb...', Array, false)
#4 C:\Users\DUTA DAYA 2\Desktop\Project_BMI\app\Models\InvoiceModel.php(27): CodeIgniter\Database\BaseBuilder->insert(Array)
#5 C:\Users\DUTA DAYA 2\Desktop\Project_BMI\app\Controllers\Invoice.php(125): App\Models\InvoiceModel->add(Array)
#6 C:\Users\DUTA DAYA 2\Desktop\Project_BMI\vendor\codeigniter4\framework\system\CodeIgniter.php(832): App\Controllers\Invoice->upload()
#7 C:\Users\DUTA DAYA 2\Desktop\Project_BMI\vendor\codeigniter4\framework\system\CodeIgniter.php(419): CodeIgniter\CodeIgniter->runController(Object(App\Controllers\Invoice))
#8 C:\Users\DUTA DAYA 2\Desktop\Project_BMI\vendor\codeigniter4\framework\system\CodeIgniter.php(326): CodeIgniter\CodeIgniter->handleRequest(NULL, Object(Config\Cache), false)
#9 C:\Users\DUTA DAYA 2\Desktop\Project_BMI\public\index.php(37): CodeIgniter\CodeIgniter->run()
#10 C:\Users\DUTA DAYA 2\Desktop\Project_BMI\vendor\codeigniter4\framework\system\Commands\Server\rewrite.php(43): require_once('C:\\Users\\DUTA D...')
#11 {main}
ERROR - 2022-05-29 12:04:06 --> Duplicate entry '' for key 'PRIMARY'
CRITICAL - 2022-05-29 12:04:06 --> Duplicate entry '' for key 'PRIMARY'
#0 C:\Users\DUTA DAYA 2\Desktop\Project_BMI\vendor\codeigniter4\framework\system\Database\MySQLi\Connection.php(292): mysqli->query('INSERT INTO `tb...', 0)
#1 C:\Users\DUTA DAYA 2\Desktop\Project_BMI\vendor\codeigniter4\framework\system\Database\BaseConnection.php(670): CodeIgniter\Database\MySQLi\Connection->execute('INSERT INTO `tb...')
#2 C:\Users\DUTA DAYA 2\Desktop\Project_BMI\vendor\codeigniter4\framework\system\Database\BaseConnection.php(598): CodeIgniter\Database\BaseConnection->simpleQuery('INSERT INTO `tb...')
#3 C:\Users\DUTA DAYA 2\Desktop\Project_BMI\vendor\codeigniter4\framework\system\Database\BaseBuilder.php(1771): CodeIgniter\Database\BaseConnection->query('INSERT INTO `tb...', Array, false)
#4 C:\Users\DUTA DAYA 2\Desktop\Project_BMI\app\Models\InvoiceModel.php(27): CodeIgniter\Database\BaseBuilder->insert(Array)
#5 C:\Users\DUTA DAYA 2\Desktop\Project_BMI\app\Controllers\Invoice.php(123): App\Models\InvoiceModel->add(Array)
#6 C:\Users\DUTA DAYA 2\Desktop\Project_BMI\vendor\codeigniter4\framework\system\CodeIgniter.php(832): App\Controllers\Invoice->upload()
#7 C:\Users\DUTA DAYA 2\Desktop\Project_BMI\vendor\codeigniter4\framework\system\CodeIgniter.php(419): CodeIgniter\CodeIgniter->runController(Object(App\Controllers\Invoice))
#8 C:\Users\DUTA DAYA 2\Desktop\Project_BMI\vendor\codeigniter4\framework\system\CodeIgniter.php(326): CodeIgniter\CodeIgniter->handleRequest(NULL, Object(Config\Cache), false)
#9 C:\Users\DUTA DAYA 2\Desktop\Project_BMI\public\index.php(37): CodeIgniter\CodeIgniter->run()
#10 C:\Users\DUTA DAYA 2\Desktop\Project_BMI\vendor\codeigniter4\framework\system\Commands\Server\rewrite.php(43): require_once('C:\\Users\\DUTA D...')
#11 {main}
ERROR - 2022-05-29 12:05:01 --> Duplicate entry '' for key 'PRIMARY'
CRITICAL - 2022-05-29 12:05:01 --> Duplicate entry '' for key 'PRIMARY'
#0 C:\Users\DUTA DAYA 2\Desktop\Project_BMI\vendor\codeigniter4\framework\system\Database\MySQLi\Connection.php(292): mysqli->query('INSERT INTO `tb...', 0)
#1 C:\Users\DUTA DAYA 2\Desktop\Project_BMI\vendor\codeigniter4\framework\system\Database\BaseConnection.php(670): CodeIgniter\Database\MySQLi\Connection->execute('INSERT INTO `tb...')
#2 C:\Users\DUTA DAYA 2\Desktop\Project_BMI\vendor\codeigniter4\framework\system\Database\BaseConnection.php(598): CodeIgniter\Database\BaseConnection->simpleQuery('INSERT INTO `tb...')
#3 C:\Users\DUTA DAYA 2\Desktop\Project_BMI\vendor\codeigniter4\framework\system\Database\BaseBuilder.php(1771): CodeIgniter\Database\BaseConnection->query('INSERT INTO `tb...', Array, false)
#4 C:\Users\DUTA DAYA 2\Desktop\Project_BMI\app\Models\InvoiceModel.php(27): CodeIgniter\Database\BaseBuilder->insert(Array)
#5 C:\Users\DUTA DAYA 2\Desktop\Project_BMI\app\Controllers\Invoice.php(123): App\Models\InvoiceModel->add(Array)
#6 C:\Users\DUTA DAYA 2\Desktop\Project_BMI\vendor\codeigniter4\framework\system\CodeIgniter.php(832): App\Controllers\Invoice->upload()
#7 C:\Users\DUTA DAYA 2\Desktop\Project_BMI\vendor\codeigniter4\framework\system\CodeIgniter.php(419): CodeIgniter\CodeIgniter->runController(Object(App\Controllers\Invoice))
#8 C:\Users\DUTA DAYA 2\Desktop\Project_BMI\vendor\codeigniter4\framework\system\CodeIgniter.php(326): CodeIgniter\CodeIgniter->handleRequest(NULL, Object(Config\Cache), false)
#9 C:\Users\DUTA DAYA 2\Desktop\Project_BMI\public\index.php(37): CodeIgniter\CodeIgniter->run()
#10 C:\Users\DUTA DAYA 2\Desktop\Project_BMI\vendor\codeigniter4\framework\system\Commands\Server\rewrite.php(43): require_once('C:\\Users\\DUTA D...')
#11 {main}
ERROR - 2022-05-29 12:05:21 --> Duplicate entry '' for key 'PRIMARY'
CRITICAL - 2022-05-29 12:05:21 --> Duplicate entry '' for key 'PRIMARY'
#0 C:\Users\DUTA DAYA 2\Desktop\Project_BMI\vendor\codeigniter4\framework\system\Database\MySQLi\Connection.php(292): mysqli->query('INSERT INTO `tb...', 0)
#1 C:\Users\DUTA DAYA 2\Desktop\Project_BMI\vendor\codeigniter4\framework\system\Database\BaseConnection.php(670): CodeIgniter\Database\MySQLi\Connection->execute('INSERT INTO `tb...')
#2 C:\Users\DUTA DAYA 2\Desktop\Project_BMI\vendor\codeigniter4\framework\system\Database\BaseConnection.php(598): CodeIgniter\Database\BaseConnection->simpleQuery('INSERT INTO `tb...')
#3 C:\Users\DUTA DAYA 2\Desktop\Project_BMI\vendor\codeigniter4\framework\system\Database\BaseBuilder.php(1771): CodeIgniter\Database\BaseConnection->query('INSERT INTO `tb...', Array, false)
#4 C:\Users\DUTA DAYA 2\Desktop\Project_BMI\app\Models\InvoiceModel.php(27): CodeIgniter\Database\BaseBuilder->insert(Array)
#5 C:\Users\DUTA DAYA 2\Desktop\Project_BMI\app\Controllers\Invoice.php(123): App\Models\InvoiceModel->add(Array)
#6 C:\Users\DUTA DAYA 2\Desktop\Project_BMI\vendor\codeigniter4\framework\system\CodeIgniter.php(832): App\Controllers\Invoice->upload()
#7 C:\Users\DUTA DAYA 2\Desktop\Project_BMI\vendor\codeigniter4\framework\system\CodeIgniter.php(419): CodeIgniter\CodeIgniter->runController(Object(App\Controllers\Invoice))
#8 C:\Users\DUTA DAYA 2\Desktop\Project_BMI\vendor\codeigniter4\framework\system\CodeIgniter.php(326): CodeIgniter\CodeIgniter->handleRequest(NULL, Object(Config\Cache), false)
#9 C:\Users\DUTA DAYA 2\Desktop\Project_BMI\public\index.php(37): CodeIgniter\CodeIgniter->run()
#10 C:\Users\DUTA DAYA 2\Desktop\Project_BMI\vendor\codeigniter4\framework\system\Commands\Server\rewrite.php(43): require_once('C:\\Users\\DUTA D...')
#11 {main}
ERROR - 2022-05-29 12:06:41 --> Duplicate entry '' for key 'PRIMARY'
CRITICAL - 2022-05-29 12:06:41 --> Duplicate entry '' for key 'PRIMARY'
#0 C:\Users\DUTA DAYA 2\Desktop\Project_BMI\vendor\codeigniter4\framework\system\Database\MySQLi\Connection.php(292): mysqli->query('INSERT INTO `tb...', 0)
#1 C:\Users\DUTA DAYA 2\Desktop\Project_BMI\vendor\codeigniter4\framework\system\Database\BaseConnection.php(670): CodeIgniter\Database\MySQLi\Connection->execute('INSERT INTO `tb...')
#2 C:\Users\DUTA DAYA 2\Desktop\Project_BMI\vendor\codeigniter4\framework\system\Database\BaseConnection.php(598): CodeIgniter\Database\BaseConnection->simpleQuery('INSERT INTO `tb...')
#3 C:\Users\DUTA DAYA 2\Desktop\Project_BMI\vendor\codeigniter4\framework\system\Database\BaseBuilder.php(1771): CodeIgniter\Database\BaseConnection->query('INSERT INTO `tb...', Array, false)
#4 C:\Users\DUTA DAYA 2\Desktop\Project_BMI\app\Models\InvoiceModel.php(27): CodeIgniter\Database\BaseBuilder->insert(Array)
#5 C:\Users\DUTA DAYA 2\Desktop\Project_BMI\app\Controllers\Invoice.php(122): App\Models\InvoiceModel->add(Array)
#6 C:\Users\DUTA DAYA 2\Desktop\Project_BMI\vendor\codeigniter4\framework\system\CodeIgniter.php(832): App\Controllers\Invoice->upload()
#7 C:\Users\DUTA DAYA 2\Desktop\Project_BMI\vendor\codeigniter4\framework\system\CodeIgniter.php(419): CodeIgniter\CodeIgniter->runController(Object(App\Controllers\Invoice))
#8 C:\Users\DUTA DAYA 2\Desktop\Project_BMI\vendor\codeigniter4\framework\system\CodeIgniter.php(326): CodeIgniter\CodeIgniter->handleRequest(NULL, Object(Config\Cache), false)
#9 C:\Users\DUTA DAYA 2\Desktop\Project_BMI\public\index.php(37): CodeIgniter\CodeIgniter->run()
#10 C:\Users\DUTA DAYA 2\Desktop\Project_BMI\vendor\codeigniter4\framework\system\Commands\Server\rewrite.php(43): require_once('C:\\Users\\DUTA D...')
#11 {main}
ERROR - 2022-05-29 12:07:01 --> Duplicate entry '' for key 'PRIMARY'
CRITICAL - 2022-05-29 12:07:01 --> Duplicate entry '' for key 'PRIMARY'
#0 C:\Users\DUTA DAYA 2\Desktop\Project_BMI\vendor\codeigniter4\framework\system\Database\MySQLi\Connection.php(292): mysqli->query('INSERT INTO `tb...', 0)
#1 C:\Users\DUTA DAYA 2\Desktop\Project_BMI\vendor\codeigniter4\framework\system\Database\BaseConnection.php(670): CodeIgniter\Database\MySQLi\Connection->execute('INSERT INTO `tb...')
#2 C:\Users\DUTA DAYA 2\Desktop\Project_BMI\vendor\codeigniter4\framework\system\Database\BaseConnection.php(598): CodeIgniter\Database\BaseConnection->simpleQuery('INSERT INTO `tb...')
#3 C:\Users\DUTA DAYA 2\Desktop\Project_BMI\vendor\codeigniter4\framework\system\Database\BaseBuilder.php(1771): CodeIgniter\Database\BaseConnection->query('INSERT INTO `tb...', Array, false)
#4 C:\Users\DUTA DAYA 2\Desktop\Project_BMI\app\Models\InvoiceModel.php(27): CodeIgniter\Database\BaseBuilder->insert(Array)
#5 C:\Users\DUTA DAYA 2\Desktop\Project_BMI\app\Controllers\Invoice.php(122): App\Models\InvoiceModel->add(Array)
#6 C:\Users\DUTA DAYA 2\Desktop\Project_BMI\vendor\codeigniter4\framework\system\CodeIgniter.php(832): App\Controllers\Invoice->upload()
#7 C:\Users\DUTA DAYA 2\Desktop\Project_BMI\vendor\codeigniter4\framework\system\CodeIgniter.php(419): CodeIgniter\CodeIgniter->runController(Object(App\Controllers\Invoice))
#8 C:\Users\DUTA DAYA 2\Desktop\Project_BMI\vendor\codeigniter4\framework\system\CodeIgniter.php(326): CodeIgniter\CodeIgniter->handleRequest(NULL, Object(Config\Cache), false)
#9 C:\Users\DUTA DAYA 2\Desktop\Project_BMI\public\index.php(37): CodeIgniter\CodeIgniter->run()
#10 C:\Users\DUTA DAYA 2\Desktop\Project_BMI\vendor\codeigniter4\framework\system\Commands\Server\rewrite.php(43): require_once('C:\\Users\\DUTA D...')
#11 {main}
ERROR - 2022-05-29 12:12:29 --> Duplicate entry '' for key 'PRIMARY'
CRITICAL - 2022-05-29 12:12:29 --> Duplicate entry '' for key 'PRIMARY'
#0 C:\Users\DUTA DAYA 2\Desktop\Project_BMI\vendor\codeigniter4\framework\system\Database\MySQLi\Connection.php(292): mysqli->query('INSERT INTO `tb...', 0)
#1 C:\Users\DUTA DAYA 2\Desktop\Project_BMI\vendor\codeigniter4\framework\system\Database\BaseConnection.php(670): CodeIgniter\Database\MySQLi\Connection->execute('INSERT INTO `tb...')
#2 C:\Users\DUTA DAYA 2\Desktop\Project_BMI\vendor\codeigniter4\framework\system\Database\BaseConnection.php(598): CodeIgniter\Database\BaseConnection->simpleQuery('INSERT INTO `tb...')
#3 C:\Users\DUTA DAYA 2\Desktop\Project_BMI\vendor\codeigniter4\framework\system\Database\BaseBuilder.php(1771): CodeIgniter\Database\BaseConnection->query('INSERT INTO `tb...', Array, false)
#4 C:\Users\DUTA DAYA 2\Desktop\Project_BMI\app\Models\InvoiceModel.php(27): CodeIgniter\Database\BaseBuilder->insert(Array)
#5 C:\Users\DUTA DAYA 2\Desktop\Project_BMI\app\Controllers\Invoice.php(122): App\Models\InvoiceModel->add(Array)
#6 C:\Users\DUTA DAYA 2\Desktop\Project_BMI\vendor\codeigniter4\framework\system\CodeIgniter.php(832): App\Controllers\Invoice->upload()
#7 C:\Users\DUTA DAYA 2\Desktop\Project_BMI\vendor\codeigniter4\framework\system\CodeIgniter.php(419): CodeIgniter\CodeIgniter->runController(Object(App\Controllers\Invoice))
#8 C:\Users\DUTA DAYA 2\Desktop\Project_BMI\vendor\codeigniter4\framework\system\CodeIgniter.php(326): CodeIgniter\CodeIgniter->handleRequest(NULL, Object(Config\Cache), false)
#9 C:\Users\DUTA DAYA 2\Desktop\Project_BMI\public\index.php(37): CodeIgniter\CodeIgniter->run()
#10 C:\Users\DUTA DAYA 2\Desktop\Project_BMI\vendor\codeigniter4\framework\system\Commands\Server\rewrite.php(43): require_once('C:\\Users\\DUTA D...')
#11 {main}
ERROR - 2022-05-29 12:15:24 --> Column 'Item_id' cannot be null
CRITICAL - 2022-05-29 12:15:24 --> Column 'Item_id' cannot be null
#0 C:\Users\DUTA DAYA 2\Desktop\Project_BMI\vendor\codeigniter4\framework\system\Database\MySQLi\Connection.php(292): mysqli->query('INSERT INTO `tb...', 0)
#1 C:\Users\DUTA DAYA 2\Desktop\Project_BMI\vendor\codeigniter4\framework\system\Database\BaseConnection.php(670): CodeIgniter\Database\MySQLi\Connection->execute('INSERT INTO `tb...')
#2 C:\Users\DUTA DAYA 2\Desktop\Project_BMI\vendor\codeigniter4\framework\system\Database\BaseConnection.php(598): CodeIgniter\Database\BaseConnection->simpleQuery('INSERT INTO `tb...')
#3 C:\Users\DUTA DAYA 2\Desktop\Project_BMI\vendor\codeigniter4\framework\system\Database\BaseBuilder.php(1771): CodeIgniter\Database\BaseConnection->query('INSERT INTO `tb...', Array, false)
#4 C:\Users\DUTA DAYA 2\Desktop\Project_BMI\app\Models\InvoiceModel.php(27): CodeIgniter\Database\BaseBuilder->insert(Array)
#5 C:\Users\DUTA DAYA 2\Desktop\Project_BMI\app\Controllers\Invoice.php(122): App\Models\InvoiceModel->add(Array)
#6 C:\Users\DUTA DAYA 2\Desktop\Project_BMI\vendor\codeigniter4\framework\system\CodeIgniter.php(832): App\Controllers\Invoice->upload()
#7 C:\Users\DUTA DAYA 2\Desktop\Project_BMI\vendor\codeigniter4\framework\system\CodeIgniter.php(419): CodeIgniter\CodeIgniter->runController(Object(App\Controllers\Invoice))
#8 C:\Users\DUTA DAYA 2\Desktop\Project_BMI\vendor\codeigniter4\framework\system\CodeIgniter.php(326): CodeIgniter\CodeIgniter->handleRequest(NULL, Object(Config\Cache), false)
#9 C:\Users\DUTA DAYA 2\Desktop\Project_BMI\public\index.php(37): CodeIgniter\CodeIgniter->run()
#10 C:\Users\DUTA DAYA 2\Desktop\Project_BMI\vendor\codeigniter4\framework\system\Commands\Server\rewrite.php(43): require_once('C:\\Users\\DUTA D...')
#11 {main}
ERROR - 2022-05-29 12:16:19 --> Column 'Item_id' cannot be null
CRITICAL - 2022-05-29 12:16:19 --> Column 'Item_id' cannot be null
#0 C:\Users\DUTA DAYA 2\Desktop\Project_BMI\vendor\codeigniter4\framework\system\Database\MySQLi\Connection.php(292): mysqli->query('INSERT INTO `tb...', 0)
#1 C:\Users\DUTA DAYA 2\Desktop\Project_BMI\vendor\codeigniter4\framework\system\Database\BaseConnection.php(670): CodeIgniter\Database\MySQLi\Connection->execute('INSERT INTO `tb...')
#2 C:\Users\DUTA DAYA 2\Desktop\Project_BMI\vendor\codeigniter4\framework\system\Database\BaseConnection.php(598): CodeIgniter\Database\BaseConnection->simpleQuery('INSERT INTO `tb...')
#3 C:\Users\DUTA DAYA 2\Desktop\Project_BMI\vendor\codeigniter4\framework\system\Database\BaseBuilder.php(1771): CodeIgniter\Database\BaseConnection->query('INSERT INTO `tb...', Array, false)
#4 C:\Users\DUTA DAYA 2\Desktop\Project_BMI\app\Models\InvoiceModel.php(27): CodeIgniter\Database\BaseBuilder->insert(Array)
#5 C:\Users\DUTA DAYA 2\Desktop\Project_BMI\app\Controllers\Invoice.php(122): App\Models\InvoiceModel->add(Array)
#6 C:\Users\DUTA DAYA 2\Desktop\Project_BMI\vendor\codeigniter4\framework\system\CodeIgniter.php(832): App\Controllers\Invoice->upload()
#7 C:\Users\DUTA DAYA 2\Desktop\Project_BMI\vendor\codeigniter4\framework\system\CodeIgniter.php(419): CodeIgniter\CodeIgniter->runController(Object(App\Controllers\Invoice))
#8 C:\Users\DUTA DAYA 2\Desktop\Project_BMI\vendor\codeigniter4\framework\system\CodeIgniter.php(326): CodeIgniter\CodeIgniter->handleRequest(NULL, Object(Config\Cache), false)
#9 C:\Users\DUTA DAYA 2\Desktop\Project_BMI\public\index.php(37): CodeIgniter\CodeIgniter->run()
#10 C:\Users\DUTA DAYA 2\Desktop\Project_BMI\vendor\codeigniter4\framework\system\Commands\Server\rewrite.php(43): require_once('C:\\Users\\DUTA D...')
#11 {main}
